[2.974s] Invoking command in '/home/mustache/ros2_ws/src/blackjack': PYTHONPATH=/home/mustache/ros2_ws/build/blackjack/prefix_override:/home/mustache/ros2_ws/install/blackjack/lib/python3.10/site-packages:${PYTHONPATH} /usr/bin/python3 -W ignore:setup.py install is deprecated setup.py egg_info --egg-base ../../build/blackjack build --build-base /home/mustache/ros2_ws/build/blackjack/build install --record /home/mustache/ros2_ws/build/blackjack/install.log --single-version-externally-managed install_data
[4.191s] running egg_info
[4.194s] writing ../../build/blackjack/blackjack.egg-info/PKG-INFO
[4.195s] writing dependency_links to ../../build/blackjack/blackjack.egg-info/dependency_links.txt
[4.196s] writing entry points to ../../build/blackjack/blackjack.egg-info/entry_points.txt
[4.197s] writing requirements to ../../build/blackjack/blackjack.egg-info/requires.txt
[4.197s] writing top-level names to ../../build/blackjack/blackjack.egg-info/top_level.txt
[4.207s] reading manifest file '../../build/blackjack/blackjack.egg-info/SOURCES.txt'
[4.210s] writing manifest file '../../build/blackjack/blackjack.egg-info/SOURCES.txt'
[4.211s] running build
[4.211s] running build_py
[4.215s] running install
[4.216s] running install_lib
[4.227s] running install_data
[4.228s] running install_egg_info
[4.235s] removing '/home/mustache/ros2_ws/install/blackjack/lib/python3.10/site-packages/blackjack-0.0.0-py3.10.egg-info' (and everything under it)
[4.236s] Copying ../../build/blackjack/blackjack.egg-info to /home/mustache/ros2_ws/install/blackjack/lib/python3.10/site-packages/blackjack-0.0.0-py3.10.egg-info
[4.241s] running install_scripts
[4.323s] Installing listener script to /home/mustache/ros2_ws/install/blackjack/lib/blackjack
[4.323s] Installing talker script to /home/mustache/ros2_ws/install/blackjack/lib/blackjack
[4.326s] writing list of installed files to '/home/mustache/ros2_ws/build/blackjack/install.log'
[4.445s] Invoked command in '/home/mustache/ros2_ws/src/blackjack' returned '0': PYTHONPATH=/home/mustache/ros2_ws/build/blackjack/prefix_override:/home/mustache/ros2_ws/install/blackjack/lib/python3.10/site-packages:${PYTHONPATH} /usr/bin/python3 -W ignore:setup.py install is deprecated setup.py egg_info --egg-base ../../build/blackjack build --build-base /home/mustache/ros2_ws/build/blackjack/build install --record /home/mustache/ros2_ws/build/blackjack/install.log --single-version-externally-managed install_data
