[3.396s] Invoking command in '/home/mustache/ros2_ws/src/blackjack': PYTHONPATH=/home/mustache/ros2_ws/build/blackjack/prefix_override:/home/mustache/ros2_ws/install/blackjack/lib/python3.10/site-packages:${PYTHONPATH} /usr/bin/python3 -W ignore:setup.py install is deprecated setup.py egg_info --egg-base ../../build/blackjack build --build-base /home/mustache/ros2_ws/build/blackjack/build install --record /home/mustache/ros2_ws/build/blackjack/install.log --single-version-externally-managed install_data
[4.796s] running egg_info
[4.799s] writing ../../build/blackjack/blackjack.egg-info/PKG-INFO
[4.800s] writing dependency_links to ../../build/blackjack/blackjack.egg-info/dependency_links.txt
[4.801s] writing entry points to ../../build/blackjack/blackjack.egg-info/entry_points.txt
[4.802s] writing requirements to ../../build/blackjack/blackjack.egg-info/requires.txt
[4.803s] writing top-level names to ../../build/blackjack/blackjack.egg-info/top_level.txt
[4.814s] reading manifest file '../../build/blackjack/blackjack.egg-info/SOURCES.txt'
[4.819s] writing manifest file '../../build/blackjack/blackjack.egg-info/SOURCES.txt'
[4.900s] running build
[4.901s] running build_py
[4.904s] running install
[4.905s] running install_lib
[4.917s] running install_data
[4.918s] running install_egg_info
[4.924s] removing '/home/mustache/ros2_ws/install/blackjack/lib/python3.10/site-packages/blackjack-0.0.0-py3.10.egg-info' (and everything under it)
[4.926s] Copying ../../build/blackjack/blackjack.egg-info to /home/mustache/ros2_ws/install/blackjack/lib/python3.10/site-packages/blackjack-0.0.0-py3.10.egg-info
[4.931s] running install_scripts
[5.017s] Installing listener script to /home/mustache/ros2_ws/install/blackjack/lib/blackjack
[5.018s] Installing talker script to /home/mustache/ros2_ws/install/blackjack/lib/blackjack
[5.021s] writing list of installed files to '/home/mustache/ros2_ws/build/blackjack/install.log'
[5.154s] Invoked command in '/home/mustache/ros2_ws/src/blackjack' returned '0': PYTHONPATH=/home/mustache/ros2_ws/build/blackjack/prefix_override:/home/mustache/ros2_ws/install/blackjack/lib/python3.10/site-packages:${PYTHONPATH} /usr/bin/python3 -W ignore:setup.py install is deprecated setup.py egg_info --egg-base ../../build/blackjack build --build-base /home/mustache/ros2_ws/build/blackjack/build install --record /home/mustache/ros2_ws/build/blackjack/install.log --single-version-externally-managed install_data
