[0.000000] (-) TimerEvent: {}
[0.001603] (-) JobUnselected: {'identifier': 'py_pubsub'}
[0.002188] (-) JobUnselected: {'identifier': 'turtlesim'}
[0.002280] (blackjack) JobQueued: {'identifier': 'blackjack', 'dependencies': OrderedDict()}
[0.002363] (blackjack) JobStarted: {'identifier': 'blackjack'}
[0.098985] (-) TimerEvent: {}
[0.199606] (-) TimerEvent: {}
[0.300283] (-) TimerEvent: {}
[0.401049] (-) TimerEvent: {}
[0.501798] (-) TimerEvent: {}
[0.602429] (-) TimerEvent: {}
[0.703095] (-) TimerEvent: {}
[0.803767] (-) TimerEvent: {}
[0.904351] (-) TimerEvent: {}
[1.004998] (-) TimerEvent: {}
[1.105698] (-) TimerEvent: {}
[1.206317] (-) TimerEvent: {}
[1.307149] (-) TimerEvent: {}
[1.405824] (blackjack) StderrLine: {'line': b'Traceback (most recent call last):\n  File "/usr/lib/python3/dist-packages/colcon_core/executor/__init__.py", line 91, in __call__\n    rc = await self.task(*args, **kwargs)\n  File "/usr/lib/python3/dist-packages/colcon_core/task/__init__.py", line 93, in __call__\n    return await task_method(*args, **kwargs)\n  File "/usr/lib/python3/dist-packages/colcon_ros/task/ament_python/build.py", line 54, in build\n    data_files = get_data_files_mapping(\n  File "/usr/lib/python3/dist-packages/colcon_core/task/python/__init__.py", line 36, in get_data_files_mapping\n    assert len(data_file) == 2\nAssertionError\n'}
[1.407551] (-) TimerEvent: {}
[1.408058] (blackjack) JobEnded: {'identifier': 'blackjack', 'rc': 1}
[1.416973] (-) EventReactorShutdown: {}
