[2.250s] Invoking command in '/home/mustache/ros2_ws/src/blackjack': PYTHONPATH=/home/mustache/ros2_ws/src/build/blackjack/prefix_override:/home/mustache/ros2_ws/src/install/blackjack/lib/python3.10/site-packages: /usr/bin/python3 -W ignore:setup.py install is deprecated setup.py egg_info --egg-base ../build/blackjack build --build-base /home/mustache/ros2_ws/src/build/blackjack/build install --record /home/mustache/ros2_ws/src/build/blackjack/install.log --single-version-externally-managed install_data
[3.088s] running egg_info
[3.090s] writing ../build/blackjack/blackjack.egg-info/PKG-INFO
[3.091s] writing dependency_links to ../build/blackjack/blackjack.egg-info/dependency_links.txt
[3.092s] writing entry points to ../build/blackjack/blackjack.egg-info/entry_points.txt
[3.093s] writing requirements to ../build/blackjack/blackjack.egg-info/requires.txt
[3.094s] writing top-level names to ../build/blackjack/blackjack.egg-info/top_level.txt
[3.102s] reading manifest file '../build/blackjack/blackjack.egg-info/SOURCES.txt'
[3.106s] writing manifest file '../build/blackjack/blackjack.egg-info/SOURCES.txt'
[3.106s] running build
[3.107s] running build_py
[3.107s] copying blackjack/motor_control.py -> /home/mustache/ros2_ws/src/build/blackjack/build/lib/blackjack
[3.111s] running install
[3.113s] running install_lib
[3.115s] copying /home/mustache/ros2_ws/src/build/blackjack/build/lib/blackjack/motor_control.py -> /home/mustache/ros2_ws/src/install/blackjack/lib/python3.10/site-packages/blackjack
[3.120s] byte-compiling /home/mustache/ros2_ws/src/install/blackjack/lib/python3.10/site-packages/blackjack/motor_control.py to motor_control.cpython-310.pyc
[3.122s]   File "/home/mustache/ros2_ws/src/install/blackjack/lib/python3.10/site-packages/blackjack/motor_control.py", line 75
[3.122s]     def check_for_player()
[3.123s]                           ^
[3.123s] SyntaxError: expected ':'
[3.123s] 
[3.124s] running install_data
[3.124s] running install_egg_info
[3.130s] removing '/home/mustache/ros2_ws/src/install/blackjack/lib/python3.10/site-packages/blackjack-0.0.0-py3.10.egg-info' (and everything under it)
[3.132s] Copying ../build/blackjack/blackjack.egg-info to /home/mustache/ros2_ws/src/install/blackjack/lib/python3.10/site-packages/blackjack-0.0.0-py3.10.egg-info
[3.137s] running install_scripts
[3.216s] Installing listener script to /home/mustache/ros2_ws/src/install/blackjack/lib/blackjack
[3.217s] Installing talker script to /home/mustache/ros2_ws/src/install/blackjack/lib/blackjack
[3.220s] writing list of installed files to '/home/mustache/ros2_ws/src/build/blackjack/install.log'
[3.341s] Invoked command in '/home/mustache/ros2_ws/src/blackjack' returned '0': PYTHONPATH=/home/mustache/ros2_ws/src/build/blackjack/prefix_override:/home/mustache/ros2_ws/src/install/blackjack/lib/python3.10/site-packages: /usr/bin/python3 -W ignore:setup.py install is deprecated setup.py egg_info --egg-base ../build/blackjack build --build-base /home/mustache/ros2_ws/src/build/blackjack/build install --record /home/mustache/ros2_ws/src/build/blackjack/install.log --single-version-externally-managed install_data
