[2.800s] Invoking command in '/home/mustache/ros2_ws/src/blackjack': PYTHONPATH=/home/mustache/ros2_ws/build/blackjack/prefix_override:/home/mustache/ros2_ws/install/blackjack/lib/python3.10/site-packages:${PYTHONPATH} /usr/bin/python3 -W ignore:setup.py install is deprecated setup.py egg_info --egg-base ../../build/blackjack build --build-base /home/mustache/ros2_ws/build/blackjack/build install --record /home/mustache/ros2_ws/build/blackjack/install.log --single-version-externally-managed install_data
[3.981s] running egg_info
[3.984s] writing ../../build/blackjack/blackjack.egg-info/PKG-INFO
[3.985s] writing dependency_links to ../../build/blackjack/blackjack.egg-info/dependency_links.txt
[3.986s] writing entry points to ../../build/blackjack/blackjack.egg-info/entry_points.txt
[3.987s] writing requirements to ../../build/blackjack/blackjack.egg-info/requires.txt
[3.987s] writing top-level names to ../../build/blackjack/blackjack.egg-info/top_level.txt
[3.996s] reading manifest file '../../build/blackjack/blackjack.egg-info/SOURCES.txt'
[4.000s] writing manifest file '../../build/blackjack/blackjack.egg-info/SOURCES.txt'
[4.001s] running build
[4.001s] running build_py
[4.001s] copying blackjack/app_multithread.py -> /home/mustache/ros2_ws/build/blackjack/build/lib/blackjack
[4.005s] running install
[4.006s] running install_lib
[4.011s] copying /home/mustache/ros2_ws/build/blackjack/build/lib/blackjack/app_multithread.py -> /home/mustache/ros2_ws/install/blackjack/lib/python3.10/site-packages/blackjack
[4.017s] byte-compiling /home/mustache/ros2_ws/install/blackjack/lib/python3.10/site-packages/blackjack/app_multithread.py to app_multithread.cpython-310.pyc
[4.036s] running install_data
[4.037s] running install_egg_info
[4.043s] removing '/home/mustache/ros2_ws/install/blackjack/lib/python3.10/site-packages/blackjack-0.0.0-py3.10.egg-info' (and everything under it)
[4.045s] Copying ../../build/blackjack/blackjack.egg-info to /home/mustache/ros2_ws/install/blackjack/lib/python3.10/site-packages/blackjack-0.0.0-py3.10.egg-info
[4.050s] running install_scripts
[4.123s] Installing listener script to /home/mustache/ros2_ws/install/blackjack/lib/blackjack
[4.124s] Installing talker script to /home/mustache/ros2_ws/install/blackjack/lib/blackjack
[4.126s] writing list of installed files to '/home/mustache/ros2_ws/build/blackjack/install.log'
[4.237s] Invoked command in '/home/mustache/ros2_ws/src/blackjack' returned '0': PYTHONPATH=/home/mustache/ros2_ws/build/blackjack/prefix_override:/home/mustache/ros2_ws/install/blackjack/lib/python3.10/site-packages:${PYTHONPATH} /usr/bin/python3 -W ignore:setup.py install is deprecated setup.py egg_info --egg-base ../../build/blackjack build --build-base /home/mustache/ros2_ws/build/blackjack/build install --record /home/mustache/ros2_ws/build/blackjack/install.log --single-version-externally-managed install_data
