[0.464s] DEBUG:colcon:Command line arguments: ['/usr/bin/colcon', 'build', '--packages-select', 'blackjack']
[0.464s] DEBUG:colcon:Parsed command line arguments: Namespace(log_base=None, log_level=None, verb_name='build', build_base='build', install_base='install', merge_install=False, symlink_install=False, test_result_base=None, continue_on_error=False, executor='parallel', parallel_workers=4, event_handlers=None, ignore_user_meta=False, metas=['./colcon.meta'], base_paths=['.'], packages_ignore=None, packages_ignore_regex=None, paths=None, packages_up_to=None, packages_up_to_regex=None, packages_above=None, packages_above_and_dependencies=None, packages_above_depth=None, packages_select_by_dep=None, packages_skip_by_dep=None, packages_skip_up_to=None, packages_select_build_failed=False, packages_skip_build_finished=False, packages_select_test_failures=False, packages_skip_test_passed=False, packages_select=['blackjack'], packages_skip=None, packages_select_regex=None, packages_skip_regex=None, packages_start=None, packages_end=None, allow_overriding=[], cmake_args=None, cmake_target=None, cmake_target_skip_unavailable=False, cmake_clean_cache=False, cmake_clean_first=False, cmake_force_configure=False, ament_cmake_args=None, catkin_cmake_args=None, catkin_skip_building_tests=False, mixin_files=None, mixin=None, verb_parser=<colcon_mixin.mixin.mixin_argument.MixinArgumentDecorator object at 0xffff9cbbdea0>, verb_extension=<colcon_core.verb.build.BuildVerb object at 0xffff9cce2530>, main=<bound method BuildVerb.main of <colcon_core.verb.build.BuildVerb object at 0xffff9cce2530>>, mixin_verb=('build',))
[1.311s] Level 1:colcon.colcon_core.package_discovery:discover_packages(colcon_meta) check parameters
[1.312s] Level 1:colcon.colcon_core.package_discovery:discover_packages(recursive) check parameters
[1.315s] Level 1:colcon.colcon_core.package_discovery:discover_packages(ignore) check parameters
[1.315s] Level 1:colcon.colcon_core.package_discovery:discover_packages(path) check parameters
[1.315s] Level 1:colcon.colcon_core.package_discovery:discover_packages(colcon_meta) discover
[1.315s] Level 1:colcon.colcon_core.package_discovery:discover_packages(recursive) discover
[1.316s] INFO:colcon.colcon_core.package_discovery:Crawling recursively for packages in '/home/mustache/ros2_ws'
[1.316s] Level 1:colcon.colcon_core.package_identification:_identify(.) by extensions ['ignore', 'ignore_ament_install']
[1.316s] Level 1:colcon.colcon_core.package_identification:_identify(.) by extension 'ignore'
[1.317s] Level 1:colcon.colcon_core.package_identification:_identify(.) by extension 'ignore_ament_install'
[1.317s] Level 1:colcon.colcon_core.package_identification:_identify(.) by extensions ['colcon_pkg']
[1.317s] Level 1:colcon.colcon_core.package_identification:_identify(.) by extension 'colcon_pkg'
[1.317s] Level 1:colcon.colcon_core.package_identification:_identify(.) by extensions ['colcon_meta']
[1.317s] Level 1:colcon.colcon_core.package_identification:_identify(.) by extension 'colcon_meta'
[1.317s] Level 1:colcon.colcon_core.package_identification:_identify(.) by extensions ['ros']
[1.318s] Level 1:colcon.colcon_core.package_identification:_identify(.) by extension 'ros'
[1.360s] Level 1:colcon.colcon_core.package_identification:_identify(.) by extensions ['cmake', 'python']
[1.360s] Level 1:colcon.colcon_core.package_identification:_identify(.) by extension 'cmake'
[1.360s] Level 1:colcon.colcon_core.package_identification:_identify(.) by extension 'python'
[1.361s] Level 1:colcon.colcon_core.package_identification:_identify(.) by extensions ['python_setup_py']
[1.361s] Level 1:colcon.colcon_core.package_identification:_identify(.) by extension 'python_setup_py'
[1.361s] Level 1:colcon.colcon_core.package_identification:_identify(build) by extensions ['ignore', 'ignore_ament_install']
[1.362s] Level 1:colcon.colcon_core.package_identification:_identify(build) by extension 'ignore'
[1.362s] Level 1:colcon.colcon_core.package_identification:_identify(build) ignored
[1.363s] Level 1:colcon.colcon_core.package_identification:_identify(install) by extensions ['ignore', 'ignore_ament_install']
[1.363s] Level 1:colcon.colcon_core.package_identification:_identify(install) by extension 'ignore'
[1.363s] Level 1:colcon.colcon_core.package_identification:_identify(install) ignored
[1.365s] Level 1:colcon.colcon_core.package_identification:_identify(log) by extensions ['ignore', 'ignore_ament_install']
[1.365s] Level 1:colcon.colcon_core.package_identification:_identify(log) by extension 'ignore'
[1.365s] Level 1:colcon.colcon_core.package_identification:_identify(log) ignored
[1.366s] Level 1:colcon.colcon_core.package_identification:_identify(src) by extensions ['ignore', 'ignore_ament_install']
[1.366s] Level 1:colcon.colcon_core.package_identification:_identify(src) by extension 'ignore'
[1.366s] Level 1:colcon.colcon_core.package_identification:_identify(src) by extension 'ignore_ament_install'
[1.366s] Level 1:colcon.colcon_core.package_identification:_identify(src) by extensions ['colcon_pkg']
[1.366s] Level 1:colcon.colcon_core.package_identification:_identify(src) by extension 'colcon_pkg'
[1.367s] Level 1:colcon.colcon_core.package_identification:_identify(src) by extensions ['colcon_meta']
[1.367s] Level 1:colcon.colcon_core.package_identification:_identify(src) by extension 'colcon_meta'
[1.367s] Level 1:colcon.colcon_core.package_identification:_identify(src) by extensions ['ros']
[1.367s] Level 1:colcon.colcon_core.package_identification:_identify(src) by extension 'ros'
[1.367s] Level 1:colcon.colcon_core.package_identification:_identify(src) by extensions ['cmake', 'python']
[1.367s] Level 1:colcon.colcon_core.package_identification:_identify(src) by extension 'cmake'
[1.368s] Level 1:colcon.colcon_core.package_identification:_identify(src) by extension 'python'
[1.368s] Level 1:colcon.colcon_core.package_identification:_identify(src) by extensions ['python_setup_py']
[1.368s] Level 1:colcon.colcon_core.package_identification:_identify(src) by extension 'python_setup_py'
[1.368s] Level 1:colcon.colcon_core.package_identification:_identify(src/blackjack) by extensions ['ignore', 'ignore_ament_install']
[1.369s] Level 1:colcon.colcon_core.package_identification:_identify(src/blackjack) by extension 'ignore'
[1.369s] Level 1:colcon.colcon_core.package_identification:_identify(src/blackjack) by extension 'ignore_ament_install'
[1.369s] Level 1:colcon.colcon_core.package_identification:_identify(src/blackjack) by extensions ['colcon_pkg']
[1.369s] Level 1:colcon.colcon_core.package_identification:_identify(src/blackjack) by extension 'colcon_pkg'
[1.369s] Level 1:colcon.colcon_core.package_identification:_identify(src/blackjack) by extensions ['colcon_meta']
[1.369s] Level 1:colcon.colcon_core.package_identification:_identify(src/blackjack) by extension 'colcon_meta'
[1.369s] Level 1:colcon.colcon_core.package_identification:_identify(src/blackjack) by extensions ['ros']
[1.370s] Level 1:colcon.colcon_core.package_identification:_identify(src/blackjack) by extension 'ros'
[1.378s] DEBUG:colcon.colcon_core.package_identification:Package 'src/blackjack' with type 'ros.ament_python' and name 'blackjack'
[1.379s] Level 1:colcon.colcon_core.package_identification:_identify(src/build) by extensions ['ignore', 'ignore_ament_install']
[1.379s] Level 1:colcon.colcon_core.package_identification:_identify(src/build) by extension 'ignore'
[1.379s] Level 1:colcon.colcon_core.package_identification:_identify(src/build) ignored
[1.380s] Level 1:colcon.colcon_core.package_identification:_identify(src/install) by extensions ['ignore', 'ignore_ament_install']
[1.380s] Level 1:colcon.colcon_core.package_identification:_identify(src/install) by extension 'ignore'
[1.380s] Level 1:colcon.colcon_core.package_identification:_identify(src/install) ignored
[1.381s] Level 1:colcon.colcon_core.package_identification:_identify(src/log) by extensions ['ignore', 'ignore_ament_install']
[1.381s] Level 1:colcon.colcon_core.package_identification:_identify(src/log) by extension 'ignore'
[1.381s] Level 1:colcon.colcon_core.package_identification:_identify(src/log) ignored
[1.382s] Level 1:colcon.colcon_core.package_identification:_identify(src/py_pubsub) by extensions ['ignore', 'ignore_ament_install']
[1.382s] Level 1:colcon.colcon_core.package_identification:_identify(src/py_pubsub) by extension 'ignore'
[1.382s] Level 1:colcon.colcon_core.package_identification:_identify(src/py_pubsub) by extension 'ignore_ament_install'
[1.382s] Level 1:colcon.colcon_core.package_identification:_identify(src/py_pubsub) by extensions ['colcon_pkg']
[1.382s] Level 1:colcon.colcon_core.package_identification:_identify(src/py_pubsub) by extension 'colcon_pkg'
[1.383s] Level 1:colcon.colcon_core.package_identification:_identify(src/py_pubsub) by extensions ['colcon_meta']
[1.383s] Level 1:colcon.colcon_core.package_identification:_identify(src/py_pubsub) by extension 'colcon_meta'
[1.383s] Level 1:colcon.colcon_core.package_identification:_identify(src/py_pubsub) by extensions ['ros']
[1.383s] Level 1:colcon.colcon_core.package_identification:_identify(src/py_pubsub) by extension 'ros'
[1.385s] DEBUG:colcon.colcon_core.package_identification:Package 'src/py_pubsub' with type 'ros.ament_python' and name 'py_pubsub'
[1.385s] Level 1:colcon.colcon_core.package_identification:_identify(src/ros_tutorials) by extensions ['ignore', 'ignore_ament_install']
[1.386s] Level 1:colcon.colcon_core.package_identification:_identify(src/ros_tutorials) by extension 'ignore'
[1.386s] Level 1:colcon.colcon_core.package_identification:_identify(src/ros_tutorials) by extension 'ignore_ament_install'
[1.386s] Level 1:colcon.colcon_core.package_identification:_identify(src/ros_tutorials) by extensions ['colcon_pkg']
[1.386s] Level 1:colcon.colcon_core.package_identification:_identify(src/ros_tutorials) by extension 'colcon_pkg'
[1.386s] Level 1:colcon.colcon_core.package_identification:_identify(src/ros_tutorials) by extensions ['colcon_meta']
[1.387s] Level 1:colcon.colcon_core.package_identification:_identify(src/ros_tutorials) by extension 'colcon_meta'
[1.387s] Level 1:colcon.colcon_core.package_identification:_identify(src/ros_tutorials) by extensions ['ros']
[1.387s] Level 1:colcon.colcon_core.package_identification:_identify(src/ros_tutorials) by extension 'ros'
[1.387s] Level 1:colcon.colcon_core.package_identification:_identify(src/ros_tutorials) by extensions ['cmake', 'python']
[1.387s] Level 1:colcon.colcon_core.package_identification:_identify(src/ros_tutorials) by extension 'cmake'
[1.387s] Level 1:colcon.colcon_core.package_identification:_identify(src/ros_tutorials) by extension 'python'
[1.388s] Level 1:colcon.colcon_core.package_identification:_identify(src/ros_tutorials) by extensions ['python_setup_py']
[1.388s] Level 1:colcon.colcon_core.package_identification:_identify(src/ros_tutorials) by extension 'python_setup_py'
[1.388s] Level 1:colcon.colcon_core.package_identification:_identify(src/ros_tutorials/ros_tutorials) by extensions ['ignore', 'ignore_ament_install']
[1.388s] Level 1:colcon.colcon_core.package_identification:_identify(src/ros_tutorials/ros_tutorials) by extension 'ignore'
[1.389s] Level 1:colcon.colcon_core.package_identification:_identify(src/ros_tutorials/ros_tutorials) ignored
[1.389s] Level 1:colcon.colcon_core.package_identification:_identify(src/ros_tutorials/roscpp_tutorials) by extensions ['ignore', 'ignore_ament_install']
[1.390s] Level 1:colcon.colcon_core.package_identification:_identify(src/ros_tutorials/roscpp_tutorials) by extension 'ignore'
[1.390s] Level 1:colcon.colcon_core.package_identification:_identify(src/ros_tutorials/roscpp_tutorials) ignored
[1.390s] Level 1:colcon.colcon_core.package_identification:_identify(src/ros_tutorials/rospy_tutorials) by extensions ['ignore', 'ignore_ament_install']
[1.391s] Level 1:colcon.colcon_core.package_identification:_identify(src/ros_tutorials/rospy_tutorials) by extension 'ignore'
[1.391s] Level 1:colcon.colcon_core.package_identification:_identify(src/ros_tutorials/rospy_tutorials) ignored
[1.391s] Level 1:colcon.colcon_core.package_identification:_identify(src/ros_tutorials/turtlesim) by extensions ['ignore', 'ignore_ament_install']
[1.392s] Level 1:colcon.colcon_core.package_identification:_identify(src/ros_tutorials/turtlesim) by extension 'ignore'
[1.392s] Level 1:colcon.colcon_core.package_identification:_identify(src/ros_tutorials/turtlesim) by extension 'ignore_ament_install'
[1.392s] Level 1:colcon.colcon_core.package_identification:_identify(src/ros_tutorials/turtlesim) by extensions ['colcon_pkg']
[1.392s] Level 1:colcon.colcon_core.package_identification:_identify(src/ros_tutorials/turtlesim) by extension 'colcon_pkg'
[1.392s] Level 1:colcon.colcon_core.package_identification:_identify(src/ros_tutorials/turtlesim) by extensions ['colcon_meta']
[1.392s] Level 1:colcon.colcon_core.package_identification:_identify(src/ros_tutorials/turtlesim) by extension 'colcon_meta'
[1.392s] Level 1:colcon.colcon_core.package_identification:_identify(src/ros_tutorials/turtlesim) by extensions ['ros']
[1.393s] Level 1:colcon.colcon_core.package_identification:_identify(src/ros_tutorials/turtlesim) by extension 'ros'
[1.397s] DEBUG:colcon.colcon_core.package_identification:Package 'src/ros_tutorials/turtlesim' with type 'ros.ament_cmake' and name 'turtlesim'
[1.397s] Level 1:colcon.colcon_core.package_discovery:discover_packages(recursive) using defaults
[1.397s] Level 1:colcon.colcon_core.package_discovery:discover_packages(ignore) discover
[1.397s] Level 1:colcon.colcon_core.package_discovery:discover_packages(ignore) using defaults
[1.397s] Level 1:colcon.colcon_core.package_discovery:discover_packages(path) discover
[1.398s] Level 1:colcon.colcon_core.package_discovery:discover_packages(path) using defaults
[1.511s] INFO:colcon.colcon_core.package_selection:Skipping not selected package 'py_pubsub' in 'src/py_pubsub'
[1.511s] INFO:colcon.colcon_core.package_selection:Skipping not selected package 'turtlesim' in 'src/ros_tutorials/turtlesim'
[1.513s] Level 1:colcon.colcon_core.package_discovery:discover_packages(prefix_path) check parameters
[1.513s] Level 1:colcon.colcon_core.package_discovery:discover_packages(prefix_path) discover
[1.521s] DEBUG:colcon.colcon_installed_package_information.package_discovery:Found 4 installed packages in /home/mustache/ros2_ws/install
[1.529s] DEBUG:colcon.colcon_installed_package_information.package_discovery:Found 227 installed packages in /opt/ros/humble
[1.534s] Level 1:colcon.colcon_core.package_discovery:discover_packages(prefix_path) using defaults
[1.676s] Level 5:colcon.colcon_core.verb:set package 'blackjack' build argument 'cmake_args' from command line to 'None'
[1.676s] Level 5:colcon.colcon_core.verb:set package 'blackjack' build argument 'cmake_target' from command line to 'None'
[1.676s] Level 5:colcon.colcon_core.verb:set package 'blackjack' build argument 'cmake_target_skip_unavailable' from command line to 'False'
[1.676s] Level 5:colcon.colcon_core.verb:set package 'blackjack' build argument 'cmake_clean_cache' from command line to 'False'
[1.676s] Level 5:colcon.colcon_core.verb:set package 'blackjack' build argument 'cmake_clean_first' from command line to 'False'
[1.677s] Level 5:colcon.colcon_core.verb:set package 'blackjack' build argument 'cmake_force_configure' from command line to 'False'
[1.677s] Level 5:colcon.colcon_core.verb:set package 'blackjack' build argument 'ament_cmake_args' from command line to 'None'
[1.677s] Level 5:colcon.colcon_core.verb:set package 'blackjack' build argument 'catkin_cmake_args' from command line to 'None'
[1.677s] Level 5:colcon.colcon_core.verb:set package 'blackjack' build argument 'catkin_skip_building_tests' from command line to 'False'
[1.677s] DEBUG:colcon.colcon_core.verb:Building package 'blackjack' with the following arguments: {'ament_cmake_args': None, 'build_base': '/home/mustache/ros2_ws/build/blackjack', 'catkin_cmake_args': None, 'catkin_skip_building_tests': False, 'cmake_args': None, 'cmake_clean_cache': False, 'cmake_clean_first': False, 'cmake_force_configure': False, 'cmake_target': None, 'cmake_target_skip_unavailable': False, 'install_base': '/home/mustache/ros2_ws/install/blackjack', 'merge_install': False, 'path': '/home/mustache/ros2_ws/src/blackjack', 'symlink_install': False, 'test_result_base': None}
[1.678s] INFO:colcon.colcon_core.executor:Executing jobs using 'parallel' executor
[1.681s] DEBUG:colcon.colcon_parallel_executor.executor.parallel:run_until_complete
[1.682s] INFO:colcon.colcon_ros.task.ament_python.build:Building ROS package in '/home/mustache/ros2_ws/src/blackjack' with build type 'ament_python'
[1.683s] Level 1:colcon.colcon_core.shell:create_environment_hook('blackjack', 'ament_prefix_path')
[1.691s] INFO:colcon.colcon_core.plugin_system:Skipping extension 'colcon_core.shell.bat': Not used on non-Windows systems
[1.692s] INFO:colcon.colcon_core.shell:Creating environment hook '/home/mustache/ros2_ws/install/blackjack/share/blackjack/hook/ament_prefix_path.ps1'
[1.694s] INFO:colcon.colcon_core.shell:Creating environment descriptor '/home/mustache/ros2_ws/install/blackjack/share/blackjack/hook/ament_prefix_path.dsv'
[1.696s] INFO:colcon.colcon_core.shell:Creating environment hook '/home/mustache/ros2_ws/install/blackjack/share/blackjack/hook/ament_prefix_path.sh'
[1.699s] INFO:colcon.colcon_core.shell:Skip shell extension 'powershell' for command environment: Not usable outside of PowerShell
[1.699s] DEBUG:colcon.colcon_core.shell:Skip shell extension 'dsv' for command environment
[2.941s] INFO:colcon.colcon_core.task.python.build:Building Python package in '/home/mustache/ros2_ws/src/blackjack'
[2.942s] INFO:colcon.colcon_core.shell:Skip shell extension 'powershell' for command environment: Not usable outside of PowerShell
[2.942s] DEBUG:colcon.colcon_core.shell:Skip shell extension 'dsv' for command environment
[4.463s] DEBUG:colcon.colcon_core.event_handler.log_command:Invoking command in '/home/mustache/ros2_ws/src/blackjack': PYTHONPATH=/home/mustache/ros2_ws/build/blackjack/prefix_override:/home/mustache/ros2_ws/install/blackjack/lib/python3.10/site-packages:${PYTHONPATH} /usr/bin/python3 -W ignore:setup.py install is deprecated setup.py egg_info --egg-base ../../build/blackjack build --build-base /home/mustache/ros2_ws/build/blackjack/build install --record /home/mustache/ros2_ws/build/blackjack/install.log --single-version-externally-managed install_data
[5.871s] DEBUG:colcon.colcon_core.event_handler.log_command:Invoked command in '/home/mustache/ros2_ws/src/blackjack' returned '0': PYTHONPATH=/home/mustache/ros2_ws/build/blackjack/prefix_override:/home/mustache/ros2_ws/install/blackjack/lib/python3.10/site-packages:${PYTHONPATH} /usr/bin/python3 -W ignore:setup.py install is deprecated setup.py egg_info --egg-base ../../build/blackjack build --build-base /home/mustache/ros2_ws/build/blackjack/build install --record /home/mustache/ros2_ws/build/blackjack/install.log --single-version-externally-managed install_data
[5.880s] Level 1:colcon.colcon_core.environment:checking '/home/mustache/ros2_ws/install/blackjack' for CMake module files
[5.882s] Level 1:colcon.colcon_core.environment:checking '/home/mustache/ros2_ws/install/blackjack' for CMake config files
[5.888s] Level 1:colcon.colcon_core.environment:checking '/home/mustache/ros2_ws/install/blackjack/lib'
[5.889s] Level 1:colcon.colcon_core.environment:checking '/home/mustache/ros2_ws/install/blackjack/bin'
[5.889s] Level 1:colcon.colcon_core.environment:checking '/home/mustache/ros2_ws/install/blackjack/lib/pkgconfig/blackjack.pc'
[5.890s] Level 1:colcon.colcon_core.environment:checking '/home/mustache/ros2_ws/install/blackjack/lib/python3.10/site-packages'
[5.890s] Level 1:colcon.colcon_core.shell:create_environment_hook('blackjack', 'pythonpath')
[5.891s] INFO:colcon.colcon_core.shell:Creating environment hook '/home/mustache/ros2_ws/install/blackjack/share/blackjack/hook/pythonpath.ps1'
[5.893s] INFO:colcon.colcon_core.shell:Creating environment descriptor '/home/mustache/ros2_ws/install/blackjack/share/blackjack/hook/pythonpath.dsv'
[5.894s] INFO:colcon.colcon_core.shell:Creating environment hook '/home/mustache/ros2_ws/install/blackjack/share/blackjack/hook/pythonpath.sh'
[5.897s] Level 1:colcon.colcon_core.environment:checking '/home/mustache/ros2_ws/install/blackjack/bin'
[5.897s] Level 1:colcon.colcon_core.environment:create_environment_scripts_only(blackjack)
[5.898s] INFO:colcon.colcon_core.shell:Creating package script '/home/mustache/ros2_ws/install/blackjack/share/blackjack/package.ps1'
[5.901s] INFO:colcon.colcon_core.shell:Creating package descriptor '/home/mustache/ros2_ws/install/blackjack/share/blackjack/package.dsv'
[5.904s] INFO:colcon.colcon_core.shell:Creating package script '/home/mustache/ros2_ws/install/blackjack/share/blackjack/package.sh'
[5.907s] INFO:colcon.colcon_core.shell:Creating package script '/home/mustache/ros2_ws/install/blackjack/share/blackjack/package.bash'
[5.911s] INFO:colcon.colcon_core.shell:Creating package script '/home/mustache/ros2_ws/install/blackjack/share/blackjack/package.zsh'
[5.913s] Level 1:colcon.colcon_core.environment:create_file_with_runtime_dependencies(/home/mustache/ros2_ws/install/blackjack/share/colcon-core/packages/blackjack)
[5.915s] DEBUG:colcon.colcon_parallel_executor.executor.parallel:closing loop
[5.916s] DEBUG:colcon.colcon_parallel_executor.executor.parallel:loop closed
[5.916s] DEBUG:colcon.colcon_parallel_executor.executor.parallel:run_until_complete finished with '0'
[5.917s] DEBUG:colcon.colcon_core.event_reactor:joining thread
[5.936s] INFO:colcon.colcon_core.plugin_system:Skipping extension 'colcon_notification.desktop_notification.terminal_notifier': Not used on non-Darwin systems
[5.936s] INFO:colcon.colcon_core.plugin_system:Skipping extension 'colcon_notification.desktop_notification.win32': Not used on non-Windows systems
[5.936s] INFO:colcon.colcon_notification.desktop_notification:Sending desktop notification using 'notify2'
[5.982s] DEBUG:colcon.colcon_core.event_reactor:joined thread
[5.983s] INFO:colcon.colcon_core.shell:Creating prefix script '/home/mustache/ros2_ws/install/local_setup.ps1'
[5.986s] INFO:colcon.colcon_core.shell:Creating prefix util module '/home/mustache/ros2_ws/install/_local_setup_util_ps1.py'
[5.991s] INFO:colcon.colcon_core.shell:Creating prefix chain script '/home/mustache/ros2_ws/install/setup.ps1'
[5.996s] INFO:colcon.colcon_core.shell:Creating prefix script '/home/mustache/ros2_ws/install/local_setup.sh'
[5.998s] INFO:colcon.colcon_core.shell:Creating prefix util module '/home/mustache/ros2_ws/install/_local_setup_util_sh.py'
[6.000s] INFO:colcon.colcon_core.shell:Creating prefix chain script '/home/mustache/ros2_ws/install/setup.sh'
[6.005s] INFO:colcon.colcon_core.shell:Creating prefix script '/home/mustache/ros2_ws/install/local_setup.bash'
[6.007s] INFO:colcon.colcon_core.shell:Creating prefix chain script '/home/mustache/ros2_ws/install/setup.bash'
[6.012s] INFO:colcon.colcon_core.shell:Creating prefix script '/home/mustache/ros2_ws/install/local_setup.zsh'
[6.014s] INFO:colcon.colcon_core.shell:Creating prefix chain script '/home/mustache/ros2_ws/install/setup.zsh'
