[3.216s] Invoking command in '/home/mustache/ros2_ws/src/blackjack': PYTHONPATH=/home/mustache/ros2_ws/build/blackjack/prefix_override:/home/mustache/ros2_ws/install/blackjack/lib/python3.10/site-packages:${PYTHONPATH} /usr/bin/python3 -W ignore:setup.py install is deprecated setup.py egg_info --egg-base ../../build/blackjack build --build-base /home/mustache/ros2_ws/build/blackjack/build install --record /home/mustache/ros2_ws/build/blackjack/install.log --single-version-externally-managed install_data
[4.466s] running egg_info
[4.469s] creating ../../build/blackjack/blackjack.egg-info
[4.470s] writing ../../build/blackjack/blackjack.egg-info/PKG-INFO
[4.471s] writing dependency_links to ../../build/blackjack/blackjack.egg-info/dependency_links.txt
[4.472s] writing entry points to ../../build/blackjack/blackjack.egg-info/entry_points.txt
[4.473s] writing requirements to ../../build/blackjack/blackjack.egg-info/requires.txt
[4.473s] writing top-level names to ../../build/blackjack/blackjack.egg-info/top_level.txt
[4.474s] writing manifest file '../../build/blackjack/blackjack.egg-info/SOURCES.txt'
[4.483s] reading manifest file '../../build/blackjack/blackjack.egg-info/SOURCES.txt'
[4.486s] writing manifest file '../../build/blackjack/blackjack.egg-info/SOURCES.txt'
[4.487s] running build
[4.487s] running build_py
[4.488s] creating /home/mustache/ros2_ws/build/blackjack/build
[4.489s] creating /home/mustache/ros2_ws/build/blackjack/build/lib
[4.489s] creating /home/mustache/ros2_ws/build/blackjack/build/lib/blackjack
[4.489s] copying blackjack/motor_control.py -> /home/mustache/ros2_ws/build/blackjack/build/lib/blackjack
[4.490s] copying blackjack/app_multithread.py -> /home/mustache/ros2_ws/build/blackjack/build/lib/blackjack
[4.491s] copying blackjack/__init__.py -> /home/mustache/ros2_ws/build/blackjack/build/lib/blackjack
[4.492s] creating /home/mustache/ros2_ws/build/blackjack/build/lib/blackjack/model
[4.492s] copying blackjack/model/__init__.py -> /home/mustache/ros2_ws/build/blackjack/build/lib/blackjack/model
[4.494s] creating /home/mustache/ros2_ws/build/blackjack/build/lib/blackjack/utils
[4.495s] copying blackjack/utils/__init__.py -> /home/mustache/ros2_ws/build/blackjack/build/lib/blackjack/utils
[4.496s] copying blackjack/utils/cvfpscalc.py -> /home/mustache/ros2_ws/build/blackjack/build/lib/blackjack/utils
[4.498s] running install
[4.499s] running install_lib
[4.503s] creating /home/mustache/ros2_ws/install/blackjack/lib/python3.10/site-packages/blackjack
[4.504s] copying /home/mustache/ros2_ws/build/blackjack/build/lib/blackjack/motor_control.py -> /home/mustache/ros2_ws/install/blackjack/lib/python3.10/site-packages/blackjack
[4.505s] creating /home/mustache/ros2_ws/install/blackjack/lib/python3.10/site-packages/blackjack/model
[4.505s] copying /home/mustache/ros2_ws/build/blackjack/build/lib/blackjack/model/__init__.py -> /home/mustache/ros2_ws/install/blackjack/lib/python3.10/site-packages/blackjack/model
[4.506s] creating /home/mustache/ros2_ws/install/blackjack/lib/python3.10/site-packages/blackjack/utils
[4.507s] copying /home/mustache/ros2_ws/build/blackjack/build/lib/blackjack/utils/__init__.py -> /home/mustache/ros2_ws/install/blackjack/lib/python3.10/site-packages/blackjack/utils
[4.508s] copying /home/mustache/ros2_ws/build/blackjack/build/lib/blackjack/utils/cvfpscalc.py -> /home/mustache/ros2_ws/install/blackjack/lib/python3.10/site-packages/blackjack/utils
[4.508s] copying /home/mustache/ros2_ws/build/blackjack/build/lib/blackjack/app_multithread.py -> /home/mustache/ros2_ws/install/blackjack/lib/python3.10/site-packages/blackjack
[4.509s] copying /home/mustache/ros2_ws/build/blackjack/build/lib/blackjack/__init__.py -> /home/mustache/ros2_ws/install/blackjack/lib/python3.10/site-packages/blackjack
[4.512s] byte-compiling /home/mustache/ros2_ws/install/blackjack/lib/python3.10/site-packages/blackjack/motor_control.py to motor_control.cpython-310.pyc
[4.515s] byte-compiling /home/mustache/ros2_ws/install/blackjack/lib/python3.10/site-packages/blackjack/model/__init__.py to __init__.cpython-310.pyc
[4.516s] byte-compiling /home/mustache/ros2_ws/install/blackjack/lib/python3.10/site-packages/blackjack/utils/__init__.py to __init__.cpython-310.pyc
[4.517s] byte-compiling /home/mustache/ros2_ws/install/blackjack/lib/python3.10/site-packages/blackjack/utils/cvfpscalc.py to cvfpscalc.cpython-310.pyc
[4.519s] byte-compiling /home/mustache/ros2_ws/install/blackjack/lib/python3.10/site-packages/blackjack/app_multithread.py to app_multithread.cpython-310.pyc
[4.538s] byte-compiling /home/mustache/ros2_ws/install/blackjack/lib/python3.10/site-packages/blackjack/__init__.py to __init__.cpython-310.pyc
[4.539s] running install_data
[4.539s] creating /home/mustache/ros2_ws/install/blackjack/share/ament_index
[4.540s] creating /home/mustache/ros2_ws/install/blackjack/share/ament_index/resource_index
[4.541s] creating /home/mustache/ros2_ws/install/blackjack/share/ament_index/resource_index/packages
[4.541s] copying resource/blackjack -> /home/mustache/ros2_ws/install/blackjack/share/ament_index/resource_index/packages
[4.542s] copying package.xml -> /home/mustache/ros2_ws/install/blackjack/share/blackjack
[4.542s] running install_egg_info
[4.548s] Copying ../../build/blackjack/blackjack.egg-info to /home/mustache/ros2_ws/install/blackjack/lib/python3.10/site-packages/blackjack-0.0.0-py3.10.egg-info
[4.553s] running install_scripts
[4.634s] Installing listener script to /home/mustache/ros2_ws/install/blackjack/lib/blackjack
[4.634s] Installing talker script to /home/mustache/ros2_ws/install/blackjack/lib/blackjack
[4.636s] writing list of installed files to '/home/mustache/ros2_ws/build/blackjack/install.log'
[4.772s] Invoked command in '/home/mustache/ros2_ws/src/blackjack' returned '0': PYTHONPATH=/home/mustache/ros2_ws/build/blackjack/prefix_override:/home/mustache/ros2_ws/install/blackjack/lib/python3.10/site-packages:${PYTHONPATH} /usr/bin/python3 -W ignore:setup.py install is deprecated setup.py egg_info --egg-base ../../build/blackjack build --build-base /home/mustache/ros2_ws/build/blackjack/build install --record /home/mustache/ros2_ws/build/blackjack/install.log --single-version-externally-managed install_data
