[2.976s] Invoking command in '/home/mustache/ros2_ws/src/blackjack': PYTHONPATH=/home/mustache/ros2_ws/build/blackjack/prefix_override:/home/mustache/ros2_ws/install/blackjack/lib/python3.10/site-packages:${PYTHONPATH} /usr/bin/python3 -W ignore:setup.py install is deprecated setup.py egg_info --egg-base ../../build/blackjack build --build-base /home/mustache/ros2_ws/build/blackjack/build install --record /home/mustache/ros2_ws/build/blackjack/install.log --single-version-externally-managed install_data
[4.189s] running egg_info
[4.192s] writing ../../build/blackjack/blackjack.egg-info/PKG-INFO
[4.193s] writing dependency_links to ../../build/blackjack/blackjack.egg-info/dependency_links.txt
[4.194s] writing entry points to ../../build/blackjack/blackjack.egg-info/entry_points.txt
[4.195s] writing requirements to ../../build/blackjack/blackjack.egg-info/requires.txt
[4.195s] writing top-level names to ../../build/blackjack/blackjack.egg-info/top_level.txt
[4.204s] reading manifest file '../../build/blackjack/blackjack.egg-info/SOURCES.txt'
[4.208s] writing manifest file '../../build/blackjack/blackjack.egg-info/SOURCES.txt'
[4.208s] running build
[4.209s] running build_py
[4.210s] running install
[4.212s] running install_lib
[4.223s] running install_data
[4.224s] running install_egg_info
[4.230s] removing '/home/mustache/ros2_ws/install/blackjack/lib/python3.10/site-packages/blackjack-0.0.0-py3.10.egg-info' (and everything under it)
[4.232s] Copying ../../build/blackjack/blackjack.egg-info to /home/mustache/ros2_ws/install/blackjack/lib/python3.10/site-packages/blackjack-0.0.0-py3.10.egg-info
[4.237s] running install_scripts
[4.318s] Installing listener script to /home/mustache/ros2_ws/install/blackjack/lib/blackjack
[4.319s] Installing talker script to /home/mustache/ros2_ws/install/blackjack/lib/blackjack
[4.321s] writing list of installed files to '/home/mustache/ros2_ws/build/blackjack/install.log'
[4.439s] Invoked command in '/home/mustache/ros2_ws/src/blackjack' returned '0': PYTHONPATH=/home/mustache/ros2_ws/build/blackjack/prefix_override:/home/mustache/ros2_ws/install/blackjack/lib/python3.10/site-packages:${PYTHONPATH} /usr/bin/python3 -W ignore:setup.py install is deprecated setup.py egg_info --egg-base ../../build/blackjack build --build-base /home/mustache/ros2_ws/build/blackjack/build install --record /home/mustache/ros2_ws/build/blackjack/install.log --single-version-externally-managed install_data
