[0.789s] DEBUG:colcon:Command line arguments: ['/usr/bin/colcon', 'build', '--packages-select', 'blackjack']
[0.790s] DEBUG:colcon:Parsed command line arguments: Namespace(log_base=None, log_level=None, verb_name='build', build_base='build', install_base='install', merge_install=False, symlink_install=False, test_result_base=None, continue_on_error=False, executor='parallel', parallel_workers=4, event_handlers=None, ignore_user_meta=False, metas=['./colcon.meta'], base_paths=['.'], packages_ignore=None, packages_ignore_regex=None, paths=None, packages_up_to=None, packages_up_to_regex=None, packages_above=None, packages_above_and_dependencies=None, packages_above_depth=None, packages_select_by_dep=None, packages_skip_by_dep=None, packages_skip_up_to=None, packages_select_build_failed=False, packages_skip_build_finished=False, packages_select_test_failures=False, packages_skip_test_passed=False, packages_select=['blackjack'], packages_skip=None, packages_select_regex=None, packages_skip_regex=None, packages_start=None, packages_end=None, allow_overriding=[], cmake_args=None, cmake_target=None, cmake_target_skip_unavailable=False, cmake_clean_cache=False, cmake_clean_first=False, cmake_force_configure=False, ament_cmake_args=None, catkin_cmake_args=None, catkin_skip_building_tests=False, mixin_files=None, mixin=None, verb_parser=<colcon_mixin.mixin.mixin_argument.MixinArgumentDecorator object at 0xffffa7c1a440>, verb_extension=<colcon_core.verb.build.BuildVerb object at 0xffffa7d3aad0>, main=<bound method BuildVerb.main of <colcon_core.verb.build.BuildVerb object at 0xffffa7d3aad0>>, mixin_verb=('build',))
[2.260s] Level 1:colcon.colcon_core.package_discovery:discover_packages(colcon_meta) check parameters
[2.261s] Level 1:colcon.colcon_core.package_discovery:discover_packages(recursive) check parameters
[2.261s] Level 1:colcon.colcon_core.package_discovery:discover_packages(ignore) check parameters
[2.261s] Level 1:colcon.colcon_core.package_discovery:discover_packages(path) check parameters
[2.261s] Level 1:colcon.colcon_core.package_discovery:discover_packages(colcon_meta) discover
[2.262s] Level 1:colcon.colcon_core.package_discovery:discover_packages(recursive) discover
[2.262s] INFO:colcon.colcon_core.package_discovery:Crawling recursively for packages in '/home/mustache/ros2_ws/src/blackjack'
[2.262s] Level 1:colcon.colcon_core.package_identification:_identify(.) by extensions ['ignore', 'ignore_ament_install']
[2.263s] Level 1:colcon.colcon_core.package_identification:_identify(.) by extension 'ignore'
[2.263s] Level 1:colcon.colcon_core.package_identification:_identify(.) by extension 'ignore_ament_install'
[2.264s] Level 1:colcon.colcon_core.package_identification:_identify(.) by extensions ['colcon_pkg']
[2.264s] Level 1:colcon.colcon_core.package_identification:_identify(.) by extension 'colcon_pkg'
[2.264s] Level 1:colcon.colcon_core.package_identification:_identify(.) by extensions ['colcon_meta']
[2.264s] Level 1:colcon.colcon_core.package_identification:_identify(.) by extension 'colcon_meta'
[2.264s] Level 1:colcon.colcon_core.package_identification:_identify(.) by extensions ['ros']
[2.265s] Level 1:colcon.colcon_core.package_identification:_identify(.) by extension 'ros'
[2.350s] DEBUG:colcon.colcon_core.package_identification:Package '.' with type 'ros.ament_python' and name 'blackjack'
[2.350s] Level 1:colcon.colcon_core.package_discovery:discover_packages(recursive) using defaults
[2.351s] Level 1:colcon.colcon_core.package_discovery:discover_packages(ignore) discover
[2.351s] Level 1:colcon.colcon_core.package_discovery:discover_packages(ignore) using defaults
[2.351s] Level 1:colcon.colcon_core.package_discovery:discover_packages(path) discover
[2.352s] Level 1:colcon.colcon_core.package_discovery:discover_packages(path) using defaults
[2.519s] Level 1:colcon.colcon_core.package_discovery:discover_packages(prefix_path) check parameters
[2.520s] Level 1:colcon.colcon_core.package_discovery:discover_packages(prefix_path) discover
[2.547s] DEBUG:colcon.colcon_installed_package_information.package_discovery:Found 4 installed packages in /home/mustache/ros2_ws/install
[2.555s] DEBUG:colcon.colcon_installed_package_information.package_discovery:Found 227 installed packages in /opt/ros/humble
[2.563s] Level 1:colcon.colcon_core.package_discovery:discover_packages(prefix_path) using defaults
[2.805s] Level 5:colcon.colcon_core.verb:set package 'blackjack' build argument 'cmake_args' from command line to 'None'
[2.805s] Level 5:colcon.colcon_core.verb:set package 'blackjack' build argument 'cmake_target' from command line to 'None'
[2.806s] Level 5:colcon.colcon_core.verb:set package 'blackjack' build argument 'cmake_target_skip_unavailable' from command line to 'False'
[2.806s] Level 5:colcon.colcon_core.verb:set package 'blackjack' build argument 'cmake_clean_cache' from command line to 'False'
[2.806s] Level 5:colcon.colcon_core.verb:set package 'blackjack' build argument 'cmake_clean_first' from command line to 'False'
[2.806s] Level 5:colcon.colcon_core.verb:set package 'blackjack' build argument 'cmake_force_configure' from command line to 'False'
[2.806s] Level 5:colcon.colcon_core.verb:set package 'blackjack' build argument 'ament_cmake_args' from command line to 'None'
[2.806s] Level 5:colcon.colcon_core.verb:set package 'blackjack' build argument 'catkin_cmake_args' from command line to 'None'
[2.807s] Level 5:colcon.colcon_core.verb:set package 'blackjack' build argument 'catkin_skip_building_tests' from command line to 'False'
[2.807s] DEBUG:colcon.colcon_core.verb:Building package 'blackjack' with the following arguments: {'ament_cmake_args': None, 'build_base': '/home/mustache/ros2_ws/src/blackjack/build/blackjack', 'catkin_cmake_args': None, 'catkin_skip_building_tests': False, 'cmake_args': None, 'cmake_clean_cache': False, 'cmake_clean_first': False, 'cmake_force_configure': False, 'cmake_target': None, 'cmake_target_skip_unavailable': False, 'install_base': '/home/mustache/ros2_ws/src/blackjack/install/blackjack', 'merge_install': False, 'path': '/home/mustache/ros2_ws/src/blackjack', 'symlink_install': False, 'test_result_base': None}
[2.808s] INFO:colcon.colcon_core.executor:Executing jobs using 'parallel' executor
[2.811s] DEBUG:colcon.colcon_parallel_executor.executor.parallel:run_until_complete
[2.813s] INFO:colcon.colcon_ros.task.ament_python.build:Building ROS package in '/home/mustache/ros2_ws/src/blackjack' with build type 'ament_python'
[2.814s] Level 1:colcon.colcon_core.shell:create_environment_hook('blackjack', 'ament_prefix_path')
[2.825s] INFO:colcon.colcon_core.plugin_system:Skipping extension 'colcon_core.shell.bat': Not used on non-Windows systems
[2.827s] INFO:colcon.colcon_core.shell:Creating environment hook '/home/mustache/ros2_ws/src/blackjack/install/blackjack/share/blackjack/hook/ament_prefix_path.ps1'
[2.830s] INFO:colcon.colcon_core.shell:Creating environment descriptor '/home/mustache/ros2_ws/src/blackjack/install/blackjack/share/blackjack/hook/ament_prefix_path.dsv'
[2.834s] INFO:colcon.colcon_core.shell:Creating environment hook '/home/mustache/ros2_ws/src/blackjack/install/blackjack/share/blackjack/hook/ament_prefix_path.sh'
[2.839s] INFO:colcon.colcon_core.shell:Skip shell extension 'powershell' for command environment: Not usable outside of PowerShell
[2.839s] DEBUG:colcon.colcon_core.shell:Skip shell extension 'dsv' for command environment
[4.928s] INFO:colcon.colcon_core.task.python.build:Building Python package in '/home/mustache/ros2_ws/src/blackjack'
[4.929s] INFO:colcon.colcon_core.shell:Skip shell extension 'powershell' for command environment: Not usable outside of PowerShell
[4.930s] DEBUG:colcon.colcon_core.shell:Skip shell extension 'dsv' for command environment
[7.054s] DEBUG:colcon.colcon_core.event_handler.log_command:Invoking command in '/home/mustache/ros2_ws/src/blackjack': PYTHONPATH=/home/mustache/ros2_ws/src/blackjack/build/blackjack/prefix_override:/home/mustache/ros2_ws/src/blackjack/install/blackjack/lib/python3.10/site-packages:${PYTHONPATH} /usr/bin/python3 -W ignore:setup.py install is deprecated setup.py egg_info --egg-base build/blackjack build --build-base /home/mustache/ros2_ws/src/blackjack/build/blackjack/build install --record /home/mustache/ros2_ws/src/blackjack/build/blackjack/install.log --single-version-externally-managed install_data
[9.010s] DEBUG:colcon.colcon_core.event_handler.log_command:Invoked command in '/home/mustache/ros2_ws/src/blackjack' returned '0': PYTHONPATH=/home/mustache/ros2_ws/src/blackjack/build/blackjack/prefix_override:/home/mustache/ros2_ws/src/blackjack/install/blackjack/lib/python3.10/site-packages:${PYTHONPATH} /usr/bin/python3 -W ignore:setup.py install is deprecated setup.py egg_info --egg-base build/blackjack build --build-base /home/mustache/ros2_ws/src/blackjack/build/blackjack/build install --record /home/mustache/ros2_ws/src/blackjack/build/blackjack/install.log --single-version-externally-managed install_data
[9.024s] Level 1:colcon.colcon_core.environment:checking '/home/mustache/ros2_ws/src/blackjack/install/blackjack' for CMake module files
[9.027s] Level 1:colcon.colcon_core.environment:checking '/home/mustache/ros2_ws/src/blackjack/install/blackjack' for CMake config files
[9.032s] Level 1:colcon.colcon_core.environment:checking '/home/mustache/ros2_ws/src/blackjack/install/blackjack/lib'
[9.033s] Level 1:colcon.colcon_core.environment:checking '/home/mustache/ros2_ws/src/blackjack/install/blackjack/bin'
[9.033s] Level 1:colcon.colcon_core.environment:checking '/home/mustache/ros2_ws/src/blackjack/install/blackjack/lib/pkgconfig/blackjack.pc'
[9.034s] Level 1:colcon.colcon_core.environment:checking '/home/mustache/ros2_ws/src/blackjack/install/blackjack/lib/python3.10/site-packages'
[9.034s] Level 1:colcon.colcon_core.shell:create_environment_hook('blackjack', 'pythonpath')
[9.035s] INFO:colcon.colcon_core.shell:Creating environment hook '/home/mustache/ros2_ws/src/blackjack/install/blackjack/share/blackjack/hook/pythonpath.ps1'
[9.038s] INFO:colcon.colcon_core.shell:Creating environment descriptor '/home/mustache/ros2_ws/src/blackjack/install/blackjack/share/blackjack/hook/pythonpath.dsv'
[9.039s] INFO:colcon.colcon_core.shell:Creating environment hook '/home/mustache/ros2_ws/src/blackjack/install/blackjack/share/blackjack/hook/pythonpath.sh'
[9.042s] Level 1:colcon.colcon_core.environment:checking '/home/mustache/ros2_ws/src/blackjack/install/blackjack/bin'
[9.042s] Level 1:colcon.colcon_core.environment:create_environment_scripts_only(blackjack)
[9.043s] INFO:colcon.colcon_core.shell:Creating package script '/home/mustache/ros2_ws/src/blackjack/install/blackjack/share/blackjack/package.ps1'
[9.047s] INFO:colcon.colcon_core.shell:Creating package descriptor '/home/mustache/ros2_ws/src/blackjack/install/blackjack/share/blackjack/package.dsv'
[9.049s] INFO:colcon.colcon_core.shell:Creating package script '/home/mustache/ros2_ws/src/blackjack/install/blackjack/share/blackjack/package.sh'
[9.053s] INFO:colcon.colcon_core.shell:Creating package script '/home/mustache/ros2_ws/src/blackjack/install/blackjack/share/blackjack/package.bash'
[9.056s] INFO:colcon.colcon_core.shell:Creating package script '/home/mustache/ros2_ws/src/blackjack/install/blackjack/share/blackjack/package.zsh'
[9.060s] Level 1:colcon.colcon_core.environment:create_file_with_runtime_dependencies(/home/mustache/ros2_ws/src/blackjack/install/blackjack/share/colcon-core/packages/blackjack)
[9.061s] DEBUG:colcon.colcon_parallel_executor.executor.parallel:closing loop
[9.063s] DEBUG:colcon.colcon_parallel_executor.executor.parallel:loop closed
[9.063s] DEBUG:colcon.colcon_parallel_executor.executor.parallel:run_until_complete finished with '0'
[9.064s] DEBUG:colcon.colcon_core.event_reactor:joining thread
[9.091s] INFO:colcon.colcon_core.plugin_system:Skipping extension 'colcon_notification.desktop_notification.terminal_notifier': Not used on non-Darwin systems
[9.092s] INFO:colcon.colcon_core.plugin_system:Skipping extension 'colcon_notification.desktop_notification.win32': Not used on non-Windows systems
[9.092s] INFO:colcon.colcon_notification.desktop_notification:Sending desktop notification using 'notify2'
[9.157s] DEBUG:colcon.colcon_core.event_reactor:joined thread
[9.159s] INFO:colcon.colcon_core.shell:Creating prefix script '/home/mustache/ros2_ws/src/blackjack/install/local_setup.ps1'
[9.164s] INFO:colcon.colcon_core.shell:Creating prefix util module '/home/mustache/ros2_ws/src/blackjack/install/_local_setup_util_ps1.py'
[9.172s] INFO:colcon.colcon_core.shell:Creating prefix chain script '/home/mustache/ros2_ws/src/blackjack/install/setup.ps1'
[9.180s] INFO:colcon.colcon_core.shell:Creating prefix script '/home/mustache/ros2_ws/src/blackjack/install/local_setup.sh'
[9.183s] INFO:colcon.colcon_core.shell:Creating prefix util module '/home/mustache/ros2_ws/src/blackjack/install/_local_setup_util_sh.py'
[9.186s] INFO:colcon.colcon_core.shell:Creating prefix chain script '/home/mustache/ros2_ws/src/blackjack/install/setup.sh'
[9.192s] INFO:colcon.colcon_core.shell:Creating prefix script '/home/mustache/ros2_ws/src/blackjack/install/local_setup.bash'
[9.195s] INFO:colcon.colcon_core.shell:Creating prefix chain script '/home/mustache/ros2_ws/src/blackjack/install/setup.bash'
[9.202s] INFO:colcon.colcon_core.shell:Creating prefix script '/home/mustache/ros2_ws/src/blackjack/install/local_setup.zsh'
[9.208s] INFO:colcon.colcon_core.shell:Creating prefix chain script '/home/mustache/ros2_ws/src/blackjack/install/setup.zsh'
