[0.055s] Invoking command in '/home/mustache/ros2_ws/build/turtlesim': CMAKE_PREFIX_PATH=/opt/ros/humble /usr/bin/cmake /home/mustache/ros2_ws/src/ros_tutorials/turtlesim -DCMAKE_INSTALL_PREFIX=/home/mustache/ros2_ws/install/turtlesim
[0.880s] -- The C compiler identification is GNU 11.4.0
[1.569s] -- The CXX compiler identification is GNU 11.4.0
[1.627s] -- Detecting C compiler ABI info
[1.977s] -- Detecting C compiler ABI info - done
[2.001s] -- Check for working C compiler: /usr/bin/cc - skipped
[2.004s] -- Detecting C compile features
[2.006s] -- Detecting C compile features - done
[2.020s] -- Detecting CXX compiler ABI info
[2.371s] -- Detecting CXX compiler ABI info - done
[2.396s] -- Check for working CXX compiler: /usr/bin/c++ - skipped
[2.397s] -- Detecting CXX compile features
[2.398s] -- Detecting CXX compile features - done
[2.426s] -- Found ament_cmake: 1.3.8 (/opt/ros/humble/share/ament_cmake/cmake)
[3.199s] -- Found Python3: /usr/bin/python3 (found version "3.10.12") found components: Interpreter 
[3.833s] -- Found ament_index_cpp: 1.4.0 (/opt/ros/humble/share/ament_index_cpp/cmake)
[3.851s] -- Found geometry_msgs: 4.2.3 (/opt/ros/humble/share/geometry_msgs/cmake)
[4.176s] -- Found rosidl_generator_c: 3.1.5 (/opt/ros/humble/share/rosidl_generator_c/cmake)
[4.217s] -- Found rosidl_adapter: 3.1.5 (/opt/ros/humble/share/rosidl_adapter/cmake)
[4.279s] -- Found rosidl_generator_cpp: 3.1.5 (/opt/ros/humble/share/rosidl_generator_cpp/cmake)
[4.368s] -- Using all available rosidl_typesupport_c: rosidl_typesupport_fastrtps_c;rosidl_typesupport_introspection_c
[4.491s] -- Using all available rosidl_typesupport_cpp: rosidl_typesupport_fastrtps_cpp;rosidl_typesupport_introspection_cpp
[5.125s] -- Found rclcpp: 16.0.8 (/opt/ros/humble/share/rclcpp/cmake)
[5.463s] -- Found rmw_implementation_cmake: 6.1.1 (/opt/ros/humble/share/rmw_implementation_cmake/cmake)
[5.487s] -- Found rmw_fastrtps_cpp: 6.2.6 (/opt/ros/humble/share/rmw_fastrtps_cpp/cmake)
[6.094s] -- Found OpenSSL: /usr/lib/aarch64-linux-gnu/libcrypto.so (found version "3.0.2")  
[6.352s] -- Found FastRTPS: /opt/ros/humble/include  
[6.785s] -- Using RMW implementation 'rmw_fastrtps_cpp' as default
[6.859s] -- Looking for pthread.h
[7.212s] -- Looking for pthread.h - found
[7.213s] -- Performing Test CMAKE_HAVE_LIBC_PTHREAD
[7.551s] -- Performing Test CMAKE_HAVE_LIBC_PTHREAD - Success
[7.555s] -- Found Threads: TRUE  
[8.178s] -- Found rclcpp_action: 16.0.8 (/opt/ros/humble/share/rclcpp_action/cmake)
[8.941s] -- Found rosidl_default_generators: 1.2.0 (/opt/ros/humble/share/rosidl_default_generators/cmake)
[9.008s] -- Found std_srvs: 4.2.3 (/opt/ros/humble/share/std_srvs/cmake)
[10.847s] -- Found ament_cmake_ros: 0.10.0 (/opt/ros/humble/share/ament_cmake_ros/cmake)
[12.791s] -- Using all available rosidl_typesupport_c: rosidl_typesupport_fastrtps_c;rosidl_typesupport_introspection_c
[13.381s] -- Using all available rosidl_typesupport_cpp: rosidl_typesupport_fastrtps_cpp;rosidl_typesupport_introspection_cpp
[13.494s] -- Found PythonInterp: /usr/bin/python3 (found suitable version "3.10.12", minimum required is "3.6") 
[13.510s] -- Found python_cmake_module: 0.10.0 (/opt/ros/humble/share/python_cmake_module/cmake)
[13.640s] -- Found PythonLibs: /usr/lib/aarch64-linux-gnu/libpython3.10.so (found suitable version "3.10.12", minimum required is "3.5") 
[13.640s] -- Using PYTHON_EXECUTABLE: /usr/bin/python3
[13.641s] -- Using PYTHON_INCLUDE_DIRS: /usr/include/python3.10
[13.641s] -- Using PYTHON_LIBRARIES: /usr/lib/aarch64-linux-gnu/libpython3.10.so
[13.747s] -- Found PythonExtra: .so  
[14.057s] -- Configuring done
[14.398s] -- Generating done
[14.414s] -- Build files have been written to: /home/mustache/ros2_ws/build/turtlesim
[14.474s] Invoked command in '/home/mustache/ros2_ws/build/turtlesim' returned '0': CMAKE_PREFIX_PATH=/opt/ros/humble /usr/bin/cmake /home/mustache/ros2_ws/src/ros_tutorials/turtlesim -DCMAKE_INSTALL_PREFIX=/home/mustache/ros2_ws/install/turtlesim
[14.483s] Invoking command in '/home/mustache/ros2_ws/build/turtlesim': CMAKE_PREFIX_PATH=/opt/ros/humble /usr/bin/cmake --build /home/mustache/ros2_ws/build/turtlesim -- -j4 -l4
[14.668s] [  1%] [34m[1mGenerating C code for ROS interfaces[0m
[14.706s] [  2%] [34m[1mGenerating C++ code for ROS interfaces[0m
[14.753s] [  2%] Built target ament_cmake_python_copy_turtlesim
[17.004s] running egg_info
[17.007s] creating turtlesim.egg-info
[17.008s] writing turtlesim.egg-info/PKG-INFO
[17.009s] writing dependency_links to turtlesim.egg-info/dependency_links.txt
[17.010s] writing top-level names to turtlesim.egg-info/top_level.txt
[17.012s] writing manifest file 'turtlesim.egg-info/SOURCES.txt'
[17.025s] reading manifest file 'turtlesim.egg-info/SOURCES.txt'
[17.028s] writing manifest file 'turtlesim.egg-info/SOURCES.txt'
[17.275s] [  2%] Built target ament_cmake_python_build_turtlesim_egg
[21.119s] [  2%] Built target turtlesim__cpp
[21.189s] [  3%] [34m[1mGenerating C++ type support dispatch for ROS interfaces[0m
[21.197s] [  4%] [34m[1mGenerating C++ type support for eProsima Fast-RTPS[0m
[21.360s] [  5%] [34m[1mGenerating C++ introspection for ROS interfaces[0m
[21.757s] [  6%] [32mBuilding C object CMakeFiles/turtlesim__rosidl_generator_c.dir/rosidl_generator_c/turtlesim/action/detail/rotate_absolute__functions.c.o[0m
[23.063s] [  7%] [32mBuilding C object CMakeFiles/turtlesim__rosidl_generator_c.dir/rosidl_generator_c/turtlesim/msg/detail/color__functions.c.o[0m
[23.594s] [  8%] [32mBuilding C object CMakeFiles/turtlesim__rosidl_generator_c.dir/rosidl_generator_c/turtlesim/msg/detail/pose__functions.c.o[0m
[23.929s] [  9%] [32mBuilding C object CMakeFiles/turtlesim__rosidl_generator_c.dir/rosidl_generator_c/turtlesim/srv/detail/kill__functions.c.o[0m
[24.369s] [ 10%] [32mBuilding C object CMakeFiles/turtlesim__rosidl_generator_c.dir/rosidl_generator_c/turtlesim/srv/detail/set_pen__functions.c.o[0m
[24.880s] [ 11%] [32mBuilding C object CMakeFiles/turtlesim__rosidl_generator_c.dir/rosidl_generator_c/turtlesim/srv/detail/spawn__functions.c.o[0m
[25.398s] [ 12%] [32mBuilding CXX object CMakeFiles/turtlesim__rosidl_typesupport_cpp.dir/rosidl_typesupport_cpp/turtlesim/action/rotate_absolute__type_support.cpp.o[0m
[25.403s] [ 13%] [32mBuilding C object CMakeFiles/turtlesim__rosidl_generator_c.dir/rosidl_generator_c/turtlesim/srv/detail/teleport_absolute__functions.c.o[0m
[25.805s] [ 14%] [32mBuilding C object CMakeFiles/turtlesim__rosidl_generator_c.dir/rosidl_generator_c/turtlesim/srv/detail/teleport_relative__functions.c.o[0m
[26.370s] [ 15%] [32m[1mLinking C shared library libturtlesim__rosidl_generator_c.so[0m
[26.481s] [ 16%] [32mBuilding CXX object CMakeFiles/turtlesim__rosidl_typesupport_introspection_cpp.dir/rosidl_typesupport_introspection_cpp/turtlesim/action/detail/rotate_absolute__type_support.cpp.o[0m
[26.653s] [ 16%] Built target turtlesim__rosidl_generator_c
[26.693s] [ 17%] [32mBuilding CXX object CMakeFiles/turtlesim__rosidl_typesupport_cpp.dir/rosidl_typesupport_cpp/turtlesim/msg/color__type_support.cpp.o[0m
[27.738s] [ 18%] [32mBuilding CXX object CMakeFiles/turtlesim__rosidl_typesupport_fastrtps_cpp.dir/rosidl_typesupport_fastrtps_cpp/turtlesim/action/detail/dds_fastrtps/rotate_absolute__type_support.cpp.o[0m
[28.991s] [ 19%] [32mBuilding CXX object CMakeFiles/turtlesim__rosidl_typesupport_cpp.dir/rosidl_typesupport_cpp/turtlesim/msg/pose__type_support.cpp.o[0m
[30.021s] [ 20%] [32mBuilding CXX object CMakeFiles/turtlesim__rosidl_typesupport_cpp.dir/rosidl_typesupport_cpp/turtlesim/srv/kill__type_support.cpp.o[0m
[31.529s] [ 21%] [32mBuilding CXX object CMakeFiles/turtlesim__rosidl_typesupport_cpp.dir/rosidl_typesupport_cpp/turtlesim/srv/set_pen__type_support.cpp.o[0m
[31.824s] [ 22%] [32mBuilding CXX object CMakeFiles/turtlesim__rosidl_typesupport_introspection_cpp.dir/rosidl_typesupport_introspection_cpp/turtlesim/msg/detail/color__type_support.cpp.o[0m
[32.167s] [ 23%] [32mBuilding CXX object CMakeFiles/turtlesim__rosidl_typesupport_introspection_cpp.dir/rosidl_typesupport_introspection_cpp/turtlesim/msg/detail/pose__type_support.cpp.o[0m
[32.795s] [ 24%] [32mBuilding CXX object CMakeFiles/turtlesim__rosidl_typesupport_fastrtps_cpp.dir/rosidl_typesupport_fastrtps_cpp/turtlesim/msg/detail/dds_fastrtps/color__type_support.cpp.o[0m
[33.761s] [ 25%] [32mBuilding CXX object CMakeFiles/turtlesim__rosidl_typesupport_cpp.dir/rosidl_typesupport_cpp/turtlesim/srv/spawn__type_support.cpp.o[0m
[34.521s] [ 26%] [32mBuilding CXX object CMakeFiles/turtlesim__rosidl_typesupport_introspection_cpp.dir/rosidl_typesupport_introspection_cpp/turtlesim/srv/detail/kill__type_support.cpp.o[0m
[35.343s] [ 27%] [32mBuilding CXX object CMakeFiles/turtlesim__rosidl_typesupport_introspection_cpp.dir/rosidl_typesupport_introspection_cpp/turtlesim/srv/detail/set_pen__type_support.cpp.o[0m
[36.085s] [ 28%] [32mBuilding CXX object CMakeFiles/turtlesim__rosidl_typesupport_fastrtps_cpp.dir/rosidl_typesupport_fastrtps_cpp/turtlesim/msg/detail/dds_fastrtps/pose__type_support.cpp.o[0m
[36.469s] [ 29%] [32mBuilding CXX object CMakeFiles/turtlesim__rosidl_typesupport_cpp.dir/rosidl_typesupport_cpp/turtlesim/srv/teleport_absolute__type_support.cpp.o[0m
[38.444s] [ 30%] [32mBuilding CXX object CMakeFiles/turtlesim__rosidl_typesupport_introspection_cpp.dir/rosidl_typesupport_introspection_cpp/turtlesim/srv/detail/spawn__type_support.cpp.o[0m
[38.787s] [ 31%] [32mBuilding CXX object CMakeFiles/turtlesim__rosidl_typesupport_cpp.dir/rosidl_typesupport_cpp/turtlesim/srv/teleport_relative__type_support.cpp.o[0m
[39.258s] [ 32%] [32mBuilding CXX object CMakeFiles/turtlesim__rosidl_typesupport_fastrtps_cpp.dir/rosidl_typesupport_fastrtps_cpp/turtlesim/srv/detail/dds_fastrtps/kill__type_support.cpp.o[0m
[39.745s] [ 33%] [32mBuilding CXX object CMakeFiles/turtlesim__rosidl_typesupport_fastrtps_cpp.dir/rosidl_typesupport_fastrtps_cpp/turtlesim/srv/detail/dds_fastrtps/set_pen__type_support.cpp.o[0m
[40.920s] [ 34%] [32m[1mLinking CXX shared library libturtlesim__rosidl_typesupport_cpp.so[0m
[41.295s] [ 35%] [32mBuilding CXX object CMakeFiles/turtlesim__rosidl_typesupport_introspection_cpp.dir/rosidl_typesupport_introspection_cpp/turtlesim/srv/detail/teleport_absolute__type_support.cpp.o[0m
[41.324s] [ 35%] Built target turtlesim__rosidl_typesupport_cpp
[41.467s] [ 36%] [32mBuilding CXX object CMakeFiles/turtlesim__rosidl_typesupport_fastrtps_cpp.dir/rosidl_typesupport_fastrtps_cpp/turtlesim/srv/detail/dds_fastrtps/spawn__type_support.cpp.o[0m
[43.229s] [ 37%] [32mBuilding CXX object CMakeFiles/turtlesim__rosidl_typesupport_fastrtps_cpp.dir/rosidl_typesupport_fastrtps_cpp/turtlesim/srv/detail/dds_fastrtps/teleport_absolute__type_support.cpp.o[0m
[43.772s] [ 38%] [34m[1mGenerating C type support for eProsima Fast-RTPS[0m
[45.688s] [ 39%] [32mBuilding CXX object CMakeFiles/turtlesim__rosidl_typesupport_introspection_cpp.dir/rosidl_typesupport_introspection_cpp/turtlesim/srv/detail/teleport_relative__type_support.cpp.o[0m
[46.992s] [ 40%] [32mBuilding CXX object CMakeFiles/turtlesim__rosidl_typesupport_fastrtps_cpp.dir/rosidl_typesupport_fastrtps_cpp/turtlesim/srv/detail/dds_fastrtps/teleport_relative__type_support.cpp.o[0m
[48.212s] [ 41%] [32m[1mLinking CXX shared library libturtlesim__rosidl_typesupport_introspection_cpp.so[0m
[48.593s] [ 41%] Built target turtlesim__rosidl_typesupport_introspection_cpp
[49.548s] [ 42%] [32mBuilding CXX object CMakeFiles/turtlesim__rosidl_typesupport_fastrtps_c.dir/rosidl_typesupport_fastrtps_c/turtlesim/action/detail/rotate_absolute__type_support_c.cpp.o[0m
[49.707s] [ 43%] [32m[1mLinking CXX shared library libturtlesim__rosidl_typesupport_fastrtps_cpp.so[0m
[50.240s] [ 43%] Built target turtlesim__rosidl_typesupport_fastrtps_cpp
[51.876s] [ 44%] [32mBuilding CXX object CMakeFiles/turtlesim__rosidl_typesupport_fastrtps_c.dir/rosidl_typesupport_fastrtps_c/turtlesim/msg/detail/color__type_support_c.cpp.o[0m
[53.433s] [ 45%] [32mBuilding CXX object CMakeFiles/turtlesim__rosidl_typesupport_fastrtps_c.dir/rosidl_typesupport_fastrtps_c/turtlesim/msg/detail/pose__type_support_c.cpp.o[0m
[55.196s] [ 46%] [32mBuilding CXX object CMakeFiles/turtlesim__rosidl_typesupport_fastrtps_c.dir/rosidl_typesupport_fastrtps_c/turtlesim/srv/detail/kill__type_support_c.cpp.o[0m
[56.814s] [ 47%] [32mBuilding CXX object CMakeFiles/turtlesim__rosidl_typesupport_fastrtps_c.dir/rosidl_typesupport_fastrtps_c/turtlesim/srv/detail/set_pen__type_support_c.cpp.o[0m
[58.551s] [ 48%] [32mBuilding CXX object CMakeFiles/turtlesim__rosidl_typesupport_fastrtps_c.dir/rosidl_typesupport_fastrtps_c/turtlesim/srv/detail/spawn__type_support_c.cpp.o[0m
[60.333s] [ 49%] [34m[1mGenerating include/turtlesim/moc_turtle_frame.cpp[0m
[60.723s] [ 50%] [32mBuilding CXX object CMakeFiles/turtlesim__rosidl_typesupport_fastrtps_c.dir/rosidl_typesupport_fastrtps_c/turtlesim/srv/detail/teleport_absolute__type_support_c.cpp.o[0m
[60.895s] [ 51%] [32mBuilding CXX object CMakeFiles/turtlesim_node.dir/src/turtlesim.cpp.o[0m
[62.903s] [ 52%] [34m[1mGenerating C type support dispatch for ROS interfaces[0m
[62.925s] [ 53%] [32mBuilding CXX object CMakeFiles/turtlesim__rosidl_typesupport_fastrtps_c.dir/rosidl_typesupport_fastrtps_c/turtlesim/srv/detail/teleport_relative__type_support_c.cpp.o[0m
[64.942s] [ 54%] [34m[1mGenerating C introspection for ROS interfaces[0m
[65.326s] [ 55%] [32m[1mLinking CXX shared library libturtlesim__rosidl_typesupport_fastrtps_c.so[0m
[65.844s] [ 55%] Built target turtlesim__rosidl_typesupport_fastrtps_c
[65.893s] [ 56%] [32mBuilding CXX object CMakeFiles/turtlesim_node.dir/src/turtle.cpp.o[0m
[66.208s] [ 57%] [32mBuilding CXX object CMakeFiles/turtlesim__rosidl_typesupport_c.dir/rosidl_typesupport_c/turtlesim/action/rotate_absolute__type_support.cpp.o[0m
[66.535s] [ 58%] [32mBuilding CXX object CMakeFiles/turtlesim__rosidl_typesupport_c.dir/rosidl_typesupport_c/turtlesim/msg/color__type_support.cpp.o[0m
[66.744s] [ 59%] [32mBuilding CXX object CMakeFiles/turtlesim__rosidl_typesupport_c.dir/rosidl_typesupport_c/turtlesim/msg/pose__type_support.cpp.o[0m
[66.931s] [ 60%] [32mBuilding CXX object CMakeFiles/turtlesim__rosidl_typesupport_c.dir/rosidl_typesupport_c/turtlesim/srv/kill__type_support.cpp.o[0m
[67.124s] [ 61%] [32mBuilding CXX object CMakeFiles/turtlesim__rosidl_typesupport_c.dir/rosidl_typesupport_c/turtlesim/srv/set_pen__type_support.cpp.o[0m
[67.315s] [ 62%] [32mBuilding CXX object CMakeFiles/turtlesim__rosidl_typesupport_c.dir/rosidl_typesupport_c/turtlesim/srv/spawn__type_support.cpp.o[0m
[67.512s] [ 63%] [32mBuilding CXX object CMakeFiles/turtlesim__rosidl_typesupport_c.dir/rosidl_typesupport_c/turtlesim/srv/teleport_absolute__type_support.cpp.o[0m
[67.739s] [ 64%] [32mBuilding CXX object CMakeFiles/turtlesim__rosidl_typesupport_c.dir/rosidl_typesupport_c/turtlesim/srv/teleport_relative__type_support.cpp.o[0m
[68.012s] [ 65%] [32m[1mLinking CXX shared library libturtlesim__rosidl_typesupport_c.so[0m
[68.259s] [ 65%] Built target turtlesim__rosidl_typesupport_c
[68.365s] [ 66%] [32mBuilding CXX object CMakeFiles/turtle_teleop_key.dir/tutorials/teleop_turtle_key.cpp.o[0m
[70.519s] [ 67%] [32mBuilding C object CMakeFiles/turtlesim__rosidl_typesupport_introspection_c.dir/rosidl_typesupport_introspection_c/turtlesim/action/detail/rotate_absolute__type_support.c.o[0m
[71.074s] [ 68%] [32mBuilding C object CMakeFiles/turtlesim__rosidl_typesupport_introspection_c.dir/rosidl_typesupport_introspection_c/turtlesim/msg/detail/color__type_support.c.o[0m
[71.365s] [ 69%] [32mBuilding C object CMakeFiles/turtlesim__rosidl_typesupport_introspection_c.dir/rosidl_typesupport_introspection_c/turtlesim/msg/detail/pose__type_support.c.o[0m
[71.708s] [ 70%] [32mBuilding C object CMakeFiles/turtlesim__rosidl_typesupport_introspection_c.dir/rosidl_typesupport_introspection_c/turtlesim/srv/detail/kill__type_support.c.o[0m
[72.140s] [ 71%] [32mBuilding C object CMakeFiles/turtlesim__rosidl_typesupport_introspection_c.dir/rosidl_typesupport_introspection_c/turtlesim/srv/detail/set_pen__type_support.c.o[0m
[72.699s] [ 72%] [32mBuilding C object CMakeFiles/turtlesim__rosidl_typesupport_introspection_c.dir/rosidl_typesupport_introspection_c/turtlesim/srv/detail/spawn__type_support.c.o[0m
[72.989s] [ 73%] [32mBuilding C object CMakeFiles/turtlesim__rosidl_typesupport_introspection_c.dir/rosidl_typesupport_introspection_c/turtlesim/srv/detail/teleport_absolute__type_support.c.o[0m
[73.640s] [ 74%] [32mBuilding C object CMakeFiles/turtlesim__rosidl_typesupport_introspection_c.dir/rosidl_typesupport_introspection_c/turtlesim/srv/detail/teleport_relative__type_support.c.o[0m
[74.110s] [ 75%] [32m[1mLinking C shared library libturtlesim__rosidl_typesupport_introspection_c.so[0m
[74.647s] [ 75%] Built target turtlesim__rosidl_typesupport_introspection_c
[74.830s] [ 76%] [32mBuilding CXX object CMakeFiles/draw_square.dir/tutorials/draw_square.cpp.o[0m
[131.755s] [ 77%] [32m[1mLinking CXX executable turtle_teleop_key[0m
[133.873s] [ 77%] Built target turtle_teleop_key
[150.401s] [ 78%] [32m[1mLinking CXX executable draw_square[0m
[152.878s] [ 78%] Built target draw_square
[161.247s] [ 79%] [32mBuilding CXX object CMakeFiles/turtlesim_node.dir/include/turtlesim/moc_turtle_frame.cpp.o[0m
[180.137s] [ 80%] [32mBuilding CXX object CMakeFiles/turtlesim_node.dir/src/turtle_frame.cpp.o[0m
[230.491s] [ 81%] [32m[1mLinking CXX executable turtlesim_node[0m
[241.509s] [ 81%] Built target turtlesim_node
[241.690s] [ 82%] [32mBuilding CXX object CMakeFiles/mimic.dir/tutorials/mimic.cpp.o[0m
[241.698s] [ 82%] Built target turtlesim
[241.826s] [ 83%] [34m[1mGenerating Python code for ROS interfaces[0m
[251.420s] [ 83%] Built target turtlesim__py
[251.596s] [ 84%] [32mBuilding C object CMakeFiles/turtlesim__rosidl_generator_py.dir/rosidl_generator_py/turtlesim/action/_rotate_absolute_s.c.o[0m
[251.622s] [ 85%] [32mBuilding C object CMakeFiles/turtlesim__rosidl_generator_py.dir/rosidl_generator_py/turtlesim/msg/_color_s.c.o[0m
[251.626s] [ 86%] [32mBuilding C object CMakeFiles/turtlesim__rosidl_generator_py.dir/rosidl_generator_py/turtlesim/msg/_pose_s.c.o[0m
[252.788s] [ 87%] [32mBuilding C object CMakeFiles/turtlesim__rosidl_generator_py.dir/rosidl_generator_py/turtlesim/srv/_kill_s.c.o[0m
[252.813s] [ 88%] [32mBuilding C object CMakeFiles/turtlesim__rosidl_generator_py.dir/rosidl_generator_py/turtlesim/srv/_set_pen_s.c.o[0m
[252.977s] [ 89%] [32mBuilding C object CMakeFiles/turtlesim__rosidl_generator_py.dir/rosidl_generator_py/turtlesim/srv/_spawn_s.c.o[0m
[253.484s] [ 90%] [32mBuilding C object CMakeFiles/turtlesim__rosidl_generator_py.dir/rosidl_generator_py/turtlesim/srv/_teleport_absolute_s.c.o[0m
[253.503s] [ 91%] [32mBuilding C object CMakeFiles/turtlesim__rosidl_generator_py.dir/rosidl_generator_py/turtlesim/srv/_teleport_relative_s.c.o[0m
[254.152s] [ 92%] [32m[1mLinking C shared library rosidl_generator_py/turtlesim/libturtlesim__rosidl_generator_py.so[0m
[254.416s] [ 92%] Built target turtlesim__rosidl_generator_py
[254.552s] [ 93%] [32mBuilding C object CMakeFiles/turtlesim__rosidl_typesupport_fastrtps_c__pyext.dir/rosidl_generator_py/turtlesim/_turtlesim_s.ep.rosidl_typesupport_fastrtps_c.c.o[0m
[254.557s] [ 94%] [32mBuilding C object CMakeFiles/turtlesim__rosidl_typesupport_introspection_c__pyext.dir/rosidl_generator_py/turtlesim/_turtlesim_s.ep.rosidl_typesupport_introspection_c.c.o[0m
[254.564s] [ 95%] [32mBuilding C object CMakeFiles/turtlesim__rosidl_typesupport_c__pyext.dir/rosidl_generator_py/turtlesim/_turtlesim_s.ep.rosidl_typesupport_c.c.o[0m
[255.624s] [ 96%] [32m[1mLinking C shared library rosidl_generator_py/turtlesim/turtlesim_s__rosidl_typesupport_fastrtps_c.cpython-310-aarch64-linux-gnu.so[0m
[255.690s] [ 97%] [32m[1mLinking C shared library rosidl_generator_py/turtlesim/turtlesim_s__rosidl_typesupport_introspection_c.cpython-310-aarch64-linux-gnu.so[0m
[255.692s] [ 98%] [32m[1mLinking C shared library rosidl_generator_py/turtlesim/turtlesim_s__rosidl_typesupport_c.cpython-310-aarch64-linux-gnu.so[0m
[255.982s] [ 98%] Built target turtlesim__rosidl_typesupport_fastrtps_c__pyext
[256.025s] [ 98%] Built target turtlesim__rosidl_typesupport_c__pyext
[256.057s] [ 98%] Built target turtlesim__rosidl_typesupport_introspection_c__pyext
[282.899s] [100%] [32m[1mLinking CXX executable mimic[0m
[285.048s] [100%] Built target mimic
[285.139s] Invoked command in '/home/mustache/ros2_ws/build/turtlesim' returned '0': CMAKE_PREFIX_PATH=/opt/ros/humble /usr/bin/cmake --build /home/mustache/ros2_ws/build/turtlesim -- -j4 -l4
[286.491s] Invoking command in '/home/mustache/ros2_ws/build/turtlesim': CMAKE_PREFIX_PATH=/opt/ros/humble /usr/bin/cmake --install /home/mustache/ros2_ws/build/turtlesim
[286.518s] -- Install configuration: ""
[286.523s] -- Installing: /home/mustache/ros2_ws/install/turtlesim/share/ament_index/resource_index/rosidl_interfaces/turtlesim
[286.527s] -- Installing: /home/mustache/ros2_ws/install/turtlesim/include/turtlesim/turtlesim
[286.528s] -- Installing: /home/mustache/ros2_ws/install/turtlesim/include/turtlesim/turtlesim/action
[286.529s] -- Installing: /home/mustache/ros2_ws/install/turtlesim/include/turtlesim/turtlesim/action/detail
[286.529s] -- Installing: /home/mustache/ros2_ws/install/turtlesim/include/turtlesim/turtlesim/action/detail/rotate_absolute__functions.h
[286.531s] -- Installing: /home/mustache/ros2_ws/install/turtlesim/include/turtlesim/turtlesim/action/detail/rotate_absolute__functions.c
[286.535s] -- Installing: /home/mustache/ros2_ws/install/turtlesim/include/turtlesim/turtlesim/action/detail/rotate_absolute__struct.h
[286.536s] -- Installing: /home/mustache/ros2_ws/install/turtlesim/include/turtlesim/turtlesim/action/detail/rotate_absolute__type_support.h
[286.537s] -- Installing: /home/mustache/ros2_ws/install/turtlesim/include/turtlesim/turtlesim/action/rotate_absolute.h
[286.539s] -- Installing: /home/mustache/ros2_ws/install/turtlesim/include/turtlesim/turtlesim/srv
[286.539s] -- Installing: /home/mustache/ros2_ws/install/turtlesim/include/turtlesim/turtlesim/srv/detail
[286.540s] -- Installing: /home/mustache/ros2_ws/install/turtlesim/include/turtlesim/turtlesim/srv/detail/kill__functions.h
[286.541s] -- Installing: /home/mustache/ros2_ws/install/turtlesim/include/turtlesim/turtlesim/srv/detail/kill__functions.c
[286.543s] -- Installing: /home/mustache/ros2_ws/install/turtlesim/include/turtlesim/turtlesim/srv/detail/set_pen__type_support.h
[286.544s] -- Installing: /home/mustache/ros2_ws/install/turtlesim/include/turtlesim/turtlesim/srv/detail/teleport_relative__functions.h
[286.545s] -- Installing: /home/mustache/ros2_ws/install/turtlesim/include/turtlesim/turtlesim/srv/detail/spawn__functions.h
[286.546s] -- Installing: /home/mustache/ros2_ws/install/turtlesim/include/turtlesim/turtlesim/srv/detail/set_pen__functions.c
[286.549s] -- Installing: /home/mustache/ros2_ws/install/turtlesim/include/turtlesim/turtlesim/srv/detail/teleport_relative__type_support.h
[286.550s] -- Installing: /home/mustache/ros2_ws/install/turtlesim/include/turtlesim/turtlesim/srv/detail/spawn__functions.c
[286.553s] -- Installing: /home/mustache/ros2_ws/install/turtlesim/include/turtlesim/turtlesim/srv/detail/teleport_absolute__type_support.h
[286.555s] -- Installing: /home/mustache/ros2_ws/install/turtlesim/include/turtlesim/turtlesim/srv/detail/set_pen__functions.h
[286.557s] -- Installing: /home/mustache/ros2_ws/install/turtlesim/include/turtlesim/turtlesim/srv/detail/teleport_relative__struct.h
[286.558s] -- Installing: /home/mustache/ros2_ws/install/turtlesim/include/turtlesim/turtlesim/srv/detail/kill__struct.h
[286.558s] -- Installing: /home/mustache/ros2_ws/install/turtlesim/include/turtlesim/turtlesim/srv/detail/teleport_absolute__struct.h
[286.560s] -- Installing: /home/mustache/ros2_ws/install/turtlesim/include/turtlesim/turtlesim/srv/detail/set_pen__struct.h
[286.560s] -- Installing: /home/mustache/ros2_ws/install/turtlesim/include/turtlesim/turtlesim/srv/detail/spawn__type_support.h
[286.562s] -- Installing: /home/mustache/ros2_ws/install/turtlesim/include/turtlesim/turtlesim/srv/detail/spawn__struct.h
[286.563s] -- Installing: /home/mustache/ros2_ws/install/turtlesim/include/turtlesim/turtlesim/srv/detail/teleport_absolute__functions.h
[286.564s] -- Installing: /home/mustache/ros2_ws/install/turtlesim/include/turtlesim/turtlesim/srv/detail/teleport_relative__functions.c
[286.566s] -- Installing: /home/mustache/ros2_ws/install/turtlesim/include/turtlesim/turtlesim/srv/detail/teleport_absolute__functions.c
[286.568s] -- Installing: /home/mustache/ros2_ws/install/turtlesim/include/turtlesim/turtlesim/srv/detail/kill__type_support.h
[286.569s] -- Installing: /home/mustache/ros2_ws/install/turtlesim/include/turtlesim/turtlesim/srv/kill.h
[286.570s] -- Installing: /home/mustache/ros2_ws/install/turtlesim/include/turtlesim/turtlesim/srv/teleport_absolute.h
[286.571s] -- Installing: /home/mustache/ros2_ws/install/turtlesim/include/turtlesim/turtlesim/srv/teleport_relative.h
[286.573s] -- Installing: /home/mustache/ros2_ws/install/turtlesim/include/turtlesim/turtlesim/srv/spawn.h
[286.574s] -- Installing: /home/mustache/ros2_ws/install/turtlesim/include/turtlesim/turtlesim/srv/set_pen.h
[286.575s] -- Installing: /home/mustache/ros2_ws/install/turtlesim/include/turtlesim/turtlesim/msg
[286.576s] -- Installing: /home/mustache/ros2_ws/install/turtlesim/include/turtlesim/turtlesim/msg/pose.h
[286.577s] -- Installing: /home/mustache/ros2_ws/install/turtlesim/include/turtlesim/turtlesim/msg/detail
[286.578s] -- Installing: /home/mustache/ros2_ws/install/turtlesim/include/turtlesim/turtlesim/msg/detail/color__type_support.h
[286.579s] -- Installing: /home/mustache/ros2_ws/install/turtlesim/include/turtlesim/turtlesim/msg/detail/pose__struct.h
[286.580s] -- Installing: /home/mustache/ros2_ws/install/turtlesim/include/turtlesim/turtlesim/msg/detail/color__struct.h
[286.581s] -- Installing: /home/mustache/ros2_ws/install/turtlesim/include/turtlesim/turtlesim/msg/detail/color__functions.h
[286.582s] -- Installing: /home/mustache/ros2_ws/install/turtlesim/include/turtlesim/turtlesim/msg/detail/color__functions.c
[286.584s] -- Installing: /home/mustache/ros2_ws/install/turtlesim/include/turtlesim/turtlesim/msg/detail/pose__functions.h
[286.585s] -- Installing: /home/mustache/ros2_ws/install/turtlesim/include/turtlesim/turtlesim/msg/detail/pose__type_support.h
[286.586s] -- Installing: /home/mustache/ros2_ws/install/turtlesim/include/turtlesim/turtlesim/msg/detail/pose__functions.c
[286.588s] -- Installing: /home/mustache/ros2_ws/install/turtlesim/include/turtlesim/turtlesim/msg/color.h
[286.589s] -- Installing: /home/mustache/ros2_ws/install/turtlesim/include/turtlesim/turtlesim/msg/rosidl_generator_c__visibility_control.h
[286.592s] -- Installing: /home/mustache/ros2_ws/install/turtlesim/share/turtlesim/environment/library_path.sh
[286.594s] -- Installing: /home/mustache/ros2_ws/install/turtlesim/share/turtlesim/environment/library_path.dsv
[286.596s] -- Installing: /home/mustache/ros2_ws/install/turtlesim/lib/libturtlesim__rosidl_generator_c.so
[286.599s] -- Set runtime path of "/home/mustache/ros2_ws/install/turtlesim/lib/libturtlesim__rosidl_generator_c.so" to ""
[286.600s] -- Up-to-date: /home/mustache/ros2_ws/install/turtlesim/include/turtlesim/turtlesim
[286.600s] -- Up-to-date: /home/mustache/ros2_ws/install/turtlesim/include/turtlesim/turtlesim/action
[286.601s] -- Up-to-date: /home/mustache/ros2_ws/install/turtlesim/include/turtlesim/turtlesim/action/detail
[286.602s] -- Installing: /home/mustache/ros2_ws/install/turtlesim/include/turtlesim/turtlesim/action/detail/rotate_absolute__rosidl_typesupport_fastrtps_c.h
[286.604s] -- Up-to-date: /home/mustache/ros2_ws/install/turtlesim/include/turtlesim/turtlesim/srv
[286.605s] -- Up-to-date: /home/mustache/ros2_ws/install/turtlesim/include/turtlesim/turtlesim/srv/detail
[286.606s] -- Installing: /home/mustache/ros2_ws/install/turtlesim/include/turtlesim/turtlesim/srv/detail/spawn__rosidl_typesupport_fastrtps_c.h
[286.607s] -- Installing: /home/mustache/ros2_ws/install/turtlesim/include/turtlesim/turtlesim/srv/detail/teleport_relative__rosidl_typesupport_fastrtps_c.h
[286.609s] -- Installing: /home/mustache/ros2_ws/install/turtlesim/include/turtlesim/turtlesim/srv/detail/set_pen__rosidl_typesupport_fastrtps_c.h
[286.611s] -- Installing: /home/mustache/ros2_ws/install/turtlesim/include/turtlesim/turtlesim/srv/detail/kill__rosidl_typesupport_fastrtps_c.h
[286.612s] -- Installing: /home/mustache/ros2_ws/install/turtlesim/include/turtlesim/turtlesim/srv/detail/teleport_absolute__rosidl_typesupport_fastrtps_c.h
[286.614s] -- Up-to-date: /home/mustache/ros2_ws/install/turtlesim/include/turtlesim/turtlesim/msg
[286.615s] -- Up-to-date: /home/mustache/ros2_ws/install/turtlesim/include/turtlesim/turtlesim/msg/detail
[286.616s] -- Installing: /home/mustache/ros2_ws/install/turtlesim/include/turtlesim/turtlesim/msg/detail/color__rosidl_typesupport_fastrtps_c.h
[286.618s] -- Installing: /home/mustache/ros2_ws/install/turtlesim/include/turtlesim/turtlesim/msg/detail/pose__rosidl_typesupport_fastrtps_c.h
[286.620s] -- Installing: /home/mustache/ros2_ws/install/turtlesim/include/turtlesim/turtlesim/msg/rosidl_typesupport_fastrtps_c__visibility_control.h
[286.622s] -- Installing: /home/mustache/ros2_ws/install/turtlesim/lib/libturtlesim__rosidl_typesupport_fastrtps_c.so
[286.626s] -- Set runtime path of "/home/mustache/ros2_ws/install/turtlesim/lib/libturtlesim__rosidl_typesupport_fastrtps_c.so" to ""
[286.627s] -- Up-to-date: /home/mustache/ros2_ws/install/turtlesim/include/turtlesim/turtlesim
[286.627s] -- Up-to-date: /home/mustache/ros2_ws/install/turtlesim/include/turtlesim/turtlesim/action
[286.628s] -- Up-to-date: /home/mustache/ros2_ws/install/turtlesim/include/turtlesim/turtlesim/action/detail
[286.628s] -- Installing: /home/mustache/ros2_ws/install/turtlesim/include/turtlesim/turtlesim/action/detail/rotate_absolute__builder.hpp
[286.629s] -- Installing: /home/mustache/ros2_ws/install/turtlesim/include/turtlesim/turtlesim/action/detail/rotate_absolute__struct.hpp
[286.630s] -- Installing: /home/mustache/ros2_ws/install/turtlesim/include/turtlesim/turtlesim/action/detail/rotate_absolute__traits.hpp
[286.632s] -- Installing: /home/mustache/ros2_ws/install/turtlesim/include/turtlesim/turtlesim/action/rotate_absolute.hpp
[286.633s] -- Up-to-date: /home/mustache/ros2_ws/install/turtlesim/include/turtlesim/turtlesim/srv
[286.633s] -- Installing: /home/mustache/ros2_ws/install/turtlesim/include/turtlesim/turtlesim/srv/set_pen.hpp
[286.634s] -- Up-to-date: /home/mustache/ros2_ws/install/turtlesim/include/turtlesim/turtlesim/srv/detail
[286.634s] -- Installing: /home/mustache/ros2_ws/install/turtlesim/include/turtlesim/turtlesim/srv/detail/spawn__builder.hpp
[286.635s] -- Installing: /home/mustache/ros2_ws/install/turtlesim/include/turtlesim/turtlesim/srv/detail/spawn__struct.hpp
[286.637s] -- Installing: /home/mustache/ros2_ws/install/turtlesim/include/turtlesim/turtlesim/srv/detail/teleport_absolute__traits.hpp
[286.638s] -- Installing: /home/mustache/ros2_ws/install/turtlesim/include/turtlesim/turtlesim/srv/detail/kill__traits.hpp
[286.639s] -- Installing: /home/mustache/ros2_ws/install/turtlesim/include/turtlesim/turtlesim/srv/detail/set_pen__struct.hpp
[286.640s] -- Installing: /home/mustache/ros2_ws/install/turtlesim/include/turtlesim/turtlesim/srv/detail/teleport_relative__builder.hpp
[286.641s] -- Installing: /home/mustache/ros2_ws/install/turtlesim/include/turtlesim/turtlesim/srv/detail/spawn__traits.hpp
[286.642s] -- Installing: /home/mustache/ros2_ws/install/turtlesim/include/turtlesim/turtlesim/srv/detail/kill__struct.hpp
[286.643s] -- Installing: /home/mustache/ros2_ws/install/turtlesim/include/turtlesim/turtlesim/srv/detail/teleport_absolute__struct.hpp
[286.644s] -- Installing: /home/mustache/ros2_ws/install/turtlesim/include/turtlesim/turtlesim/srv/detail/set_pen__builder.hpp
[286.645s] -- Installing: /home/mustache/ros2_ws/install/turtlesim/include/turtlesim/turtlesim/srv/detail/set_pen__traits.hpp
[286.646s] -- Installing: /home/mustache/ros2_ws/install/turtlesim/include/turtlesim/turtlesim/srv/detail/teleport_relative__struct.hpp
[286.648s] -- Installing: /home/mustache/ros2_ws/install/turtlesim/include/turtlesim/turtlesim/srv/detail/teleport_absolute__builder.hpp
[286.649s] -- Installing: /home/mustache/ros2_ws/install/turtlesim/include/turtlesim/turtlesim/srv/detail/kill__builder.hpp
[286.650s] -- Installing: /home/mustache/ros2_ws/install/turtlesim/include/turtlesim/turtlesim/srv/detail/teleport_relative__traits.hpp
[286.651s] -- Installing: /home/mustache/ros2_ws/install/turtlesim/include/turtlesim/turtlesim/srv/spawn.hpp
[286.652s] -- Installing: /home/mustache/ros2_ws/install/turtlesim/include/turtlesim/turtlesim/srv/kill.hpp
[286.654s] -- Installing: /home/mustache/ros2_ws/install/turtlesim/include/turtlesim/turtlesim/srv/teleport_absolute.hpp
[286.655s] -- Installing: /home/mustache/ros2_ws/install/turtlesim/include/turtlesim/turtlesim/srv/teleport_relative.hpp
[286.656s] -- Up-to-date: /home/mustache/ros2_ws/install/turtlesim/include/turtlesim/turtlesim/msg
[286.657s] -- Up-to-date: /home/mustache/ros2_ws/install/turtlesim/include/turtlesim/turtlesim/msg/detail
[286.657s] -- Installing: /home/mustache/ros2_ws/install/turtlesim/include/turtlesim/turtlesim/msg/detail/color__struct.hpp
[286.658s] -- Installing: /home/mustache/ros2_ws/install/turtlesim/include/turtlesim/turtlesim/msg/detail/color__builder.hpp
[286.659s] -- Installing: /home/mustache/ros2_ws/install/turtlesim/include/turtlesim/turtlesim/msg/detail/pose__traits.hpp
[286.660s] -- Installing: /home/mustache/ros2_ws/install/turtlesim/include/turtlesim/turtlesim/msg/detail/color__traits.hpp
[286.661s] -- Installing: /home/mustache/ros2_ws/install/turtlesim/include/turtlesim/turtlesim/msg/detail/pose__builder.hpp
[286.662s] -- Installing: /home/mustache/ros2_ws/install/turtlesim/include/turtlesim/turtlesim/msg/detail/pose__struct.hpp
[286.663s] -- Installing: /home/mustache/ros2_ws/install/turtlesim/include/turtlesim/turtlesim/msg/color.hpp
[286.664s] -- Installing: /home/mustache/ros2_ws/install/turtlesim/include/turtlesim/turtlesim/msg/pose.hpp
[286.666s] -- Up-to-date: /home/mustache/ros2_ws/install/turtlesim/include/turtlesim/turtlesim
[286.667s] -- Up-to-date: /home/mustache/ros2_ws/install/turtlesim/include/turtlesim/turtlesim/action
[286.668s] -- Up-to-date: /home/mustache/ros2_ws/install/turtlesim/include/turtlesim/turtlesim/action/detail
[286.669s] -- Installing: /home/mustache/ros2_ws/install/turtlesim/include/turtlesim/turtlesim/action/detail/dds_fastrtps
[286.670s] -- Installing: /home/mustache/ros2_ws/install/turtlesim/include/turtlesim/turtlesim/action/detail/rotate_absolute__rosidl_typesupport_fastrtps_cpp.hpp
[286.672s] -- Up-to-date: /home/mustache/ros2_ws/install/turtlesim/include/turtlesim/turtlesim/srv
[286.673s] -- Up-to-date: /home/mustache/ros2_ws/install/turtlesim/include/turtlesim/turtlesim/srv/detail
[286.674s] -- Installing: /home/mustache/ros2_ws/install/turtlesim/include/turtlesim/turtlesim/srv/detail/kill__rosidl_typesupport_fastrtps_cpp.hpp
[286.676s] -- Installing: /home/mustache/ros2_ws/install/turtlesim/include/turtlesim/turtlesim/srv/detail/dds_fastrtps
[286.677s] -- Installing: /home/mustache/ros2_ws/install/turtlesim/include/turtlesim/turtlesim/srv/detail/spawn__rosidl_typesupport_fastrtps_cpp.hpp
[286.679s] -- Installing: /home/mustache/ros2_ws/install/turtlesim/include/turtlesim/turtlesim/srv/detail/set_pen__rosidl_typesupport_fastrtps_cpp.hpp
[286.681s] -- Installing: /home/mustache/ros2_ws/install/turtlesim/include/turtlesim/turtlesim/srv/detail/teleport_absolute__rosidl_typesupport_fastrtps_cpp.hpp
[286.683s] -- Installing: /home/mustache/ros2_ws/install/turtlesim/include/turtlesim/turtlesim/srv/detail/teleport_relative__rosidl_typesupport_fastrtps_cpp.hpp
[286.684s] -- Up-to-date: /home/mustache/ros2_ws/install/turtlesim/include/turtlesim/turtlesim/msg
[286.685s] -- Up-to-date: /home/mustache/ros2_ws/install/turtlesim/include/turtlesim/turtlesim/msg/detail
[286.686s] -- Installing: /home/mustache/ros2_ws/install/turtlesim/include/turtlesim/turtlesim/msg/detail/pose__rosidl_typesupport_fastrtps_cpp.hpp
[286.688s] -- Installing: /home/mustache/ros2_ws/install/turtlesim/include/turtlesim/turtlesim/msg/detail/dds_fastrtps
[286.689s] -- Installing: /home/mustache/ros2_ws/install/turtlesim/include/turtlesim/turtlesim/msg/detail/color__rosidl_typesupport_fastrtps_cpp.hpp
[286.691s] -- Installing: /home/mustache/ros2_ws/install/turtlesim/include/turtlesim/turtlesim/msg/rosidl_typesupport_fastrtps_cpp__visibility_control.h
[286.693s] -- Installing: /home/mustache/ros2_ws/install/turtlesim/lib/libturtlesim__rosidl_typesupport_fastrtps_cpp.so
[286.699s] -- Set runtime path of "/home/mustache/ros2_ws/install/turtlesim/lib/libturtlesim__rosidl_typesupport_fastrtps_cpp.so" to ""
[286.700s] -- Up-to-date: /home/mustache/ros2_ws/install/turtlesim/include/turtlesim/turtlesim
[286.700s] -- Up-to-date: /home/mustache/ros2_ws/install/turtlesim/include/turtlesim/turtlesim/action
[286.701s] -- Up-to-date: /home/mustache/ros2_ws/install/turtlesim/include/turtlesim/turtlesim/action/detail
[286.702s] -- Installing: /home/mustache/ros2_ws/install/turtlesim/include/turtlesim/turtlesim/action/detail/rotate_absolute__rosidl_typesupport_introspection_c.h
[286.704s] -- Installing: /home/mustache/ros2_ws/install/turtlesim/include/turtlesim/turtlesim/action/detail/rotate_absolute__type_support.c
[286.708s] -- Up-to-date: /home/mustache/ros2_ws/install/turtlesim/include/turtlesim/turtlesim/srv
[286.709s] -- Up-to-date: /home/mustache/ros2_ws/install/turtlesim/include/turtlesim/turtlesim/srv/detail
[286.709s] -- Installing: /home/mustache/ros2_ws/install/turtlesim/include/turtlesim/turtlesim/srv/detail/spawn__type_support.c
[286.712s] -- Installing: /home/mustache/ros2_ws/install/turtlesim/include/turtlesim/turtlesim/srv/detail/set_pen__type_support.c
[286.714s] -- Installing: /home/mustache/ros2_ws/install/turtlesim/include/turtlesim/turtlesim/srv/detail/teleport_relative__rosidl_typesupport_introspection_c.h
[286.715s] -- Installing: /home/mustache/ros2_ws/install/turtlesim/include/turtlesim/turtlesim/srv/detail/set_pen__rosidl_typesupport_introspection_c.h
[286.717s] -- Installing: /home/mustache/ros2_ws/install/turtlesim/include/turtlesim/turtlesim/srv/detail/spawn__rosidl_typesupport_introspection_c.h
[286.718s] -- Installing: /home/mustache/ros2_ws/install/turtlesim/include/turtlesim/turtlesim/srv/detail/kill__type_support.c
[286.720s] -- Installing: /home/mustache/ros2_ws/install/turtlesim/include/turtlesim/turtlesim/srv/detail/teleport_relative__type_support.c
[286.722s] -- Installing: /home/mustache/ros2_ws/install/turtlesim/include/turtlesim/turtlesim/srv/detail/teleport_absolute__type_support.c
[286.724s] -- Installing: /home/mustache/ros2_ws/install/turtlesim/include/turtlesim/turtlesim/srv/detail/teleport_absolute__rosidl_typesupport_introspection_c.h
[286.726s] -- Installing: /home/mustache/ros2_ws/install/turtlesim/include/turtlesim/turtlesim/srv/detail/kill__rosidl_typesupport_introspection_c.h
[286.727s] -- Up-to-date: /home/mustache/ros2_ws/install/turtlesim/include/turtlesim/turtlesim/msg
[286.728s] -- Up-to-date: /home/mustache/ros2_ws/install/turtlesim/include/turtlesim/turtlesim/msg/detail
[286.729s] -- Installing: /home/mustache/ros2_ws/install/turtlesim/include/turtlesim/turtlesim/msg/detail/color__rosidl_typesupport_introspection_c.h
[286.731s] -- Installing: /home/mustache/ros2_ws/install/turtlesim/include/turtlesim/turtlesim/msg/detail/color__type_support.c
[286.733s] -- Installing: /home/mustache/ros2_ws/install/turtlesim/include/turtlesim/turtlesim/msg/detail/pose__rosidl_typesupport_introspection_c.h
[286.734s] -- Installing: /home/mustache/ros2_ws/install/turtlesim/include/turtlesim/turtlesim/msg/detail/pose__type_support.c
[286.736s] -- Installing: /home/mustache/ros2_ws/install/turtlesim/include/turtlesim/turtlesim/msg/rosidl_typesupport_introspection_c__visibility_control.h
[286.738s] -- Installing: /home/mustache/ros2_ws/install/turtlesim/lib/libturtlesim__rosidl_typesupport_introspection_c.so
[286.741s] -- Set runtime path of "/home/mustache/ros2_ws/install/turtlesim/lib/libturtlesim__rosidl_typesupport_introspection_c.so" to ""
[286.741s] -- Installing: /home/mustache/ros2_ws/install/turtlesim/lib/libturtlesim__rosidl_typesupport_c.so
[286.744s] -- Set runtime path of "/home/mustache/ros2_ws/install/turtlesim/lib/libturtlesim__rosidl_typesupport_c.so" to ""
[286.745s] -- Up-to-date: /home/mustache/ros2_ws/install/turtlesim/include/turtlesim/turtlesim
[286.745s] -- Up-to-date: /home/mustache/ros2_ws/install/turtlesim/include/turtlesim/turtlesim/action
[286.746s] -- Up-to-date: /home/mustache/ros2_ws/install/turtlesim/include/turtlesim/turtlesim/action/detail
[286.747s] -- Installing: /home/mustache/ros2_ws/install/turtlesim/include/turtlesim/turtlesim/action/detail/rotate_absolute__type_support.cpp
[286.751s] -- Installing: /home/mustache/ros2_ws/install/turtlesim/include/turtlesim/turtlesim/action/detail/rotate_absolute__rosidl_typesupport_introspection_cpp.hpp
[286.754s] -- Up-to-date: /home/mustache/ros2_ws/install/turtlesim/include/turtlesim/turtlesim/srv
[286.755s] -- Up-to-date: /home/mustache/ros2_ws/install/turtlesim/include/turtlesim/turtlesim/srv/detail
[286.756s] -- Installing: /home/mustache/ros2_ws/install/turtlesim/include/turtlesim/turtlesim/srv/detail/set_pen__rosidl_typesupport_introspection_cpp.hpp
[286.758s] -- Installing: /home/mustache/ros2_ws/install/turtlesim/include/turtlesim/turtlesim/srv/detail/kill__rosidl_typesupport_introspection_cpp.hpp
[286.759s] -- Installing: /home/mustache/ros2_ws/install/turtlesim/include/turtlesim/turtlesim/srv/detail/teleport_absolute__type_support.cpp
[286.761s] -- Installing: /home/mustache/ros2_ws/install/turtlesim/include/turtlesim/turtlesim/srv/detail/spawn__type_support.cpp
[286.764s] -- Installing: /home/mustache/ros2_ws/install/turtlesim/include/turtlesim/turtlesim/srv/detail/spawn__rosidl_typesupport_introspection_cpp.hpp
[286.765s] -- Installing: /home/mustache/ros2_ws/install/turtlesim/include/turtlesim/turtlesim/srv/detail/teleport_relative__type_support.cpp
[286.767s] -- Installing: /home/mustache/ros2_ws/install/turtlesim/include/turtlesim/turtlesim/srv/detail/set_pen__type_support.cpp
[286.769s] -- Installing: /home/mustache/ros2_ws/install/turtlesim/include/turtlesim/turtlesim/srv/detail/kill__type_support.cpp
[286.771s] -- Installing: /home/mustache/ros2_ws/install/turtlesim/include/turtlesim/turtlesim/srv/detail/teleport_relative__rosidl_typesupport_introspection_cpp.hpp
[286.773s] -- Installing: /home/mustache/ros2_ws/install/turtlesim/include/turtlesim/turtlesim/srv/detail/teleport_absolute__rosidl_typesupport_introspection_cpp.hpp
[286.774s] -- Up-to-date: /home/mustache/ros2_ws/install/turtlesim/include/turtlesim/turtlesim/msg
[286.775s] -- Up-to-date: /home/mustache/ros2_ws/install/turtlesim/include/turtlesim/turtlesim/msg/detail
[286.776s] -- Installing: /home/mustache/ros2_ws/install/turtlesim/include/turtlesim/turtlesim/msg/detail/color__rosidl_typesupport_introspection_cpp.hpp
[286.777s] -- Installing: /home/mustache/ros2_ws/install/turtlesim/include/turtlesim/turtlesim/msg/detail/pose__type_support.cpp
[286.779s] -- Installing: /home/mustache/ros2_ws/install/turtlesim/include/turtlesim/turtlesim/msg/detail/pose__rosidl_typesupport_introspection_cpp.hpp
[286.781s] -- Installing: /home/mustache/ros2_ws/install/turtlesim/include/turtlesim/turtlesim/msg/detail/color__type_support.cpp
[286.782s] -- Installing: /home/mustache/ros2_ws/install/turtlesim/lib/libturtlesim__rosidl_typesupport_introspection_cpp.so
[286.789s] -- Set runtime path of "/home/mustache/ros2_ws/install/turtlesim/lib/libturtlesim__rosidl_typesupport_introspection_cpp.so" to ""
[286.790s] -- Installing: /home/mustache/ros2_ws/install/turtlesim/lib/libturtlesim__rosidl_typesupport_cpp.so
[286.793s] -- Set runtime path of "/home/mustache/ros2_ws/install/turtlesim/lib/libturtlesim__rosidl_typesupport_cpp.so" to ""
[286.793s] -- Installing: /home/mustache/ros2_ws/install/turtlesim/share/turtlesim/environment/pythonpath.sh
[286.795s] -- Installing: /home/mustache/ros2_ws/install/turtlesim/share/turtlesim/environment/pythonpath.dsv
[286.797s] -- Installing: /home/mustache/ros2_ws/install/turtlesim/local/lib/python3.10/dist-packages/turtlesim-1.4.2-py3.10.egg-info
[286.799s] -- Installing: /home/mustache/ros2_ws/install/turtlesim/local/lib/python3.10/dist-packages/turtlesim-1.4.2-py3.10.egg-info/dependency_links.txt
[286.800s] -- Installing: /home/mustache/ros2_ws/install/turtlesim/local/lib/python3.10/dist-packages/turtlesim-1.4.2-py3.10.egg-info/top_level.txt
[286.802s] -- Installing: /home/mustache/ros2_ws/install/turtlesim/local/lib/python3.10/dist-packages/turtlesim-1.4.2-py3.10.egg-info/SOURCES.txt
[286.803s] -- Installing: /home/mustache/ros2_ws/install/turtlesim/local/lib/python3.10/dist-packages/turtlesim-1.4.2-py3.10.egg-info/PKG-INFO
[286.805s] -- Installing: /home/mustache/ros2_ws/install/turtlesim/local/lib/python3.10/dist-packages/turtlesim
[286.806s] -- Installing: /home/mustache/ros2_ws/install/turtlesim/local/lib/python3.10/dist-packages/turtlesim/turtlesim_s__rosidl_typesupport_fastrtps_c.cpython-310-aarch64-linux-gnu.so
[286.808s] -- Installing: /home/mustache/ros2_ws/install/turtlesim/local/lib/python3.10/dist-packages/turtlesim/turtlesim_s__rosidl_typesupport_c.cpython-310-aarch64-linux-gnu.so
[286.810s] -- Installing: /home/mustache/ros2_ws/install/turtlesim/local/lib/python3.10/dist-packages/turtlesim/action
[286.810s] -- Installing: /home/mustache/ros2_ws/install/turtlesim/local/lib/python3.10/dist-packages/turtlesim/action/_rotate_absolute_s.c
[286.812s] -- Installing: /home/mustache/ros2_ws/install/turtlesim/local/lib/python3.10/dist-packages/turtlesim/action/__init__.py
[286.813s] -- Installing: /home/mustache/ros2_ws/install/turtlesim/local/lib/python3.10/dist-packages/turtlesim/action/_rotate_absolute.py
[286.814s] -- Installing: /home/mustache/ros2_ws/install/turtlesim/local/lib/python3.10/dist-packages/turtlesim/_turtlesim_s.ep.rosidl_typesupport_introspection_c.c
[286.816s] -- Installing: /home/mustache/ros2_ws/install/turtlesim/local/lib/python3.10/dist-packages/turtlesim/_turtlesim_s.ep.rosidl_typesupport_c.c
[286.819s] -- Installing: /home/mustache/ros2_ws/install/turtlesim/local/lib/python3.10/dist-packages/turtlesim/srv
[286.819s] -- Installing: /home/mustache/ros2_ws/install/turtlesim/local/lib/python3.10/dist-packages/turtlesim/srv/_spawn.py
[286.822s] -- Installing: /home/mustache/ros2_ws/install/turtlesim/local/lib/python3.10/dist-packages/turtlesim/srv/_teleport_relative.py
[286.822s] -- Installing: /home/mustache/ros2_ws/install/turtlesim/local/lib/python3.10/dist-packages/turtlesim/srv/_set_pen.py
[286.824s] -- Installing: /home/mustache/ros2_ws/install/turtlesim/local/lib/python3.10/dist-packages/turtlesim/srv/_set_pen_s.c
[286.825s] -- Installing: /home/mustache/ros2_ws/install/turtlesim/local/lib/python3.10/dist-packages/turtlesim/srv/_teleport_absolute.py
[286.826s] -- Installing: /home/mustache/ros2_ws/install/turtlesim/local/lib/python3.10/dist-packages/turtlesim/srv/_teleport_relative_s.c
[286.827s] -- Installing: /home/mustache/ros2_ws/install/turtlesim/local/lib/python3.10/dist-packages/turtlesim/srv/_kill.py
[286.828s] -- Installing: /home/mustache/ros2_ws/install/turtlesim/local/lib/python3.10/dist-packages/turtlesim/srv/_spawn_s.c
[286.829s] -- Installing: /home/mustache/ros2_ws/install/turtlesim/local/lib/python3.10/dist-packages/turtlesim/srv/_kill_s.c
[286.830s] -- Installing: /home/mustache/ros2_ws/install/turtlesim/local/lib/python3.10/dist-packages/turtlesim/srv/__init__.py
[286.831s] -- Installing: /home/mustache/ros2_ws/install/turtlesim/local/lib/python3.10/dist-packages/turtlesim/srv/_teleport_absolute_s.c
[286.832s] -- Installing: /home/mustache/ros2_ws/install/turtlesim/local/lib/python3.10/dist-packages/turtlesim/msg
[286.833s] -- Installing: /home/mustache/ros2_ws/install/turtlesim/local/lib/python3.10/dist-packages/turtlesim/msg/_color_s.c
[286.834s] -- Installing: /home/mustache/ros2_ws/install/turtlesim/local/lib/python3.10/dist-packages/turtlesim/msg/_pose_s.c
[286.835s] -- Installing: /home/mustache/ros2_ws/install/turtlesim/local/lib/python3.10/dist-packages/turtlesim/msg/_color.py
[286.836s] -- Installing: /home/mustache/ros2_ws/install/turtlesim/local/lib/python3.10/dist-packages/turtlesim/msg/__init__.py
[286.837s] -- Installing: /home/mustache/ros2_ws/install/turtlesim/local/lib/python3.10/dist-packages/turtlesim/msg/_pose.py
[286.838s] -- Installing: /home/mustache/ros2_ws/install/turtlesim/local/lib/python3.10/dist-packages/turtlesim/_turtlesim_s.ep.rosidl_typesupport_fastrtps_c.c
[286.840s] -- Installing: /home/mustache/ros2_ws/install/turtlesim/local/lib/python3.10/dist-packages/turtlesim/libturtlesim__rosidl_generator_py.so
[286.842s] -- Installing: /home/mustache/ros2_ws/install/turtlesim/local/lib/python3.10/dist-packages/turtlesim/turtlesim_s__rosidl_typesupport_introspection_c.cpython-310-aarch64-linux-gnu.so
[286.843s] -- Installing: /home/mustache/ros2_ws/install/turtlesim/local/lib/python3.10/dist-packages/turtlesim/__init__.py
[287.082s] Listing '/home/mustache/ros2_ws/install/turtlesim/local/lib/python3.10/dist-packages/turtlesim'...
[287.084s] Compiling '/home/mustache/ros2_ws/install/turtlesim/local/lib/python3.10/dist-packages/turtlesim/__init__.py'...
[287.085s] Listing '/home/mustache/ros2_ws/install/turtlesim/local/lib/python3.10/dist-packages/turtlesim/action'...
[287.087s] Compiling '/home/mustache/ros2_ws/install/turtlesim/local/lib/python3.10/dist-packages/turtlesim/action/__init__.py'...
[287.088s] Compiling '/home/mustache/ros2_ws/install/turtlesim/local/lib/python3.10/dist-packages/turtlesim/action/_rotate_absolute.py'...
[287.090s] Listing '/home/mustache/ros2_ws/install/turtlesim/local/lib/python3.10/dist-packages/turtlesim/msg'...
[287.091s] Compiling '/home/mustache/ros2_ws/install/turtlesim/local/lib/python3.10/dist-packages/turtlesim/msg/__init__.py'...
[287.094s] Compiling '/home/mustache/ros2_ws/install/turtlesim/local/lib/python3.10/dist-packages/turtlesim/msg/_color.py'...
[287.096s] Compiling '/home/mustache/ros2_ws/install/turtlesim/local/lib/python3.10/dist-packages/turtlesim/msg/_pose.py'...
[287.098s] Listing '/home/mustache/ros2_ws/install/turtlesim/local/lib/python3.10/dist-packages/turtlesim/srv'...
[287.099s] Compiling '/home/mustache/ros2_ws/install/turtlesim/local/lib/python3.10/dist-packages/turtlesim/srv/__init__.py'...
[287.099s] Compiling '/home/mustache/ros2_ws/install/turtlesim/local/lib/python3.10/dist-packages/turtlesim/srv/_kill.py'...
[287.100s] Compiling '/home/mustache/ros2_ws/install/turtlesim/local/lib/python3.10/dist-packages/turtlesim/srv/_set_pen.py'...
[287.101s] Compiling '/home/mustache/ros2_ws/install/turtlesim/local/lib/python3.10/dist-packages/turtlesim/srv/_spawn.py'...
[287.102s] Compiling '/home/mustache/ros2_ws/install/turtlesim/local/lib/python3.10/dist-packages/turtlesim/srv/_teleport_absolute.py'...
[287.102s] Compiling '/home/mustache/ros2_ws/install/turtlesim/local/lib/python3.10/dist-packages/turtlesim/srv/_teleport_relative.py'...
[287.117s] -- Installing: /home/mustache/ros2_ws/install/turtlesim/local/lib/python3.10/dist-packages/turtlesim/turtlesim_s__rosidl_typesupport_fastrtps_c.cpython-310-aarch64-linux-gnu.so
[287.121s] -- Set runtime path of "/home/mustache/ros2_ws/install/turtlesim/local/lib/python3.10/dist-packages/turtlesim/turtlesim_s__rosidl_typesupport_fastrtps_c.cpython-310-aarch64-linux-gnu.so" to ""
[287.123s] -- Installing: /home/mustache/ros2_ws/install/turtlesim/local/lib/python3.10/dist-packages/turtlesim/turtlesim_s__rosidl_typesupport_introspection_c.cpython-310-aarch64-linux-gnu.so
[287.126s] -- Set runtime path of "/home/mustache/ros2_ws/install/turtlesim/local/lib/python3.10/dist-packages/turtlesim/turtlesim_s__rosidl_typesupport_introspection_c.cpython-310-aarch64-linux-gnu.so" to ""
[287.128s] -- Installing: /home/mustache/ros2_ws/install/turtlesim/local/lib/python3.10/dist-packages/turtlesim/turtlesim_s__rosidl_typesupport_c.cpython-310-aarch64-linux-gnu.so
[287.132s] -- Set runtime path of "/home/mustache/ros2_ws/install/turtlesim/local/lib/python3.10/dist-packages/turtlesim/turtlesim_s__rosidl_typesupport_c.cpython-310-aarch64-linux-gnu.so" to ""
[287.132s] -- Installing: /home/mustache/ros2_ws/install/turtlesim/lib/libturtlesim__rosidl_generator_py.so
[287.138s] -- Set runtime path of "/home/mustache/ros2_ws/install/turtlesim/lib/libturtlesim__rosidl_generator_py.so" to ""
[287.138s] -- Installing: /home/mustache/ros2_ws/install/turtlesim/share/turtlesim/action/RotateAbsolute.idl
[287.141s] -- Installing: /home/mustache/ros2_ws/install/turtlesim/share/turtlesim/msg/Color.idl
[287.141s] -- Installing: /home/mustache/ros2_ws/install/turtlesim/share/turtlesim/msg/Pose.idl
[287.143s] -- Installing: /home/mustache/ros2_ws/install/turtlesim/share/turtlesim/srv/Kill.idl
[287.144s] -- Installing: /home/mustache/ros2_ws/install/turtlesim/share/turtlesim/srv/SetPen.idl
[287.146s] -- Installing: /home/mustache/ros2_ws/install/turtlesim/share/turtlesim/srv/Spawn.idl
[287.147s] -- Installing: /home/mustache/ros2_ws/install/turtlesim/share/turtlesim/srv/TeleportAbsolute.idl
[287.152s] -- Installing: /home/mustache/ros2_ws/install/turtlesim/share/turtlesim/srv/TeleportRelative.idl
[287.152s] -- Installing: /home/mustache/ros2_ws/install/turtlesim/share/turtlesim/action/RotateAbsolute.action
[287.154s] -- Installing: /home/mustache/ros2_ws/install/turtlesim/share/turtlesim/msg/Color.msg
[287.158s] -- Installing: /home/mustache/ros2_ws/install/turtlesim/share/turtlesim/msg/Pose.msg
[287.164s] -- Installing: /home/mustache/ros2_ws/install/turtlesim/share/turtlesim/srv/Kill.srv
[287.166s] -- Installing: /home/mustache/ros2_ws/install/turtlesim/share/turtlesim/srv/Kill_Request.msg
[287.171s] -- Installing: /home/mustache/ros2_ws/install/turtlesim/share/turtlesim/srv/Kill_Response.msg
[287.172s] -- Installing: /home/mustache/ros2_ws/install/turtlesim/share/turtlesim/srv/SetPen.srv
[287.175s] -- Installing: /home/mustache/ros2_ws/install/turtlesim/share/turtlesim/srv/SetPen_Request.msg
[287.177s] -- Installing: /home/mustache/ros2_ws/install/turtlesim/share/turtlesim/srv/SetPen_Response.msg
[287.179s] -- Installing: /home/mustache/ros2_ws/install/turtlesim/share/turtlesim/srv/Spawn.srv
[287.180s] -- Installing: /home/mustache/ros2_ws/install/turtlesim/share/turtlesim/srv/Spawn_Request.msg
[287.183s] -- Installing: /home/mustache/ros2_ws/install/turtlesim/share/turtlesim/srv/Spawn_Response.msg
[287.185s] -- Installing: /home/mustache/ros2_ws/install/turtlesim/share/turtlesim/srv/TeleportAbsolute.srv
[287.187s] -- Installing: /home/mustache/ros2_ws/install/turtlesim/share/turtlesim/srv/TeleportAbsolute_Request.msg
[287.189s] -- Installing: /home/mustache/ros2_ws/install/turtlesim/share/turtlesim/srv/TeleportAbsolute_Response.msg
[287.192s] -- Installing: /home/mustache/ros2_ws/install/turtlesim/share/turtlesim/srv/TeleportRelative.srv
[287.195s] -- Installing: /home/mustache/ros2_ws/install/turtlesim/share/turtlesim/srv/TeleportRelative_Request.msg
[287.200s] -- Installing: /home/mustache/ros2_ws/install/turtlesim/share/turtlesim/srv/TeleportRelative_Response.msg
[287.209s] -- Installing: /home/mustache/ros2_ws/install/turtlesim/lib/turtlesim/turtlesim_node
[287.297s] -- Set runtime path of "/home/mustache/ros2_ws/install/turtlesim/lib/turtlesim/turtlesim_node" to ""
[287.299s] -- Installing: /home/mustache/ros2_ws/install/turtlesim/lib/turtlesim/turtle_teleop_key
[287.317s] -- Set runtime path of "/home/mustache/ros2_ws/install/turtlesim/lib/turtlesim/turtle_teleop_key" to ""
[287.319s] -- Installing: /home/mustache/ros2_ws/install/turtlesim/lib/turtlesim/draw_square
[287.365s] -- Set runtime path of "/home/mustache/ros2_ws/install/turtlesim/lib/turtlesim/draw_square" to ""
[287.366s] -- Installing: /home/mustache/ros2_ws/install/turtlesim/lib/turtlesim/mimic
[287.403s] -- Set runtime path of "/home/mustache/ros2_ws/install/turtlesim/lib/turtlesim/mimic" to ""
[287.404s] -- Installing: /home/mustache/ros2_ws/install/turtlesim/share/turtlesim/images
[287.406s] -- Installing: /home/mustache/ros2_ws/install/turtlesim/share/turtlesim/images/crystal.png
[287.408s] -- Installing: /home/mustache/ros2_ws/install/turtlesim/share/turtlesim/images/ardent.png
[287.409s] -- Installing: /home/mustache/ros2_ws/install/turtlesim/share/turtlesim/images/galactic.png
[287.413s] -- Installing: /home/mustache/ros2_ws/install/turtlesim/share/turtlesim/images/humble.png
[287.417s] -- Installing: /home/mustache/ros2_ws/install/turtlesim/share/turtlesim/images/foxy.png
[287.419s] -- Installing: /home/mustache/ros2_ws/install/turtlesim/share/turtlesim/images/rolling.png
[287.421s] -- Installing: /home/mustache/ros2_ws/install/turtlesim/share/turtlesim/images/bouncy.png
[287.424s] -- Installing: /home/mustache/ros2_ws/install/turtlesim/share/turtlesim/images/eloquent.png
[287.428s] -- Installing: /home/mustache/ros2_ws/install/turtlesim/share/turtlesim/images/dashing.png
[287.432s] -- Installing: /home/mustache/ros2_ws/install/turtlesim/share/turtlesim/launch
[287.437s] -- Installing: /home/mustache/ros2_ws/install/turtlesim/share/turtlesim/launch/multisim.launch.py
[287.439s] -- Installing: /home/mustache/ros2_ws/install/turtlesim/share/ament_index/resource_index/package_run_dependencies/turtlesim
[287.445s] -- Installing: /home/mustache/ros2_ws/install/turtlesim/share/ament_index/resource_index/parent_prefix_path/turtlesim
[287.452s] -- Installing: /home/mustache/ros2_ws/install/turtlesim/share/turtlesim/environment/ament_prefix_path.sh
[287.462s] -- Installing: /home/mustache/ros2_ws/install/turtlesim/share/turtlesim/environment/ament_prefix_path.dsv
[287.465s] -- Installing: /home/mustache/ros2_ws/install/turtlesim/share/turtlesim/environment/path.sh
[287.466s] -- Installing: /home/mustache/ros2_ws/install/turtlesim/share/turtlesim/environment/path.dsv
[287.467s] -- Installing: /home/mustache/ros2_ws/install/turtlesim/share/turtlesim/local_setup.bash
[287.471s] -- Installing: /home/mustache/ros2_ws/install/turtlesim/share/turtlesim/local_setup.sh
[287.475s] -- Installing: /home/mustache/ros2_ws/install/turtlesim/share/turtlesim/local_setup.zsh
[287.479s] -- Installing: /home/mustache/ros2_ws/install/turtlesim/share/turtlesim/local_setup.dsv
[287.483s] -- Installing: /home/mustache/ros2_ws/install/turtlesim/share/turtlesim/package.dsv
[287.490s] -- Installing: /home/mustache/ros2_ws/install/turtlesim/share/ament_index/resource_index/packages/turtlesim
[287.497s] -- Installing: /home/mustache/ros2_ws/install/turtlesim/share/turtlesim/cmake/export_turtlesim__rosidl_generator_cExport.cmake
[287.500s] -- Installing: /home/mustache/ros2_ws/install/turtlesim/share/turtlesim/cmake/export_turtlesim__rosidl_generator_cExport-noconfig.cmake
[287.504s] -- Installing: /home/mustache/ros2_ws/install/turtlesim/share/turtlesim/cmake/export_turtlesim__rosidl_typesupport_fastrtps_cExport.cmake
[287.508s] -- Installing: /home/mustache/ros2_ws/install/turtlesim/share/turtlesim/cmake/export_turtlesim__rosidl_typesupport_fastrtps_cExport-noconfig.cmake
[287.515s] -- Installing: /home/mustache/ros2_ws/install/turtlesim/share/turtlesim/cmake/export_turtlesim__rosidl_generator_cppExport.cmake
[287.520s] -- Installing: /home/mustache/ros2_ws/install/turtlesim/share/turtlesim/cmake/export_turtlesim__rosidl_typesupport_fastrtps_cppExport.cmake
[287.529s] -- Installing: /home/mustache/ros2_ws/install/turtlesim/share/turtlesim/cmake/export_turtlesim__rosidl_typesupport_fastrtps_cppExport-noconfig.cmake
[287.535s] -- Installing: /home/mustache/ros2_ws/install/turtlesim/share/turtlesim/cmake/turtlesim__rosidl_typesupport_introspection_cExport.cmake
[287.541s] -- Installing: /home/mustache/ros2_ws/install/turtlesim/share/turtlesim/cmake/turtlesim__rosidl_typesupport_introspection_cExport-noconfig.cmake
[287.547s] -- Installing: /home/mustache/ros2_ws/install/turtlesim/share/turtlesim/cmake/turtlesim__rosidl_typesupport_cExport.cmake
[287.548s] -- Installing: /home/mustache/ros2_ws/install/turtlesim/share/turtlesim/cmake/turtlesim__rosidl_typesupport_cExport-noconfig.cmake
[287.550s] -- Installing: /home/mustache/ros2_ws/install/turtlesim/share/turtlesim/cmake/turtlesim__rosidl_typesupport_introspection_cppExport.cmake
[287.560s] -- Installing: /home/mustache/ros2_ws/install/turtlesim/share/turtlesim/cmake/turtlesim__rosidl_typesupport_introspection_cppExport-noconfig.cmake
[287.561s] -- Installing: /home/mustache/ros2_ws/install/turtlesim/share/turtlesim/cmake/turtlesim__rosidl_typesupport_cppExport.cmake
[287.561s] -- Installing: /home/mustache/ros2_ws/install/turtlesim/share/turtlesim/cmake/turtlesim__rosidl_typesupport_cppExport-noconfig.cmake
[287.564s] -- Installing: /home/mustache/ros2_ws/install/turtlesim/share/turtlesim/cmake/export_turtlesim__rosidl_generator_pyExport.cmake
[287.566s] -- Installing: /home/mustache/ros2_ws/install/turtlesim/share/turtlesim/cmake/export_turtlesim__rosidl_generator_pyExport-noconfig.cmake
[287.568s] -- Installing: /home/mustache/ros2_ws/install/turtlesim/share/turtlesim/cmake/rosidl_cmake-extras.cmake
[287.576s] -- Installing: /home/mustache/ros2_ws/install/turtlesim/share/turtlesim/cmake/ament_cmake_export_dependencies-extras.cmake
[287.580s] -- Installing: /home/mustache/ros2_ws/install/turtlesim/share/turtlesim/cmake/ament_cmake_export_include_directories-extras.cmake
[287.585s] -- Installing: /home/mustache/ros2_ws/install/turtlesim/share/turtlesim/cmake/ament_cmake_export_libraries-extras.cmake
[287.590s] -- Installing: /home/mustache/ros2_ws/install/turtlesim/share/turtlesim/cmake/ament_cmake_export_targets-extras.cmake
[287.594s] -- Installing: /home/mustache/ros2_ws/install/turtlesim/share/turtlesim/cmake/rosidl_cmake_export_typesupport_targets-extras.cmake
[287.601s] -- Installing: /home/mustache/ros2_ws/install/turtlesim/share/turtlesim/cmake/rosidl_cmake_export_typesupport_libraries-extras.cmake
[287.605s] -- Installing: /home/mustache/ros2_ws/install/turtlesim/share/turtlesim/cmake/turtlesimConfig.cmake
[287.609s] -- Installing: /home/mustache/ros2_ws/install/turtlesim/share/turtlesim/cmake/turtlesimConfig-version.cmake
[287.612s] -- Installing: /home/mustache/ros2_ws/install/turtlesim/share/turtlesim/package.xml
[287.642s] Invoked command in '/home/mustache/ros2_ws/build/turtlesim' returned '0': CMAKE_PREFIX_PATH=/opt/ros/humble /usr/bin/cmake --install /home/mustache/ros2_ws/build/turtlesim
