/home/mustache/ros2_ws/src/blackjack/install/blackjack/lib/python3.10/site-packages/blackjack/motor_control.py
/home/mustache/ros2_ws/src/blackjack/install/blackjack/lib/python3.10/site-packages/blackjack/app_multithread.py
/home/mustache/ros2_ws/src/blackjack/install/blackjack/lib/python3.10/site-packages/blackjack/__init__.py
/home/mustache/ros2_ws/src/blackjack/install/blackjack/lib/python3.10/site-packages/blackjack/I2C_LCD_driver.py
/home/mustache/ros2_ws/src/blackjack/install/blackjack/lib/python3.10/site-packages/blackjack/model/__init__.py
/home/mustache/ros2_ws/src/blackjack/install/blackjack/lib/python3.10/site-packages/blackjack/utils/__init__.py
/home/mustache/ros2_ws/src/blackjack/install/blackjack/lib/python3.10/site-packages/blackjack/utils/cvfpscalc.py
/home/mustache/ros2_ws/src/blackjack/install/blackjack/lib/python3.10/site-packages/blackjack/__pycache__/motor_control.cpython-310.pyc
/home/mustache/ros2_ws/src/blackjack/install/blackjack/lib/python3.10/site-packages/blackjack/__pycache__/app_multithread.cpython-310.pyc
/home/mustache/ros2_ws/src/blackjack/install/blackjack/lib/python3.10/site-packages/blackjack/__pycache__/__init__.cpython-310.pyc
/home/mustache/ros2_ws/src/blackjack/install/blackjack/lib/python3.10/site-packages/blackjack/__pycache__/I2C_LCD_driver.cpython-310.pyc
/home/mustache/ros2_ws/src/blackjack/install/blackjack/lib/python3.10/site-packages/blackjack/model/__pycache__/__init__.cpython-310.pyc
/home/mustache/ros2_ws/src/blackjack/install/blackjack/lib/python3.10/site-packages/blackjack/utils/__pycache__/__init__.cpython-310.pyc
/home/mustache/ros2_ws/src/blackjack/install/blackjack/lib/python3.10/site-packages/blackjack/utils/__pycache__/cvfpscalc.cpython-310.pyc
/home/mustache/ros2_ws/src/blackjack/install/blackjack/share/ament_index/resource_index/packages/blackjack
/home/mustache/ros2_ws/src/blackjack/install/blackjack/share/blackjack/package.xml
/home/mustache/ros2_ws/src/blackjack/install/blackjack/share/blackjack/launch/blackjack_launch.py
/home/mustache/ros2_ws/src/blackjack/install/blackjack/lib/python3.10/site-packages/blackjack-0.0.0-py3.10.egg-info/dependency_links.txt
/home/mustache/ros2_ws/src/blackjack/install/blackjack/lib/python3.10/site-packages/blackjack-0.0.0-py3.10.egg-info/top_level.txt
/home/mustache/ros2_ws/src/blackjack/install/blackjack/lib/python3.10/site-packages/blackjack-0.0.0-py3.10.egg-info/requires.txt
/home/mustache/ros2_ws/src/blackjack/install/blackjack/lib/python3.10/site-packages/blackjack-0.0.0-py3.10.egg-info/entry_points.txt
/home/mustache/ros2_ws/src/blackjack/install/blackjack/lib/python3.10/site-packages/blackjack-0.0.0-py3.10.egg-info/SOURCES.txt
/home/mustache/ros2_ws/src/blackjack/install/blackjack/lib/python3.10/site-packages/blackjack-0.0.0-py3.10.egg-info/zip-safe
/home/mustache/ros2_ws/src/blackjack/install/blackjack/lib/python3.10/site-packages/blackjack-0.0.0-py3.10.egg-info/PKG-INFO
/home/mustache/ros2_ws/src/blackjack/install/blackjack/lib/blackjack/listener
/home/mustache/ros2_ws/src/blackjack/install/blackjack/lib/blackjack/talker
