[0.000000] (-) TimerEvent: {}
[0.001565] (-) JobUnselected: {'identifier': 'py_pubsub'}
[0.002063] (-) JobUnselected: {'identifier': 'turtlesim'}
[0.002248] (blackjack) JobQueued: {'identifier': 'blackjack', 'dependencies': OrderedDict()}
[0.002526] (blackjack) JobStarted: {'identifier': 'blackjack'}
[0.098580] (-) TimerEvent: {}
[0.199196] (-) TimerEvent: {}
[0.299906] (-) TimerEvent: {}
[0.400578] (-) TimerEvent: {}
[0.501189] (-) TimerEvent: {}
[0.601783] (-) TimerEvent: {}
[0.702393] (-) TimerEvent: {}
[0.803042] (-) TimerEvent: {}
[0.903611] (-) TimerEvent: {}
[1.004254] (-) TimerEvent: {}
[1.104878] (-) TimerEvent: {}
[1.205698] (-) TimerEvent: {}
[1.306499] (-) TimerEvent: {}
[1.349943] (blackjack) StderrLine: {'line': b'Traceback (most recent call last):\n  File "/usr/lib/python3/dist-packages/colcon_core/executor/__init__.py", line 91, in __call__\n    rc = await self.task(*args, **kwargs)\n  File "/usr/lib/python3/dist-packages/colcon_core/task/__init__.py", line 93, in __call__\n    return await task_method(*args, **kwargs)\n  File "/usr/lib/python3/dist-packages/colcon_ros/task/ament_python/build.py", line 54, in build\n    data_files = get_data_files_mapping(\n  File "/usr/lib/python3/dist-packages/colcon_core/task/python/__init__.py", line 36, in get_data_files_mapping\n    assert len(data_file) == 2\nAssertionError\n'}
[1.351708] (blackjack) JobEnded: {'identifier': 'blackjack', 'rc': 1}
[1.361037] (-) EventReactorShutdown: {}
