[3.127s] Invoking command in '/home/mustache/ros2_ws/src/blackjack': PYTHONPATH=/home/mustache/ros2_ws/build/blackjack/prefix_override:/home/mustache/ros2_ws/install/blackjack/lib/python3.10/site-packages:${PYTHONPATH} /usr/bin/python3 -W ignore:setup.py install is deprecated setup.py egg_info --egg-base ../../build/blackjack build --build-base /home/mustache/ros2_ws/build/blackjack/build install --record /home/mustache/ros2_ws/build/blackjack/install.log --single-version-externally-managed install_data
[4.400s] running egg_info
[4.403s] writing ../../build/blackjack/blackjack.egg-info/PKG-INFO
[4.404s] writing dependency_links to ../../build/blackjack/blackjack.egg-info/dependency_links.txt
[4.405s] writing entry points to ../../build/blackjack/blackjack.egg-info/entry_points.txt
[4.406s] writing requirements to ../../build/blackjack/blackjack.egg-info/requires.txt
[4.407s] writing top-level names to ../../build/blackjack/blackjack.egg-info/top_level.txt
[4.416s] reading manifest file '../../build/blackjack/blackjack.egg-info/SOURCES.txt'
[4.420s] writing manifest file '../../build/blackjack/blackjack.egg-info/SOURCES.txt'
[4.421s] running build
[4.421s] running build_py
[4.425s] running install
[4.426s] running install_lib
[4.438s] running install_data
[4.439s] copying launch/blackjack_launch.py -> /home/mustache/ros2_ws/install/blackjack/share/blackjack/launch
[4.440s] running install_egg_info
[4.446s] removing '/home/mustache/ros2_ws/install/blackjack/lib/python3.10/site-packages/blackjack-0.0.0-py3.10.egg-info' (and everything under it)
[4.448s] Copying ../../build/blackjack/blackjack.egg-info to /home/mustache/ros2_ws/install/blackjack/lib/python3.10/site-packages/blackjack-0.0.0-py3.10.egg-info
[4.453s] running install_scripts
[4.541s] Installing listener script to /home/mustache/ros2_ws/install/blackjack/lib/blackjack
[4.542s] Installing talker script to /home/mustache/ros2_ws/install/blackjack/lib/blackjack
[4.544s] writing list of installed files to '/home/mustache/ros2_ws/build/blackjack/install.log'
[4.670s] Invoked command in '/home/mustache/ros2_ws/src/blackjack' returned '0': PYTHONPATH=/home/mustache/ros2_ws/build/blackjack/prefix_override:/home/mustache/ros2_ws/install/blackjack/lib/python3.10/site-packages:${PYTHONPATH} /usr/bin/python3 -W ignore:setup.py install is deprecated setup.py egg_info --egg-base ../../build/blackjack build --build-base /home/mustache/ros2_ws/build/blackjack/build install --record /home/mustache/ros2_ws/build/blackjack/install.log --single-version-externally-managed install_data
