[0.480s] DEBUG:colcon:Command line arguments: ['/usr/bin/colcon', 'build', '--packages-select', 'blackjack']
[0.480s] DEBUG:colcon:Parsed command line arguments: Namespace(log_base=None, log_level=None, verb_name='build', build_base='build', install_base='install', merge_install=False, symlink_install=False, test_result_base=None, continue_on_error=False, executor='parallel', parallel_workers=4, event_handlers=None, ignore_user_meta=False, metas=['./colcon.meta'], base_paths=['.'], packages_ignore=None, packages_ignore_regex=None, paths=None, packages_up_to=None, packages_up_to_regex=None, packages_above=None, packages_above_and_dependencies=None, packages_above_depth=None, packages_select_by_dep=None, packages_skip_by_dep=None, packages_skip_up_to=None, packages_select_build_failed=False, packages_skip_build_finished=False, packages_select_test_failures=False, packages_skip_test_passed=False, packages_select=['blackjack'], packages_skip=None, packages_select_regex=None, packages_skip_regex=None, packages_start=None, packages_end=None, allow_overriding=[], cmake_args=None, cmake_target=None, cmake_target_skip_unavailable=False, cmake_clean_cache=False, cmake_clean_first=False, cmake_force_configure=False, ament_cmake_args=None, catkin_cmake_args=None, catkin_skip_building_tests=False, mixin_files=None, mixin=None, verb_parser=<colcon_mixin.mixin.mixin_argument.MixinArgumentDecorator object at 0xffff9df0a440>, verb_extension=<colcon_core.verb.build.BuildVerb object at 0xffff9e02aad0>, main=<bound method BuildVerb.main of <colcon_core.verb.build.BuildVerb object at 0xffff9e02aad0>>, mixin_verb=('build',))
[1.354s] Level 1:colcon.colcon_core.package_discovery:discover_packages(colcon_meta) check parameters
[1.354s] Level 1:colcon.colcon_core.package_discovery:discover_packages(recursive) check parameters
[1.355s] Level 1:colcon.colcon_core.package_discovery:discover_packages(ignore) check parameters
[1.355s] Level 1:colcon.colcon_core.package_discovery:discover_packages(path) check parameters
[1.355s] Level 1:colcon.colcon_core.package_discovery:discover_packages(colcon_meta) discover
[1.355s] Level 1:colcon.colcon_core.package_discovery:discover_packages(recursive) discover
[1.355s] INFO:colcon.colcon_core.package_discovery:Crawling recursively for packages in '/home/mustache/ros2_ws/src/blackjack'
[1.356s] Level 1:colcon.colcon_core.package_identification:_identify(.) by extensions ['ignore', 'ignore_ament_install']
[1.356s] Level 1:colcon.colcon_core.package_identification:_identify(.) by extension 'ignore'
[1.356s] Level 1:colcon.colcon_core.package_identification:_identify(.) by extension 'ignore_ament_install'
[1.357s] Level 1:colcon.colcon_core.package_identification:_identify(.) by extensions ['colcon_pkg']
[1.357s] Level 1:colcon.colcon_core.package_identification:_identify(.) by extension 'colcon_pkg'
[1.357s] Level 1:colcon.colcon_core.package_identification:_identify(.) by extensions ['colcon_meta']
[1.357s] Level 1:colcon.colcon_core.package_identification:_identify(.) by extension 'colcon_meta'
[1.357s] Level 1:colcon.colcon_core.package_identification:_identify(.) by extensions ['ros']
[1.357s] Level 1:colcon.colcon_core.package_identification:_identify(.) by extension 'ros'
[1.409s] DEBUG:colcon.colcon_core.package_identification:Package '.' with type 'ros.ament_python' and name 'blackjack'
[1.409s] Level 1:colcon.colcon_core.package_discovery:discover_packages(recursive) using defaults
[1.409s] Level 1:colcon.colcon_core.package_discovery:discover_packages(ignore) discover
[1.409s] Level 1:colcon.colcon_core.package_discovery:discover_packages(ignore) using defaults
[1.410s] Level 1:colcon.colcon_core.package_discovery:discover_packages(path) discover
[1.410s] Level 1:colcon.colcon_core.package_discovery:discover_packages(path) using defaults
[1.531s] Level 1:colcon.colcon_core.package_discovery:discover_packages(prefix_path) check parameters
[1.531s] Level 1:colcon.colcon_core.package_discovery:discover_packages(prefix_path) discover
[1.540s] DEBUG:colcon.colcon_installed_package_information.package_discovery:Found 4 installed packages in /home/mustache/ros2_ws/install
[1.547s] DEBUG:colcon.colcon_installed_package_information.package_discovery:Found 227 installed packages in /opt/ros/humble
[1.553s] Level 1:colcon.colcon_core.package_discovery:discover_packages(prefix_path) using defaults
[1.698s] Level 5:colcon.colcon_core.verb:set package 'blackjack' build argument 'cmake_args' from command line to 'None'
[1.698s] Level 5:colcon.colcon_core.verb:set package 'blackjack' build argument 'cmake_target' from command line to 'None'
[1.698s] Level 5:colcon.colcon_core.verb:set package 'blackjack' build argument 'cmake_target_skip_unavailable' from command line to 'False'
[1.698s] Level 5:colcon.colcon_core.verb:set package 'blackjack' build argument 'cmake_clean_cache' from command line to 'False'
[1.698s] Level 5:colcon.colcon_core.verb:set package 'blackjack' build argument 'cmake_clean_first' from command line to 'False'
[1.699s] Level 5:colcon.colcon_core.verb:set package 'blackjack' build argument 'cmake_force_configure' from command line to 'False'
[1.699s] Level 5:colcon.colcon_core.verb:set package 'blackjack' build argument 'ament_cmake_args' from command line to 'None'
[1.699s] Level 5:colcon.colcon_core.verb:set package 'blackjack' build argument 'catkin_cmake_args' from command line to 'None'
[1.699s] Level 5:colcon.colcon_core.verb:set package 'blackjack' build argument 'catkin_skip_building_tests' from command line to 'False'
[1.699s] DEBUG:colcon.colcon_core.verb:Building package 'blackjack' with the following arguments: {'ament_cmake_args': None, 'build_base': '/home/mustache/ros2_ws/src/blackjack/build/blackjack', 'catkin_cmake_args': None, 'catkin_skip_building_tests': False, 'cmake_args': None, 'cmake_clean_cache': False, 'cmake_clean_first': False, 'cmake_force_configure': False, 'cmake_target': None, 'cmake_target_skip_unavailable': False, 'install_base': '/home/mustache/ros2_ws/src/blackjack/install/blackjack', 'merge_install': False, 'path': '/home/mustache/ros2_ws/src/blackjack', 'symlink_install': False, 'test_result_base': None}
[1.700s] INFO:colcon.colcon_core.executor:Executing jobs using 'parallel' executor
[1.703s] DEBUG:colcon.colcon_parallel_executor.executor.parallel:run_until_complete
[1.704s] INFO:colcon.colcon_ros.task.ament_python.build:Building ROS package in '/home/mustache/ros2_ws/src/blackjack' with build type 'ament_python'
[1.705s] Level 1:colcon.colcon_core.shell:create_environment_hook('blackjack', 'ament_prefix_path')
[1.713s] INFO:colcon.colcon_core.plugin_system:Skipping extension 'colcon_core.shell.bat': Not used on non-Windows systems
[1.714s] INFO:colcon.colcon_core.shell:Creating environment hook '/home/mustache/ros2_ws/src/blackjack/install/blackjack/share/blackjack/hook/ament_prefix_path.ps1'
[1.716s] INFO:colcon.colcon_core.shell:Creating environment descriptor '/home/mustache/ros2_ws/src/blackjack/install/blackjack/share/blackjack/hook/ament_prefix_path.dsv'
[1.718s] INFO:colcon.colcon_core.shell:Creating environment hook '/home/mustache/ros2_ws/src/blackjack/install/blackjack/share/blackjack/hook/ament_prefix_path.sh'
[1.722s] INFO:colcon.colcon_core.shell:Skip shell extension 'powershell' for command environment: Not usable outside of PowerShell
[1.722s] DEBUG:colcon.colcon_core.shell:Skip shell extension 'dsv' for command environment
[3.049s] INFO:colcon.colcon_core.task.python.build:Building Python package in '/home/mustache/ros2_ws/src/blackjack'
[3.050s] INFO:colcon.colcon_core.shell:Skip shell extension 'powershell' for command environment: Not usable outside of PowerShell
[3.051s] DEBUG:colcon.colcon_core.shell:Skip shell extension 'dsv' for command environment
[4.681s] DEBUG:colcon.colcon_core.event_handler.log_command:Invoking command in '/home/mustache/ros2_ws/src/blackjack': PYTHONPATH=/home/mustache/ros2_ws/src/blackjack/build/blackjack/prefix_override:/home/mustache/ros2_ws/src/blackjack/install/blackjack/lib/python3.10/site-packages:${PYTHONPATH} /usr/bin/python3 -W ignore:setup.py install is deprecated setup.py egg_info --egg-base build/blackjack build --build-base /home/mustache/ros2_ws/src/blackjack/build/blackjack/build install --record /home/mustache/ros2_ws/src/blackjack/build/blackjack/install.log --single-version-externally-managed install_data
[6.169s] DEBUG:colcon.colcon_core.event_handler.log_command:Invoked command in '/home/mustache/ros2_ws/src/blackjack' returned '0': PYTHONPATH=/home/mustache/ros2_ws/src/blackjack/build/blackjack/prefix_override:/home/mustache/ros2_ws/src/blackjack/install/blackjack/lib/python3.10/site-packages:${PYTHONPATH} /usr/bin/python3 -W ignore:setup.py install is deprecated setup.py egg_info --egg-base build/blackjack build --build-base /home/mustache/ros2_ws/src/blackjack/build/blackjack/build install --record /home/mustache/ros2_ws/src/blackjack/build/blackjack/install.log --single-version-externally-managed install_data
[6.178s] Level 1:colcon.colcon_core.environment:checking '/home/mustache/ros2_ws/src/blackjack/install/blackjack' for CMake module files
[6.181s] Level 1:colcon.colcon_core.environment:checking '/home/mustache/ros2_ws/src/blackjack/install/blackjack' for CMake config files
[6.185s] Level 1:colcon.colcon_core.environment:checking '/home/mustache/ros2_ws/src/blackjack/install/blackjack/lib'
[6.186s] Level 1:colcon.colcon_core.environment:checking '/home/mustache/ros2_ws/src/blackjack/install/blackjack/bin'
[6.186s] Level 1:colcon.colcon_core.environment:checking '/home/mustache/ros2_ws/src/blackjack/install/blackjack/lib/pkgconfig/blackjack.pc'
[6.187s] Level 1:colcon.colcon_core.environment:checking '/home/mustache/ros2_ws/src/blackjack/install/blackjack/lib/python3.10/site-packages'
[6.187s] Level 1:colcon.colcon_core.shell:create_environment_hook('blackjack', 'pythonpath')
[6.188s] INFO:colcon.colcon_core.shell:Creating environment hook '/home/mustache/ros2_ws/src/blackjack/install/blackjack/share/blackjack/hook/pythonpath.ps1'
[6.190s] INFO:colcon.colcon_core.shell:Creating environment descriptor '/home/mustache/ros2_ws/src/blackjack/install/blackjack/share/blackjack/hook/pythonpath.dsv'
[6.192s] INFO:colcon.colcon_core.shell:Creating environment hook '/home/mustache/ros2_ws/src/blackjack/install/blackjack/share/blackjack/hook/pythonpath.sh'
[6.195s] Level 1:colcon.colcon_core.environment:checking '/home/mustache/ros2_ws/src/blackjack/install/blackjack/bin'
[6.195s] Level 1:colcon.colcon_core.environment:create_environment_scripts_only(blackjack)
[6.196s] INFO:colcon.colcon_core.shell:Creating package script '/home/mustache/ros2_ws/src/blackjack/install/blackjack/share/blackjack/package.ps1'
[6.200s] INFO:colcon.colcon_core.shell:Creating package descriptor '/home/mustache/ros2_ws/src/blackjack/install/blackjack/share/blackjack/package.dsv'
[6.202s] INFO:colcon.colcon_core.shell:Creating package script '/home/mustache/ros2_ws/src/blackjack/install/blackjack/share/blackjack/package.sh'
[6.206s] INFO:colcon.colcon_core.shell:Creating package script '/home/mustache/ros2_ws/src/blackjack/install/blackjack/share/blackjack/package.bash'
[6.209s] INFO:colcon.colcon_core.shell:Creating package script '/home/mustache/ros2_ws/src/blackjack/install/blackjack/share/blackjack/package.zsh'
[6.212s] Level 1:colcon.colcon_core.environment:create_file_with_runtime_dependencies(/home/mustache/ros2_ws/src/blackjack/install/blackjack/share/colcon-core/packages/blackjack)
[6.213s] DEBUG:colcon.colcon_parallel_executor.executor.parallel:closing loop
[6.214s] DEBUG:colcon.colcon_parallel_executor.executor.parallel:loop closed
[6.215s] DEBUG:colcon.colcon_parallel_executor.executor.parallel:run_until_complete finished with '0'
[6.215s] DEBUG:colcon.colcon_core.event_reactor:joining thread
[6.238s] INFO:colcon.colcon_core.plugin_system:Skipping extension 'colcon_notification.desktop_notification.terminal_notifier': Not used on non-Darwin systems
[6.239s] INFO:colcon.colcon_core.plugin_system:Skipping extension 'colcon_notification.desktop_notification.win32': Not used on non-Windows systems
[6.239s] INFO:colcon.colcon_notification.desktop_notification:Sending desktop notification using 'notify2'
[6.294s] DEBUG:colcon.colcon_core.event_reactor:joined thread
[6.296s] INFO:colcon.colcon_core.shell:Creating prefix script '/home/mustache/ros2_ws/src/blackjack/install/local_setup.ps1'
[6.300s] INFO:colcon.colcon_core.shell:Creating prefix util module '/home/mustache/ros2_ws/src/blackjack/install/_local_setup_util_ps1.py'
[6.307s] INFO:colcon.colcon_core.shell:Creating prefix chain script '/home/mustache/ros2_ws/src/blackjack/install/setup.ps1'
[6.313s] INFO:colcon.colcon_core.shell:Creating prefix script '/home/mustache/ros2_ws/src/blackjack/install/local_setup.sh'
[6.316s] INFO:colcon.colcon_core.shell:Creating prefix util module '/home/mustache/ros2_ws/src/blackjack/install/_local_setup_util_sh.py'
[6.319s] INFO:colcon.colcon_core.shell:Creating prefix chain script '/home/mustache/ros2_ws/src/blackjack/install/setup.sh'
[6.326s] INFO:colcon.colcon_core.shell:Creating prefix script '/home/mustache/ros2_ws/src/blackjack/install/local_setup.bash'
[6.329s] INFO:colcon.colcon_core.shell:Creating prefix chain script '/home/mustache/ros2_ws/src/blackjack/install/setup.bash'
[6.336s] INFO:colcon.colcon_core.shell:Creating prefix script '/home/mustache/ros2_ws/src/blackjack/install/local_setup.zsh'
[6.340s] INFO:colcon.colcon_core.shell:Creating prefix chain script '/home/mustache/ros2_ws/src/blackjack/install/setup.zsh'
