[2.224s] Invoking command in '/home/mustache/ros2_ws/src/blackjack': PYTHONPATH=/home/mustache/ros2_ws/src/build/blackjack/prefix_override:/home/mustache/ros2_ws/src/install/blackjack/lib/python3.10/site-packages: /usr/bin/python3 -W ignore:setup.py install is deprecated setup.py egg_info --egg-base ../build/blackjack build --build-base /home/mustache/ros2_ws/src/build/blackjack/build install --record /home/mustache/ros2_ws/src/build/blackjack/install.log --single-version-externally-managed install_data
[3.080s] running egg_info
[3.082s] writing ../build/blackjack/blackjack.egg-info/PKG-INFO
[3.083s] writing dependency_links to ../build/blackjack/blackjack.egg-info/dependency_links.txt
[3.084s] writing entry points to ../build/blackjack/blackjack.egg-info/entry_points.txt
[3.085s] writing requirements to ../build/blackjack/blackjack.egg-info/requires.txt
[3.086s] writing top-level names to ../build/blackjack/blackjack.egg-info/top_level.txt
[3.094s] reading manifest file '../build/blackjack/blackjack.egg-info/SOURCES.txt'
[3.098s] writing manifest file '../build/blackjack/blackjack.egg-info/SOURCES.txt'
[3.099s] running build
[3.099s] running build_py
[3.103s] running install
[3.105s] running install_lib
[3.109s] copying /home/mustache/ros2_ws/src/build/blackjack/build/lib/blackjack/I2C_LCD_driver.py -> /home/mustache/ros2_ws/src/install/blackjack/lib/python3.10/site-packages/blackjack
[3.111s] byte-compiling /home/mustache/ros2_ws/src/install/blackjack/lib/python3.10/site-packages/blackjack/motor_control.py to motor_control.cpython-310.pyc
[3.114s]   File "/home/mustache/ros2_ws/src/install/blackjack/lib/python3.10/site-packages/blackjack/motor_control.py", line 53
[3.114s]     if location >= current_location AND (location-current_location) < 100:
[3.115s]                                     ^^^
[3.115s] SyntaxError: invalid syntax
[3.115s] 
[3.116s] byte-compiling /home/mustache/ros2_ws/src/install/blackjack/lib/python3.10/site-packages/blackjack/I2C_LCD_driver.py to I2C_LCD_driver.cpython-310.pyc
[3.129s]   File "/home/mustache/ros2_ws/src/install/blackjack/lib/python3.10/site-packages/blackjack/I2C_LCD_driver.py", line 499
[3.129s]     self.lcd_write_char(line)l char positioning
[3.129s]                              ^
[3.130s] SyntaxError: invalid syntax
[3.130s] 
[3.130s] running install_data
[3.131s] running install_egg_info
[3.136s] removing '/home/mustache/ros2_ws/src/install/blackjack/lib/python3.10/site-packages/blackjack-0.0.0-py3.10.egg-info' (and everything under it)
[3.138s] Copying ../build/blackjack/blackjack.egg-info to /home/mustache/ros2_ws/src/install/blackjack/lib/python3.10/site-packages/blackjack-0.0.0-py3.10.egg-info
[3.143s] running install_scripts
[3.221s] Installing listener script to /home/mustache/ros2_ws/src/install/blackjack/lib/blackjack
[3.222s] Installing talker script to /home/mustache/ros2_ws/src/install/blackjack/lib/blackjack
[3.225s] writing list of installed files to '/home/mustache/ros2_ws/src/build/blackjack/install.log'
[3.347s] Invoked command in '/home/mustache/ros2_ws/src/blackjack' returned '0': PYTHONPATH=/home/mustache/ros2_ws/src/build/blackjack/prefix_override:/home/mustache/ros2_ws/src/install/blackjack/lib/python3.10/site-packages: /usr/bin/python3 -W ignore:setup.py install is deprecated setup.py egg_info --egg-base ../build/blackjack build --build-base /home/mustache/ros2_ws/src/build/blackjack/build install --record /home/mustache/ros2_ws/src/build/blackjack/install.log --single-version-externally-managed install_data
