[2.997s] Invoking command in '/home/mustache/ros2_ws/src/blackjack': PYTHONPATH=/home/mustache/ros2_ws/src/blackjack/build/blackjack/prefix_override:/home/mustache/ros2_ws/src/blackjack/install/blackjack/lib/python3.10/site-packages:${PYTHONPATH} /usr/bin/python3 -W ignore:setup.py install is deprecated setup.py egg_info --egg-base build/blackjack build --build-base /home/mustache/ros2_ws/src/blackjack/build/blackjack/build install --record /home/mustache/ros2_ws/src/blackjack/build/blackjack/install.log --single-version-externally-managed install_data
[4.221s] running egg_info
[4.224s] writing build/blackjack/blackjack.egg-info/PKG-INFO
[4.225s] writing dependency_links to build/blackjack/blackjack.egg-info/dependency_links.txt
[4.226s] writing entry points to build/blackjack/blackjack.egg-info/entry_points.txt
[4.227s] writing requirements to build/blackjack/blackjack.egg-info/requires.txt
[4.228s] writing top-level names to build/blackjack/blackjack.egg-info/top_level.txt
[4.237s] reading manifest file 'build/blackjack/blackjack.egg-info/SOURCES.txt'
[4.241s] writing manifest file 'build/blackjack/blackjack.egg-info/SOURCES.txt'
[4.242s] running build
[4.242s] running build_py
[4.243s] copying blackjack/motor_control.py -> /home/mustache/ros2_ws/src/blackjack/build/blackjack/build/lib/blackjack
[4.247s] running install
[4.248s] running install_lib
[4.252s] copying /home/mustache/ros2_ws/src/blackjack/build/blackjack/build/lib/blackjack/motor_control.py -> /home/mustache/ros2_ws/src/blackjack/install/blackjack/lib/python3.10/site-packages/blackjack
[4.258s] byte-compiling /home/mustache/ros2_ws/src/blackjack/install/blackjack/lib/python3.10/site-packages/blackjack/motor_control.py to motor_control.cpython-310.pyc
[4.263s] running install_data
[4.265s] running install_egg_info
[4.271s] removing '/home/mustache/ros2_ws/src/blackjack/install/blackjack/lib/python3.10/site-packages/blackjack-0.0.0-py3.10.egg-info' (and everything under it)
[4.273s] Copying build/blackjack/blackjack.egg-info to /home/mustache/ros2_ws/src/blackjack/install/blackjack/lib/python3.10/site-packages/blackjack-0.0.0-py3.10.egg-info
[4.279s] running install_scripts
[4.359s] Installing listener script to /home/mustache/ros2_ws/src/blackjack/install/blackjack/lib/blackjack
[4.360s] Installing talker script to /home/mustache/ros2_ws/src/blackjack/install/blackjack/lib/blackjack
[4.363s] writing list of installed files to '/home/mustache/ros2_ws/src/blackjack/build/blackjack/install.log'
[4.489s] Invoked command in '/home/mustache/ros2_ws/src/blackjack' returned '0': PYTHONPATH=/home/mustache/ros2_ws/src/blackjack/build/blackjack/prefix_override:/home/mustache/ros2_ws/src/blackjack/install/blackjack/lib/python3.10/site-packages:${PYTHONPATH} /usr/bin/python3 -W ignore:setup.py install is deprecated setup.py egg_info --egg-base build/blackjack build --build-base /home/mustache/ros2_ws/src/blackjack/build/blackjack/build install --record /home/mustache/ros2_ws/src/blackjack/build/blackjack/install.log --single-version-externally-managed install_data
