[2.981s] Invoking command in '/home/mustache/ros2_ws/src/blackjack': PYTHONPATH=/home/mustache/ros2_ws/build/blackjack/prefix_override:/home/mustache/ros2_ws/install/blackjack/lib/python3.10/site-packages:${PYTHONPATH} /usr/bin/python3 -W ignore:setup.py install is deprecated setup.py egg_info --egg-base ../../build/blackjack build --build-base /home/mustache/ros2_ws/build/blackjack/build install --record /home/mustache/ros2_ws/build/blackjack/install.log --single-version-externally-managed install_data
[4.284s] running egg_info
[4.287s] writing ../../build/blackjack/blackjack.egg-info/PKG-INFO
[4.288s] writing dependency_links to ../../build/blackjack/blackjack.egg-info/dependency_links.txt
[4.289s] writing entry points to ../../build/blackjack/blackjack.egg-info/entry_points.txt
[4.289s] writing requirements to ../../build/blackjack/blackjack.egg-info/requires.txt
[4.290s] writing top-level names to ../../build/blackjack/blackjack.egg-info/top_level.txt
[4.299s] reading manifest file '../../build/blackjack/blackjack.egg-info/SOURCES.txt'
[4.303s] writing manifest file '../../build/blackjack/blackjack.egg-info/SOURCES.txt'
[4.304s] running build
[4.304s] running build_py
[4.305s] copying blackjack/app_multithread.py -> /home/mustache/ros2_ws/build/blackjack/build/lib/blackjack
[4.308s] running install
[4.310s] running install_lib
[4.315s] copying /home/mustache/ros2_ws/build/blackjack/build/lib/blackjack/app_multithread.py -> /home/mustache/ros2_ws/install/blackjack/lib/python3.10/site-packages/blackjack
[4.320s] byte-compiling /home/mustache/ros2_ws/install/blackjack/lib/python3.10/site-packages/blackjack/motor_control.py to motor_control.cpython-310.pyc
[4.322s]   File "/home/mustache/ros2_ws/install/blackjack/lib/python3.10/site-packages/blackjack/motor_control.py", line 25
[4.322s]     count++
[4.323s]            ^
[4.323s] SyntaxError: invalid syntax
[4.323s] 
[4.324s] byte-compiling /home/mustache/ros2_ws/install/blackjack/lib/python3.10/site-packages/blackjack/app_multithread.py to app_multithread.cpython-310.pyc
[4.330s]   File "/home/mustache/ros2_ws/install/blackjack/lib/python3.10/site-packages/blackjack/app_multithread.py", line 244
[4.330s]     count++
[4.331s]            ^
[4.331s] SyntaxError: invalid syntax
[4.331s] 
[4.332s] running install_data
[4.332s] running install_egg_info
[4.339s] removing '/home/mustache/ros2_ws/install/blackjack/lib/python3.10/site-packages/blackjack-0.0.0-py3.10.egg-info' (and everything under it)
[4.341s] Copying ../../build/blackjack/blackjack.egg-info to /home/mustache/ros2_ws/install/blackjack/lib/python3.10/site-packages/blackjack-0.0.0-py3.10.egg-info
[4.346s] running install_scripts
[4.428s] Installing listener script to /home/mustache/ros2_ws/install/blackjack/lib/blackjack
[4.429s] Installing talker script to /home/mustache/ros2_ws/install/blackjack/lib/blackjack
[4.431s] writing list of installed files to '/home/mustache/ros2_ws/build/blackjack/install.log'
[4.550s] Invoked command in '/home/mustache/ros2_ws/src/blackjack' returned '0': PYTHONPATH=/home/mustache/ros2_ws/build/blackjack/prefix_override:/home/mustache/ros2_ws/install/blackjack/lib/python3.10/site-packages:${PYTHONPATH} /usr/bin/python3 -W ignore:setup.py install is deprecated setup.py egg_info --egg-base ../../build/blackjack build --build-base /home/mustache/ros2_ws/build/blackjack/build install --record /home/mustache/ros2_ws/build/blackjack/install.log --single-version-externally-managed install_data
