running egg_info
writing ../../build/blackjack/blackjack.egg-info/PKG-INFO
writing dependency_links to ../../build/blackjack/blackjack.egg-info/dependency_links.txt
writing entry points to ../../build/blackjack/blackjack.egg-info/entry_points.txt
writing requirements to ../../build/blackjack/blackjack.egg-info/requires.txt
writing top-level names to ../../build/blackjack/blackjack.egg-info/top_level.txt
reading manifest file '../../build/blackjack/blackjack.egg-info/SOURCES.txt'
writing manifest file '../../build/blackjack/blackjack.egg-info/SOURCES.txt'
running build
running build_py
copying blackjack/__init__.py -> /home/mustache/ros2_ws/build/blackjack/build/lib/blackjack
creating /home/mustache/ros2_ws/build/blackjack/build/lib/model
copying model/__init__.py -> /home/mustache/ros2_ws/build/blackjack/build/lib/model
creating /home/mustache/ros2_ws/build/blackjack/build/lib/utils
copying utils/__init__.py -> /home/mustache/ros2_ws/build/blackjack/build/lib/utils
copying utils/cvfpscalc.py -> /home/mustache/ros2_ws/build/blackjack/build/lib/utils
running install
running install_lib
copying /home/mustache/ros2_ws/build/blackjack/build/lib/blackjack/__init__.py -> /home/mustache/ros2_ws/install/blackjack/lib/python3.10/site-packages/blackjack
creating /home/mustache/ros2_ws/install/blackjack/lib/python3.10/site-packages/model
copying /home/mustache/ros2_ws/build/blackjack/build/lib/model/__init__.py -> /home/mustache/ros2_ws/install/blackjack/lib/python3.10/site-packages/model
creating /home/mustache/ros2_ws/install/blackjack/lib/python3.10/site-packages/utils
copying /home/mustache/ros2_ws/build/blackjack/build/lib/utils/__init__.py -> /home/mustache/ros2_ws/install/blackjack/lib/python3.10/site-packages/utils
copying /home/mustache/ros2_ws/build/blackjack/build/lib/utils/cvfpscalc.py -> /home/mustache/ros2_ws/install/blackjack/lib/python3.10/site-packages/utils
byte-compiling /home/mustache/ros2_ws/install/blackjack/lib/python3.10/site-packages/blackjack/__init__.py to __init__.cpython-310.pyc
byte-compiling /home/mustache/ros2_ws/install/blackjack/lib/python3.10/site-packages/model/__init__.py to __init__.cpython-310.pyc
byte-compiling /home/mustache/ros2_ws/install/blackjack/lib/python3.10/site-packages/utils/__init__.py to __init__.cpython-310.pyc
byte-compiling /home/mustache/ros2_ws/install/blackjack/lib/python3.10/site-packages/utils/cvfpscalc.py to cvfpscalc.cpython-310.pyc
running install_data
running install_egg_info
removing '/home/mustache/ros2_ws/install/blackjack/lib/python3.10/site-packages/blackjack-0.0.0-py3.10.egg-info' (and everything under it)
Copying ../../build/blackjack/blackjack.egg-info to /home/mustache/ros2_ws/install/blackjack/lib/python3.10/site-packages/blackjack-0.0.0-py3.10.egg-info
running install_scripts
Installing listener script to /home/mustache/ros2_ws/install/blackjack/lib/blackjack
Installing talker script to /home/mustache/ros2_ws/install/blackjack/lib/blackjack
writing list of installed files to '/home/mustache/ros2_ws/build/blackjack/install.log'
