[2.986s] Invoking command in '/home/mustache/ros2_ws/src/blackjack': PYTHONPATH=/home/mustache/ros2_ws/build/blackjack/prefix_override:/home/mustache/ros2_ws/install/blackjack/lib/python3.10/site-packages:${PYTHONPATH} /usr/bin/python3 -W ignore:setup.py install is deprecated setup.py egg_info --egg-base ../../build/blackjack build --build-base /home/mustache/ros2_ws/build/blackjack/build install --record /home/mustache/ros2_ws/build/blackjack/install.log --single-version-externally-managed install_data
[4.207s] running egg_info
[4.209s] writing ../../build/blackjack/blackjack.egg-info/PKG-INFO
[4.210s] writing dependency_links to ../../build/blackjack/blackjack.egg-info/dependency_links.txt
[4.211s] writing entry points to ../../build/blackjack/blackjack.egg-info/entry_points.txt
[4.212s] writing requirements to ../../build/blackjack/blackjack.egg-info/requires.txt
[4.213s] writing top-level names to ../../build/blackjack/blackjack.egg-info/top_level.txt
[4.222s] reading manifest file '../../build/blackjack/blackjack.egg-info/SOURCES.txt'
[4.226s] writing manifest file '../../build/blackjack/blackjack.egg-info/SOURCES.txt'
[4.227s] running build
[4.227s] running build_py
[4.228s] copying blackjack/__init__.py -> /home/mustache/ros2_ws/build/blackjack/build/lib/blackjack
[4.229s] creating /home/mustache/ros2_ws/build/blackjack/build/lib/model
[4.230s] copying model/__init__.py -> /home/mustache/ros2_ws/build/blackjack/build/lib/model
[4.231s] creating /home/mustache/ros2_ws/build/blackjack/build/lib/utils
[4.231s] copying utils/__init__.py -> /home/mustache/ros2_ws/build/blackjack/build/lib/utils
[4.232s] copying utils/cvfpscalc.py -> /home/mustache/ros2_ws/build/blackjack/build/lib/utils
[4.233s] running install
[4.235s] running install_lib
[4.240s] copying /home/mustache/ros2_ws/build/blackjack/build/lib/blackjack/__init__.py -> /home/mustache/ros2_ws/install/blackjack/lib/python3.10/site-packages/blackjack
[4.241s] creating /home/mustache/ros2_ws/install/blackjack/lib/python3.10/site-packages/model
[4.242s] copying /home/mustache/ros2_ws/build/blackjack/build/lib/model/__init__.py -> /home/mustache/ros2_ws/install/blackjack/lib/python3.10/site-packages/model
[4.243s] creating /home/mustache/ros2_ws/install/blackjack/lib/python3.10/site-packages/utils
[4.243s] copying /home/mustache/ros2_ws/build/blackjack/build/lib/utils/__init__.py -> /home/mustache/ros2_ws/install/blackjack/lib/python3.10/site-packages/utils
[4.244s] copying /home/mustache/ros2_ws/build/blackjack/build/lib/utils/cvfpscalc.py -> /home/mustache/ros2_ws/install/blackjack/lib/python3.10/site-packages/utils
[4.247s] byte-compiling /home/mustache/ros2_ws/install/blackjack/lib/python3.10/site-packages/blackjack/__init__.py to __init__.cpython-310.pyc
[4.249s] byte-compiling /home/mustache/ros2_ws/install/blackjack/lib/python3.10/site-packages/model/__init__.py to __init__.cpython-310.pyc
[4.250s] byte-compiling /home/mustache/ros2_ws/install/blackjack/lib/python3.10/site-packages/utils/__init__.py to __init__.cpython-310.pyc
[4.252s] byte-compiling /home/mustache/ros2_ws/install/blackjack/lib/python3.10/site-packages/utils/cvfpscalc.py to cvfpscalc.cpython-310.pyc
[4.254s] running install_data
[4.255s] running install_egg_info
[4.263s] removing '/home/mustache/ros2_ws/install/blackjack/lib/python3.10/site-packages/blackjack-0.0.0-py3.10.egg-info' (and everything under it)
[4.265s] Copying ../../build/blackjack/blackjack.egg-info to /home/mustache/ros2_ws/install/blackjack/lib/python3.10/site-packages/blackjack-0.0.0-py3.10.egg-info
[4.271s] running install_scripts
[4.349s] Installing listener script to /home/mustache/ros2_ws/install/blackjack/lib/blackjack
[4.350s] Installing talker script to /home/mustache/ros2_ws/install/blackjack/lib/blackjack
[4.353s] writing list of installed files to '/home/mustache/ros2_ws/build/blackjack/install.log'
[4.474s] Invoked command in '/home/mustache/ros2_ws/src/blackjack' returned '0': PYTHONPATH=/home/mustache/ros2_ws/build/blackjack/prefix_override:/home/mustache/ros2_ws/install/blackjack/lib/python3.10/site-packages:${PYTHONPATH} /usr/bin/python3 -W ignore:setup.py install is deprecated setup.py egg_info --egg-base ../../build/blackjack build --build-base /home/mustache/ros2_ws/build/blackjack/build install --record /home/mustache/ros2_ws/build/blackjack/install.log --single-version-externally-managed install_data
