[3.008s] Invoking command in '/home/mustache/ros2_ws/src/blackjack': PYTHONPATH=/home/mustache/ros2_ws/build/blackjack/prefix_override:/home/mustache/ros2_ws/install/blackjack/lib/python3.10/site-packages:${PYTHONPATH} /usr/bin/python3 -W ignore:setup.py install is deprecated setup.py egg_info --egg-base ../../build/blackjack build --build-base /home/mustache/ros2_ws/build/blackjack/build install --record /home/mustache/ros2_ws/build/blackjack/install.log --single-version-externally-managed install_data
[4.259s] running egg_info
[4.262s] writing ../../build/blackjack/blackjack.egg-info/PKG-INFO
[4.264s] writing dependency_links to ../../build/blackjack/blackjack.egg-info/dependency_links.txt
[4.265s] writing entry points to ../../build/blackjack/blackjack.egg-info/entry_points.txt
[4.266s] writing requirements to ../../build/blackjack/blackjack.egg-info/requires.txt
[4.268s] writing top-level names to ../../build/blackjack/blackjack.egg-info/top_level.txt
[4.277s] reading manifest file '../../build/blackjack/blackjack.egg-info/SOURCES.txt'
[4.281s] writing manifest file '../../build/blackjack/blackjack.egg-info/SOURCES.txt'
[4.282s] running build
[4.283s] running build_py
[4.283s] copying blackjack/app_multithread.py -> /home/mustache/ros2_ws/build/blackjack/build/lib/blackjack
[4.287s] running install
[4.288s] running install_lib
[4.293s] copying /home/mustache/ros2_ws/build/blackjack/build/lib/blackjack/app_multithread.py -> /home/mustache/ros2_ws/install/blackjack/lib/python3.10/site-packages/blackjack
[4.297s] byte-compiling /home/mustache/ros2_ws/install/blackjack/lib/python3.10/site-packages/blackjack/app_multithread.py to app_multithread.cpython-310.pyc
[4.316s] running install_data
[4.316s] copying package.xml -> /home/mustache/ros2_ws/install/blackjack/share/blackjack
[4.317s] running install_egg_info
[4.324s] removing '/home/mustache/ros2_ws/install/blackjack/lib/python3.10/site-packages/blackjack-0.0.0-py3.10.egg-info' (and everything under it)
[4.325s] Copying ../../build/blackjack/blackjack.egg-info to /home/mustache/ros2_ws/install/blackjack/lib/python3.10/site-packages/blackjack-0.0.0-py3.10.egg-info
[4.330s] running install_scripts
[4.410s] Installing listener script to /home/mustache/ros2_ws/install/blackjack/lib/blackjack
[4.411s] Installing talker script to /home/mustache/ros2_ws/install/blackjack/lib/blackjack
[4.413s] writing list of installed files to '/home/mustache/ros2_ws/build/blackjack/install.log'
[4.540s] Invoked command in '/home/mustache/ros2_ws/src/blackjack' returned '0': PYTHONPATH=/home/mustache/ros2_ws/build/blackjack/prefix_override:/home/mustache/ros2_ws/install/blackjack/lib/python3.10/site-packages:${PYTHONPATH} /usr/bin/python3 -W ignore:setup.py install is deprecated setup.py egg_info --egg-base ../../build/blackjack build --build-base /home/mustache/ros2_ws/build/blackjack/build install --record /home/mustache/ros2_ws/build/blackjack/install.log --single-version-externally-managed install_data
