[2.982s] Invoking command in '/home/mustache/ros2_ws/src/blackjack': PYTHONPATH=/home/mustache/ros2_ws/build/blackjack/prefix_override:/home/mustache/ros2_ws/install/blackjack/lib/python3.10/site-packages:${PYTHONPATH} /usr/bin/python3 -W ignore:setup.py install is deprecated setup.py egg_info --egg-base ../../build/blackjack build --build-base /home/mustache/ros2_ws/build/blackjack/build install --record /home/mustache/ros2_ws/build/blackjack/install.log --single-version-externally-managed install_data
[4.193s] running egg_info
[4.196s] writing ../../build/blackjack/blackjack.egg-info/PKG-INFO
[4.197s] writing dependency_links to ../../build/blackjack/blackjack.egg-info/dependency_links.txt
[4.198s] writing entry points to ../../build/blackjack/blackjack.egg-info/entry_points.txt
[4.199s] writing requirements to ../../build/blackjack/blackjack.egg-info/requires.txt
[4.199s] writing top-level names to ../../build/blackjack/blackjack.egg-info/top_level.txt
[4.208s] reading manifest file '../../build/blackjack/blackjack.egg-info/SOURCES.txt'
[4.212s] writing manifest file '../../build/blackjack/blackjack.egg-info/SOURCES.txt'
[4.213s] running build
[4.213s] running build_py
[4.214s] copying blackjack/motor_control.py -> /home/mustache/ros2_ws/build/blackjack/build/lib/blackjack
[4.217s] running install
[4.219s] running install_lib
[4.223s] copying /home/mustache/ros2_ws/build/blackjack/build/lib/blackjack/motor_control.py -> /home/mustache/ros2_ws/install/blackjack/lib/python3.10/site-packages/blackjack
[4.229s] byte-compiling /home/mustache/ros2_ws/install/blackjack/lib/python3.10/site-packages/blackjack/motor_control.py to motor_control.cpython-310.pyc
[4.234s] running install_data
[4.235s] running install_egg_info
[4.242s] removing '/home/mustache/ros2_ws/install/blackjack/lib/python3.10/site-packages/blackjack-0.0.0-py3.10.egg-info' (and everything under it)
[4.244s] Copying ../../build/blackjack/blackjack.egg-info to /home/mustache/ros2_ws/install/blackjack/lib/python3.10/site-packages/blackjack-0.0.0-py3.10.egg-info
[4.249s] running install_scripts
[4.329s] Installing listener script to /home/mustache/ros2_ws/install/blackjack/lib/blackjack
[4.330s] Installing talker script to /home/mustache/ros2_ws/install/blackjack/lib/blackjack
[4.332s] writing list of installed files to '/home/mustache/ros2_ws/build/blackjack/install.log'
[4.458s] Invoked command in '/home/mustache/ros2_ws/src/blackjack' returned '0': PYTHONPATH=/home/mustache/ros2_ws/build/blackjack/prefix_override:/home/mustache/ros2_ws/install/blackjack/lib/python3.10/site-packages:${PYTHONPATH} /usr/bin/python3 -W ignore:setup.py install is deprecated setup.py egg_info --egg-base ../../build/blackjack build --build-base /home/mustache/ros2_ws/build/blackjack/build install --record /home/mustache/ros2_ws/build/blackjack/install.log --single-version-externally-managed install_data
