[3.133s] Invoking command in '/home/mustache/ros2_ws/src/blackjack': PYTHONPATH=/home/mustache/ros2_ws/build/blackjack/prefix_override:/home/mustache/ros2_ws/install/blackjack/lib/python3.10/site-packages:${PYTHONPATH} /usr/bin/python3 -W ignore:setup.py install is deprecated setup.py egg_info --egg-base ../../build/blackjack build --build-base /home/mustache/ros2_ws/build/blackjack/build install --record /home/mustache/ros2_ws/build/blackjack/install.log --single-version-externally-managed install_data
[4.405s] running egg_info
[4.408s] writing ../../build/blackjack/blackjack.egg-info/PKG-INFO
[4.409s] writing dependency_links to ../../build/blackjack/blackjack.egg-info/dependency_links.txt
[4.410s] writing entry points to ../../build/blackjack/blackjack.egg-info/entry_points.txt
[4.411s] writing requirements to ../../build/blackjack/blackjack.egg-info/requires.txt
[4.412s] writing top-level names to ../../build/blackjack/blackjack.egg-info/top_level.txt
[4.421s] reading manifest file '../../build/blackjack/blackjack.egg-info/SOURCES.txt'
[4.425s] writing manifest file '../../build/blackjack/blackjack.egg-info/SOURCES.txt'
[4.426s] running build
[4.426s] running build_py
[4.430s] running install
[4.431s] running install_lib
[4.443s] running install_data
[4.443s] copying launch/blackjack_launch.py -> /home/mustache/ros2_ws/install/blackjack/share/blackjack/launch
[4.444s] running install_egg_info
[4.451s] removing '/home/mustache/ros2_ws/install/blackjack/lib/python3.10/site-packages/blackjack-0.0.0-py3.10.egg-info' (and everything under it)
[4.453s] Copying ../../build/blackjack/blackjack.egg-info to /home/mustache/ros2_ws/install/blackjack/lib/python3.10/site-packages/blackjack-0.0.0-py3.10.egg-info
[4.459s] running install_scripts
[4.543s] Installing listener script to /home/mustache/ros2_ws/install/blackjack/lib/blackjack
[4.544s] Installing talker script to /home/mustache/ros2_ws/install/blackjack/lib/blackjack
[4.548s] writing list of installed files to '/home/mustache/ros2_ws/build/blackjack/install.log'
[4.683s] Invoked command in '/home/mustache/ros2_ws/src/blackjack' returned '0': PYTHONPATH=/home/mustache/ros2_ws/build/blackjack/prefix_override:/home/mustache/ros2_ws/install/blackjack/lib/python3.10/site-packages:${PYTHONPATH} /usr/bin/python3 -W ignore:setup.py install is deprecated setup.py egg_info --egg-base ../../build/blackjack build --build-base /home/mustache/ros2_ws/build/blackjack/build install --record /home/mustache/ros2_ws/build/blackjack/install.log --single-version-externally-managed install_data
