[3.071s] Invoking command in '/home/mustache/ros2_ws/src/blackjack': PYTHONPATH=/home/mustache/ros2_ws/src/blackjack/build/blackjack/prefix_override:/home/mustache/ros2_ws/src/blackjack/install/blackjack/lib/python3.10/site-packages:${PYTHONPATH} /usr/bin/python3 -W ignore:setup.py install is deprecated setup.py egg_info --egg-base build/blackjack build --build-base /home/mustache/ros2_ws/src/blackjack/build/blackjack/build install --record /home/mustache/ros2_ws/src/blackjack/build/blackjack/install.log --single-version-externally-managed install_data
[4.362s] running egg_info
[4.365s] writing build/blackjack/blackjack.egg-info/PKG-INFO
[4.366s] writing dependency_links to build/blackjack/blackjack.egg-info/dependency_links.txt
[4.367s] writing entry points to build/blackjack/blackjack.egg-info/entry_points.txt
[4.368s] writing requirements to build/blackjack/blackjack.egg-info/requires.txt
[4.368s] writing top-level names to build/blackjack/blackjack.egg-info/top_level.txt
[4.379s] reading manifest file 'build/blackjack/blackjack.egg-info/SOURCES.txt'
[4.382s] writing manifest file 'build/blackjack/blackjack.egg-info/SOURCES.txt'
[4.383s] running build
[4.384s] running build_py
[4.384s] copying blackjack/motor_control.py -> /home/mustache/ros2_ws/src/blackjack/build/blackjack/build/lib/blackjack
[4.389s] running install
[4.390s] running install_lib
[4.394s] copying /home/mustache/ros2_ws/src/blackjack/build/blackjack/build/lib/blackjack/motor_control.py -> /home/mustache/ros2_ws/src/blackjack/install/blackjack/lib/python3.10/site-packages/blackjack
[4.399s] byte-compiling /home/mustache/ros2_ws/src/blackjack/install/blackjack/lib/python3.10/site-packages/blackjack/motor_control.py to motor_control.cpython-310.pyc
[4.404s] running install_data
[4.405s] running install_egg_info
[4.413s] removing '/home/mustache/ros2_ws/src/blackjack/install/blackjack/lib/python3.10/site-packages/blackjack-0.0.0-py3.10.egg-info' (and everything under it)
[4.414s] Copying build/blackjack/blackjack.egg-info to /home/mustache/ros2_ws/src/blackjack/install/blackjack/lib/python3.10/site-packages/blackjack-0.0.0-py3.10.egg-info
[4.419s] running install_scripts
[4.503s] Installing listener script to /home/mustache/ros2_ws/src/blackjack/install/blackjack/lib/blackjack
[4.504s] Installing talker script to /home/mustache/ros2_ws/src/blackjack/install/blackjack/lib/blackjack
[4.507s] writing list of installed files to '/home/mustache/ros2_ws/src/blackjack/build/blackjack/install.log'
[4.634s] Invoked command in '/home/mustache/ros2_ws/src/blackjack' returned '0': PYTHONPATH=/home/mustache/ros2_ws/src/blackjack/build/blackjack/prefix_override:/home/mustache/ros2_ws/src/blackjack/install/blackjack/lib/python3.10/site-packages:${PYTHONPATH} /usr/bin/python3 -W ignore:setup.py install is deprecated setup.py egg_info --egg-base build/blackjack build --build-base /home/mustache/ros2_ws/src/blackjack/build/blackjack/build install --record /home/mustache/ros2_ws/src/blackjack/build/blackjack/install.log --single-version-externally-managed install_data
