[0.652s] DEBUG:colcon:Command line arguments: ['/usr/bin/colcon', 'build', '--packages-select', 'blackjack']
[0.653s] DEBUG:colcon:Parsed command line arguments: Namespace(log_base=None, log_level=None, verb_name='build', build_base='build', install_base='install', merge_install=False, symlink_install=False, test_result_base=None, continue_on_error=False, executor='parallel', parallel_workers=4, event_handlers=None, ignore_user_meta=False, metas=['./colcon.meta'], base_paths=['.'], packages_ignore=None, packages_ignore_regex=None, paths=None, packages_up_to=None, packages_up_to_regex=None, packages_above=None, packages_above_and_dependencies=None, packages_above_depth=None, packages_select_by_dep=None, packages_skip_by_dep=None, packages_skip_up_to=None, packages_select_build_failed=False, packages_skip_build_finished=False, packages_select_test_failures=False, packages_skip_test_passed=False, packages_select=['blackjack'], packages_skip=None, packages_select_regex=None, packages_skip_regex=None, packages_start=None, packages_end=None, allow_overriding=[], cmake_args=None, cmake_target=None, cmake_target_skip_unavailable=False, cmake_clean_cache=False, cmake_clean_first=False, cmake_force_configure=False, ament_cmake_args=None, catkin_cmake_args=None, catkin_skip_building_tests=False, mixin_files=None, mixin=None, verb_parser=<colcon_mixin.mixin.mixin_argument.MixinArgumentDecorator object at 0xffff82bda3e0>, verb_extension=<colcon_core.verb.build.BuildVerb object at 0xffff82cfea70>, main=<bound method BuildVerb.main of <colcon_core.verb.build.BuildVerb object at 0xffff82cfea70>>, mixin_verb=('build',))
[1.826s] Level 1:colcon.colcon_core.package_discovery:discover_packages(colcon_meta) check parameters
[1.826s] Level 1:colcon.colcon_core.package_discovery:discover_packages(recursive) check parameters
[1.827s] Level 1:colcon.colcon_core.package_discovery:discover_packages(ignore) check parameters
[1.827s] Level 1:colcon.colcon_core.package_discovery:discover_packages(path) check parameters
[1.827s] Level 1:colcon.colcon_core.package_discovery:discover_packages(colcon_meta) discover
[1.827s] Level 1:colcon.colcon_core.package_discovery:discover_packages(recursive) discover
[1.827s] INFO:colcon.colcon_core.package_discovery:Crawling recursively for packages in '/home/mustache/ros2_ws'
[1.828s] Level 1:colcon.colcon_core.package_identification:_identify(.) by extensions ['ignore', 'ignore_ament_install']
[1.828s] Level 1:colcon.colcon_core.package_identification:_identify(.) by extension 'ignore'
[1.828s] Level 1:colcon.colcon_core.package_identification:_identify(.) by extension 'ignore_ament_install'
[1.828s] Level 1:colcon.colcon_core.package_identification:_identify(.) by extensions ['colcon_pkg']
[1.829s] Level 1:colcon.colcon_core.package_identification:_identify(.) by extension 'colcon_pkg'
[1.829s] Level 1:colcon.colcon_core.package_identification:_identify(.) by extensions ['colcon_meta']
[1.829s] Level 1:colcon.colcon_core.package_identification:_identify(.) by extension 'colcon_meta'
[1.829s] Level 1:colcon.colcon_core.package_identification:_identify(.) by extensions ['ros']
[1.829s] Level 1:colcon.colcon_core.package_identification:_identify(.) by extension 'ros'
[1.875s] Level 1:colcon.colcon_core.package_identification:_identify(.) by extensions ['cmake', 'python']
[1.875s] Level 1:colcon.colcon_core.package_identification:_identify(.) by extension 'cmake'
[1.875s] Level 1:colcon.colcon_core.package_identification:_identify(.) by extension 'python'
[1.875s] Level 1:colcon.colcon_core.package_identification:_identify(.) by extensions ['python_setup_py']
[1.875s] Level 1:colcon.colcon_core.package_identification:_identify(.) by extension 'python_setup_py'
[1.876s] Level 1:colcon.colcon_core.package_identification:_identify(build) by extensions ['ignore', 'ignore_ament_install']
[1.876s] Level 1:colcon.colcon_core.package_identification:_identify(build) by extension 'ignore'
[1.877s] Level 1:colcon.colcon_core.package_identification:_identify(build) ignored
[1.877s] Level 1:colcon.colcon_core.package_identification:_identify(install) by extensions ['ignore', 'ignore_ament_install']
[1.878s] Level 1:colcon.colcon_core.package_identification:_identify(install) by extension 'ignore'
[1.878s] Level 1:colcon.colcon_core.package_identification:_identify(install) ignored
[1.880s] Level 1:colcon.colcon_core.package_identification:_identify(log) by extensions ['ignore', 'ignore_ament_install']
[1.880s] Level 1:colcon.colcon_core.package_identification:_identify(log) by extension 'ignore'
[1.880s] Level 1:colcon.colcon_core.package_identification:_identify(log) ignored
[1.880s] Level 1:colcon.colcon_core.package_identification:_identify(src) by extensions ['ignore', 'ignore_ament_install']
[1.881s] Level 1:colcon.colcon_core.package_identification:_identify(src) by extension 'ignore'
[1.881s] Level 1:colcon.colcon_core.package_identification:_identify(src) by extension 'ignore_ament_install'
[1.881s] Level 1:colcon.colcon_core.package_identification:_identify(src) by extensions ['colcon_pkg']
[1.881s] Level 1:colcon.colcon_core.package_identification:_identify(src) by extension 'colcon_pkg'
[1.881s] Level 1:colcon.colcon_core.package_identification:_identify(src) by extensions ['colcon_meta']
[1.882s] Level 1:colcon.colcon_core.package_identification:_identify(src) by extension 'colcon_meta'
[1.882s] Level 1:colcon.colcon_core.package_identification:_identify(src) by extensions ['ros']
[1.882s] Level 1:colcon.colcon_core.package_identification:_identify(src) by extension 'ros'
[1.882s] Level 1:colcon.colcon_core.package_identification:_identify(src) by extensions ['cmake', 'python']
[1.882s] Level 1:colcon.colcon_core.package_identification:_identify(src) by extension 'cmake'
[1.882s] Level 1:colcon.colcon_core.package_identification:_identify(src) by extension 'python'
[1.883s] Level 1:colcon.colcon_core.package_identification:_identify(src) by extensions ['python_setup_py']
[1.883s] Level 1:colcon.colcon_core.package_identification:_identify(src) by extension 'python_setup_py'
[1.883s] Level 1:colcon.colcon_core.package_identification:_identify(src/blackjack) by extensions ['ignore', 'ignore_ament_install']
[1.884s] Level 1:colcon.colcon_core.package_identification:_identify(src/blackjack) by extension 'ignore'
[1.884s] Level 1:colcon.colcon_core.package_identification:_identify(src/blackjack) by extension 'ignore_ament_install'
[1.884s] Level 1:colcon.colcon_core.package_identification:_identify(src/blackjack) by extensions ['colcon_pkg']
[1.884s] Level 1:colcon.colcon_core.package_identification:_identify(src/blackjack) by extension 'colcon_pkg'
[1.884s] Level 1:colcon.colcon_core.package_identification:_identify(src/blackjack) by extensions ['colcon_meta']
[1.884s] Level 1:colcon.colcon_core.package_identification:_identify(src/blackjack) by extension 'colcon_meta'
[1.885s] Level 1:colcon.colcon_core.package_identification:_identify(src/blackjack) by extensions ['ros']
[1.885s] Level 1:colcon.colcon_core.package_identification:_identify(src/blackjack) by extension 'ros'
[1.897s] DEBUG:colcon.colcon_core.package_identification:Package 'src/blackjack' with type 'ros.ament_python' and name 'blackjack'
[1.898s] Level 1:colcon.colcon_core.package_identification:_identify(src/build) by extensions ['ignore', 'ignore_ament_install']
[1.898s] Level 1:colcon.colcon_core.package_identification:_identify(src/build) by extension 'ignore'
[1.898s] Level 1:colcon.colcon_core.package_identification:_identify(src/build) ignored
[1.899s] Level 1:colcon.colcon_core.package_identification:_identify(src/install) by extensions ['ignore', 'ignore_ament_install']
[1.899s] Level 1:colcon.colcon_core.package_identification:_identify(src/install) by extension 'ignore'
[1.899s] Level 1:colcon.colcon_core.package_identification:_identify(src/install) ignored
[1.900s] Level 1:colcon.colcon_core.package_identification:_identify(src/log) by extensions ['ignore', 'ignore_ament_install']
[1.900s] Level 1:colcon.colcon_core.package_identification:_identify(src/log) by extension 'ignore'
[1.900s] Level 1:colcon.colcon_core.package_identification:_identify(src/log) ignored
[1.901s] Level 1:colcon.colcon_core.package_identification:_identify(src/py_pubsub) by extensions ['ignore', 'ignore_ament_install']
[1.901s] Level 1:colcon.colcon_core.package_identification:_identify(src/py_pubsub) by extension 'ignore'
[1.901s] Level 1:colcon.colcon_core.package_identification:_identify(src/py_pubsub) by extension 'ignore_ament_install'
[1.901s] Level 1:colcon.colcon_core.package_identification:_identify(src/py_pubsub) by extensions ['colcon_pkg']
[1.901s] Level 1:colcon.colcon_core.package_identification:_identify(src/py_pubsub) by extension 'colcon_pkg'
[1.902s] Level 1:colcon.colcon_core.package_identification:_identify(src/py_pubsub) by extensions ['colcon_meta']
[1.902s] Level 1:colcon.colcon_core.package_identification:_identify(src/py_pubsub) by extension 'colcon_meta'
[1.902s] Level 1:colcon.colcon_core.package_identification:_identify(src/py_pubsub) by extensions ['ros']
[1.902s] Level 1:colcon.colcon_core.package_identification:_identify(src/py_pubsub) by extension 'ros'
[1.905s] DEBUG:colcon.colcon_core.package_identification:Package 'src/py_pubsub' with type 'ros.ament_python' and name 'py_pubsub'
[1.905s] Level 1:colcon.colcon_core.package_identification:_identify(src/ros_tutorials) by extensions ['ignore', 'ignore_ament_install']
[1.905s] Level 1:colcon.colcon_core.package_identification:_identify(src/ros_tutorials) by extension 'ignore'
[1.906s] Level 1:colcon.colcon_core.package_identification:_identify(src/ros_tutorials) by extension 'ignore_ament_install'
[1.906s] Level 1:colcon.colcon_core.package_identification:_identify(src/ros_tutorials) by extensions ['colcon_pkg']
[1.906s] Level 1:colcon.colcon_core.package_identification:_identify(src/ros_tutorials) by extension 'colcon_pkg'
[1.906s] Level 1:colcon.colcon_core.package_identification:_identify(src/ros_tutorials) by extensions ['colcon_meta']
[1.906s] Level 1:colcon.colcon_core.package_identification:_identify(src/ros_tutorials) by extension 'colcon_meta'
[1.907s] Level 1:colcon.colcon_core.package_identification:_identify(src/ros_tutorials) by extensions ['ros']
[1.907s] Level 1:colcon.colcon_core.package_identification:_identify(src/ros_tutorials) by extension 'ros'
[1.907s] Level 1:colcon.colcon_core.package_identification:_identify(src/ros_tutorials) by extensions ['cmake', 'python']
[1.907s] Level 1:colcon.colcon_core.package_identification:_identify(src/ros_tutorials) by extension 'cmake'
[1.907s] Level 1:colcon.colcon_core.package_identification:_identify(src/ros_tutorials) by extension 'python'
[1.907s] Level 1:colcon.colcon_core.package_identification:_identify(src/ros_tutorials) by extensions ['python_setup_py']
[1.908s] Level 1:colcon.colcon_core.package_identification:_identify(src/ros_tutorials) by extension 'python_setup_py'
[1.909s] Level 1:colcon.colcon_core.package_identification:_identify(src/ros_tutorials/ros_tutorials) by extensions ['ignore', 'ignore_ament_install']
[1.909s] Level 1:colcon.colcon_core.package_identification:_identify(src/ros_tutorials/ros_tutorials) by extension 'ignore'
[1.909s] Level 1:colcon.colcon_core.package_identification:_identify(src/ros_tutorials/ros_tutorials) ignored
[1.911s] Level 1:colcon.colcon_core.package_identification:_identify(src/ros_tutorials/roscpp_tutorials) by extensions ['ignore', 'ignore_ament_install']
[1.911s] Level 1:colcon.colcon_core.package_identification:_identify(src/ros_tutorials/roscpp_tutorials) by extension 'ignore'
[1.911s] Level 1:colcon.colcon_core.package_identification:_identify(src/ros_tutorials/roscpp_tutorials) ignored
[1.912s] Level 1:colcon.colcon_core.package_identification:_identify(src/ros_tutorials/rospy_tutorials) by extensions ['ignore', 'ignore_ament_install']
[1.912s] Level 1:colcon.colcon_core.package_identification:_identify(src/ros_tutorials/rospy_tutorials) by extension 'ignore'
[1.913s] Level 1:colcon.colcon_core.package_identification:_identify(src/ros_tutorials/rospy_tutorials) ignored
[1.914s] Level 1:colcon.colcon_core.package_identification:_identify(src/ros_tutorials/turtlesim) by extensions ['ignore', 'ignore_ament_install']
[1.914s] Level 1:colcon.colcon_core.package_identification:_identify(src/ros_tutorials/turtlesim) by extension 'ignore'
[1.914s] Level 1:colcon.colcon_core.package_identification:_identify(src/ros_tutorials/turtlesim) by extension 'ignore_ament_install'
[1.914s] Level 1:colcon.colcon_core.package_identification:_identify(src/ros_tutorials/turtlesim) by extensions ['colcon_pkg']
[1.915s] Level 1:colcon.colcon_core.package_identification:_identify(src/ros_tutorials/turtlesim) by extension 'colcon_pkg'
[1.915s] Level 1:colcon.colcon_core.package_identification:_identify(src/ros_tutorials/turtlesim) by extensions ['colcon_meta']
[1.915s] Level 1:colcon.colcon_core.package_identification:_identify(src/ros_tutorials/turtlesim) by extension 'colcon_meta'
[1.915s] Level 1:colcon.colcon_core.package_identification:_identify(src/ros_tutorials/turtlesim) by extensions ['ros']
[1.915s] Level 1:colcon.colcon_core.package_identification:_identify(src/ros_tutorials/turtlesim) by extension 'ros'
[1.920s] DEBUG:colcon.colcon_core.package_identification:Package 'src/ros_tutorials/turtlesim' with type 'ros.ament_cmake' and name 'turtlesim'
[1.920s] Level 1:colcon.colcon_core.package_discovery:discover_packages(recursive) using defaults
[1.921s] Level 1:colcon.colcon_core.package_discovery:discover_packages(ignore) discover
[1.921s] Level 1:colcon.colcon_core.package_discovery:discover_packages(ignore) using defaults
[1.921s] Level 1:colcon.colcon_core.package_discovery:discover_packages(path) discover
[1.921s] Level 1:colcon.colcon_core.package_discovery:discover_packages(path) using defaults
[2.068s] INFO:colcon.colcon_core.package_selection:Skipping not selected package 'py_pubsub' in 'src/py_pubsub'
[2.068s] INFO:colcon.colcon_core.package_selection:Skipping not selected package 'turtlesim' in 'src/ros_tutorials/turtlesim'
[2.071s] Level 1:colcon.colcon_core.package_discovery:discover_packages(prefix_path) check parameters
[2.071s] Level 1:colcon.colcon_core.package_discovery:discover_packages(prefix_path) discover
[2.084s] DEBUG:colcon.colcon_installed_package_information.package_discovery:Found 4 installed packages in /home/mustache/ros2_ws/install
[2.092s] DEBUG:colcon.colcon_installed_package_information.package_discovery:Found 227 installed packages in /opt/ros/humble
[2.098s] Level 1:colcon.colcon_core.package_discovery:discover_packages(prefix_path) using defaults
[2.246s] Level 5:colcon.colcon_core.verb:set package 'blackjack' build argument 'cmake_args' from command line to 'None'
[2.246s] Level 5:colcon.colcon_core.verb:set package 'blackjack' build argument 'cmake_target' from command line to 'None'
[2.247s] Level 5:colcon.colcon_core.verb:set package 'blackjack' build argument 'cmake_target_skip_unavailable' from command line to 'False'
[2.247s] Level 5:colcon.colcon_core.verb:set package 'blackjack' build argument 'cmake_clean_cache' from command line to 'False'
[2.247s] Level 5:colcon.colcon_core.verb:set package 'blackjack' build argument 'cmake_clean_first' from command line to 'False'
[2.247s] Level 5:colcon.colcon_core.verb:set package 'blackjack' build argument 'cmake_force_configure' from command line to 'False'
[2.247s] Level 5:colcon.colcon_core.verb:set package 'blackjack' build argument 'ament_cmake_args' from command line to 'None'
[2.247s] Level 5:colcon.colcon_core.verb:set package 'blackjack' build argument 'catkin_cmake_args' from command line to 'None'
[2.247s] Level 5:colcon.colcon_core.verb:set package 'blackjack' build argument 'catkin_skip_building_tests' from command line to 'False'
[2.247s] DEBUG:colcon.colcon_core.verb:Building package 'blackjack' with the following arguments: {'ament_cmake_args': None, 'build_base': '/home/mustache/ros2_ws/build/blackjack', 'catkin_cmake_args': None, 'catkin_skip_building_tests': False, 'cmake_args': None, 'cmake_clean_cache': False, 'cmake_clean_first': False, 'cmake_force_configure': False, 'cmake_target': None, 'cmake_target_skip_unavailable': False, 'install_base': '/home/mustache/ros2_ws/install/blackjack', 'merge_install': False, 'path': '/home/mustache/ros2_ws/src/blackjack', 'symlink_install': False, 'test_result_base': None}
[2.248s] INFO:colcon.colcon_core.executor:Executing jobs using 'parallel' executor
[2.251s] DEBUG:colcon.colcon_parallel_executor.executor.parallel:run_until_complete
[2.252s] INFO:colcon.colcon_ros.task.ament_python.build:Building ROS package in '/home/mustache/ros2_ws/src/blackjack' with build type 'ament_python'
[2.253s] Level 1:colcon.colcon_core.shell:create_environment_hook('blackjack', 'ament_prefix_path')
[2.274s] INFO:colcon.colcon_core.plugin_system:Skipping extension 'colcon_core.shell.bat': Not used on non-Windows systems
[2.275s] INFO:colcon.colcon_core.shell:Creating environment hook '/home/mustache/ros2_ws/install/blackjack/share/blackjack/hook/ament_prefix_path.ps1'
[2.278s] INFO:colcon.colcon_core.shell:Creating environment descriptor '/home/mustache/ros2_ws/install/blackjack/share/blackjack/hook/ament_prefix_path.dsv'
[2.282s] INFO:colcon.colcon_core.shell:Creating environment hook '/home/mustache/ros2_ws/install/blackjack/share/blackjack/hook/ament_prefix_path.sh'
[2.287s] INFO:colcon.colcon_core.shell:Skip shell extension 'powershell' for command environment: Not usable outside of PowerShell
[2.287s] DEBUG:colcon.colcon_core.shell:Skip shell extension 'dsv' for command environment
[3.636s] INFO:colcon.colcon_core.task.python.build:Building Python package in '/home/mustache/ros2_ws/src/blackjack'
[3.637s] INFO:colcon.colcon_core.shell:Skip shell extension 'powershell' for command environment: Not usable outside of PowerShell
[3.637s] DEBUG:colcon.colcon_core.shell:Skip shell extension 'dsv' for command environment
[5.399s] DEBUG:colcon.colcon_core.event_handler.log_command:Invoking command in '/home/mustache/ros2_ws/src/blackjack': PYTHONPATH=/home/mustache/ros2_ws/build/blackjack/prefix_override:/home/mustache/ros2_ws/install/blackjack/lib/python3.10/site-packages:${PYTHONPATH} /usr/bin/python3 -W ignore:setup.py install is deprecated setup.py egg_info --egg-base ../../build/blackjack build --build-base /home/mustache/ros2_ws/build/blackjack/build install --record /home/mustache/ros2_ws/build/blackjack/install.log --single-version-externally-managed install_data
[6.932s] DEBUG:colcon.colcon_core.event_handler.log_command:Invoked command in '/home/mustache/ros2_ws/src/blackjack' returned '0': PYTHONPATH=/home/mustache/ros2_ws/build/blackjack/prefix_override:/home/mustache/ros2_ws/install/blackjack/lib/python3.10/site-packages:${PYTHONPATH} /usr/bin/python3 -W ignore:setup.py install is deprecated setup.py egg_info --egg-base ../../build/blackjack build --build-base /home/mustache/ros2_ws/build/blackjack/build install --record /home/mustache/ros2_ws/build/blackjack/install.log --single-version-externally-managed install_data
[6.953s] Level 1:colcon.colcon_core.environment:checking '/home/mustache/ros2_ws/install/blackjack' for CMake module files
[6.956s] Level 1:colcon.colcon_core.environment:checking '/home/mustache/ros2_ws/install/blackjack' for CMake config files
[6.961s] Level 1:colcon.colcon_core.environment:checking '/home/mustache/ros2_ws/install/blackjack/lib'
[6.962s] Level 1:colcon.colcon_core.environment:checking '/home/mustache/ros2_ws/install/blackjack/bin'
[6.962s] Level 1:colcon.colcon_core.environment:checking '/home/mustache/ros2_ws/install/blackjack/lib/pkgconfig/blackjack.pc'
[6.963s] Level 1:colcon.colcon_core.environment:checking '/home/mustache/ros2_ws/install/blackjack/lib/python3.10/site-packages'
[6.964s] Level 1:colcon.colcon_core.shell:create_environment_hook('blackjack', 'pythonpath')
[6.965s] INFO:colcon.colcon_core.shell:Creating environment hook '/home/mustache/ros2_ws/install/blackjack/share/blackjack/hook/pythonpath.ps1'
[6.966s] INFO:colcon.colcon_core.shell:Creating environment descriptor '/home/mustache/ros2_ws/install/blackjack/share/blackjack/hook/pythonpath.dsv'
[6.968s] INFO:colcon.colcon_core.shell:Creating environment hook '/home/mustache/ros2_ws/install/blackjack/share/blackjack/hook/pythonpath.sh'
[6.970s] Level 1:colcon.colcon_core.environment:checking '/home/mustache/ros2_ws/install/blackjack/bin'
[6.971s] Level 1:colcon.colcon_core.environment:create_environment_scripts_only(blackjack)
[6.972s] INFO:colcon.colcon_core.shell:Creating package script '/home/mustache/ros2_ws/install/blackjack/share/blackjack/package.ps1'
[6.976s] INFO:colcon.colcon_core.shell:Creating package descriptor '/home/mustache/ros2_ws/install/blackjack/share/blackjack/package.dsv'
[6.979s] INFO:colcon.colcon_core.shell:Creating package script '/home/mustache/ros2_ws/install/blackjack/share/blackjack/package.sh'
[6.984s] INFO:colcon.colcon_core.shell:Creating package script '/home/mustache/ros2_ws/install/blackjack/share/blackjack/package.bash'
[6.988s] INFO:colcon.colcon_core.shell:Creating package script '/home/mustache/ros2_ws/install/blackjack/share/blackjack/package.zsh'
[6.993s] Level 1:colcon.colcon_core.environment:create_file_with_runtime_dependencies(/home/mustache/ros2_ws/install/blackjack/share/colcon-core/packages/blackjack)
[6.994s] DEBUG:colcon.colcon_parallel_executor.executor.parallel:closing loop
[6.996s] DEBUG:colcon.colcon_parallel_executor.executor.parallel:loop closed
[6.996s] DEBUG:colcon.colcon_parallel_executor.executor.parallel:run_until_complete finished with '0'
[6.996s] DEBUG:colcon.colcon_core.event_reactor:joining thread
[7.022s] INFO:colcon.colcon_core.plugin_system:Skipping extension 'colcon_notification.desktop_notification.terminal_notifier': Not used on non-Darwin systems
[7.023s] INFO:colcon.colcon_core.plugin_system:Skipping extension 'colcon_notification.desktop_notification.win32': Not used on non-Windows systems
[7.023s] INFO:colcon.colcon_notification.desktop_notification:Sending desktop notification using 'notify2'
[7.120s] DEBUG:colcon.colcon_core.event_reactor:joined thread
[7.122s] INFO:colcon.colcon_core.shell:Creating prefix script '/home/mustache/ros2_ws/install/local_setup.ps1'
[7.128s] INFO:colcon.colcon_core.shell:Creating prefix util module '/home/mustache/ros2_ws/install/_local_setup_util_ps1.py'
[7.136s] INFO:colcon.colcon_core.shell:Creating prefix chain script '/home/mustache/ros2_ws/install/setup.ps1'
[7.144s] INFO:colcon.colcon_core.shell:Creating prefix script '/home/mustache/ros2_ws/install/local_setup.sh'
[7.150s] INFO:colcon.colcon_core.shell:Creating prefix util module '/home/mustache/ros2_ws/install/_local_setup_util_sh.py'
[7.154s] INFO:colcon.colcon_core.shell:Creating prefix chain script '/home/mustache/ros2_ws/install/setup.sh'
[7.162s] INFO:colcon.colcon_core.shell:Creating prefix script '/home/mustache/ros2_ws/install/local_setup.bash'
[7.166s] INFO:colcon.colcon_core.shell:Creating prefix chain script '/home/mustache/ros2_ws/install/setup.bash'
[7.174s] INFO:colcon.colcon_core.shell:Creating prefix script '/home/mustache/ros2_ws/install/local_setup.zsh'
[7.179s] INFO:colcon.colcon_core.shell:Creating prefix chain script '/home/mustache/ros2_ws/install/setup.zsh'
