[5.686s] Invoking command in '/home/mustache/ros2_ws/src/blackjack': PYTHONPATH=/home/mustache/ros2_ws/build/blackjack/prefix_override:/home/mustache/ros2_ws/install/blackjack/lib/python3.10/site-packages:${PYTHONPATH} /usr/bin/python3 -W ignore:setup.py install is deprecated setup.py egg_info --egg-base ../../build/blackjack build --build-base /home/mustache/ros2_ws/build/blackjack/build install --record /home/mustache/ros2_ws/build/blackjack/install.log --single-version-externally-managed install_data
[8.026s] running egg_info
[8.030s] writing ../../build/blackjack/blackjack.egg-info/PKG-INFO
[8.032s] writing dependency_links to ../../build/blackjack/blackjack.egg-info/dependency_links.txt
[8.036s] writing entry points to ../../build/blackjack/blackjack.egg-info/entry_points.txt
[8.037s] writing requirements to ../../build/blackjack/blackjack.egg-info/requires.txt
[8.038s] writing top-level names to ../../build/blackjack/blackjack.egg-info/top_level.txt
[8.059s] reading manifest file '../../build/blackjack/blackjack.egg-info/SOURCES.txt'
[8.060s] writing manifest file '../../build/blackjack/blackjack.egg-info/SOURCES.txt'
[8.061s] running build
[8.061s] running build_py
[8.062s] copying blackjack/app_multithread.py -> /home/mustache/ros2_ws/build/blackjack/build/lib/blackjack
[8.067s] running install
[8.069s] running install_lib
[8.076s] copying /home/mustache/ros2_ws/build/blackjack/build/lib/blackjack/app_multithread.py -> /home/mustache/ros2_ws/install/blackjack/lib/python3.10/site-packages/blackjack
[8.083s] byte-compiling /home/mustache/ros2_ws/install/blackjack/lib/python3.10/site-packages/blackjack/app_multithread.py to app_multithread.cpython-310.pyc
[8.115s] running install_data
[8.116s] running install_egg_info
[8.132s] removing '/home/mustache/ros2_ws/install/blackjack/lib/python3.10/site-packages/blackjack-0.0.0-py3.10.egg-info' (and everything under it)
[8.134s] Copying ../../build/blackjack/blackjack.egg-info to /home/mustache/ros2_ws/install/blackjack/lib/python3.10/site-packages/blackjack-0.0.0-py3.10.egg-info
[8.144s] running install_scripts
[8.277s] Installing listener script to /home/mustache/ros2_ws/install/blackjack/lib/blackjack
[8.278s] Installing talker script to /home/mustache/ros2_ws/install/blackjack/lib/blackjack
[8.282s] writing list of installed files to '/home/mustache/ros2_ws/build/blackjack/install.log'
[8.495s] Invoked command in '/home/mustache/ros2_ws/src/blackjack' returned '0': PYTHONPATH=/home/mustache/ros2_ws/build/blackjack/prefix_override:/home/mustache/ros2_ws/install/blackjack/lib/python3.10/site-packages:${PYTHONPATH} /usr/bin/python3 -W ignore:setup.py install is deprecated setup.py egg_info --egg-base ../../build/blackjack build --build-base /home/mustache/ros2_ws/build/blackjack/build install --record /home/mustache/ros2_ws/build/blackjack/install.log --single-version-externally-managed install_data
