[1.365s] Invoking command in '/home/mustache/ros2_ws/build/turtlesim': CMAKE_PREFIX_PATH=/opt/ros/humble /usr/bin/cmake --build /home/mustache/ros2_ws/build/turtlesim -- -j4 -l4
[1.707s] [35m[1mConsolidate compiler generated dependencies of target turtlesim__rosidl_generator_c[0m
[1.746s] [  1%] Built target turtlesim__cpp
[1.780s] [ 11%] Built target turtlesim__rosidl_generator_c
[1.822s] [ 11%] Built target ament_cmake_python_copy_turtlesim
[1.870s] [35m[1mConsolidate compiler generated dependencies of target turtlesim__rosidl_typesupport_fastrtps_cpp[0m
[1.873s] [35m[1mConsolidate compiler generated dependencies of target turtlesim__rosidl_typesupport_cpp[0m
[1.910s] [35m[1mConsolidate compiler generated dependencies of target turtlesim__rosidl_typesupport_introspection_cpp[0m
[1.933s] [35m[1mConsolidate compiler generated dependencies of target turtlesim__rosidl_typesupport_fastrtps_c[0m
[2.001s] [ 21%] Built target turtlesim__rosidl_typesupport_fastrtps_cpp
[2.038s] [ 31%] Built target turtlesim__rosidl_typesupport_cpp
[2.051s] [ 41%] Built target turtlesim__rosidl_typesupport_introspection_cpp
[2.080s] [ 51%] Built target turtlesim__rosidl_typesupport_fastrtps_c
[2.115s] [35m[1mConsolidate compiler generated dependencies of target turtlesim__rosidl_typesupport_introspection_c[0m
[2.173s] [35m[1mConsolidate compiler generated dependencies of target turtlesim_node[0m
[2.174s] [35m[1mConsolidate compiler generated dependencies of target turtlesim__rosidl_typesupport_c[0m
[2.189s] [ 61%] Built target turtlesim__rosidl_typesupport_introspection_c
[2.276s] [35m[1mConsolidate compiler generated dependencies of target turtle_teleop_key[0m
[2.282s] [ 71%] Built target turtlesim__rosidl_typesupport_c
[2.354s] [35m[1mConsolidate compiler generated dependencies of target draw_square[0m
[2.427s] [ 77%] Built target turtlesim_node
[2.453s] [ 79%] Built target turtle_teleop_key
[2.480s] [35m[1mConsolidate compiler generated dependencies of target mimic[0m
[2.506s] [ 81%] Built target draw_square
[2.595s] [ 83%] Built target mimic
[2.603s] [ 83%] Built target turtlesim
[2.713s] [ 84%] Built target turtlesim__py
[2.764s] [35m[1mConsolidate compiler generated dependencies of target turtlesim__rosidl_generator_py[0m
[2.872s] [ 93%] Built target turtlesim__rosidl_generator_py
[2.932s] [35m[1mConsolidate compiler generated dependencies of target turtlesim__rosidl_typesupport_fastrtps_c__pyext[0m
[2.947s] [35m[1mConsolidate compiler generated dependencies of target turtlesim__rosidl_typesupport_c__pyext[0m
[2.948s] [35m[1mConsolidate compiler generated dependencies of target turtlesim__rosidl_typesupport_introspection_c__pyext[0m
[3.002s] [ 95%] Built target turtlesim__rosidl_typesupport_fastrtps_c__pyext
[3.045s] [ 97%] Built target turtlesim__rosidl_typesupport_introspection_c__pyext
[3.049s] [100%] Built target turtlesim__rosidl_typesupport_c__pyext
[3.830s] running egg_info
[3.834s] writing turtlesim.egg-info/PKG-INFO
[3.835s] writing dependency_links to turtlesim.egg-info/dependency_links.txt
[3.837s] writing top-level names to turtlesim.egg-info/top_level.txt
[3.850s] reading manifest file 'turtlesim.egg-info/SOURCES.txt'
[3.853s] writing manifest file 'turtlesim.egg-info/SOURCES.txt'
[3.998s] [100%] Built target ament_cmake_python_build_turtlesim_egg
[4.053s] Invoked command in '/home/mustache/ros2_ws/build/turtlesim' returned '0': CMAKE_PREFIX_PATH=/opt/ros/humble /usr/bin/cmake --build /home/mustache/ros2_ws/build/turtlesim -- -j4 -l4
[5.320s] Invoking command in '/home/mustache/ros2_ws/build/turtlesim': CMAKE_PREFIX_PATH=/opt/ros/humble /usr/bin/cmake --install /home/mustache/ros2_ws/build/turtlesim
[5.357s] -- Install configuration: ""
[5.358s] -- Up-to-date: /home/mustache/ros2_ws/install/turtlesim/share/ament_index/resource_index/rosidl_interfaces/turtlesim
[5.358s] -- Up-to-date: /home/mustache/ros2_ws/install/turtlesim/include/turtlesim/turtlesim
[5.359s] -- Up-to-date: /home/mustache/ros2_ws/install/turtlesim/include/turtlesim/turtlesim/action
[5.360s] -- Up-to-date: /home/mustache/ros2_ws/install/turtlesim/include/turtlesim/turtlesim/action/detail
[5.361s] -- Up-to-date: /home/mustache/ros2_ws/install/turtlesim/include/turtlesim/turtlesim/action/detail/rotate_absolute__functions.h
[5.362s] -- Up-to-date: /home/mustache/ros2_ws/install/turtlesim/include/turtlesim/turtlesim/action/detail/rotate_absolute__functions.c
[5.362s] -- Up-to-date: /home/mustache/ros2_ws/install/turtlesim/include/turtlesim/turtlesim/action/detail/rotate_absolute__struct.h
[5.363s] -- Up-to-date: /home/mustache/ros2_ws/install/turtlesim/include/turtlesim/turtlesim/action/detail/rotate_absolute__type_support.h
[5.363s] -- Up-to-date: /home/mustache/ros2_ws/install/turtlesim/include/turtlesim/turtlesim/action/rotate_absolute.h
[5.364s] -- Up-to-date: /home/mustache/ros2_ws/install/turtlesim/include/turtlesim/turtlesim/srv
[5.364s] -- Up-to-date: /home/mustache/ros2_ws/install/turtlesim/include/turtlesim/turtlesim/srv/detail
[5.365s] -- Up-to-date: /home/mustache/ros2_ws/install/turtlesim/include/turtlesim/turtlesim/srv/detail/kill__functions.h
[5.366s] -- Up-to-date: /home/mustache/ros2_ws/install/turtlesim/include/turtlesim/turtlesim/srv/detail/kill__functions.c
[5.366s] -- Up-to-date: /home/mustache/ros2_ws/install/turtlesim/include/turtlesim/turtlesim/srv/detail/set_pen__type_support.h
[5.367s] -- Up-to-date: /home/mustache/ros2_ws/install/turtlesim/include/turtlesim/turtlesim/srv/detail/teleport_relative__functions.h
[5.368s] -- Up-to-date: /home/mustache/ros2_ws/install/turtlesim/include/turtlesim/turtlesim/srv/detail/spawn__functions.h
[5.368s] -- Up-to-date: /home/mustache/ros2_ws/install/turtlesim/include/turtlesim/turtlesim/srv/detail/set_pen__functions.c
[5.369s] -- Up-to-date: /home/mustache/ros2_ws/install/turtlesim/include/turtlesim/turtlesim/srv/detail/teleport_relative__type_support.h
[5.370s] -- Up-to-date: /home/mustache/ros2_ws/install/turtlesim/include/turtlesim/turtlesim/srv/detail/spawn__functions.c
[5.370s] -- Up-to-date: /home/mustache/ros2_ws/install/turtlesim/include/turtlesim/turtlesim/srv/detail/teleport_absolute__type_support.h
[5.371s] -- Up-to-date: /home/mustache/ros2_ws/install/turtlesim/include/turtlesim/turtlesim/srv/detail/set_pen__functions.h
[5.371s] -- Up-to-date: /home/mustache/ros2_ws/install/turtlesim/include/turtlesim/turtlesim/srv/detail/teleport_relative__struct.h
[5.373s] -- Up-to-date: /home/mustache/ros2_ws/install/turtlesim/include/turtlesim/turtlesim/srv/detail/kill__struct.h
[5.373s] -- Up-to-date: /home/mustache/ros2_ws/install/turtlesim/include/turtlesim/turtlesim/srv/detail/teleport_absolute__struct.h
[5.374s] -- Up-to-date: /home/mustache/ros2_ws/install/turtlesim/include/turtlesim/turtlesim/srv/detail/set_pen__struct.h
[5.374s] -- Up-to-date: /home/mustache/ros2_ws/install/turtlesim/include/turtlesim/turtlesim/srv/detail/spawn__type_support.h
[5.375s] -- Up-to-date: /home/mustache/ros2_ws/install/turtlesim/include/turtlesim/turtlesim/srv/detail/spawn__struct.h
[5.375s] -- Up-to-date: /home/mustache/ros2_ws/install/turtlesim/include/turtlesim/turtlesim/srv/detail/teleport_absolute__functions.h
[5.376s] -- Up-to-date: /home/mustache/ros2_ws/install/turtlesim/include/turtlesim/turtlesim/srv/detail/teleport_relative__functions.c
[5.376s] -- Up-to-date: /home/mustache/ros2_ws/install/turtlesim/include/turtlesim/turtlesim/srv/detail/teleport_absolute__functions.c
[5.378s] -- Up-to-date: /home/mustache/ros2_ws/install/turtlesim/include/turtlesim/turtlesim/srv/detail/kill__type_support.h
[5.378s] -- Up-to-date: /home/mustache/ros2_ws/install/turtlesim/include/turtlesim/turtlesim/srv/kill.h
[5.379s] -- Up-to-date: /home/mustache/ros2_ws/install/turtlesim/include/turtlesim/turtlesim/srv/teleport_absolute.h
[5.379s] -- Up-to-date: /home/mustache/ros2_ws/install/turtlesim/include/turtlesim/turtlesim/srv/teleport_relative.h
[5.380s] -- Up-to-date: /home/mustache/ros2_ws/install/turtlesim/include/turtlesim/turtlesim/srv/spawn.h
[5.380s] -- Up-to-date: /home/mustache/ros2_ws/install/turtlesim/include/turtlesim/turtlesim/srv/set_pen.h
[5.381s] -- Up-to-date: /home/mustache/ros2_ws/install/turtlesim/include/turtlesim/turtlesim/msg
[5.381s] -- Up-to-date: /home/mustache/ros2_ws/install/turtlesim/include/turtlesim/turtlesim/msg/pose.h
[5.382s] -- Up-to-date: /home/mustache/ros2_ws/install/turtlesim/include/turtlesim/turtlesim/msg/detail
[5.383s] -- Up-to-date: /home/mustache/ros2_ws/install/turtlesim/include/turtlesim/turtlesim/msg/detail/color__type_support.h
[5.383s] -- Up-to-date: /home/mustache/ros2_ws/install/turtlesim/include/turtlesim/turtlesim/msg/detail/pose__struct.h
[5.384s] -- Up-to-date: /home/mustache/ros2_ws/install/turtlesim/include/turtlesim/turtlesim/msg/detail/color__struct.h
[5.384s] -- Up-to-date: /home/mustache/ros2_ws/install/turtlesim/include/turtlesim/turtlesim/msg/detail/color__functions.h
[5.385s] -- Up-to-date: /home/mustache/ros2_ws/install/turtlesim/include/turtlesim/turtlesim/msg/detail/color__functions.c
[5.385s] -- Up-to-date: /home/mustache/ros2_ws/install/turtlesim/include/turtlesim/turtlesim/msg/detail/pose__functions.h
[5.386s] -- Up-to-date: /home/mustache/ros2_ws/install/turtlesim/include/turtlesim/turtlesim/msg/detail/pose__type_support.h
[5.386s] -- Up-to-date: /home/mustache/ros2_ws/install/turtlesim/include/turtlesim/turtlesim/msg/detail/pose__functions.c
[5.387s] -- Up-to-date: /home/mustache/ros2_ws/install/turtlesim/include/turtlesim/turtlesim/msg/color.h
[5.388s] -- Up-to-date: /home/mustache/ros2_ws/install/turtlesim/include/turtlesim/turtlesim/msg/rosidl_generator_c__visibility_control.h
[5.389s] -- Up-to-date: /home/mustache/ros2_ws/install/turtlesim/share/turtlesim/environment/library_path.sh
[5.389s] -- Up-to-date: /home/mustache/ros2_ws/install/turtlesim/share/turtlesim/environment/library_path.dsv
[5.390s] -- Up-to-date: /home/mustache/ros2_ws/install/turtlesim/lib/libturtlesim__rosidl_generator_c.so
[5.390s] -- Up-to-date: /home/mustache/ros2_ws/install/turtlesim/include/turtlesim/turtlesim
[5.390s] -- Up-to-date: /home/mustache/ros2_ws/install/turtlesim/include/turtlesim/turtlesim/action
[5.391s] -- Up-to-date: /home/mustache/ros2_ws/install/turtlesim/include/turtlesim/turtlesim/action/detail
[5.391s] -- Up-to-date: /home/mustache/ros2_ws/install/turtlesim/include/turtlesim/turtlesim/action/detail/rotate_absolute__rosidl_typesupport_fastrtps_c.h
[5.392s] -- Up-to-date: /home/mustache/ros2_ws/install/turtlesim/include/turtlesim/turtlesim/srv
[5.393s] -- Up-to-date: /home/mustache/ros2_ws/install/turtlesim/include/turtlesim/turtlesim/srv/detail
[5.393s] -- Up-to-date: /home/mustache/ros2_ws/install/turtlesim/include/turtlesim/turtlesim/srv/detail/spawn__rosidl_typesupport_fastrtps_c.h
[5.394s] -- Up-to-date: /home/mustache/ros2_ws/install/turtlesim/include/turtlesim/turtlesim/srv/detail/teleport_relative__rosidl_typesupport_fastrtps_c.h
[5.394s] -- Up-to-date: /home/mustache/ros2_ws/install/turtlesim/include/turtlesim/turtlesim/srv/detail/set_pen__rosidl_typesupport_fastrtps_c.h
[5.395s] -- Up-to-date: /home/mustache/ros2_ws/install/turtlesim/include/turtlesim/turtlesim/srv/detail/kill__rosidl_typesupport_fastrtps_c.h
[5.395s] -- Up-to-date: /home/mustache/ros2_ws/install/turtlesim/include/turtlesim/turtlesim/srv/detail/teleport_absolute__rosidl_typesupport_fastrtps_c.h
[5.395s] -- Up-to-date: /home/mustache/ros2_ws/install/turtlesim/include/turtlesim/turtlesim/msg
[5.396s] -- Up-to-date: /home/mustache/ros2_ws/install/turtlesim/include/turtlesim/turtlesim/msg/detail
[5.396s] -- Up-to-date: /home/mustache/ros2_ws/install/turtlesim/include/turtlesim/turtlesim/msg/detail/color__rosidl_typesupport_fastrtps_c.h
[5.397s] -- Up-to-date: /home/mustache/ros2_ws/install/turtlesim/include/turtlesim/turtlesim/msg/detail/pose__rosidl_typesupport_fastrtps_c.h
[5.399s] -- Up-to-date: /home/mustache/ros2_ws/install/turtlesim/include/turtlesim/turtlesim/msg/rosidl_typesupport_fastrtps_c__visibility_control.h
[5.399s] -- Up-to-date: /home/mustache/ros2_ws/install/turtlesim/lib/libturtlesim__rosidl_typesupport_fastrtps_c.so
[5.400s] -- Up-to-date: /home/mustache/ros2_ws/install/turtlesim/include/turtlesim/turtlesim
[5.401s] -- Up-to-date: /home/mustache/ros2_ws/install/turtlesim/include/turtlesim/turtlesim/action
[5.401s] -- Up-to-date: /home/mustache/ros2_ws/install/turtlesim/include/turtlesim/turtlesim/action/detail
[5.402s] -- Up-to-date: /home/mustache/ros2_ws/install/turtlesim/include/turtlesim/turtlesim/action/detail/rotate_absolute__builder.hpp
[5.403s] -- Up-to-date: /home/mustache/ros2_ws/install/turtlesim/include/turtlesim/turtlesim/action/detail/rotate_absolute__struct.hpp
[5.403s] -- Up-to-date: /home/mustache/ros2_ws/install/turtlesim/include/turtlesim/turtlesim/action/detail/rotate_absolute__traits.hpp
[5.403s] -- Up-to-date: /home/mustache/ros2_ws/install/turtlesim/include/turtlesim/turtlesim/action/rotate_absolute.hpp
[5.404s] -- Up-to-date: /home/mustache/ros2_ws/install/turtlesim/include/turtlesim/turtlesim/srv
[5.404s] -- Up-to-date: /home/mustache/ros2_ws/install/turtlesim/include/turtlesim/turtlesim/srv/set_pen.hpp
[5.405s] -- Up-to-date: /home/mustache/ros2_ws/install/turtlesim/include/turtlesim/turtlesim/srv/detail
[5.406s] -- Up-to-date: /home/mustache/ros2_ws/install/turtlesim/include/turtlesim/turtlesim/srv/detail/spawn__builder.hpp
[5.406s] -- Up-to-date: /home/mustache/ros2_ws/install/turtlesim/include/turtlesim/turtlesim/srv/detail/spawn__struct.hpp
[5.407s] -- Up-to-date: /home/mustache/ros2_ws/install/turtlesim/include/turtlesim/turtlesim/srv/detail/teleport_absolute__traits.hpp
[5.408s] -- Up-to-date: /home/mustache/ros2_ws/install/turtlesim/include/turtlesim/turtlesim/srv/detail/kill__traits.hpp
[5.409s] -- Up-to-date: /home/mustache/ros2_ws/install/turtlesim/include/turtlesim/turtlesim/srv/detail/set_pen__struct.hpp
[5.409s] -- Up-to-date: /home/mustache/ros2_ws/install/turtlesim/include/turtlesim/turtlesim/srv/detail/teleport_relative__builder.hpp
[5.410s] -- Up-to-date: /home/mustache/ros2_ws/install/turtlesim/include/turtlesim/turtlesim/srv/detail/spawn__traits.hpp
[5.410s] -- Up-to-date: /home/mustache/ros2_ws/install/turtlesim/include/turtlesim/turtlesim/srv/detail/kill__struct.hpp
[5.411s] -- Up-to-date: /home/mustache/ros2_ws/install/turtlesim/include/turtlesim/turtlesim/srv/detail/teleport_absolute__struct.hpp
[5.411s] -- Up-to-date: /home/mustache/ros2_ws/install/turtlesim/include/turtlesim/turtlesim/srv/detail/set_pen__builder.hpp
[5.411s] -- Up-to-date: /home/mustache/ros2_ws/install/turtlesim/include/turtlesim/turtlesim/srv/detail/set_pen__traits.hpp
[5.412s] -- Up-to-date: /home/mustache/ros2_ws/install/turtlesim/include/turtlesim/turtlesim/srv/detail/teleport_relative__struct.hpp
[5.412s] -- Up-to-date: /home/mustache/ros2_ws/install/turtlesim/include/turtlesim/turtlesim/srv/detail/teleport_absolute__builder.hpp
[5.413s] -- Up-to-date: /home/mustache/ros2_ws/install/turtlesim/include/turtlesim/turtlesim/srv/detail/kill__builder.hpp
[5.414s] -- Up-to-date: /home/mustache/ros2_ws/install/turtlesim/include/turtlesim/turtlesim/srv/detail/teleport_relative__traits.hpp
[5.414s] -- Up-to-date: /home/mustache/ros2_ws/install/turtlesim/include/turtlesim/turtlesim/srv/spawn.hpp
[5.415s] -- Up-to-date: /home/mustache/ros2_ws/install/turtlesim/include/turtlesim/turtlesim/srv/kill.hpp
[5.415s] -- Up-to-date: /home/mustache/ros2_ws/install/turtlesim/include/turtlesim/turtlesim/srv/teleport_absolute.hpp
[5.416s] -- Up-to-date: /home/mustache/ros2_ws/install/turtlesim/include/turtlesim/turtlesim/srv/teleport_relative.hpp
[5.417s] -- Up-to-date: /home/mustache/ros2_ws/install/turtlesim/include/turtlesim/turtlesim/msg
[5.417s] -- Up-to-date: /home/mustache/ros2_ws/install/turtlesim/include/turtlesim/turtlesim/msg/detail
[5.418s] -- Up-to-date: /home/mustache/ros2_ws/install/turtlesim/include/turtlesim/turtlesim/msg/detail/color__struct.hpp
[5.418s] -- Up-to-date: /home/mustache/ros2_ws/install/turtlesim/include/turtlesim/turtlesim/msg/detail/color__builder.hpp
[5.419s] -- Up-to-date: /home/mustache/ros2_ws/install/turtlesim/include/turtlesim/turtlesim/msg/detail/pose__traits.hpp
[5.420s] -- Up-to-date: /home/mustache/ros2_ws/install/turtlesim/include/turtlesim/turtlesim/msg/detail/color__traits.hpp
[5.422s] -- Up-to-date: /home/mustache/ros2_ws/install/turtlesim/include/turtlesim/turtlesim/msg/detail/pose__builder.hpp
[5.427s] -- Up-to-date: /home/mustache/ros2_ws/install/turtlesim/include/turtlesim/turtlesim/msg/detail/pose__struct.hpp
[5.427s] -- Up-to-date: /home/mustache/ros2_ws/install/turtlesim/include/turtlesim/turtlesim/msg/color.hpp
[5.428s] -- Up-to-date: /home/mustache/ros2_ws/install/turtlesim/include/turtlesim/turtlesim/msg/pose.hpp
[5.429s] -- Up-to-date: /home/mustache/ros2_ws/install/turtlesim/include/turtlesim/turtlesim
[5.430s] -- Up-to-date: /home/mustache/ros2_ws/install/turtlesim/include/turtlesim/turtlesim/action
[5.431s] -- Up-to-date: /home/mustache/ros2_ws/install/turtlesim/include/turtlesim/turtlesim/action/detail
[5.431s] -- Up-to-date: /home/mustache/ros2_ws/install/turtlesim/include/turtlesim/turtlesim/action/detail/dds_fastrtps
[5.432s] -- Up-to-date: /home/mustache/ros2_ws/install/turtlesim/include/turtlesim/turtlesim/action/detail/rotate_absolute__rosidl_typesupport_fastrtps_cpp.hpp
[5.433s] -- Up-to-date: /home/mustache/ros2_ws/install/turtlesim/include/turtlesim/turtlesim/srv
[5.434s] -- Up-to-date: /home/mustache/ros2_ws/install/turtlesim/include/turtlesim/turtlesim/srv/detail
[5.434s] -- Up-to-date: /home/mustache/ros2_ws/install/turtlesim/include/turtlesim/turtlesim/srv/detail/kill__rosidl_typesupport_fastrtps_cpp.hpp
[5.435s] -- Up-to-date: /home/mustache/ros2_ws/install/turtlesim/include/turtlesim/turtlesim/srv/detail/dds_fastrtps
[5.436s] -- Up-to-date: /home/mustache/ros2_ws/install/turtlesim/include/turtlesim/turtlesim/srv/detail/spawn__rosidl_typesupport_fastrtps_cpp.hpp
[5.443s] -- Up-to-date: /home/mustache/ros2_ws/install/turtlesim/include/turtlesim/turtlesim/srv/detail/set_pen__rosidl_typesupport_fastrtps_cpp.hpp
[5.443s] -- Up-to-date: /home/mustache/ros2_ws/install/turtlesim/include/turtlesim/turtlesim/srv/detail/teleport_absolute__rosidl_typesupport_fastrtps_cpp.hpp
[5.444s] -- Up-to-date: /home/mustache/ros2_ws/install/turtlesim/include/turtlesim/turtlesim/srv/detail/teleport_relative__rosidl_typesupport_fastrtps_cpp.hpp
[5.444s] -- Up-to-date: /home/mustache/ros2_ws/install/turtlesim/include/turtlesim/turtlesim/msg
[5.445s] -- Up-to-date: /home/mustache/ros2_ws/install/turtlesim/include/turtlesim/turtlesim/msg/detail
[5.445s] -- Up-to-date: /home/mustache/ros2_ws/install/turtlesim/include/turtlesim/turtlesim/msg/detail/pose__rosidl_typesupport_fastrtps_cpp.hpp
[5.446s] -- Up-to-date: /home/mustache/ros2_ws/install/turtlesim/include/turtlesim/turtlesim/msg/detail/dds_fastrtps
[5.446s] -- Up-to-date: /home/mustache/ros2_ws/install/turtlesim/include/turtlesim/turtlesim/msg/detail/color__rosidl_typesupport_fastrtps_cpp.hpp
[5.446s] -- Up-to-date: /home/mustache/ros2_ws/install/turtlesim/include/turtlesim/turtlesim/msg/rosidl_typesupport_fastrtps_cpp__visibility_control.h
[5.447s] -- Up-to-date: /home/mustache/ros2_ws/install/turtlesim/lib/libturtlesim__rosidl_typesupport_fastrtps_cpp.so
[5.447s] -- Up-to-date: /home/mustache/ros2_ws/install/turtlesim/include/turtlesim/turtlesim
[5.448s] -- Up-to-date: /home/mustache/ros2_ws/install/turtlesim/include/turtlesim/turtlesim/action
[5.448s] -- Up-to-date: /home/mustache/ros2_ws/install/turtlesim/include/turtlesim/turtlesim/action/detail
[5.449s] -- Up-to-date: /home/mustache/ros2_ws/install/turtlesim/include/turtlesim/turtlesim/action/detail/rotate_absolute__rosidl_typesupport_introspection_c.h
[5.449s] -- Up-to-date: /home/mustache/ros2_ws/install/turtlesim/include/turtlesim/turtlesim/action/detail/rotate_absolute__type_support.c
[5.450s] -- Up-to-date: /home/mustache/ros2_ws/install/turtlesim/include/turtlesim/turtlesim/srv
[5.450s] -- Up-to-date: /home/mustache/ros2_ws/install/turtlesim/include/turtlesim/turtlesim/srv/detail
[5.451s] -- Up-to-date: /home/mustache/ros2_ws/install/turtlesim/include/turtlesim/turtlesim/srv/detail/spawn__type_support.c
[5.452s] -- Up-to-date: /home/mustache/ros2_ws/install/turtlesim/include/turtlesim/turtlesim/srv/detail/set_pen__type_support.c
[5.452s] -- Up-to-date: /home/mustache/ros2_ws/install/turtlesim/include/turtlesim/turtlesim/srv/detail/teleport_relative__rosidl_typesupport_introspection_c.h
[5.453s] -- Up-to-date: /home/mustache/ros2_ws/install/turtlesim/include/turtlesim/turtlesim/srv/detail/set_pen__rosidl_typesupport_introspection_c.h
[5.453s] -- Up-to-date: /home/mustache/ros2_ws/install/turtlesim/include/turtlesim/turtlesim/srv/detail/spawn__rosidl_typesupport_introspection_c.h
[5.454s] -- Up-to-date: /home/mustache/ros2_ws/install/turtlesim/include/turtlesim/turtlesim/srv/detail/kill__type_support.c
[5.454s] -- Up-to-date: /home/mustache/ros2_ws/install/turtlesim/include/turtlesim/turtlesim/srv/detail/teleport_relative__type_support.c
[5.454s] -- Up-to-date: /home/mustache/ros2_ws/install/turtlesim/include/turtlesim/turtlesim/srv/detail/teleport_absolute__type_support.c
[5.455s] -- Up-to-date: /home/mustache/ros2_ws/install/turtlesim/include/turtlesim/turtlesim/srv/detail/teleport_absolute__rosidl_typesupport_introspection_c.h
[5.456s] -- Up-to-date: /home/mustache/ros2_ws/install/turtlesim/include/turtlesim/turtlesim/srv/detail/kill__rosidl_typesupport_introspection_c.h
[5.457s] -- Up-to-date: /home/mustache/ros2_ws/install/turtlesim/include/turtlesim/turtlesim/msg
[5.457s] -- Up-to-date: /home/mustache/ros2_ws/install/turtlesim/include/turtlesim/turtlesim/msg/detail
[5.458s] -- Up-to-date: /home/mustache/ros2_ws/install/turtlesim/include/turtlesim/turtlesim/msg/detail/color__rosidl_typesupport_introspection_c.h
[5.458s] -- Up-to-date: /home/mustache/ros2_ws/install/turtlesim/include/turtlesim/turtlesim/msg/detail/color__type_support.c
[5.459s] -- Up-to-date: /home/mustache/ros2_ws/install/turtlesim/include/turtlesim/turtlesim/msg/detail/pose__rosidl_typesupport_introspection_c.h
[5.459s] -- Up-to-date: /home/mustache/ros2_ws/install/turtlesim/include/turtlesim/turtlesim/msg/detail/pose__type_support.c
[5.460s] -- Up-to-date: /home/mustache/ros2_ws/install/turtlesim/include/turtlesim/turtlesim/msg/rosidl_typesupport_introspection_c__visibility_control.h
[5.461s] -- Up-to-date: /home/mustache/ros2_ws/install/turtlesim/lib/libturtlesim__rosidl_typesupport_introspection_c.so
[5.461s] -- Up-to-date: /home/mustache/ros2_ws/install/turtlesim/lib/libturtlesim__rosidl_typesupport_c.so
[5.462s] -- Up-to-date: /home/mustache/ros2_ws/install/turtlesim/include/turtlesim/turtlesim
[5.462s] -- Up-to-date: /home/mustache/ros2_ws/install/turtlesim/include/turtlesim/turtlesim/action
[5.463s] -- Up-to-date: /home/mustache/ros2_ws/install/turtlesim/include/turtlesim/turtlesim/action/detail
[5.464s] -- Up-to-date: /home/mustache/ros2_ws/install/turtlesim/include/turtlesim/turtlesim/action/detail/rotate_absolute__type_support.cpp
[5.465s] -- Up-to-date: /home/mustache/ros2_ws/install/turtlesim/include/turtlesim/turtlesim/action/detail/rotate_absolute__rosidl_typesupport_introspection_cpp.hpp
[5.467s] -- Up-to-date: /home/mustache/ros2_ws/install/turtlesim/include/turtlesim/turtlesim/srv
[5.469s] -- Up-to-date: /home/mustache/ros2_ws/install/turtlesim/include/turtlesim/turtlesim/srv/detail
[5.470s] -- Up-to-date: /home/mustache/ros2_ws/install/turtlesim/include/turtlesim/turtlesim/srv/detail/set_pen__rosidl_typesupport_introspection_cpp.hpp
[5.471s] -- Up-to-date: /home/mustache/ros2_ws/install/turtlesim/include/turtlesim/turtlesim/srv/detail/kill__rosidl_typesupport_introspection_cpp.hpp
[5.473s] -- Up-to-date: /home/mustache/ros2_ws/install/turtlesim/include/turtlesim/turtlesim/srv/detail/teleport_absolute__type_support.cpp
[5.475s] -- Up-to-date: /home/mustache/ros2_ws/install/turtlesim/include/turtlesim/turtlesim/srv/detail/spawn__type_support.cpp
[5.476s] -- Up-to-date: /home/mustache/ros2_ws/install/turtlesim/include/turtlesim/turtlesim/srv/detail/spawn__rosidl_typesupport_introspection_cpp.hpp
[5.478s] -- Up-to-date: /home/mustache/ros2_ws/install/turtlesim/include/turtlesim/turtlesim/srv/detail/teleport_relative__type_support.cpp
[5.479s] -- Up-to-date: /home/mustache/ros2_ws/install/turtlesim/include/turtlesim/turtlesim/srv/detail/set_pen__type_support.cpp
[5.480s] -- Up-to-date: /home/mustache/ros2_ws/install/turtlesim/include/turtlesim/turtlesim/srv/detail/kill__type_support.cpp
[5.482s] -- Up-to-date: /home/mustache/ros2_ws/install/turtlesim/include/turtlesim/turtlesim/srv/detail/teleport_relative__rosidl_typesupport_introspection_cpp.hpp
[5.483s] -- Up-to-date: /home/mustache/ros2_ws/install/turtlesim/include/turtlesim/turtlesim/srv/detail/teleport_absolute__rosidl_typesupport_introspection_cpp.hpp
[5.484s] -- Up-to-date: /home/mustache/ros2_ws/install/turtlesim/include/turtlesim/turtlesim/msg
[5.485s] -- Up-to-date: /home/mustache/ros2_ws/install/turtlesim/include/turtlesim/turtlesim/msg/detail
[5.486s] -- Up-to-date: /home/mustache/ros2_ws/install/turtlesim/include/turtlesim/turtlesim/msg/detail/color__rosidl_typesupport_introspection_cpp.hpp
[5.487s] -- Up-to-date: /home/mustache/ros2_ws/install/turtlesim/include/turtlesim/turtlesim/msg/detail/pose__type_support.cpp
[5.488s] -- Up-to-date: /home/mustache/ros2_ws/install/turtlesim/include/turtlesim/turtlesim/msg/detail/pose__rosidl_typesupport_introspection_cpp.hpp
[5.489s] -- Up-to-date: /home/mustache/ros2_ws/install/turtlesim/include/turtlesim/turtlesim/msg/detail/color__type_support.cpp
[5.491s] -- Up-to-date: /home/mustache/ros2_ws/install/turtlesim/lib/libturtlesim__rosidl_typesupport_introspection_cpp.so
[5.492s] -- Up-to-date: /home/mustache/ros2_ws/install/turtlesim/lib/libturtlesim__rosidl_typesupport_cpp.so
[5.493s] -- Up-to-date: /home/mustache/ros2_ws/install/turtlesim/share/turtlesim/environment/pythonpath.sh
[5.494s] -- Up-to-date: /home/mustache/ros2_ws/install/turtlesim/share/turtlesim/environment/pythonpath.dsv
[5.495s] -- Up-to-date: /home/mustache/ros2_ws/install/turtlesim/local/lib/python3.10/dist-packages/turtlesim-1.4.2-py3.10.egg-info
[5.495s] -- Installing: /home/mustache/ros2_ws/install/turtlesim/local/lib/python3.10/dist-packages/turtlesim-1.4.2-py3.10.egg-info/dependency_links.txt
[5.497s] -- Installing: /home/mustache/ros2_ws/install/turtlesim/local/lib/python3.10/dist-packages/turtlesim-1.4.2-py3.10.egg-info/top_level.txt
[5.498s] -- Installing: /home/mustache/ros2_ws/install/turtlesim/local/lib/python3.10/dist-packages/turtlesim-1.4.2-py3.10.egg-info/SOURCES.txt
[5.501s] -- Installing: /home/mustache/ros2_ws/install/turtlesim/local/lib/python3.10/dist-packages/turtlesim-1.4.2-py3.10.egg-info/PKG-INFO
[5.502s] -- Up-to-date: /home/mustache/ros2_ws/install/turtlesim/local/lib/python3.10/dist-packages/turtlesim
[5.503s] -- Up-to-date: /home/mustache/ros2_ws/install/turtlesim/local/lib/python3.10/dist-packages/turtlesim/turtlesim_s__rosidl_typesupport_fastrtps_c.cpython-310-aarch64-linux-gnu.so
[5.505s] -- Up-to-date: /home/mustache/ros2_ws/install/turtlesim/local/lib/python3.10/dist-packages/turtlesim/turtlesim_s__rosidl_typesupport_c.cpython-310-aarch64-linux-gnu.so
[5.506s] -- Up-to-date: /home/mustache/ros2_ws/install/turtlesim/local/lib/python3.10/dist-packages/turtlesim/action
[5.508s] -- Up-to-date: /home/mustache/ros2_ws/install/turtlesim/local/lib/python3.10/dist-packages/turtlesim/action/_rotate_absolute_s.c
[5.511s] -- Up-to-date: /home/mustache/ros2_ws/install/turtlesim/local/lib/python3.10/dist-packages/turtlesim/action/__init__.py
[5.512s] -- Up-to-date: /home/mustache/ros2_ws/install/turtlesim/local/lib/python3.10/dist-packages/turtlesim/action/_rotate_absolute.py
[5.513s] -- Up-to-date: /home/mustache/ros2_ws/install/turtlesim/local/lib/python3.10/dist-packages/turtlesim/_turtlesim_s.ep.rosidl_typesupport_introspection_c.c
[5.515s] -- Up-to-date: /home/mustache/ros2_ws/install/turtlesim/local/lib/python3.10/dist-packages/turtlesim/_turtlesim_s.ep.rosidl_typesupport_c.c
[5.516s] -- Up-to-date: /home/mustache/ros2_ws/install/turtlesim/local/lib/python3.10/dist-packages/turtlesim/srv
[5.517s] -- Up-to-date: /home/mustache/ros2_ws/install/turtlesim/local/lib/python3.10/dist-packages/turtlesim/srv/_spawn.py
[5.518s] -- Up-to-date: /home/mustache/ros2_ws/install/turtlesim/local/lib/python3.10/dist-packages/turtlesim/srv/_teleport_relative.py
[5.519s] -- Up-to-date: /home/mustache/ros2_ws/install/turtlesim/local/lib/python3.10/dist-packages/turtlesim/srv/_set_pen.py
[5.520s] -- Up-to-date: /home/mustache/ros2_ws/install/turtlesim/local/lib/python3.10/dist-packages/turtlesim/srv/_set_pen_s.c
[5.522s] -- Up-to-date: /home/mustache/ros2_ws/install/turtlesim/local/lib/python3.10/dist-packages/turtlesim/srv/_teleport_absolute.py
[5.523s] -- Up-to-date: /home/mustache/ros2_ws/install/turtlesim/local/lib/python3.10/dist-packages/turtlesim/srv/_teleport_relative_s.c
[5.524s] -- Up-to-date: /home/mustache/ros2_ws/install/turtlesim/local/lib/python3.10/dist-packages/turtlesim/srv/_kill.py
[5.529s] -- Up-to-date: /home/mustache/ros2_ws/install/turtlesim/local/lib/python3.10/dist-packages/turtlesim/srv/_spawn_s.c
[5.530s] -- Up-to-date: /home/mustache/ros2_ws/install/turtlesim/local/lib/python3.10/dist-packages/turtlesim/srv/_kill_s.c
[5.531s] -- Up-to-date: /home/mustache/ros2_ws/install/turtlesim/local/lib/python3.10/dist-packages/turtlesim/srv/__init__.py
[5.533s] -- Up-to-date: /home/mustache/ros2_ws/install/turtlesim/local/lib/python3.10/dist-packages/turtlesim/srv/_teleport_absolute_s.c
[5.534s] -- Up-to-date: /home/mustache/ros2_ws/install/turtlesim/local/lib/python3.10/dist-packages/turtlesim/msg
[5.536s] -- Up-to-date: /home/mustache/ros2_ws/install/turtlesim/local/lib/python3.10/dist-packages/turtlesim/msg/_color_s.c
[5.538s] -- Up-to-date: /home/mustache/ros2_ws/install/turtlesim/local/lib/python3.10/dist-packages/turtlesim/msg/_pose_s.c
[5.540s] -- Up-to-date: /home/mustache/ros2_ws/install/turtlesim/local/lib/python3.10/dist-packages/turtlesim/msg/_color.py
[5.541s] -- Up-to-date: /home/mustache/ros2_ws/install/turtlesim/local/lib/python3.10/dist-packages/turtlesim/msg/__init__.py
[5.542s] -- Up-to-date: /home/mustache/ros2_ws/install/turtlesim/local/lib/python3.10/dist-packages/turtlesim/msg/_pose.py
[5.543s] -- Up-to-date: /home/mustache/ros2_ws/install/turtlesim/local/lib/python3.10/dist-packages/turtlesim/_turtlesim_s.ep.rosidl_typesupport_fastrtps_c.c
[5.544s] -- Up-to-date: /home/mustache/ros2_ws/install/turtlesim/local/lib/python3.10/dist-packages/turtlesim/libturtlesim__rosidl_generator_py.so
[5.545s] -- Up-to-date: /home/mustache/ros2_ws/install/turtlesim/local/lib/python3.10/dist-packages/turtlesim/turtlesim_s__rosidl_typesupport_introspection_c.cpython-310-aarch64-linux-gnu.so
[5.546s] -- Up-to-date: /home/mustache/ros2_ws/install/turtlesim/local/lib/python3.10/dist-packages/turtlesim/__init__.py
[5.694s] Listing '/home/mustache/ros2_ws/install/turtlesim/local/lib/python3.10/dist-packages/turtlesim'...
[5.695s] Listing '/home/mustache/ros2_ws/install/turtlesim/local/lib/python3.10/dist-packages/turtlesim/action'...
[5.696s] Listing '/home/mustache/ros2_ws/install/turtlesim/local/lib/python3.10/dist-packages/turtlesim/msg'...
[5.698s] Listing '/home/mustache/ros2_ws/install/turtlesim/local/lib/python3.10/dist-packages/turtlesim/srv'...
[5.723s] -- Up-to-date: /home/mustache/ros2_ws/install/turtlesim/local/lib/python3.10/dist-packages/turtlesim/turtlesim_s__rosidl_typesupport_fastrtps_c.cpython-310-aarch64-linux-gnu.so
[5.725s] -- Up-to-date: /home/mustache/ros2_ws/install/turtlesim/local/lib/python3.10/dist-packages/turtlesim/turtlesim_s__rosidl_typesupport_introspection_c.cpython-310-aarch64-linux-gnu.so
[5.727s] -- Up-to-date: /home/mustache/ros2_ws/install/turtlesim/local/lib/python3.10/dist-packages/turtlesim/turtlesim_s__rosidl_typesupport_c.cpython-310-aarch64-linux-gnu.so
[5.729s] -- Up-to-date: /home/mustache/ros2_ws/install/turtlesim/lib/libturtlesim__rosidl_generator_py.so
[5.731s] -- Up-to-date: /home/mustache/ros2_ws/install/turtlesim/share/turtlesim/action/RotateAbsolute.idl
[5.732s] -- Up-to-date: /home/mustache/ros2_ws/install/turtlesim/share/turtlesim/msg/Color.idl
[5.733s] -- Up-to-date: /home/mustache/ros2_ws/install/turtlesim/share/turtlesim/msg/Pose.idl
[5.734s] -- Up-to-date: /home/mustache/ros2_ws/install/turtlesim/share/turtlesim/srv/Kill.idl
[5.734s] -- Up-to-date: /home/mustache/ros2_ws/install/turtlesim/share/turtlesim/srv/SetPen.idl
[5.735s] -- Up-to-date: /home/mustache/ros2_ws/install/turtlesim/share/turtlesim/srv/Spawn.idl
[5.736s] -- Up-to-date: /home/mustache/ros2_ws/install/turtlesim/share/turtlesim/srv/TeleportAbsolute.idl
[5.737s] -- Up-to-date: /home/mustache/ros2_ws/install/turtlesim/share/turtlesim/srv/TeleportRelative.idl
[5.737s] -- Up-to-date: /home/mustache/ros2_ws/install/turtlesim/share/turtlesim/action/RotateAbsolute.action
[5.738s] -- Up-to-date: /home/mustache/ros2_ws/install/turtlesim/share/turtlesim/msg/Color.msg
[5.739s] -- Up-to-date: /home/mustache/ros2_ws/install/turtlesim/share/turtlesim/msg/Pose.msg
[5.739s] -- Up-to-date: /home/mustache/ros2_ws/install/turtlesim/share/turtlesim/srv/Kill.srv
[5.740s] -- Up-to-date: /home/mustache/ros2_ws/install/turtlesim/share/turtlesim/srv/Kill_Request.msg
[5.741s] -- Up-to-date: /home/mustache/ros2_ws/install/turtlesim/share/turtlesim/srv/Kill_Response.msg
[5.741s] -- Up-to-date: /home/mustache/ros2_ws/install/turtlesim/share/turtlesim/srv/SetPen.srv
[5.742s] -- Up-to-date: /home/mustache/ros2_ws/install/turtlesim/share/turtlesim/srv/SetPen_Request.msg
[5.742s] -- Up-to-date: /home/mustache/ros2_ws/install/turtlesim/share/turtlesim/srv/SetPen_Response.msg
[5.743s] -- Up-to-date: /home/mustache/ros2_ws/install/turtlesim/share/turtlesim/srv/Spawn.srv
[5.743s] -- Up-to-date: /home/mustache/ros2_ws/install/turtlesim/share/turtlesim/srv/Spawn_Request.msg
[5.744s] -- Up-to-date: /home/mustache/ros2_ws/install/turtlesim/share/turtlesim/srv/Spawn_Response.msg
[5.744s] -- Up-to-date: /home/mustache/ros2_ws/install/turtlesim/share/turtlesim/srv/TeleportAbsolute.srv
[5.746s] -- Up-to-date: /home/mustache/ros2_ws/install/turtlesim/share/turtlesim/srv/TeleportAbsolute_Request.msg
[5.747s] -- Up-to-date: /home/mustache/ros2_ws/install/turtlesim/share/turtlesim/srv/TeleportAbsolute_Response.msg
[5.747s] -- Up-to-date: /home/mustache/ros2_ws/install/turtlesim/share/turtlesim/srv/TeleportRelative.srv
[5.748s] -- Up-to-date: /home/mustache/ros2_ws/install/turtlesim/share/turtlesim/srv/TeleportRelative_Request.msg
[5.748s] -- Up-to-date: /home/mustache/ros2_ws/install/turtlesim/share/turtlesim/srv/TeleportRelative_Response.msg
[5.748s] -- Up-to-date: /home/mustache/ros2_ws/install/turtlesim/lib/turtlesim/turtlesim_node
[5.749s] -- Up-to-date: /home/mustache/ros2_ws/install/turtlesim/lib/turtlesim/turtle_teleop_key
[5.749s] -- Up-to-date: /home/mustache/ros2_ws/install/turtlesim/lib/turtlesim/draw_square
[5.751s] -- Up-to-date: /home/mustache/ros2_ws/install/turtlesim/lib/turtlesim/mimic
[5.752s] -- Up-to-date: /home/mustache/ros2_ws/install/turtlesim/share/turtlesim/images
[5.753s] -- Up-to-date: /home/mustache/ros2_ws/install/turtlesim/share/turtlesim/images/crystal.png
[5.753s] -- Up-to-date: /home/mustache/ros2_ws/install/turtlesim/share/turtlesim/images/ardent.png
[5.754s] -- Up-to-date: /home/mustache/ros2_ws/install/turtlesim/share/turtlesim/images/galactic.png
[5.754s] -- Up-to-date: /home/mustache/ros2_ws/install/turtlesim/share/turtlesim/images/humble.png
[5.755s] -- Up-to-date: /home/mustache/ros2_ws/install/turtlesim/share/turtlesim/images/foxy.png
[5.755s] -- Up-to-date: /home/mustache/ros2_ws/install/turtlesim/share/turtlesim/images/rolling.png
[5.757s] -- Up-to-date: /home/mustache/ros2_ws/install/turtlesim/share/turtlesim/images/bouncy.png
[5.758s] -- Up-to-date: /home/mustache/ros2_ws/install/turtlesim/share/turtlesim/images/eloquent.png
[5.759s] -- Up-to-date: /home/mustache/ros2_ws/install/turtlesim/share/turtlesim/images/dashing.png
[5.759s] -- Up-to-date: /home/mustache/ros2_ws/install/turtlesim/share/turtlesim/launch
[5.759s] -- Up-to-date: /home/mustache/ros2_ws/install/turtlesim/share/turtlesim/launch/multisim.launch.py
[5.760s] -- Up-to-date: /home/mustache/ros2_ws/install/turtlesim/share/ament_index/resource_index/package_run_dependencies/turtlesim
[5.760s] -- Up-to-date: /home/mustache/ros2_ws/install/turtlesim/share/ament_index/resource_index/parent_prefix_path/turtlesim
[5.761s] -- Up-to-date: /home/mustache/ros2_ws/install/turtlesim/share/turtlesim/environment/ament_prefix_path.sh
[5.761s] -- Up-to-date: /home/mustache/ros2_ws/install/turtlesim/share/turtlesim/environment/ament_prefix_path.dsv
[5.762s] -- Up-to-date: /home/mustache/ros2_ws/install/turtlesim/share/turtlesim/environment/path.sh
[5.762s] -- Up-to-date: /home/mustache/ros2_ws/install/turtlesim/share/turtlesim/environment/path.dsv
[5.762s] -- Up-to-date: /home/mustache/ros2_ws/install/turtlesim/share/turtlesim/local_setup.bash
[5.763s] -- Up-to-date: /home/mustache/ros2_ws/install/turtlesim/share/turtlesim/local_setup.sh
[5.763s] -- Up-to-date: /home/mustache/ros2_ws/install/turtlesim/share/turtlesim/local_setup.zsh
[5.764s] -- Up-to-date: /home/mustache/ros2_ws/install/turtlesim/share/turtlesim/local_setup.dsv
[5.764s] -- Installing: /home/mustache/ros2_ws/install/turtlesim/share/turtlesim/package.dsv
[5.764s] -- Up-to-date: /home/mustache/ros2_ws/install/turtlesim/share/ament_index/resource_index/packages/turtlesim
[5.765s] -- Up-to-date: /home/mustache/ros2_ws/install/turtlesim/share/turtlesim/cmake/export_turtlesim__rosidl_generator_cExport.cmake
[5.765s] -- Up-to-date: /home/mustache/ros2_ws/install/turtlesim/share/turtlesim/cmake/export_turtlesim__rosidl_generator_cExport-noconfig.cmake
[5.766s] -- Up-to-date: /home/mustache/ros2_ws/install/turtlesim/share/turtlesim/cmake/export_turtlesim__rosidl_typesupport_fastrtps_cExport.cmake
[5.766s] -- Up-to-date: /home/mustache/ros2_ws/install/turtlesim/share/turtlesim/cmake/export_turtlesim__rosidl_typesupport_fastrtps_cExport-noconfig.cmake
[5.766s] -- Up-to-date: /home/mustache/ros2_ws/install/turtlesim/share/turtlesim/cmake/export_turtlesim__rosidl_generator_cppExport.cmake
[5.767s] -- Up-to-date: /home/mustache/ros2_ws/install/turtlesim/share/turtlesim/cmake/export_turtlesim__rosidl_typesupport_fastrtps_cppExport.cmake
[5.767s] -- Up-to-date: /home/mustache/ros2_ws/install/turtlesim/share/turtlesim/cmake/export_turtlesim__rosidl_typesupport_fastrtps_cppExport-noconfig.cmake
[5.768s] -- Up-to-date: /home/mustache/ros2_ws/install/turtlesim/share/turtlesim/cmake/turtlesim__rosidl_typesupport_introspection_cExport.cmake
[5.768s] -- Up-to-date: /home/mustache/ros2_ws/install/turtlesim/share/turtlesim/cmake/turtlesim__rosidl_typesupport_introspection_cExport-noconfig.cmake
[5.769s] -- Up-to-date: /home/mustache/ros2_ws/install/turtlesim/share/turtlesim/cmake/turtlesim__rosidl_typesupport_cExport.cmake
[5.769s] -- Up-to-date: /home/mustache/ros2_ws/install/turtlesim/share/turtlesim/cmake/turtlesim__rosidl_typesupport_cExport-noconfig.cmake
[5.770s] -- Up-to-date: /home/mustache/ros2_ws/install/turtlesim/share/turtlesim/cmake/turtlesim__rosidl_typesupport_introspection_cppExport.cmake
[5.770s] -- Up-to-date: /home/mustache/ros2_ws/install/turtlesim/share/turtlesim/cmake/turtlesim__rosidl_typesupport_introspection_cppExport-noconfig.cmake
[5.771s] -- Up-to-date: /home/mustache/ros2_ws/install/turtlesim/share/turtlesim/cmake/turtlesim__rosidl_typesupport_cppExport.cmake
[5.772s] -- Up-to-date: /home/mustache/ros2_ws/install/turtlesim/share/turtlesim/cmake/turtlesim__rosidl_typesupport_cppExport-noconfig.cmake
[5.773s] -- Up-to-date: /home/mustache/ros2_ws/install/turtlesim/share/turtlesim/cmake/export_turtlesim__rosidl_generator_pyExport.cmake
[5.773s] -- Up-to-date: /home/mustache/ros2_ws/install/turtlesim/share/turtlesim/cmake/export_turtlesim__rosidl_generator_pyExport-noconfig.cmake
[5.774s] -- Up-to-date: /home/mustache/ros2_ws/install/turtlesim/share/turtlesim/cmake/rosidl_cmake-extras.cmake
[5.774s] -- Up-to-date: /home/mustache/ros2_ws/install/turtlesim/share/turtlesim/cmake/ament_cmake_export_dependencies-extras.cmake
[5.774s] -- Up-to-date: /home/mustache/ros2_ws/install/turtlesim/share/turtlesim/cmake/ament_cmake_export_include_directories-extras.cmake
[5.775s] -- Up-to-date: /home/mustache/ros2_ws/install/turtlesim/share/turtlesim/cmake/ament_cmake_export_libraries-extras.cmake
[5.775s] -- Up-to-date: /home/mustache/ros2_ws/install/turtlesim/share/turtlesim/cmake/ament_cmake_export_targets-extras.cmake
[5.776s] -- Up-to-date: /home/mustache/ros2_ws/install/turtlesim/share/turtlesim/cmake/rosidl_cmake_export_typesupport_targets-extras.cmake
[5.776s] -- Up-to-date: /home/mustache/ros2_ws/install/turtlesim/share/turtlesim/cmake/rosidl_cmake_export_typesupport_libraries-extras.cmake
[5.777s] -- Up-to-date: /home/mustache/ros2_ws/install/turtlesim/share/turtlesim/cmake/turtlesimConfig.cmake
[5.778s] -- Up-to-date: /home/mustache/ros2_ws/install/turtlesim/share/turtlesim/cmake/turtlesimConfig-version.cmake
[5.778s] -- Up-to-date: /home/mustache/ros2_ws/install/turtlesim/share/turtlesim/package.xml
[5.786s] Invoked command in '/home/mustache/ros2_ws/build/turtlesim' returned '0': CMAKE_PREFIX_PATH=/opt/ros/humble /usr/bin/cmake --install /home/mustache/ros2_ws/build/turtlesim
