[3.115s] Invoking command in '/home/mustache/ros2_ws/src/blackjack': PYTHONPATH=/home/mustache/ros2_ws/src/build/blackjack/prefix_override:/home/mustache/ros2_ws/src/install/blackjack/lib/python3.10/site-packages:${PYTHONPATH} /usr/bin/python3 -W ignore:setup.py install is deprecated setup.py egg_info --egg-base ../build/blackjack build --build-base /home/mustache/ros2_ws/src/build/blackjack/build install --record /home/mustache/ros2_ws/src/build/blackjack/install.log --single-version-externally-managed install_data
[4.408s] running egg_info
[4.410s] creating ../build/blackjack/blackjack.egg-info
[4.411s] writing ../build/blackjack/blackjack.egg-info/PKG-INFO
[4.412s] writing dependency_links to ../build/blackjack/blackjack.egg-info/dependency_links.txt
[4.412s] writing entry points to ../build/blackjack/blackjack.egg-info/entry_points.txt
[4.413s] writing requirements to ../build/blackjack/blackjack.egg-info/requires.txt
[4.414s] writing top-level names to ../build/blackjack/blackjack.egg-info/top_level.txt
[4.414s] writing manifest file '../build/blackjack/blackjack.egg-info/SOURCES.txt'
[4.423s] reading manifest file '../build/blackjack/blackjack.egg-info/SOURCES.txt'
[4.426s] writing manifest file '../build/blackjack/blackjack.egg-info/SOURCES.txt'
[4.427s] running build
[4.427s] running build_py
[4.428s] creating /home/mustache/ros2_ws/src/build/blackjack/build
[4.429s] creating /home/mustache/ros2_ws/src/build/blackjack/build/lib
[4.429s] creating /home/mustache/ros2_ws/src/build/blackjack/build/lib/blackjack
[4.429s] copying blackjack/motor_control.py -> /home/mustache/ros2_ws/src/build/blackjack/build/lib/blackjack
[4.430s] copying blackjack/app_multithread.py -> /home/mustache/ros2_ws/src/build/blackjack/build/lib/blackjack
[4.430s] copying blackjack/__init__.py -> /home/mustache/ros2_ws/src/build/blackjack/build/lib/blackjack
[4.431s] creating /home/mustache/ros2_ws/src/build/blackjack/build/lib/blackjack/model
[4.432s] copying blackjack/model/__init__.py -> /home/mustache/ros2_ws/src/build/blackjack/build/lib/blackjack/model
[4.434s] creating /home/mustache/ros2_ws/src/build/blackjack/build/lib/blackjack/utils
[4.434s] copying blackjack/utils/__init__.py -> /home/mustache/ros2_ws/src/build/blackjack/build/lib/blackjack/utils
[4.435s] copying blackjack/utils/cvfpscalc.py -> /home/mustache/ros2_ws/src/build/blackjack/build/lib/blackjack/utils
[4.438s] running install
[4.439s] running install_lib
[4.443s] creating /home/mustache/ros2_ws/src/install/blackjack/lib/python3.10/site-packages/blackjack
[4.456s] copying /home/mustache/ros2_ws/src/build/blackjack/build/lib/blackjack/motor_control.py -> /home/mustache/ros2_ws/src/install/blackjack/lib/python3.10/site-packages/blackjack
[4.457s] creating /home/mustache/ros2_ws/src/install/blackjack/lib/python3.10/site-packages/blackjack/model
[4.458s] copying /home/mustache/ros2_ws/src/build/blackjack/build/lib/blackjack/model/__init__.py -> /home/mustache/ros2_ws/src/install/blackjack/lib/python3.10/site-packages/blackjack/model
[4.459s] creating /home/mustache/ros2_ws/src/install/blackjack/lib/python3.10/site-packages/blackjack/utils
[4.466s] copying /home/mustache/ros2_ws/src/build/blackjack/build/lib/blackjack/utils/__init__.py -> /home/mustache/ros2_ws/src/install/blackjack/lib/python3.10/site-packages/blackjack/utils
[4.466s] copying /home/mustache/ros2_ws/src/build/blackjack/build/lib/blackjack/utils/cvfpscalc.py -> /home/mustache/ros2_ws/src/install/blackjack/lib/python3.10/site-packages/blackjack/utils
[4.466s] copying /home/mustache/ros2_ws/src/build/blackjack/build/lib/blackjack/app_multithread.py -> /home/mustache/ros2_ws/src/install/blackjack/lib/python3.10/site-packages/blackjack
[4.467s] copying /home/mustache/ros2_ws/src/build/blackjack/build/lib/blackjack/__init__.py -> /home/mustache/ros2_ws/src/install/blackjack/lib/python3.10/site-packages/blackjack
[4.467s] byte-compiling /home/mustache/ros2_ws/src/install/blackjack/lib/python3.10/site-packages/blackjack/motor_control.py to motor_control.cpython-310.pyc
[4.469s] byte-compiling /home/mustache/ros2_ws/src/install/blackjack/lib/python3.10/site-packages/blackjack/model/__init__.py to __init__.cpython-310.pyc
[4.470s] byte-compiling /home/mustache/ros2_ws/src/install/blackjack/lib/python3.10/site-packages/blackjack/utils/__init__.py to __init__.cpython-310.pyc
[4.472s] byte-compiling /home/mustache/ros2_ws/src/install/blackjack/lib/python3.10/site-packages/blackjack/utils/cvfpscalc.py to cvfpscalc.cpython-310.pyc
[4.474s] byte-compiling /home/mustache/ros2_ws/src/install/blackjack/lib/python3.10/site-packages/blackjack/app_multithread.py to app_multithread.cpython-310.pyc
[4.493s] byte-compiling /home/mustache/ros2_ws/src/install/blackjack/lib/python3.10/site-packages/blackjack/__init__.py to __init__.cpython-310.pyc
[4.493s] running install_data
[4.494s] creating /home/mustache/ros2_ws/src/install/blackjack/share/ament_index
[4.495s] creating /home/mustache/ros2_ws/src/install/blackjack/share/ament_index/resource_index
[4.495s] creating /home/mustache/ros2_ws/src/install/blackjack/share/ament_index/resource_index/packages
[4.495s] copying resource/blackjack -> /home/mustache/ros2_ws/src/install/blackjack/share/ament_index/resource_index/packages
[4.496s] copying package.xml -> /home/mustache/ros2_ws/src/install/blackjack/share/blackjack
[4.496s] creating /home/mustache/ros2_ws/src/install/blackjack/share/blackjack/launch
[4.497s] copying launch/blackjack_launch.py -> /home/mustache/ros2_ws/src/install/blackjack/share/blackjack/launch
[4.498s] running install_egg_info
[4.505s] Copying ../build/blackjack/blackjack.egg-info to /home/mustache/ros2_ws/src/install/blackjack/lib/python3.10/site-packages/blackjack-0.0.0-py3.10.egg-info
[4.511s] running install_scripts
[4.591s] Installing listener script to /home/mustache/ros2_ws/src/install/blackjack/lib/blackjack
[4.592s] Installing talker script to /home/mustache/ros2_ws/src/install/blackjack/lib/blackjack
[4.595s] writing list of installed files to '/home/mustache/ros2_ws/src/build/blackjack/install.log'
[4.729s] Invoked command in '/home/mustache/ros2_ws/src/blackjack' returned '0': PYTHONPATH=/home/mustache/ros2_ws/src/build/blackjack/prefix_override:/home/mustache/ros2_ws/src/install/blackjack/lib/python3.10/site-packages:${PYTHONPATH} /usr/bin/python3 -W ignore:setup.py install is deprecated setup.py egg_info --egg-base ../build/blackjack build --build-base /home/mustache/ros2_ws/src/build/blackjack/build install --record /home/mustache/ros2_ws/src/build/blackjack/install.log --single-version-externally-managed install_data
