running egg_info
creating build/blackjack/blackjack.egg-info
writing build/blackjack/blackjack.egg-info/PKG-INFO
writing dependency_links to build/blackjack/blackjack.egg-info/dependency_links.txt
writing entry points to build/blackjack/blackjack.egg-info/entry_points.txt
writing requirements to build/blackjack/blackjack.egg-info/requires.txt
writing top-level names to build/blackjack/blackjack.egg-info/top_level.txt
writing manifest file 'build/blackjack/blackjack.egg-info/SOURCES.txt'
reading manifest file 'build/blackjack/blackjack.egg-info/SOURCES.txt'
writing manifest file 'build/blackjack/blackjack.egg-info/SOURCES.txt'
running build
running build_py
creating /home/mustache/ros2_ws/src/blackjack/build/blackjack/build
creating /home/mustache/ros2_ws/src/blackjack/build/blackjack/build/lib
creating /home/mustache/ros2_ws/src/blackjack/build/blackjack/build/lib/blackjack
copying blackjack/motor_control.py -> /home/mustache/ros2_ws/src/blackjack/build/blackjack/build/lib/blackjack
copying blackjack/app_multithread.py -> /home/mustache/ros2_ws/src/blackjack/build/blackjack/build/lib/blackjack
copying blackjack/__init__.py -> /home/mustache/ros2_ws/src/blackjack/build/blackjack/build/lib/blackjack
copying blackjack/I2C_LCD_driver.py -> /home/mustache/ros2_ws/src/blackjack/build/blackjack/build/lib/blackjack
creating /home/mustache/ros2_ws/src/blackjack/build/blackjack/build/lib/blackjack/model
copying blackjack/model/__init__.py -> /home/mustache/ros2_ws/src/blackjack/build/blackjack/build/lib/blackjack/model
creating /home/mustache/ros2_ws/src/blackjack/build/blackjack/build/lib/blackjack/utils
copying blackjack/utils/__init__.py -> /home/mustache/ros2_ws/src/blackjack/build/blackjack/build/lib/blackjack/utils
copying blackjack/utils/cvfpscalc.py -> /home/mustache/ros2_ws/src/blackjack/build/blackjack/build/lib/blackjack/utils
running install
running install_lib
creating /home/mustache/ros2_ws/src/blackjack/install/blackjack/lib/python3.10/site-packages/blackjack
copying /home/mustache/ros2_ws/src/blackjack/build/blackjack/build/lib/blackjack/motor_control.py -> /home/mustache/ros2_ws/src/blackjack/install/blackjack/lib/python3.10/site-packages/blackjack
creating /home/mustache/ros2_ws/src/blackjack/install/blackjack/lib/python3.10/site-packages/blackjack/model
copying /home/mustache/ros2_ws/src/blackjack/build/blackjack/build/lib/blackjack/model/__init__.py -> /home/mustache/ros2_ws/src/blackjack/install/blackjack/lib/python3.10/site-packages/blackjack/model
creating /home/mustache/ros2_ws/src/blackjack/install/blackjack/lib/python3.10/site-packages/blackjack/utils
copying /home/mustache/ros2_ws/src/blackjack/build/blackjack/build/lib/blackjack/utils/__init__.py -> /home/mustache/ros2_ws/src/blackjack/install/blackjack/lib/python3.10/site-packages/blackjack/utils
copying /home/mustache/ros2_ws/src/blackjack/build/blackjack/build/lib/blackjack/utils/cvfpscalc.py -> /home/mustache/ros2_ws/src/blackjack/install/blackjack/lib/python3.10/site-packages/blackjack/utils
copying /home/mustache/ros2_ws/src/blackjack/build/blackjack/build/lib/blackjack/app_multithread.py -> /home/mustache/ros2_ws/src/blackjack/install/blackjack/lib/python3.10/site-packages/blackjack
copying /home/mustache/ros2_ws/src/blackjack/build/blackjack/build/lib/blackjack/__init__.py -> /home/mustache/ros2_ws/src/blackjack/install/blackjack/lib/python3.10/site-packages/blackjack
copying /home/mustache/ros2_ws/src/blackjack/build/blackjack/build/lib/blackjack/I2C_LCD_driver.py -> /home/mustache/ros2_ws/src/blackjack/install/blackjack/lib/python3.10/site-packages/blackjack
byte-compiling /home/mustache/ros2_ws/src/blackjack/install/blackjack/lib/python3.10/site-packages/blackjack/motor_control.py to motor_control.cpython-310.pyc
byte-compiling /home/mustache/ros2_ws/src/blackjack/install/blackjack/lib/python3.10/site-packages/blackjack/model/__init__.py to __init__.cpython-310.pyc
byte-compiling /home/mustache/ros2_ws/src/blackjack/install/blackjack/lib/python3.10/site-packages/blackjack/utils/__init__.py to __init__.cpython-310.pyc
byte-compiling /home/mustache/ros2_ws/src/blackjack/install/blackjack/lib/python3.10/site-packages/blackjack/utils/cvfpscalc.py to cvfpscalc.cpython-310.pyc
byte-compiling /home/mustache/ros2_ws/src/blackjack/install/blackjack/lib/python3.10/site-packages/blackjack/app_multithread.py to app_multithread.cpython-310.pyc
byte-compiling /home/mustache/ros2_ws/src/blackjack/install/blackjack/lib/python3.10/site-packages/blackjack/__init__.py to __init__.cpython-310.pyc
byte-compiling /home/mustache/ros2_ws/src/blackjack/install/blackjack/lib/python3.10/site-packages/blackjack/I2C_LCD_driver.py to I2C_LCD_driver.cpython-310.pyc
running install_data
creating /home/mustache/ros2_ws/src/blackjack/install/blackjack/share/ament_index
creating /home/mustache/ros2_ws/src/blackjack/install/blackjack/share/ament_index/resource_index
creating /home/mustache/ros2_ws/src/blackjack/install/blackjack/share/ament_index/resource_index/packages
copying resource/blackjack -> /home/mustache/ros2_ws/src/blackjack/install/blackjack/share/ament_index/resource_index/packages
copying package.xml -> /home/mustache/ros2_ws/src/blackjack/install/blackjack/share/blackjack
creating /home/mustache/ros2_ws/src/blackjack/install/blackjack/share/blackjack/launch
copying launch/blackjack_launch.py -> /home/mustache/ros2_ws/src/blackjack/install/blackjack/share/blackjack/launch
running install_egg_info
Copying build/blackjack/blackjack.egg-info to /home/mustache/ros2_ws/src/blackjack/install/blackjack/lib/python3.10/site-packages/blackjack-0.0.0-py3.10.egg-info
running install_scripts
Installing listener script to /home/mustache/ros2_ws/src/blackjack/install/blackjack/lib/blackjack
Installing talker script to /home/mustache/ros2_ws/src/blackjack/install/blackjack/lib/blackjack
writing list of installed files to '/home/mustache/ros2_ws/src/blackjack/build/blackjack/install.log'
