[3.236s] Invoking command in '/home/mustache/ros2_ws/src/blackjack': PYTHONPATH=/home/mustache/ros2_ws/src/blackjack/build/blackjack/prefix_override:/home/mustache/ros2_ws/src/blackjack/install/blackjack/lib/python3.10/site-packages:${PYTHONPATH} /usr/bin/python3 -W ignore:setup.py install is deprecated setup.py egg_info --egg-base build/blackjack build --build-base /home/mustache/ros2_ws/src/blackjack/build/blackjack/build install --record /home/mustache/ros2_ws/src/blackjack/build/blackjack/install.log --single-version-externally-managed install_data
[4.459s] running egg_info
[4.462s] creating build/blackjack/blackjack.egg-info
[4.463s] writing build/blackjack/blackjack.egg-info/PKG-INFO
[4.465s] writing dependency_links to build/blackjack/blackjack.egg-info/dependency_links.txt
[4.465s] writing entry points to build/blackjack/blackjack.egg-info/entry_points.txt
[4.466s] writing requirements to build/blackjack/blackjack.egg-info/requires.txt
[4.466s] writing top-level names to build/blackjack/blackjack.egg-info/top_level.txt
[4.467s] writing manifest file 'build/blackjack/blackjack.egg-info/SOURCES.txt'
[4.476s] reading manifest file 'build/blackjack/blackjack.egg-info/SOURCES.txt'
[4.479s] writing manifest file 'build/blackjack/blackjack.egg-info/SOURCES.txt'
[4.479s] running build
[4.480s] running build_py
[4.481s] creating /home/mustache/ros2_ws/src/blackjack/build/blackjack/build
[4.481s] creating /home/mustache/ros2_ws/src/blackjack/build/blackjack/build/lib
[4.481s] creating /home/mustache/ros2_ws/src/blackjack/build/blackjack/build/lib/blackjack
[4.482s] copying blackjack/motor_control.py -> /home/mustache/ros2_ws/src/blackjack/build/blackjack/build/lib/blackjack
[4.482s] copying blackjack/app_multithread.py -> /home/mustache/ros2_ws/src/blackjack/build/blackjack/build/lib/blackjack
[4.483s] copying blackjack/__init__.py -> /home/mustache/ros2_ws/src/blackjack/build/blackjack/build/lib/blackjack
[4.484s] copying blackjack/I2C_LCD_driver.py -> /home/mustache/ros2_ws/src/blackjack/build/blackjack/build/lib/blackjack
[4.485s] creating /home/mustache/ros2_ws/src/blackjack/build/blackjack/build/lib/blackjack/model
[4.485s] copying blackjack/model/__init__.py -> /home/mustache/ros2_ws/src/blackjack/build/blackjack/build/lib/blackjack/model
[4.487s] creating /home/mustache/ros2_ws/src/blackjack/build/blackjack/build/lib/blackjack/utils
[4.488s] copying blackjack/utils/__init__.py -> /home/mustache/ros2_ws/src/blackjack/build/blackjack/build/lib/blackjack/utils
[4.489s] copying blackjack/utils/cvfpscalc.py -> /home/mustache/ros2_ws/src/blackjack/build/blackjack/build/lib/blackjack/utils
[4.491s] running install
[4.492s] running install_lib
[4.497s] creating /home/mustache/ros2_ws/src/blackjack/install/blackjack/lib/python3.10/site-packages/blackjack
[4.497s] copying /home/mustache/ros2_ws/src/blackjack/build/blackjack/build/lib/blackjack/motor_control.py -> /home/mustache/ros2_ws/src/blackjack/install/blackjack/lib/python3.10/site-packages/blackjack
[4.498s] creating /home/mustache/ros2_ws/src/blackjack/install/blackjack/lib/python3.10/site-packages/blackjack/model
[4.498s] copying /home/mustache/ros2_ws/src/blackjack/build/blackjack/build/lib/blackjack/model/__init__.py -> /home/mustache/ros2_ws/src/blackjack/install/blackjack/lib/python3.10/site-packages/blackjack/model
[4.499s] creating /home/mustache/ros2_ws/src/blackjack/install/blackjack/lib/python3.10/site-packages/blackjack/utils
[4.500s] copying /home/mustache/ros2_ws/src/blackjack/build/blackjack/build/lib/blackjack/utils/__init__.py -> /home/mustache/ros2_ws/src/blackjack/install/blackjack/lib/python3.10/site-packages/blackjack/utils
[4.500s] copying /home/mustache/ros2_ws/src/blackjack/build/blackjack/build/lib/blackjack/utils/cvfpscalc.py -> /home/mustache/ros2_ws/src/blackjack/install/blackjack/lib/python3.10/site-packages/blackjack/utils
[4.501s] copying /home/mustache/ros2_ws/src/blackjack/build/blackjack/build/lib/blackjack/app_multithread.py -> /home/mustache/ros2_ws/src/blackjack/install/blackjack/lib/python3.10/site-packages/blackjack
[4.502s] copying /home/mustache/ros2_ws/src/blackjack/build/blackjack/build/lib/blackjack/__init__.py -> /home/mustache/ros2_ws/src/blackjack/install/blackjack/lib/python3.10/site-packages/blackjack
[4.503s] copying /home/mustache/ros2_ws/src/blackjack/build/blackjack/build/lib/blackjack/I2C_LCD_driver.py -> /home/mustache/ros2_ws/src/blackjack/install/blackjack/lib/python3.10/site-packages/blackjack
[4.506s] byte-compiling /home/mustache/ros2_ws/src/blackjack/install/blackjack/lib/python3.10/site-packages/blackjack/motor_control.py to motor_control.cpython-310.pyc
[4.508s]   File "/home/mustache/ros2_ws/src/blackjack/install/blackjack/lib/python3.10/site-packages/blackjack/motor_control.py", line 53
[4.509s]     if location >= current_location AND (location-current_location) < 100:
[4.509s]                                     ^^^
[4.509s] SyntaxError: invalid syntax
[4.510s] 
[4.510s] byte-compiling /home/mustache/ros2_ws/src/blackjack/install/blackjack/lib/python3.10/site-packages/blackjack/model/__init__.py to __init__.cpython-310.pyc
[4.511s] byte-compiling /home/mustache/ros2_ws/src/blackjack/install/blackjack/lib/python3.10/site-packages/blackjack/utils/__init__.py to __init__.cpython-310.pyc
[4.511s] byte-compiling /home/mustache/ros2_ws/src/blackjack/install/blackjack/lib/python3.10/site-packages/blackjack/utils/cvfpscalc.py to cvfpscalc.cpython-310.pyc
[4.513s] byte-compiling /home/mustache/ros2_ws/src/blackjack/install/blackjack/lib/python3.10/site-packages/blackjack/app_multithread.py to app_multithread.cpython-310.pyc
[4.532s] byte-compiling /home/mustache/ros2_ws/src/blackjack/install/blackjack/lib/python3.10/site-packages/blackjack/__init__.py to __init__.cpython-310.pyc
[4.533s] byte-compiling /home/mustache/ros2_ws/src/blackjack/install/blackjack/lib/python3.10/site-packages/blackjack/I2C_LCD_driver.py to I2C_LCD_driver.cpython-310.pyc
[4.542s]   File "/home/mustache/ros2_ws/src/blackjack/install/blackjack/lib/python3.10/site-packages/blackjack/I2C_LCD_driver.py", line 466
[4.543s]     self.lcd_write_char(line)l char positioning
[4.543s]                              ^
[4.544s] SyntaxError: invalid syntax
[4.544s] 
[4.544s] running install_data
[4.545s] creating /home/mustache/ros2_ws/src/blackjack/install/blackjack/share/ament_index
[4.545s] creating /home/mustache/ros2_ws/src/blackjack/install/blackjack/share/ament_index/resource_index
[4.546s] creating /home/mustache/ros2_ws/src/blackjack/install/blackjack/share/ament_index/resource_index/packages
[4.546s] copying resource/blackjack -> /home/mustache/ros2_ws/src/blackjack/install/blackjack/share/ament_index/resource_index/packages
[4.546s] copying package.xml -> /home/mustache/ros2_ws/src/blackjack/install/blackjack/share/blackjack
[4.547s] creating /home/mustache/ros2_ws/src/blackjack/install/blackjack/share/blackjack/launch
[4.547s] copying launch/blackjack_launch.py -> /home/mustache/ros2_ws/src/blackjack/install/blackjack/share/blackjack/launch
[4.547s] running install_egg_info
[4.554s] Copying build/blackjack/blackjack.egg-info to /home/mustache/ros2_ws/src/blackjack/install/blackjack/lib/python3.10/site-packages/blackjack-0.0.0-py3.10.egg-info
[4.561s] running install_scripts
[4.640s] Installing listener script to /home/mustache/ros2_ws/src/blackjack/install/blackjack/lib/blackjack
[4.641s] Installing talker script to /home/mustache/ros2_ws/src/blackjack/install/blackjack/lib/blackjack
[4.643s] writing list of installed files to '/home/mustache/ros2_ws/src/blackjack/build/blackjack/install.log'
[4.773s] Invoked command in '/home/mustache/ros2_ws/src/blackjack' returned '0': PYTHONPATH=/home/mustache/ros2_ws/src/blackjack/build/blackjack/prefix_override:/home/mustache/ros2_ws/src/blackjack/install/blackjack/lib/python3.10/site-packages:${PYTHONPATH} /usr/bin/python3 -W ignore:setup.py install is deprecated setup.py egg_info --egg-base build/blackjack build --build-base /home/mustache/ros2_ws/src/blackjack/build/blackjack/build install --record /home/mustache/ros2_ws/src/blackjack/build/blackjack/install.log --single-version-externally-managed install_data
