[0.000000] (-) TimerEvent: {}
[0.001505] (-) JobUnselected: {'identifier': 'py_pubsub'}
[0.002082] (-) JobUnselected: {'identifier': 'turtlesim'}
[0.002178] (blackjack) JobQueued: {'identifier': 'blackjack', 'dependencies': OrderedDict()}
[0.002266] (blackjack) JobStarted: {'identifier': 'blackjack'}
[0.098877] (-) TimerEvent: {}
[0.199501] (-) TimerEvent: {}
[0.300137] (-) TimerEvent: {}
[0.401241] (-) TimerEvent: {}
[0.501990] (-) TimerEvent: {}
[0.602598] (-) TimerEvent: {}
[0.703206] (-) TimerEvent: {}
[0.803842] (-) TimerEvent: {}
[0.904432] (-) TimerEvent: {}
[1.005044] (-) TimerEvent: {}
[1.105975] (-) TimerEvent: {}
[1.206635] (-) TimerEvent: {}
[1.307434] (-) TimerEvent: {}
[1.373670] (blackjack) StderrLine: {'line': b'Traceback (most recent call last):\n  File "/usr/lib/python3/dist-packages/colcon_core/executor/__init__.py", line 91, in __call__\n    rc = await self.task(*args, **kwargs)\n  File "/usr/lib/python3/dist-packages/colcon_core/task/__init__.py", line 93, in __call__\n    return await task_method(*args, **kwargs)\n  File "/usr/lib/python3/dist-packages/colcon_ros/task/ament_python/build.py", line 54, in build\n    data_files = get_data_files_mapping(\n  File "/usr/lib/python3/dist-packages/colcon_core/task/python/__init__.py", line 36, in get_data_files_mapping\n    assert len(data_file) == 2\nAssertionError\n'}
[1.375374] (blackjack) JobEnded: {'identifier': 'blackjack', 'rc': 1}
[1.385114] (-) EventReactorShutdown: {}
