running egg_info
writing ../build/blackjack/blackjack.egg-info/PKG-INFO
writing dependency_links to ../build/blackjack/blackjack.egg-info/dependency_links.txt
writing entry points to ../build/blackjack/blackjack.egg-info/entry_points.txt
writing requirements to ../build/blackjack/blackjack.egg-info/requires.txt
writing top-level names to ../build/blackjack/blackjack.egg-info/top_level.txt
reading manifest file '../build/blackjack/blackjack.egg-info/SOURCES.txt'
writing manifest file '../build/blackjack/blackjack.egg-info/SOURCES.txt'
running build
running build_py
copying blackjack/motor_control.py -> /home/mustache/ros2_ws/src/build/blackjack/build/lib/blackjack
copying blackjack/app_multithread.py -> /home/mustache/ros2_ws/src/build/blackjack/build/lib/blackjack
copying blackjack/I2C_LCD_driver.py -> /home/mustache/ros2_ws/src/build/blackjack/build/lib/blackjack
running install
running install_lib
copying /home/mustache/ros2_ws/src/build/blackjack/build/lib/blackjack/motor_control.py -> /home/mustache/ros2_ws/src/install/blackjack/lib/python3.10/site-packages/blackjack
copying /home/mustache/ros2_ws/src/build/blackjack/build/lib/blackjack/app_multithread.py -> /home/mustache/ros2_ws/src/install/blackjack/lib/python3.10/site-packages/blackjack
copying /home/mustache/ros2_ws/src/build/blackjack/build/lib/blackjack/I2C_LCD_driver.py -> /home/mustache/ros2_ws/src/install/blackjack/lib/python3.10/site-packages/blackjack
byte-compiling /home/mustache/ros2_ws/src/install/blackjack/lib/python3.10/site-packages/blackjack/motor_control.py to motor_control.cpython-310.pyc
byte-compiling /home/mustache/ros2_ws/src/install/blackjack/lib/python3.10/site-packages/blackjack/app_multithread.py to app_multithread.cpython-310.pyc
byte-compiling /home/mustache/ros2_ws/src/install/blackjack/lib/python3.10/site-packages/blackjack/I2C_LCD_driver.py to I2C_LCD_driver.cpython-310.pyc
running install_data
running install_egg_info
removing '/home/mustache/ros2_ws/src/install/blackjack/lib/python3.10/site-packages/blackjack-0.0.0-py3.10.egg-info' (and everything under it)
Copying ../build/blackjack/blackjack.egg-info to /home/mustache/ros2_ws/src/install/blackjack/lib/python3.10/site-packages/blackjack-0.0.0-py3.10.egg-info
running install_scripts
Installing listener script to /home/mustache/ros2_ws/src/install/blackjack/lib/blackjack
Installing talker script to /home/mustache/ros2_ws/src/install/blackjack/lib/blackjack
writing list of installed files to '/home/mustache/ros2_ws/src/build/blackjack/install.log'
