[3.012s] Invoking command in '/home/mustache/ros2_ws/src/blackjack': PYTHONPATH=/home/mustache/ros2_ws/src/build/blackjack/prefix_override:/home/mustache/ros2_ws/src/install/blackjack/lib/python3.10/site-packages:${PYTHONPATH} /usr/bin/python3 -W ignore:setup.py install is deprecated setup.py egg_info --egg-base ../build/blackjack build --build-base /home/mustache/ros2_ws/src/build/blackjack/build install --record /home/mustache/ros2_ws/src/build/blackjack/install.log --single-version-externally-managed install_data
[4.236s] running egg_info
[4.239s] writing ../build/blackjack/blackjack.egg-info/PKG-INFO
[4.242s] writing dependency_links to ../build/blackjack/blackjack.egg-info/dependency_links.txt
[4.243s] writing entry points to ../build/blackjack/blackjack.egg-info/entry_points.txt
[4.243s] writing requirements to ../build/blackjack/blackjack.egg-info/requires.txt
[4.244s] writing top-level names to ../build/blackjack/blackjack.egg-info/top_level.txt
[4.254s] reading manifest file '../build/blackjack/blackjack.egg-info/SOURCES.txt'
[4.259s] writing manifest file '../build/blackjack/blackjack.egg-info/SOURCES.txt'
[4.259s] running build
[4.260s] running build_py
[4.263s] copying blackjack/motor_control.py -> /home/mustache/ros2_ws/src/build/blackjack/build/lib/blackjack
[4.264s] copying blackjack/app_multithread.py -> /home/mustache/ros2_ws/src/build/blackjack/build/lib/blackjack
[4.266s] copying blackjack/I2C_LCD_driver.py -> /home/mustache/ros2_ws/src/build/blackjack/build/lib/blackjack
[4.270s] running install
[4.272s] running install_lib
[4.276s] copying /home/mustache/ros2_ws/src/build/blackjack/build/lib/blackjack/motor_control.py -> /home/mustache/ros2_ws/src/install/blackjack/lib/python3.10/site-packages/blackjack
[4.279s] copying /home/mustache/ros2_ws/src/build/blackjack/build/lib/blackjack/app_multithread.py -> /home/mustache/ros2_ws/src/install/blackjack/lib/python3.10/site-packages/blackjack
[4.280s] copying /home/mustache/ros2_ws/src/build/blackjack/build/lib/blackjack/I2C_LCD_driver.py -> /home/mustache/ros2_ws/src/install/blackjack/lib/python3.10/site-packages/blackjack
[4.284s] byte-compiling /home/mustache/ros2_ws/src/install/blackjack/lib/python3.10/site-packages/blackjack/motor_control.py to motor_control.cpython-310.pyc
[4.286s]   File "/home/mustache/ros2_ws/src/install/blackjack/lib/python3.10/site-packages/blackjack/motor_control.py", line 53
[4.287s]     if location >= current_location AND (location-current_location) < 100:
[4.287s]                                     ^^^
[4.288s] SyntaxError: invalid syntax
[4.288s] 
[4.288s] byte-compiling /home/mustache/ros2_ws/src/install/blackjack/lib/python3.10/site-packages/blackjack/app_multithread.py to app_multithread.cpython-310.pyc
[4.306s] byte-compiling /home/mustache/ros2_ws/src/install/blackjack/lib/python3.10/site-packages/blackjack/I2C_LCD_driver.py to I2C_LCD_driver.cpython-310.pyc
[4.316s]   File "/home/mustache/ros2_ws/src/install/blackjack/lib/python3.10/site-packages/blackjack/I2C_LCD_driver.py", line 466
[4.316s]     self.lcd_write_char(line) char positioning
[4.317s]                               ^^^^
[4.317s] SyntaxError: invalid syntax
[4.317s] 
[4.318s] running install_data
[4.318s] running install_egg_info
[4.325s] removing '/home/mustache/ros2_ws/src/install/blackjack/lib/python3.10/site-packages/blackjack-0.0.0-py3.10.egg-info' (and everything under it)
[4.327s] Copying ../build/blackjack/blackjack.egg-info to /home/mustache/ros2_ws/src/install/blackjack/lib/python3.10/site-packages/blackjack-0.0.0-py3.10.egg-info
[4.333s] running install_scripts
[4.412s] Installing listener script to /home/mustache/ros2_ws/src/install/blackjack/lib/blackjack
[4.413s] Installing talker script to /home/mustache/ros2_ws/src/install/blackjack/lib/blackjack
[4.416s] writing list of installed files to '/home/mustache/ros2_ws/src/build/blackjack/install.log'
[4.545s] Invoked command in '/home/mustache/ros2_ws/src/blackjack' returned '0': PYTHONPATH=/home/mustache/ros2_ws/src/build/blackjack/prefix_override:/home/mustache/ros2_ws/src/install/blackjack/lib/python3.10/site-packages:${PYTHONPATH} /usr/bin/python3 -W ignore:setup.py install is deprecated setup.py egg_info --egg-base ../build/blackjack build --build-base /home/mustache/ros2_ws/src/build/blackjack/build install --record /home/mustache/ros2_ws/src/build/blackjack/install.log --single-version-externally-managed install_data
