[0.836s] DEBUG:colcon:Command line arguments: ['/usr/bin/colcon', 'build', '--packages-select', 'blackjack']
[0.837s] DEBUG:colcon:Parsed command line arguments: Namespace(log_base=None, log_level=None, verb_name='build', build_base='build', install_base='install', merge_install=False, symlink_install=False, test_result_base=None, continue_on_error=False, executor='parallel', parallel_workers=4, event_handlers=None, ignore_user_meta=False, metas=['./colcon.meta'], base_paths=['.'], packages_ignore=None, packages_ignore_regex=None, paths=None, packages_up_to=None, packages_up_to_regex=None, packages_above=None, packages_above_and_dependencies=None, packages_above_depth=None, packages_select_by_dep=None, packages_skip_by_dep=None, packages_skip_up_to=None, packages_select_build_failed=False, packages_skip_build_finished=False, packages_select_test_failures=False, packages_skip_test_passed=False, packages_select=['blackjack'], packages_skip=None, packages_select_regex=None, packages_skip_regex=None, packages_start=None, packages_end=None, allow_overriding=[], cmake_args=None, cmake_target=None, cmake_target_skip_unavailable=False, cmake_clean_cache=False, cmake_clean_first=False, cmake_force_configure=False, ament_cmake_args=None, catkin_cmake_args=None, catkin_skip_building_tests=False, mixin_files=None, mixin=None, verb_parser=<colcon_mixin.mixin.mixin_argument.MixinArgumentDecorator object at 0xffff872aa440>, verb_extension=<colcon_core.verb.build.BuildVerb object at 0xffff873caad0>, main=<bound method BuildVerb.main of <colcon_core.verb.build.BuildVerb object at 0xffff873caad0>>, mixin_verb=('build',))
[3.145s] Level 1:colcon.colcon_core.package_discovery:discover_packages(colcon_meta) check parameters
[3.152s] Level 1:colcon.colcon_core.package_discovery:discover_packages(recursive) check parameters
[3.153s] Level 1:colcon.colcon_core.package_discovery:discover_packages(ignore) check parameters
[3.153s] Level 1:colcon.colcon_core.package_discovery:discover_packages(path) check parameters
[3.153s] Level 1:colcon.colcon_core.package_discovery:discover_packages(colcon_meta) discover
[3.154s] Level 1:colcon.colcon_core.package_discovery:discover_packages(recursive) discover
[3.154s] INFO:colcon.colcon_core.package_discovery:Crawling recursively for packages in '/home/mustache/ros2_ws/src/blackjack'
[3.155s] Level 1:colcon.colcon_core.package_identification:_identify(.) by extensions ['ignore', 'ignore_ament_install']
[3.157s] Level 1:colcon.colcon_core.package_identification:_identify(.) by extension 'ignore'
[3.157s] Level 1:colcon.colcon_core.package_identification:_identify(.) by extension 'ignore_ament_install'
[3.158s] Level 1:colcon.colcon_core.package_identification:_identify(.) by extensions ['colcon_pkg']
[3.159s] Level 1:colcon.colcon_core.package_identification:_identify(.) by extension 'colcon_pkg'
[3.160s] Level 1:colcon.colcon_core.package_identification:_identify(.) by extensions ['colcon_meta']
[3.160s] Level 1:colcon.colcon_core.package_identification:_identify(.) by extension 'colcon_meta'
[3.161s] Level 1:colcon.colcon_core.package_identification:_identify(.) by extensions ['ros']
[3.162s] Level 1:colcon.colcon_core.package_identification:_identify(.) by extension 'ros'
[3.269s] DEBUG:colcon.colcon_core.package_identification:Package '.' with type 'ros.ament_python' and name 'blackjack'
[3.270s] Level 1:colcon.colcon_core.package_discovery:discover_packages(recursive) using defaults
[3.271s] Level 1:colcon.colcon_core.package_discovery:discover_packages(ignore) discover
[3.271s] Level 1:colcon.colcon_core.package_discovery:discover_packages(ignore) using defaults
[3.272s] Level 1:colcon.colcon_core.package_discovery:discover_packages(path) discover
[3.272s] Level 1:colcon.colcon_core.package_discovery:discover_packages(path) using defaults
[3.517s] Level 1:colcon.colcon_core.package_discovery:discover_packages(prefix_path) check parameters
[3.518s] Level 1:colcon.colcon_core.package_discovery:discover_packages(prefix_path) discover
[3.543s] DEBUG:colcon.colcon_installed_package_information.package_discovery:Found 4 installed packages in /home/mustache/ros2_ws/install
[3.554s] DEBUG:colcon.colcon_installed_package_information.package_discovery:Found 227 installed packages in /opt/ros/humble
[3.564s] Level 1:colcon.colcon_core.package_discovery:discover_packages(prefix_path) using defaults
[3.946s] Level 5:colcon.colcon_core.verb:set package 'blackjack' build argument 'cmake_args' from command line to 'None'
[3.947s] Level 5:colcon.colcon_core.verb:set package 'blackjack' build argument 'cmake_target' from command line to 'None'
[3.948s] Level 5:colcon.colcon_core.verb:set package 'blackjack' build argument 'cmake_target_skip_unavailable' from command line to 'False'
[3.948s] Level 5:colcon.colcon_core.verb:set package 'blackjack' build argument 'cmake_clean_cache' from command line to 'False'
[3.949s] Level 5:colcon.colcon_core.verb:set package 'blackjack' build argument 'cmake_clean_first' from command line to 'False'
[3.949s] Level 5:colcon.colcon_core.verb:set package 'blackjack' build argument 'cmake_force_configure' from command line to 'False'
[3.950s] Level 5:colcon.colcon_core.verb:set package 'blackjack' build argument 'ament_cmake_args' from command line to 'None'
[3.950s] Level 5:colcon.colcon_core.verb:set package 'blackjack' build argument 'catkin_cmake_args' from command line to 'None'
[3.951s] Level 5:colcon.colcon_core.verb:set package 'blackjack' build argument 'catkin_skip_building_tests' from command line to 'False'
[3.951s] DEBUG:colcon.colcon_core.verb:Building package 'blackjack' with the following arguments: {'ament_cmake_args': None, 'build_base': '/home/mustache/ros2_ws/src/blackjack/build/blackjack', 'catkin_cmake_args': None, 'catkin_skip_building_tests': False, 'cmake_args': None, 'cmake_clean_cache': False, 'cmake_clean_first': False, 'cmake_force_configure': False, 'cmake_target': None, 'cmake_target_skip_unavailable': False, 'install_base': '/home/mustache/ros2_ws/src/blackjack/install/blackjack', 'merge_install': False, 'path': '/home/mustache/ros2_ws/src/blackjack', 'symlink_install': False, 'test_result_base': None}
[3.953s] INFO:colcon.colcon_core.executor:Executing jobs using 'parallel' executor
[3.959s] DEBUG:colcon.colcon_parallel_executor.executor.parallel:run_until_complete
[3.961s] INFO:colcon.colcon_ros.task.ament_python.build:Building ROS package in '/home/mustache/ros2_ws/src/blackjack' with build type 'ament_python'
[3.963s] Level 1:colcon.colcon_core.shell:create_environment_hook('blackjack', 'ament_prefix_path')
[3.983s] INFO:colcon.colcon_core.plugin_system:Skipping extension 'colcon_core.shell.bat': Not used on non-Windows systems
[3.985s] INFO:colcon.colcon_core.shell:Creating environment hook '/home/mustache/ros2_ws/src/blackjack/install/blackjack/share/blackjack/hook/ament_prefix_path.ps1'
[3.995s] INFO:colcon.colcon_core.shell:Creating environment descriptor '/home/mustache/ros2_ws/src/blackjack/install/blackjack/share/blackjack/hook/ament_prefix_path.dsv'
[4.005s] INFO:colcon.colcon_core.shell:Creating environment hook '/home/mustache/ros2_ws/src/blackjack/install/blackjack/share/blackjack/hook/ament_prefix_path.sh'
[4.015s] INFO:colcon.colcon_core.shell:Skip shell extension 'powershell' for command environment: Not usable outside of PowerShell
[4.016s] DEBUG:colcon.colcon_core.shell:Skip shell extension 'dsv' for command environment
[7.391s] INFO:colcon.colcon_core.task.python.build:Building Python package in '/home/mustache/ros2_ws/src/blackjack'
[7.393s] INFO:colcon.colcon_core.shell:Skip shell extension 'powershell' for command environment: Not usable outside of PowerShell
[7.394s] DEBUG:colcon.colcon_core.shell:Skip shell extension 'dsv' for command environment
[11.229s] DEBUG:colcon.colcon_core.event_handler.log_command:Invoking command in '/home/mustache/ros2_ws/src/blackjack': PYTHONPATH=/home/mustache/ros2_ws/src/blackjack/build/blackjack/prefix_override:/home/mustache/ros2_ws/src/blackjack/install/blackjack/lib/python3.10/site-packages:${PYTHONPATH} /usr/bin/python3 -W ignore:setup.py install is deprecated setup.py egg_info --egg-base build/blackjack build --build-base /home/mustache/ros2_ws/src/blackjack/build/blackjack/build install --record /home/mustache/ros2_ws/src/blackjack/build/blackjack/install.log --single-version-externally-managed install_data
[14.407s] DEBUG:colcon.colcon_core.event_handler.log_command:Invoked command in '/home/mustache/ros2_ws/src/blackjack' returned '0': PYTHONPATH=/home/mustache/ros2_ws/src/blackjack/build/blackjack/prefix_override:/home/mustache/ros2_ws/src/blackjack/install/blackjack/lib/python3.10/site-packages:${PYTHONPATH} /usr/bin/python3 -W ignore:setup.py install is deprecated setup.py egg_info --egg-base build/blackjack build --build-base /home/mustache/ros2_ws/src/blackjack/build/blackjack/build install --record /home/mustache/ros2_ws/src/blackjack/build/blackjack/install.log --single-version-externally-managed install_data
[14.416s] Level 1:colcon.colcon_core.environment:checking '/home/mustache/ros2_ws/src/blackjack/install/blackjack' for CMake module files
[14.427s] Level 1:colcon.colcon_core.environment:checking '/home/mustache/ros2_ws/src/blackjack/install/blackjack' for CMake config files
[14.452s] Level 1:colcon.colcon_core.environment:checking '/home/mustache/ros2_ws/src/blackjack/install/blackjack/lib'
[14.455s] Level 1:colcon.colcon_core.environment:checking '/home/mustache/ros2_ws/src/blackjack/install/blackjack/bin'
[14.456s] Level 1:colcon.colcon_core.environment:checking '/home/mustache/ros2_ws/src/blackjack/install/blackjack/lib/pkgconfig/blackjack.pc'
[14.458s] Level 1:colcon.colcon_core.environment:checking '/home/mustache/ros2_ws/src/blackjack/install/blackjack/lib/python3.10/site-packages'
[14.459s] Level 1:colcon.colcon_core.shell:create_environment_hook('blackjack', 'pythonpath')
[14.461s] INFO:colcon.colcon_core.shell:Creating environment hook '/home/mustache/ros2_ws/src/blackjack/install/blackjack/share/blackjack/hook/pythonpath.ps1'
[14.466s] INFO:colcon.colcon_core.shell:Creating environment descriptor '/home/mustache/ros2_ws/src/blackjack/install/blackjack/share/blackjack/hook/pythonpath.dsv'
[14.470s] INFO:colcon.colcon_core.shell:Creating environment hook '/home/mustache/ros2_ws/src/blackjack/install/blackjack/share/blackjack/hook/pythonpath.sh'
[14.476s] Level 1:colcon.colcon_core.environment:checking '/home/mustache/ros2_ws/src/blackjack/install/blackjack/bin'
[14.477s] Level 1:colcon.colcon_core.environment:create_environment_scripts_only(blackjack)
[14.480s] INFO:colcon.colcon_core.shell:Creating package script '/home/mustache/ros2_ws/src/blackjack/install/blackjack/share/blackjack/package.ps1'
[14.486s] INFO:colcon.colcon_core.shell:Creating package descriptor '/home/mustache/ros2_ws/src/blackjack/install/blackjack/share/blackjack/package.dsv'
[14.491s] INFO:colcon.colcon_core.shell:Creating package script '/home/mustache/ros2_ws/src/blackjack/install/blackjack/share/blackjack/package.sh'
[14.499s] INFO:colcon.colcon_core.shell:Creating package script '/home/mustache/ros2_ws/src/blackjack/install/blackjack/share/blackjack/package.bash'
[14.504s] INFO:colcon.colcon_core.shell:Creating package script '/home/mustache/ros2_ws/src/blackjack/install/blackjack/share/blackjack/package.zsh'
[14.510s] Level 1:colcon.colcon_core.environment:create_file_with_runtime_dependencies(/home/mustache/ros2_ws/src/blackjack/install/blackjack/share/colcon-core/packages/blackjack)
[14.517s] DEBUG:colcon.colcon_parallel_executor.executor.parallel:closing loop
[14.521s] DEBUG:colcon.colcon_parallel_executor.executor.parallel:loop closed
[14.522s] DEBUG:colcon.colcon_parallel_executor.executor.parallel:run_until_complete finished with '0'
[14.523s] DEBUG:colcon.colcon_core.event_reactor:joining thread
[14.589s] INFO:colcon.colcon_core.plugin_system:Skipping extension 'colcon_notification.desktop_notification.terminal_notifier': Not used on non-Darwin systems
[14.590s] INFO:colcon.colcon_core.plugin_system:Skipping extension 'colcon_notification.desktop_notification.win32': Not used on non-Windows systems
[14.591s] INFO:colcon.colcon_notification.desktop_notification:Sending desktop notification using 'notify2'
[14.790s] DEBUG:colcon.colcon_core.event_reactor:joined thread
[14.793s] INFO:colcon.colcon_core.shell:Creating prefix script '/home/mustache/ros2_ws/src/blackjack/install/local_setup.ps1'
[14.801s] INFO:colcon.colcon_core.shell:Creating prefix util module '/home/mustache/ros2_ws/src/blackjack/install/_local_setup_util_ps1.py'
[14.816s] INFO:colcon.colcon_core.shell:Creating prefix chain script '/home/mustache/ros2_ws/src/blackjack/install/setup.ps1'
[14.831s] INFO:colcon.colcon_core.shell:Creating prefix script '/home/mustache/ros2_ws/src/blackjack/install/local_setup.sh'
[14.838s] INFO:colcon.colcon_core.shell:Creating prefix util module '/home/mustache/ros2_ws/src/blackjack/install/_local_setup_util_sh.py'
[14.848s] INFO:colcon.colcon_core.shell:Creating prefix chain script '/home/mustache/ros2_ws/src/blackjack/install/setup.sh'
[14.860s] INFO:colcon.colcon_core.shell:Creating prefix script '/home/mustache/ros2_ws/src/blackjack/install/local_setup.bash'
[14.866s] INFO:colcon.colcon_core.shell:Creating prefix chain script '/home/mustache/ros2_ws/src/blackjack/install/setup.bash'
[14.878s] INFO:colcon.colcon_core.shell:Creating prefix script '/home/mustache/ros2_ws/src/blackjack/install/local_setup.zsh'
[14.886s] INFO:colcon.colcon_core.shell:Creating prefix chain script '/home/mustache/ros2_ws/src/blackjack/install/setup.zsh'
