[0.874s] DEBUG:colcon:Command line arguments: ['/usr/bin/colcon', 'build', '--packages-select', 'blackjack']
[0.875s] DEBUG:colcon:Parsed command line arguments: Namespace(log_base=None, log_level=None, verb_name='build', build_base='build', install_base='install', merge_install=False, symlink_install=False, test_result_base=None, continue_on_error=False, executor='parallel', parallel_workers=4, event_handlers=None, ignore_user_meta=False, metas=['./colcon.meta'], base_paths=['.'], packages_ignore=None, packages_ignore_regex=None, paths=None, packages_up_to=None, packages_up_to_regex=None, packages_above=None, packages_above_and_dependencies=None, packages_above_depth=None, packages_select_by_dep=None, packages_skip_by_dep=None, packages_skip_up_to=None, packages_select_build_failed=False, packages_skip_build_finished=False, packages_select_test_failures=False, packages_skip_test_passed=False, packages_select=['blackjack'], packages_skip=None, packages_select_regex=None, packages_skip_regex=None, packages_start=None, packages_end=None, allow_overriding=[], cmake_args=None, cmake_target=None, cmake_target_skip_unavailable=False, cmake_clean_cache=False, cmake_clean_first=False, cmake_force_configure=False, ament_cmake_args=None, catkin_cmake_args=None, catkin_skip_building_tests=False, mixin_files=None, mixin=None, verb_parser=<colcon_mixin.mixin.mixin_argument.MixinArgumentDecorator object at 0xffff7ddca440>, verb_extension=<colcon_core.verb.build.BuildVerb object at 0xffff7deeaad0>, main=<bound method BuildVerb.main of <colcon_core.verb.build.BuildVerb object at 0xffff7deeaad0>>, mixin_verb=('build',))
[2.491s] Level 1:colcon.colcon_core.package_discovery:discover_packages(colcon_meta) check parameters
[2.492s] Level 1:colcon.colcon_core.package_discovery:discover_packages(recursive) check parameters
[2.493s] Level 1:colcon.colcon_core.package_discovery:discover_packages(ignore) check parameters
[2.494s] Level 1:colcon.colcon_core.package_discovery:discover_packages(path) check parameters
[2.494s] Level 1:colcon.colcon_core.package_discovery:discover_packages(colcon_meta) discover
[2.495s] Level 1:colcon.colcon_core.package_discovery:discover_packages(recursive) discover
[2.496s] INFO:colcon.colcon_core.package_discovery:Crawling recursively for packages in '/home/mustache/ros2_ws/src/blackjack'
[2.497s] Level 1:colcon.colcon_core.package_identification:_identify(.) by extensions ['ignore', 'ignore_ament_install']
[2.498s] Level 1:colcon.colcon_core.package_identification:_identify(.) by extension 'ignore'
[2.499s] Level 1:colcon.colcon_core.package_identification:_identify(.) by extension 'ignore_ament_install'
[2.500s] Level 1:colcon.colcon_core.package_identification:_identify(.) by extensions ['colcon_pkg']
[2.501s] Level 1:colcon.colcon_core.package_identification:_identify(.) by extension 'colcon_pkg'
[2.501s] Level 1:colcon.colcon_core.package_identification:_identify(.) by extensions ['colcon_meta']
[2.502s] Level 1:colcon.colcon_core.package_identification:_identify(.) by extension 'colcon_meta'
[2.503s] Level 1:colcon.colcon_core.package_identification:_identify(.) by extensions ['ros']
[2.503s] Level 1:colcon.colcon_core.package_identification:_identify(.) by extension 'ros'
[2.588s] DEBUG:colcon.colcon_core.package_identification:Package '.' with type 'ros.ament_python' and name 'blackjack'
[2.589s] Level 1:colcon.colcon_core.package_discovery:discover_packages(recursive) using defaults
[2.589s] Level 1:colcon.colcon_core.package_discovery:discover_packages(ignore) discover
[2.590s] Level 1:colcon.colcon_core.package_discovery:discover_packages(ignore) using defaults
[2.590s] Level 1:colcon.colcon_core.package_discovery:discover_packages(path) discover
[2.590s] Level 1:colcon.colcon_core.package_discovery:discover_packages(path) using defaults
[2.794s] Level 1:colcon.colcon_core.package_discovery:discover_packages(prefix_path) check parameters
[2.794s] Level 1:colcon.colcon_core.package_discovery:discover_packages(prefix_path) discover
[2.814s] DEBUG:colcon.colcon_installed_package_information.package_discovery:Found 4 installed packages in /home/mustache/ros2_ws/install
[2.823s] DEBUG:colcon.colcon_installed_package_information.package_discovery:Found 227 installed packages in /opt/ros/humble
[2.830s] Level 1:colcon.colcon_core.package_discovery:discover_packages(prefix_path) using defaults
[3.096s] Level 5:colcon.colcon_core.verb:set package 'blackjack' build argument 'cmake_args' from command line to 'None'
[3.096s] Level 5:colcon.colcon_core.verb:set package 'blackjack' build argument 'cmake_target' from command line to 'None'
[3.096s] Level 5:colcon.colcon_core.verb:set package 'blackjack' build argument 'cmake_target_skip_unavailable' from command line to 'False'
[3.096s] Level 5:colcon.colcon_core.verb:set package 'blackjack' build argument 'cmake_clean_cache' from command line to 'False'
[3.097s] Level 5:colcon.colcon_core.verb:set package 'blackjack' build argument 'cmake_clean_first' from command line to 'False'
[3.097s] Level 5:colcon.colcon_core.verb:set package 'blackjack' build argument 'cmake_force_configure' from command line to 'False'
[3.097s] Level 5:colcon.colcon_core.verb:set package 'blackjack' build argument 'ament_cmake_args' from command line to 'None'
[3.097s] Level 5:colcon.colcon_core.verb:set package 'blackjack' build argument 'catkin_cmake_args' from command line to 'None'
[3.097s] Level 5:colcon.colcon_core.verb:set package 'blackjack' build argument 'catkin_skip_building_tests' from command line to 'False'
[3.097s] DEBUG:colcon.colcon_core.verb:Building package 'blackjack' with the following arguments: {'ament_cmake_args': None, 'build_base': '/home/mustache/ros2_ws/src/blackjack/build/blackjack', 'catkin_cmake_args': None, 'catkin_skip_building_tests': False, 'cmake_args': None, 'cmake_clean_cache': False, 'cmake_clean_first': False, 'cmake_force_configure': False, 'cmake_target': None, 'cmake_target_skip_unavailable': False, 'install_base': '/home/mustache/ros2_ws/src/blackjack/install/blackjack', 'merge_install': False, 'path': '/home/mustache/ros2_ws/src/blackjack', 'symlink_install': False, 'test_result_base': None}
[3.098s] INFO:colcon.colcon_core.executor:Executing jobs using 'parallel' executor
[3.102s] DEBUG:colcon.colcon_parallel_executor.executor.parallel:run_until_complete
[3.102s] INFO:colcon.colcon_ros.task.ament_python.build:Building ROS package in '/home/mustache/ros2_ws/src/blackjack' with build type 'ament_python'
[3.103s] Level 1:colcon.colcon_core.shell:create_environment_hook('blackjack', 'ament_prefix_path')
[3.116s] INFO:colcon.colcon_core.plugin_system:Skipping extension 'colcon_core.shell.bat': Not used on non-Windows systems
[3.118s] INFO:colcon.colcon_core.shell:Creating environment hook '/home/mustache/ros2_ws/src/blackjack/install/blackjack/share/blackjack/hook/ament_prefix_path.ps1'
[3.122s] INFO:colcon.colcon_core.shell:Creating environment descriptor '/home/mustache/ros2_ws/src/blackjack/install/blackjack/share/blackjack/hook/ament_prefix_path.dsv'
[3.124s] INFO:colcon.colcon_core.shell:Creating environment hook '/home/mustache/ros2_ws/src/blackjack/install/blackjack/share/blackjack/hook/ament_prefix_path.sh'
[3.129s] INFO:colcon.colcon_core.shell:Skip shell extension 'powershell' for command environment: Not usable outside of PowerShell
[3.129s] DEBUG:colcon.colcon_core.shell:Skip shell extension 'dsv' for command environment
[5.446s] INFO:colcon.colcon_core.task.python.build:Building Python package in '/home/mustache/ros2_ws/src/blackjack'
[5.448s] INFO:colcon.colcon_core.shell:Skip shell extension 'powershell' for command environment: Not usable outside of PowerShell
[5.448s] DEBUG:colcon.colcon_core.shell:Skip shell extension 'dsv' for command environment
[8.624s] DEBUG:colcon.colcon_core.event_handler.log_command:Invoking command in '/home/mustache/ros2_ws/src/blackjack': PYTHONPATH=/home/mustache/ros2_ws/src/blackjack/build/blackjack/prefix_override:/home/mustache/ros2_ws/src/blackjack/install/blackjack/lib/python3.10/site-packages:${PYTHONPATH} /usr/bin/python3 -W ignore:setup.py install is deprecated setup.py egg_info --egg-base build/blackjack build --build-base /home/mustache/ros2_ws/src/blackjack/build/blackjack/build install --record /home/mustache/ros2_ws/src/blackjack/build/blackjack/install.log --single-version-externally-managed install_data
[11.415s] DEBUG:colcon.colcon_core.event_handler.log_command:Invoked command in '/home/mustache/ros2_ws/src/blackjack' returned '0': PYTHONPATH=/home/mustache/ros2_ws/src/blackjack/build/blackjack/prefix_override:/home/mustache/ros2_ws/src/blackjack/install/blackjack/lib/python3.10/site-packages:${PYTHONPATH} /usr/bin/python3 -W ignore:setup.py install is deprecated setup.py egg_info --egg-base build/blackjack build --build-base /home/mustache/ros2_ws/src/blackjack/build/blackjack/build install --record /home/mustache/ros2_ws/src/blackjack/build/blackjack/install.log --single-version-externally-managed install_data
[11.437s] Level 1:colcon.colcon_core.environment:checking '/home/mustache/ros2_ws/src/blackjack/install/blackjack' for CMake module files
[11.440s] Level 1:colcon.colcon_core.environment:checking '/home/mustache/ros2_ws/src/blackjack/install/blackjack' for CMake config files
[11.455s] Level 1:colcon.colcon_core.environment:checking '/home/mustache/ros2_ws/src/blackjack/install/blackjack/lib'
[11.456s] Level 1:colcon.colcon_core.environment:checking '/home/mustache/ros2_ws/src/blackjack/install/blackjack/bin'
[11.457s] Level 1:colcon.colcon_core.environment:checking '/home/mustache/ros2_ws/src/blackjack/install/blackjack/lib/pkgconfig/blackjack.pc'
[11.458s] Level 1:colcon.colcon_core.environment:checking '/home/mustache/ros2_ws/src/blackjack/install/blackjack/lib/python3.10/site-packages'
[11.459s] Level 1:colcon.colcon_core.shell:create_environment_hook('blackjack', 'pythonpath')
[11.460s] INFO:colcon.colcon_core.shell:Creating environment hook '/home/mustache/ros2_ws/src/blackjack/install/blackjack/share/blackjack/hook/pythonpath.ps1'
[11.464s] INFO:colcon.colcon_core.shell:Creating environment descriptor '/home/mustache/ros2_ws/src/blackjack/install/blackjack/share/blackjack/hook/pythonpath.dsv'
[11.467s] INFO:colcon.colcon_core.shell:Creating environment hook '/home/mustache/ros2_ws/src/blackjack/install/blackjack/share/blackjack/hook/pythonpath.sh'
[11.472s] Level 1:colcon.colcon_core.environment:checking '/home/mustache/ros2_ws/src/blackjack/install/blackjack/bin'
[11.472s] Level 1:colcon.colcon_core.environment:create_environment_scripts_only(blackjack)
[11.474s] INFO:colcon.colcon_core.shell:Creating package script '/home/mustache/ros2_ws/src/blackjack/install/blackjack/share/blackjack/package.ps1'
[11.478s] INFO:colcon.colcon_core.shell:Creating package descriptor '/home/mustache/ros2_ws/src/blackjack/install/blackjack/share/blackjack/package.dsv'
[11.481s] INFO:colcon.colcon_core.shell:Creating package script '/home/mustache/ros2_ws/src/blackjack/install/blackjack/share/blackjack/package.sh'
[11.485s] INFO:colcon.colcon_core.shell:Creating package script '/home/mustache/ros2_ws/src/blackjack/install/blackjack/share/blackjack/package.bash'
[11.489s] INFO:colcon.colcon_core.shell:Creating package script '/home/mustache/ros2_ws/src/blackjack/install/blackjack/share/blackjack/package.zsh'
[11.493s] Level 1:colcon.colcon_core.environment:create_file_with_runtime_dependencies(/home/mustache/ros2_ws/src/blackjack/install/blackjack/share/colcon-core/packages/blackjack)
[11.495s] DEBUG:colcon.colcon_parallel_executor.executor.parallel:closing loop
[11.497s] DEBUG:colcon.colcon_parallel_executor.executor.parallel:loop closed
[11.498s] DEBUG:colcon.colcon_parallel_executor.executor.parallel:run_until_complete finished with '0'
[11.498s] DEBUG:colcon.colcon_core.event_reactor:joining thread
[11.546s] INFO:colcon.colcon_core.plugin_system:Skipping extension 'colcon_notification.desktop_notification.terminal_notifier': Not used on non-Darwin systems
[11.546s] INFO:colcon.colcon_core.plugin_system:Skipping extension 'colcon_notification.desktop_notification.win32': Not used on non-Windows systems
[11.547s] INFO:colcon.colcon_notification.desktop_notification:Sending desktop notification using 'notify2'
[11.653s] DEBUG:colcon.colcon_core.event_reactor:joined thread
[11.655s] INFO:colcon.colcon_core.shell:Creating prefix script '/home/mustache/ros2_ws/src/blackjack/install/local_setup.ps1'
[11.662s] INFO:colcon.colcon_core.shell:Creating prefix util module '/home/mustache/ros2_ws/src/blackjack/install/_local_setup_util_ps1.py'
[11.672s] INFO:colcon.colcon_core.shell:Creating prefix chain script '/home/mustache/ros2_ws/src/blackjack/install/setup.ps1'
[11.685s] INFO:colcon.colcon_core.shell:Creating prefix script '/home/mustache/ros2_ws/src/blackjack/install/local_setup.sh'
[11.691s] INFO:colcon.colcon_core.shell:Creating prefix util module '/home/mustache/ros2_ws/src/blackjack/install/_local_setup_util_sh.py'
[11.697s] INFO:colcon.colcon_core.shell:Creating prefix chain script '/home/mustache/ros2_ws/src/blackjack/install/setup.sh'
[11.706s] INFO:colcon.colcon_core.shell:Creating prefix script '/home/mustache/ros2_ws/src/blackjack/install/local_setup.bash'
[11.711s] INFO:colcon.colcon_core.shell:Creating prefix chain script '/home/mustache/ros2_ws/src/blackjack/install/setup.bash'
[11.721s] INFO:colcon.colcon_core.shell:Creating prefix script '/home/mustache/ros2_ws/src/blackjack/install/local_setup.zsh'
[11.725s] INFO:colcon.colcon_core.shell:Creating prefix chain script '/home/mustache/ros2_ws/src/blackjack/install/setup.zsh'
