[0.500s] DEBUG:colcon:Command line arguments: ['/usr/bin/colcon', 'build', '--packages-select', 'blackjack']
[0.501s] DEBUG:colcon:Parsed command line arguments: Namespace(log_base=None, log_level=None, verb_name='build', build_base='build', install_base='install', merge_install=False, symlink_install=False, test_result_base=None, continue_on_error=False, executor='parallel', parallel_workers=4, event_handlers=None, ignore_user_meta=False, metas=['./colcon.meta'], base_paths=['.'], packages_ignore=None, packages_ignore_regex=None, paths=None, packages_up_to=None, packages_up_to_regex=None, packages_above=None, packages_above_and_dependencies=None, packages_above_depth=None, packages_select_by_dep=None, packages_skip_by_dep=None, packages_skip_up_to=None, packages_select_build_failed=False, packages_skip_build_finished=False, packages_select_test_failures=False, packages_skip_test_passed=False, packages_select=['blackjack'], packages_skip=None, packages_select_regex=None, packages_skip_regex=None, packages_start=None, packages_end=None, allow_overriding=[], cmake_args=None, cmake_target=None, cmake_target_skip_unavailable=False, cmake_clean_cache=False, cmake_clean_first=False, cmake_force_configure=False, ament_cmake_args=None, catkin_cmake_args=None, catkin_skip_building_tests=False, mixin_files=None, mixin=None, verb_parser=<colcon_mixin.mixin.mixin_argument.MixinArgumentDecorator object at 0xffffad176320>, verb_extension=<colcon_core.verb.build.BuildVerb object at 0xffffad29e9b0>, main=<bound method BuildVerb.main of <colcon_core.verb.build.BuildVerb object at 0xffffad29e9b0>>, mixin_verb=('build',))
[1.412s] Level 1:colcon.colcon_core.package_discovery:discover_packages(colcon_meta) check parameters
[1.413s] Level 1:colcon.colcon_core.package_discovery:discover_packages(recursive) check parameters
[1.413s] Level 1:colcon.colcon_core.package_discovery:discover_packages(ignore) check parameters
[1.413s] Level 1:colcon.colcon_core.package_discovery:discover_packages(path) check parameters
[1.413s] Level 1:colcon.colcon_core.package_discovery:discover_packages(colcon_meta) discover
[1.413s] Level 1:colcon.colcon_core.package_discovery:discover_packages(recursive) discover
[1.413s] INFO:colcon.colcon_core.package_discovery:Crawling recursively for packages in '/home/mustache/ros2_ws'
[1.414s] Level 1:colcon.colcon_core.package_identification:_identify(.) by extensions ['ignore', 'ignore_ament_install']
[1.414s] Level 1:colcon.colcon_core.package_identification:_identify(.) by extension 'ignore'
[1.414s] Level 1:colcon.colcon_core.package_identification:_identify(.) by extension 'ignore_ament_install'
[1.415s] Level 1:colcon.colcon_core.package_identification:_identify(.) by extensions ['colcon_pkg']
[1.415s] Level 1:colcon.colcon_core.package_identification:_identify(.) by extension 'colcon_pkg'
[1.415s] Level 1:colcon.colcon_core.package_identification:_identify(.) by extensions ['colcon_meta']
[1.415s] Level 1:colcon.colcon_core.package_identification:_identify(.) by extension 'colcon_meta'
[1.415s] Level 1:colcon.colcon_core.package_identification:_identify(.) by extensions ['ros']
[1.415s] Level 1:colcon.colcon_core.package_identification:_identify(.) by extension 'ros'
[1.460s] Level 1:colcon.colcon_core.package_identification:_identify(.) by extensions ['cmake', 'python']
[1.460s] Level 1:colcon.colcon_core.package_identification:_identify(.) by extension 'cmake'
[1.461s] Level 1:colcon.colcon_core.package_identification:_identify(.) by extension 'python'
[1.461s] Level 1:colcon.colcon_core.package_identification:_identify(.) by extensions ['python_setup_py']
[1.461s] Level 1:colcon.colcon_core.package_identification:_identify(.) by extension 'python_setup_py'
[1.462s] Level 1:colcon.colcon_core.package_identification:_identify(build) by extensions ['ignore', 'ignore_ament_install']
[1.462s] Level 1:colcon.colcon_core.package_identification:_identify(build) by extension 'ignore'
[1.462s] Level 1:colcon.colcon_core.package_identification:_identify(build) ignored
[1.463s] Level 1:colcon.colcon_core.package_identification:_identify(install) by extensions ['ignore', 'ignore_ament_install']
[1.463s] Level 1:colcon.colcon_core.package_identification:_identify(install) by extension 'ignore'
[1.463s] Level 1:colcon.colcon_core.package_identification:_identify(install) ignored
[1.465s] Level 1:colcon.colcon_core.package_identification:_identify(log) by extensions ['ignore', 'ignore_ament_install']
[1.465s] Level 1:colcon.colcon_core.package_identification:_identify(log) by extension 'ignore'
[1.465s] Level 1:colcon.colcon_core.package_identification:_identify(log) ignored
[1.465s] Level 1:colcon.colcon_core.package_identification:_identify(src) by extensions ['ignore', 'ignore_ament_install']
[1.466s] Level 1:colcon.colcon_core.package_identification:_identify(src) by extension 'ignore'
[1.466s] Level 1:colcon.colcon_core.package_identification:_identify(src) by extension 'ignore_ament_install'
[1.466s] Level 1:colcon.colcon_core.package_identification:_identify(src) by extensions ['colcon_pkg']
[1.466s] Level 1:colcon.colcon_core.package_identification:_identify(src) by extension 'colcon_pkg'
[1.466s] Level 1:colcon.colcon_core.package_identification:_identify(src) by extensions ['colcon_meta']
[1.467s] Level 1:colcon.colcon_core.package_identification:_identify(src) by extension 'colcon_meta'
[1.467s] Level 1:colcon.colcon_core.package_identification:_identify(src) by extensions ['ros']
[1.467s] Level 1:colcon.colcon_core.package_identification:_identify(src) by extension 'ros'
[1.467s] Level 1:colcon.colcon_core.package_identification:_identify(src) by extensions ['cmake', 'python']
[1.467s] Level 1:colcon.colcon_core.package_identification:_identify(src) by extension 'cmake'
[1.467s] Level 1:colcon.colcon_core.package_identification:_identify(src) by extension 'python'
[1.468s] Level 1:colcon.colcon_core.package_identification:_identify(src) by extensions ['python_setup_py']
[1.468s] Level 1:colcon.colcon_core.package_identification:_identify(src) by extension 'python_setup_py'
[1.468s] Level 1:colcon.colcon_core.package_identification:_identify(src/blackjack) by extensions ['ignore', 'ignore_ament_install']
[1.469s] Level 1:colcon.colcon_core.package_identification:_identify(src/blackjack) by extension 'ignore'
[1.469s] Level 1:colcon.colcon_core.package_identification:_identify(src/blackjack) by extension 'ignore_ament_install'
[1.469s] Level 1:colcon.colcon_core.package_identification:_identify(src/blackjack) by extensions ['colcon_pkg']
[1.469s] Level 1:colcon.colcon_core.package_identification:_identify(src/blackjack) by extension 'colcon_pkg'
[1.469s] Level 1:colcon.colcon_core.package_identification:_identify(src/blackjack) by extensions ['colcon_meta']
[1.469s] Level 1:colcon.colcon_core.package_identification:_identify(src/blackjack) by extension 'colcon_meta'
[1.470s] Level 1:colcon.colcon_core.package_identification:_identify(src/blackjack) by extensions ['ros']
[1.470s] Level 1:colcon.colcon_core.package_identification:_identify(src/blackjack) by extension 'ros'
[1.479s] DEBUG:colcon.colcon_core.package_identification:Package 'src/blackjack' with type 'ros.ament_python' and name 'blackjack'
[1.480s] Level 1:colcon.colcon_core.package_identification:_identify(src/py_pubsub) by extensions ['ignore', 'ignore_ament_install']
[1.480s] Level 1:colcon.colcon_core.package_identification:_identify(src/py_pubsub) by extension 'ignore'
[1.480s] Level 1:colcon.colcon_core.package_identification:_identify(src/py_pubsub) by extension 'ignore_ament_install'
[1.481s] Level 1:colcon.colcon_core.package_identification:_identify(src/py_pubsub) by extensions ['colcon_pkg']
[1.481s] Level 1:colcon.colcon_core.package_identification:_identify(src/py_pubsub) by extension 'colcon_pkg'
[1.481s] Level 1:colcon.colcon_core.package_identification:_identify(src/py_pubsub) by extensions ['colcon_meta']
[1.481s] Level 1:colcon.colcon_core.package_identification:_identify(src/py_pubsub) by extension 'colcon_meta'
[1.481s] Level 1:colcon.colcon_core.package_identification:_identify(src/py_pubsub) by extensions ['ros']
[1.481s] Level 1:colcon.colcon_core.package_identification:_identify(src/py_pubsub) by extension 'ros'
[1.483s] DEBUG:colcon.colcon_core.package_identification:Package 'src/py_pubsub' with type 'ros.ament_python' and name 'py_pubsub'
[1.484s] Level 1:colcon.colcon_core.package_identification:_identify(src/ros_tutorials) by extensions ['ignore', 'ignore_ament_install']
[1.484s] Level 1:colcon.colcon_core.package_identification:_identify(src/ros_tutorials) by extension 'ignore'
[1.484s] Level 1:colcon.colcon_core.package_identification:_identify(src/ros_tutorials) by extension 'ignore_ament_install'
[1.485s] Level 1:colcon.colcon_core.package_identification:_identify(src/ros_tutorials) by extensions ['colcon_pkg']
[1.485s] Level 1:colcon.colcon_core.package_identification:_identify(src/ros_tutorials) by extension 'colcon_pkg'
[1.485s] Level 1:colcon.colcon_core.package_identification:_identify(src/ros_tutorials) by extensions ['colcon_meta']
[1.485s] Level 1:colcon.colcon_core.package_identification:_identify(src/ros_tutorials) by extension 'colcon_meta'
[1.485s] Level 1:colcon.colcon_core.package_identification:_identify(src/ros_tutorials) by extensions ['ros']
[1.485s] Level 1:colcon.colcon_core.package_identification:_identify(src/ros_tutorials) by extension 'ros'
[1.486s] Level 1:colcon.colcon_core.package_identification:_identify(src/ros_tutorials) by extensions ['cmake', 'python']
[1.486s] Level 1:colcon.colcon_core.package_identification:_identify(src/ros_tutorials) by extension 'cmake'
[1.486s] Level 1:colcon.colcon_core.package_identification:_identify(src/ros_tutorials) by extension 'python'
[1.486s] Level 1:colcon.colcon_core.package_identification:_identify(src/ros_tutorials) by extensions ['python_setup_py']
[1.486s] Level 1:colcon.colcon_core.package_identification:_identify(src/ros_tutorials) by extension 'python_setup_py'
[1.487s] Level 1:colcon.colcon_core.package_identification:_identify(src/ros_tutorials/ros_tutorials) by extensions ['ignore', 'ignore_ament_install']
[1.487s] Level 1:colcon.colcon_core.package_identification:_identify(src/ros_tutorials/ros_tutorials) by extension 'ignore'
[1.487s] Level 1:colcon.colcon_core.package_identification:_identify(src/ros_tutorials/ros_tutorials) ignored
[1.488s] Level 1:colcon.colcon_core.package_identification:_identify(src/ros_tutorials/roscpp_tutorials) by extensions ['ignore', 'ignore_ament_install']
[1.488s] Level 1:colcon.colcon_core.package_identification:_identify(src/ros_tutorials/roscpp_tutorials) by extension 'ignore'
[1.488s] Level 1:colcon.colcon_core.package_identification:_identify(src/ros_tutorials/roscpp_tutorials) ignored
[1.489s] Level 1:colcon.colcon_core.package_identification:_identify(src/ros_tutorials/rospy_tutorials) by extensions ['ignore', 'ignore_ament_install']
[1.489s] Level 1:colcon.colcon_core.package_identification:_identify(src/ros_tutorials/rospy_tutorials) by extension 'ignore'
[1.489s] Level 1:colcon.colcon_core.package_identification:_identify(src/ros_tutorials/rospy_tutorials) ignored
[1.490s] Level 1:colcon.colcon_core.package_identification:_identify(src/ros_tutorials/turtlesim) by extensions ['ignore', 'ignore_ament_install']
[1.490s] Level 1:colcon.colcon_core.package_identification:_identify(src/ros_tutorials/turtlesim) by extension 'ignore'
[1.491s] Level 1:colcon.colcon_core.package_identification:_identify(src/ros_tutorials/turtlesim) by extension 'ignore_ament_install'
[1.491s] Level 1:colcon.colcon_core.package_identification:_identify(src/ros_tutorials/turtlesim) by extensions ['colcon_pkg']
[1.491s] Level 1:colcon.colcon_core.package_identification:_identify(src/ros_tutorials/turtlesim) by extension 'colcon_pkg'
[1.491s] Level 1:colcon.colcon_core.package_identification:_identify(src/ros_tutorials/turtlesim) by extensions ['colcon_meta']
[1.492s] Level 1:colcon.colcon_core.package_identification:_identify(src/ros_tutorials/turtlesim) by extension 'colcon_meta'
[1.492s] Level 1:colcon.colcon_core.package_identification:_identify(src/ros_tutorials/turtlesim) by extensions ['ros']
[1.492s] Level 1:colcon.colcon_core.package_identification:_identify(src/ros_tutorials/turtlesim) by extension 'ros'
[1.496s] DEBUG:colcon.colcon_core.package_identification:Package 'src/ros_tutorials/turtlesim' with type 'ros.ament_cmake' and name 'turtlesim'
[1.497s] Level 1:colcon.colcon_core.package_discovery:discover_packages(recursive) using defaults
[1.497s] Level 1:colcon.colcon_core.package_discovery:discover_packages(ignore) discover
[1.497s] Level 1:colcon.colcon_core.package_discovery:discover_packages(ignore) using defaults
[1.497s] Level 1:colcon.colcon_core.package_discovery:discover_packages(path) discover
[1.497s] Level 1:colcon.colcon_core.package_discovery:discover_packages(path) using defaults
[1.621s] INFO:colcon.colcon_core.package_selection:Skipping not selected package 'py_pubsub' in 'src/py_pubsub'
[1.622s] INFO:colcon.colcon_core.package_selection:Skipping not selected package 'turtlesim' in 'src/ros_tutorials/turtlesim'
[1.623s] Level 1:colcon.colcon_core.package_discovery:discover_packages(prefix_path) check parameters
[1.623s] Level 1:colcon.colcon_core.package_discovery:discover_packages(prefix_path) discover
[1.633s] DEBUG:colcon.colcon_installed_package_information.package_discovery:Found 4 installed packages in /home/mustache/ros2_ws/install
[1.640s] DEBUG:colcon.colcon_installed_package_information.package_discovery:Found 227 installed packages in /opt/ros/humble
[1.646s] Level 1:colcon.colcon_core.package_discovery:discover_packages(prefix_path) using defaults
[1.797s] Level 5:colcon.colcon_core.verb:set package 'blackjack' build argument 'cmake_args' from command line to 'None'
[1.798s] Level 5:colcon.colcon_core.verb:set package 'blackjack' build argument 'cmake_target' from command line to 'None'
[1.798s] Level 5:colcon.colcon_core.verb:set package 'blackjack' build argument 'cmake_target_skip_unavailable' from command line to 'False'
[1.798s] Level 5:colcon.colcon_core.verb:set package 'blackjack' build argument 'cmake_clean_cache' from command line to 'False'
[1.798s] Level 5:colcon.colcon_core.verb:set package 'blackjack' build argument 'cmake_clean_first' from command line to 'False'
[1.798s] Level 5:colcon.colcon_core.verb:set package 'blackjack' build argument 'cmake_force_configure' from command line to 'False'
[1.798s] Level 5:colcon.colcon_core.verb:set package 'blackjack' build argument 'ament_cmake_args' from command line to 'None'
[1.798s] Level 5:colcon.colcon_core.verb:set package 'blackjack' build argument 'catkin_cmake_args' from command line to 'None'
[1.798s] Level 5:colcon.colcon_core.verb:set package 'blackjack' build argument 'catkin_skip_building_tests' from command line to 'False'
[1.798s] DEBUG:colcon.colcon_core.verb:Building package 'blackjack' with the following arguments: {'ament_cmake_args': None, 'build_base': '/home/mustache/ros2_ws/build/blackjack', 'catkin_cmake_args': None, 'catkin_skip_building_tests': False, 'cmake_args': None, 'cmake_clean_cache': False, 'cmake_clean_first': False, 'cmake_force_configure': False, 'cmake_target': None, 'cmake_target_skip_unavailable': False, 'install_base': '/home/mustache/ros2_ws/install/blackjack', 'merge_install': False, 'path': '/home/mustache/ros2_ws/src/blackjack', 'symlink_install': False, 'test_result_base': None}
[1.799s] INFO:colcon.colcon_core.executor:Executing jobs using 'parallel' executor
[1.802s] DEBUG:colcon.colcon_parallel_executor.executor.parallel:run_until_complete
[1.803s] INFO:colcon.colcon_ros.task.ament_python.build:Building ROS package in '/home/mustache/ros2_ws/src/blackjack' with build type 'ament_python'
[1.804s] Level 1:colcon.colcon_core.shell:create_environment_hook('blackjack', 'ament_prefix_path')
[1.813s] INFO:colcon.colcon_core.plugin_system:Skipping extension 'colcon_core.shell.bat': Not used on non-Windows systems
[1.814s] INFO:colcon.colcon_core.shell:Creating environment hook '/home/mustache/ros2_ws/install/blackjack/share/blackjack/hook/ament_prefix_path.ps1'
[1.817s] INFO:colcon.colcon_core.shell:Creating environment descriptor '/home/mustache/ros2_ws/install/blackjack/share/blackjack/hook/ament_prefix_path.dsv'
[1.820s] INFO:colcon.colcon_core.shell:Creating environment hook '/home/mustache/ros2_ws/install/blackjack/share/blackjack/hook/ament_prefix_path.sh'
[1.824s] INFO:colcon.colcon_core.shell:Skip shell extension 'powershell' for command environment: Not usable outside of PowerShell
[1.824s] DEBUG:colcon.colcon_core.shell:Skip shell extension 'dsv' for command environment
[3.215s] INFO:colcon.colcon_core.task.python.build:Building Python package in '/home/mustache/ros2_ws/src/blackjack'
[3.216s] INFO:colcon.colcon_core.shell:Skip shell extension 'powershell' for command environment: Not usable outside of PowerShell
[3.217s] DEBUG:colcon.colcon_core.shell:Skip shell extension 'dsv' for command environment
[4.917s] DEBUG:colcon.colcon_core.event_handler.log_command:Invoking command in '/home/mustache/ros2_ws/src/blackjack': PYTHONPATH=/home/mustache/ros2_ws/build/blackjack/prefix_override:/home/mustache/ros2_ws/install/blackjack/lib/python3.10/site-packages:${PYTHONPATH} /usr/bin/python3 -W ignore:setup.py install is deprecated setup.py egg_info --egg-base ../../build/blackjack build --build-base /home/mustache/ros2_ws/build/blackjack/build install --record /home/mustache/ros2_ws/build/blackjack/install.log --single-version-externally-managed install_data
[6.467s] DEBUG:colcon.colcon_core.event_handler.log_command:Invoked command in '/home/mustache/ros2_ws/src/blackjack' returned '0': PYTHONPATH=/home/mustache/ros2_ws/build/blackjack/prefix_override:/home/mustache/ros2_ws/install/blackjack/lib/python3.10/site-packages:${PYTHONPATH} /usr/bin/python3 -W ignore:setup.py install is deprecated setup.py egg_info --egg-base ../../build/blackjack build --build-base /home/mustache/ros2_ws/build/blackjack/build install --record /home/mustache/ros2_ws/build/blackjack/install.log --single-version-externally-managed install_data
[6.481s] Level 1:colcon.colcon_core.environment:checking '/home/mustache/ros2_ws/install/blackjack' for CMake module files
[6.483s] Level 1:colcon.colcon_core.environment:checking '/home/mustache/ros2_ws/install/blackjack' for CMake config files
[6.489s] Level 1:colcon.colcon_core.environment:checking '/home/mustache/ros2_ws/install/blackjack/lib'
[6.490s] Level 1:colcon.colcon_core.environment:checking '/home/mustache/ros2_ws/install/blackjack/bin'
[6.490s] Level 1:colcon.colcon_core.environment:checking '/home/mustache/ros2_ws/install/blackjack/lib/pkgconfig/blackjack.pc'
[6.491s] Level 1:colcon.colcon_core.environment:checking '/home/mustache/ros2_ws/install/blackjack/lib/python3.10/site-packages'
[6.492s] Level 1:colcon.colcon_core.shell:create_environment_hook('blackjack', 'pythonpath')
[6.493s] INFO:colcon.colcon_core.shell:Creating environment hook '/home/mustache/ros2_ws/install/blackjack/share/blackjack/hook/pythonpath.ps1'
[6.495s] INFO:colcon.colcon_core.shell:Creating environment descriptor '/home/mustache/ros2_ws/install/blackjack/share/blackjack/hook/pythonpath.dsv'
[6.496s] INFO:colcon.colcon_core.shell:Creating environment hook '/home/mustache/ros2_ws/install/blackjack/share/blackjack/hook/pythonpath.sh'
[6.499s] Level 1:colcon.colcon_core.environment:checking '/home/mustache/ros2_ws/install/blackjack/bin'
[6.499s] Level 1:colcon.colcon_core.environment:create_environment_scripts_only(blackjack)
[6.500s] INFO:colcon.colcon_core.shell:Creating package script '/home/mustache/ros2_ws/install/blackjack/share/blackjack/package.ps1'
[6.504s] INFO:colcon.colcon_core.shell:Creating package descriptor '/home/mustache/ros2_ws/install/blackjack/share/blackjack/package.dsv'
[6.506s] INFO:colcon.colcon_core.shell:Creating package script '/home/mustache/ros2_ws/install/blackjack/share/blackjack/package.sh'
[6.510s] INFO:colcon.colcon_core.shell:Creating package script '/home/mustache/ros2_ws/install/blackjack/share/blackjack/package.bash'
[6.513s] INFO:colcon.colcon_core.shell:Creating package script '/home/mustache/ros2_ws/install/blackjack/share/blackjack/package.zsh'
[6.516s] Level 1:colcon.colcon_core.environment:create_file_with_runtime_dependencies(/home/mustache/ros2_ws/install/blackjack/share/colcon-core/packages/blackjack)
[6.517s] DEBUG:colcon.colcon_parallel_executor.executor.parallel:closing loop
[6.518s] DEBUG:colcon.colcon_parallel_executor.executor.parallel:loop closed
[6.519s] DEBUG:colcon.colcon_parallel_executor.executor.parallel:run_until_complete finished with '0'
[6.519s] DEBUG:colcon.colcon_core.event_reactor:joining thread
[6.542s] INFO:colcon.colcon_core.plugin_system:Skipping extension 'colcon_notification.desktop_notification.terminal_notifier': Not used on non-Darwin systems
[6.542s] INFO:colcon.colcon_core.plugin_system:Skipping extension 'colcon_notification.desktop_notification.win32': Not used on non-Windows systems
[6.543s] INFO:colcon.colcon_notification.desktop_notification:Sending desktop notification using 'notify2'
[6.597s] DEBUG:colcon.colcon_core.event_reactor:joined thread
[6.599s] INFO:colcon.colcon_core.shell:Creating prefix script '/home/mustache/ros2_ws/install/local_setup.ps1'
[6.603s] INFO:colcon.colcon_core.shell:Creating prefix util module '/home/mustache/ros2_ws/install/_local_setup_util_ps1.py'
[6.610s] INFO:colcon.colcon_core.shell:Creating prefix chain script '/home/mustache/ros2_ws/install/setup.ps1'
[6.616s] INFO:colcon.colcon_core.shell:Creating prefix script '/home/mustache/ros2_ws/install/local_setup.sh'
[6.619s] INFO:colcon.colcon_core.shell:Creating prefix util module '/home/mustache/ros2_ws/install/_local_setup_util_sh.py'
[6.622s] INFO:colcon.colcon_core.shell:Creating prefix chain script '/home/mustache/ros2_ws/install/setup.sh'
[6.627s] INFO:colcon.colcon_core.shell:Creating prefix script '/home/mustache/ros2_ws/install/local_setup.bash'
[6.630s] INFO:colcon.colcon_core.shell:Creating prefix chain script '/home/mustache/ros2_ws/install/setup.bash'
[6.636s] INFO:colcon.colcon_core.shell:Creating prefix script '/home/mustache/ros2_ws/install/local_setup.zsh'
[6.639s] INFO:colcon.colcon_core.shell:Creating prefix chain script '/home/mustache/ros2_ws/install/setup.zsh'
