[2.880s] Invoking command in '/home/mustache/ros2_ws/src/blackjack': PYTHONPATH=/home/mustache/ros2_ws/build/blackjack/prefix_override:/home/mustache/ros2_ws/install/blackjack/lib/python3.10/site-packages:${PYTHONPATH} /usr/bin/python3 -W ignore:setup.py install is deprecated setup.py egg_info --egg-base ../../build/blackjack build --build-base /home/mustache/ros2_ws/build/blackjack/build install --record /home/mustache/ros2_ws/build/blackjack/install.log --single-version-externally-managed install_data
[4.055s] running egg_info
[4.057s] writing ../../build/blackjack/blackjack.egg-info/PKG-INFO
[4.059s] writing dependency_links to ../../build/blackjack/blackjack.egg-info/dependency_links.txt
[4.060s] writing entry points to ../../build/blackjack/blackjack.egg-info/entry_points.txt
[4.061s] writing requirements to ../../build/blackjack/blackjack.egg-info/requires.txt
[4.062s] writing top-level names to ../../build/blackjack/blackjack.egg-info/top_level.txt
[4.072s] reading manifest file '../../build/blackjack/blackjack.egg-info/SOURCES.txt'
[4.076s] writing manifest file '../../build/blackjack/blackjack.egg-info/SOURCES.txt'
[4.076s] running build
[4.077s] running build_py
[4.080s] running install
[4.081s] running install_lib
[4.093s] running install_data
[4.093s] copying package.xml -> /home/mustache/ros2_ws/install/blackjack/share/blackjack
[4.094s] running install_egg_info
[4.100s] removing '/home/mustache/ros2_ws/install/blackjack/lib/python3.10/site-packages/blackjack-0.0.0-py3.10.egg-info' (and everything under it)
[4.102s] Copying ../../build/blackjack/blackjack.egg-info to /home/mustache/ros2_ws/install/blackjack/lib/python3.10/site-packages/blackjack-0.0.0-py3.10.egg-info
[4.107s] running install_scripts
[4.186s] Installing listener script to /home/mustache/ros2_ws/install/blackjack/lib/blackjack
[4.186s] Installing talker script to /home/mustache/ros2_ws/install/blackjack/lib/blackjack
[4.189s] writing list of installed files to '/home/mustache/ros2_ws/build/blackjack/install.log'
[4.312s] Invoked command in '/home/mustache/ros2_ws/src/blackjack' returned '0': PYTHONPATH=/home/mustache/ros2_ws/build/blackjack/prefix_override:/home/mustache/ros2_ws/install/blackjack/lib/python3.10/site-packages:${PYTHONPATH} /usr/bin/python3 -W ignore:setup.py install is deprecated setup.py egg_info --egg-base ../../build/blackjack build --build-base /home/mustache/ros2_ws/build/blackjack/build install --record /home/mustache/ros2_ws/build/blackjack/install.log --single-version-externally-managed install_data
