[3.127s] Invoking command in '/home/mustache/ros2_ws/src/blackjack': PYTHONPATH=/home/mustache/ros2_ws/build/blackjack/prefix_override:/home/mustache/ros2_ws/install/blackjack/lib/python3.10/site-packages:${PYTHONPATH} /usr/bin/python3 -W ignore:setup.py install is deprecated setup.py egg_info --egg-base ../../build/blackjack build --build-base /home/mustache/ros2_ws/build/blackjack/build install --record /home/mustache/ros2_ws/build/blackjack/install.log --single-version-externally-managed install_data
[4.348s] running egg_info
[4.351s] writing ../../build/blackjack/blackjack.egg-info/PKG-INFO
[4.354s] writing dependency_links to ../../build/blackjack/blackjack.egg-info/dependency_links.txt
[4.355s] writing entry points to ../../build/blackjack/blackjack.egg-info/entry_points.txt
[4.356s] writing requirements to ../../build/blackjack/blackjack.egg-info/requires.txt
[4.361s] writing top-level names to ../../build/blackjack/blackjack.egg-info/top_level.txt
[4.368s] reading manifest file '../../build/blackjack/blackjack.egg-info/SOURCES.txt'
[4.372s] writing manifest file '../../build/blackjack/blackjack.egg-info/SOURCES.txt'
[4.372s] running build
[4.373s] running build_py
[4.376s] running install
[4.377s] running install_lib
[4.393s] running install_data
[4.393s] running install_egg_info
[4.400s] removing '/home/mustache/ros2_ws/install/blackjack/lib/python3.10/site-packages/blackjack-0.0.0-py3.10.egg-info' (and everything under it)
[4.403s] Copying ../../build/blackjack/blackjack.egg-info to /home/mustache/ros2_ws/install/blackjack/lib/python3.10/site-packages/blackjack-0.0.0-py3.10.egg-info
[4.410s] running install_scripts
[4.490s] Installing listener script to /home/mustache/ros2_ws/install/blackjack/lib/blackjack
[4.491s] Installing talker script to /home/mustache/ros2_ws/install/blackjack/lib/blackjack
[4.494s] writing list of installed files to '/home/mustache/ros2_ws/build/blackjack/install.log'
[4.611s] Invoked command in '/home/mustache/ros2_ws/src/blackjack' returned '0': PYTHONPATH=/home/mustache/ros2_ws/build/blackjack/prefix_override:/home/mustache/ros2_ws/install/blackjack/lib/python3.10/site-packages:${PYTHONPATH} /usr/bin/python3 -W ignore:setup.py install is deprecated setup.py egg_info --egg-base ../../build/blackjack build --build-base /home/mustache/ros2_ws/build/blackjack/build install --record /home/mustache/ros2_ws/build/blackjack/install.log --single-version-externally-managed install_data
