[3.172s] Invoking command in '/home/mustache/ros2_ws/src/blackjack': PYTHONPATH=/home/mustache/ros2_ws/src/build/blackjack/prefix_override:/home/mustache/ros2_ws/src/install/blackjack/lib/python3.10/site-packages: /usr/bin/python3 -W ignore:setup.py install is deprecated setup.py egg_info --egg-base ../build/blackjack build --build-base /home/mustache/ros2_ws/src/build/blackjack/build install --record /home/mustache/ros2_ws/src/build/blackjack/install.log --single-version-externally-managed install_data
[4.330s] running egg_info
[4.333s] writing ../build/blackjack/blackjack.egg-info/PKG-INFO
[4.334s] writing dependency_links to ../build/blackjack/blackjack.egg-info/dependency_links.txt
[4.335s] writing entry points to ../build/blackjack/blackjack.egg-info/entry_points.txt
[4.336s] writing requirements to ../build/blackjack/blackjack.egg-info/requires.txt
[4.337s] writing top-level names to ../build/blackjack/blackjack.egg-info/top_level.txt
[4.347s] reading manifest file '../build/blackjack/blackjack.egg-info/SOURCES.txt'
[4.351s] writing manifest file '../build/blackjack/blackjack.egg-info/SOURCES.txt'
[4.352s] running build
[4.353s] running build_py
[4.354s] copying blackjack/motor_control.py -> /home/mustache/ros2_ws/src/build/blackjack/build/lib/blackjack
[4.358s] running install
[4.360s] running install_lib
[4.369s] copying /home/mustache/ros2_ws/src/build/blackjack/build/lib/blackjack/motor_control.py -> /home/mustache/ros2_ws/src/install/blackjack/lib/python3.10/site-packages/blackjack
[4.369s] byte-compiling /home/mustache/ros2_ws/src/install/blackjack/lib/python3.10/site-packages/blackjack/motor_control.py to motor_control.cpython-310.pyc
[4.375s] running install_data
[4.376s] running install_egg_info
[4.383s] removing '/home/mustache/ros2_ws/src/install/blackjack/lib/python3.10/site-packages/blackjack-0.0.0-py3.10.egg-info' (and everything under it)
[4.385s] Copying ../build/blackjack/blackjack.egg-info to /home/mustache/ros2_ws/src/install/blackjack/lib/python3.10/site-packages/blackjack-0.0.0-py3.10.egg-info
[4.392s] running install_scripts
[4.482s] Installing listener script to /home/mustache/ros2_ws/src/install/blackjack/lib/blackjack
[4.483s] Installing talker script to /home/mustache/ros2_ws/src/install/blackjack/lib/blackjack
[4.486s] writing list of installed files to '/home/mustache/ros2_ws/src/build/blackjack/install.log'
[4.633s] Invoked command in '/home/mustache/ros2_ws/src/blackjack' returned '0': PYTHONPATH=/home/mustache/ros2_ws/src/build/blackjack/prefix_override:/home/mustache/ros2_ws/src/install/blackjack/lib/python3.10/site-packages: /usr/bin/python3 -W ignore:setup.py install is deprecated setup.py egg_info --egg-base ../build/blackjack build --build-base /home/mustache/ros2_ws/src/build/blackjack/build install --record /home/mustache/ros2_ws/src/build/blackjack/install.log --single-version-externally-managed install_data
