[2.983s] Invoking command in '/home/mustache/ros2_ws/src/blackjack': PYTHONPATH=/home/mustache/ros2_ws/build/blackjack/prefix_override:/home/mustache/ros2_ws/install/blackjack/lib/python3.10/site-packages:${PYTHONPATH} /usr/bin/python3 -W ignore:setup.py install is deprecated setup.py egg_info --egg-base ../../build/blackjack build --build-base /home/mustache/ros2_ws/build/blackjack/build install --record /home/mustache/ros2_ws/build/blackjack/install.log --single-version-externally-managed install_data
[4.233s] running egg_info
[4.235s] writing ../../build/blackjack/blackjack.egg-info/PKG-INFO
[4.236s] writing dependency_links to ../../build/blackjack/blackjack.egg-info/dependency_links.txt
[4.238s] writing entry points to ../../build/blackjack/blackjack.egg-info/entry_points.txt
[4.238s] writing requirements to ../../build/blackjack/blackjack.egg-info/requires.txt
[4.239s] writing top-level names to ../../build/blackjack/blackjack.egg-info/top_level.txt
[4.248s] reading manifest file '../../build/blackjack/blackjack.egg-info/SOURCES.txt'
[4.252s] writing manifest file '../../build/blackjack/blackjack.egg-info/SOURCES.txt'
[4.253s] running build
[4.254s] running build_py
[4.255s] copying blackjack/app_multithread.py -> /home/mustache/ros2_ws/build/blackjack/build/lib/blackjack
[4.260s] running install
[4.261s] running install_lib
[4.267s] copying /home/mustache/ros2_ws/build/blackjack/build/lib/blackjack/app_multithread.py -> /home/mustache/ros2_ws/install/blackjack/lib/python3.10/site-packages/blackjack
[4.273s] byte-compiling /home/mustache/ros2_ws/install/blackjack/lib/python3.10/site-packages/blackjack/app_multithread.py to app_multithread.cpython-310.pyc
[4.292s] running install_data
[4.293s] running install_egg_info
[4.299s] removing '/home/mustache/ros2_ws/install/blackjack/lib/python3.10/site-packages/blackjack-0.0.0-py3.10.egg-info' (and everything under it)
[4.301s] Copying ../../build/blackjack/blackjack.egg-info to /home/mustache/ros2_ws/install/blackjack/lib/python3.10/site-packages/blackjack-0.0.0-py3.10.egg-info
[4.306s] running install_scripts
[4.385s] Installing listener script to /home/mustache/ros2_ws/install/blackjack/lib/blackjack
[4.386s] Installing talker script to /home/mustache/ros2_ws/install/blackjack/lib/blackjack
[4.388s] writing list of installed files to '/home/mustache/ros2_ws/build/blackjack/install.log'
[4.506s] Invoked command in '/home/mustache/ros2_ws/src/blackjack' returned '0': PYTHONPATH=/home/mustache/ros2_ws/build/blackjack/prefix_override:/home/mustache/ros2_ws/install/blackjack/lib/python3.10/site-packages:${PYTHONPATH} /usr/bin/python3 -W ignore:setup.py install is deprecated setup.py egg_info --egg-base ../../build/blackjack build --build-base /home/mustache/ros2_ws/build/blackjack/build install --record /home/mustache/ros2_ws/build/blackjack/install.log --single-version-externally-managed install_data
