[3.072s] Invoking command in '/home/mustache/ros2_ws/src/blackjack': PYTHONPATH=/home/mustache/ros2_ws/build/blackjack/prefix_override:/home/mustache/ros2_ws/install/blackjack/lib/python3.10/site-packages:${PYTHONPATH} /usr/bin/python3 -W ignore:setup.py install is deprecated setup.py egg_info --egg-base ../../build/blackjack build --build-base /home/mustache/ros2_ws/build/blackjack/build install --record /home/mustache/ros2_ws/build/blackjack/install.log --single-version-externally-managed install_data
[4.290s] running egg_info
[4.293s] writing ../../build/blackjack/blackjack.egg-info/PKG-INFO
[4.294s] writing dependency_links to ../../build/blackjack/blackjack.egg-info/dependency_links.txt
[4.295s] writing entry points to ../../build/blackjack/blackjack.egg-info/entry_points.txt
[4.296s] writing requirements to ../../build/blackjack/blackjack.egg-info/requires.txt
[4.297s] writing top-level names to ../../build/blackjack/blackjack.egg-info/top_level.txt
[4.306s] reading manifest file '../../build/blackjack/blackjack.egg-info/SOURCES.txt'
[4.310s] writing manifest file '../../build/blackjack/blackjack.egg-info/SOURCES.txt'
[4.311s] running build
[4.311s] running build_py
[4.312s] copying blackjack/motor_control.py -> /home/mustache/ros2_ws/build/blackjack/build/lib/blackjack
[4.315s] running install
[4.316s] running install_lib
[4.320s] copying /home/mustache/ros2_ws/build/blackjack/build/lib/blackjack/motor_control.py -> /home/mustache/ros2_ws/install/blackjack/lib/python3.10/site-packages/blackjack
[4.327s] byte-compiling /home/mustache/ros2_ws/install/blackjack/lib/python3.10/site-packages/blackjack/motor_control.py to motor_control.cpython-310.pyc
[4.328s] Sorry: TabError: inconsistent use of tabs and spaces in indentation (motor_control.py, line 25)
[4.330s] running install_data
[4.331s] running install_egg_info
[4.338s] removing '/home/mustache/ros2_ws/install/blackjack/lib/python3.10/site-packages/blackjack-0.0.0-py3.10.egg-info' (and everything under it)
[4.339s] Copying ../../build/blackjack/blackjack.egg-info to /home/mustache/ros2_ws/install/blackjack/lib/python3.10/site-packages/blackjack-0.0.0-py3.10.egg-info
[4.344s] running install_scripts
[4.424s] Installing listener script to /home/mustache/ros2_ws/install/blackjack/lib/blackjack
[4.425s] Installing talker script to /home/mustache/ros2_ws/install/blackjack/lib/blackjack
[4.428s] writing list of installed files to '/home/mustache/ros2_ws/build/blackjack/install.log'
[4.548s] Invoked command in '/home/mustache/ros2_ws/src/blackjack' returned '0': PYTHONPATH=/home/mustache/ros2_ws/build/blackjack/prefix_override:/home/mustache/ros2_ws/install/blackjack/lib/python3.10/site-packages:${PYTHONPATH} /usr/bin/python3 -W ignore:setup.py install is deprecated setup.py egg_info --egg-base ../../build/blackjack build --build-base /home/mustache/ros2_ws/build/blackjack/build install --record /home/mustache/ros2_ws/build/blackjack/install.log --single-version-externally-managed install_data
