[2.971s] Invoking command in '/home/mustache/ros2_ws/src/blackjack': PYTHONPATH=/home/mustache/ros2_ws/build/blackjack/prefix_override:/home/mustache/ros2_ws/install/blackjack/lib/python3.10/site-packages:${PYTHONPATH} /usr/bin/python3 -W ignore:setup.py install is deprecated setup.py egg_info --egg-base ../../build/blackjack build --build-base /home/mustache/ros2_ws/build/blackjack/build install --record /home/mustache/ros2_ws/build/blackjack/install.log --single-version-externally-managed install_data
[4.183s] running egg_info
[4.186s] writing ../../build/blackjack/blackjack.egg-info/PKG-INFO
[4.187s] writing dependency_links to ../../build/blackjack/blackjack.egg-info/dependency_links.txt
[4.188s] writing entry points to ../../build/blackjack/blackjack.egg-info/entry_points.txt
[4.188s] writing requirements to ../../build/blackjack/blackjack.egg-info/requires.txt
[4.189s] writing top-level names to ../../build/blackjack/blackjack.egg-info/top_level.txt
[4.198s] reading manifest file '../../build/blackjack/blackjack.egg-info/SOURCES.txt'
[4.201s] writing manifest file '../../build/blackjack/blackjack.egg-info/SOURCES.txt'
[4.202s] running build
[4.202s] running build_py
[4.204s] running install
[4.205s] running install_lib
[4.217s] running install_data
[4.217s] running install_egg_info
[4.224s] removing '/home/mustache/ros2_ws/install/blackjack/lib/python3.10/site-packages/blackjack-0.0.0-py3.10.egg-info' (and everything under it)
[4.226s] Copying ../../build/blackjack/blackjack.egg-info to /home/mustache/ros2_ws/install/blackjack/lib/python3.10/site-packages/blackjack-0.0.0-py3.10.egg-info
[4.231s] running install_scripts
[4.312s] Installing listener script to /home/mustache/ros2_ws/install/blackjack/lib/blackjack
[4.313s] Installing talker script to /home/mustache/ros2_ws/install/blackjack/lib/blackjack
[4.314s] writing list of installed files to '/home/mustache/ros2_ws/build/blackjack/install.log'
[4.436s] Invoked command in '/home/mustache/ros2_ws/src/blackjack' returned '0': PYTHONPATH=/home/mustache/ros2_ws/build/blackjack/prefix_override:/home/mustache/ros2_ws/install/blackjack/lib/python3.10/site-packages:${PYTHONPATH} /usr/bin/python3 -W ignore:setup.py install is deprecated setup.py egg_info --egg-base ../../build/blackjack build --build-base /home/mustache/ros2_ws/build/blackjack/build install --record /home/mustache/ros2_ws/build/blackjack/install.log --single-version-externally-managed install_data
