[0.748s] DEBUG:colcon:Command line arguments: ['/usr/bin/colcon', 'build']
[0.749s] DEBUG:colcon:Parsed command line arguments: Namespace(log_base=None, log_level=None, verb_name='build', build_base='build', install_base='install', merge_install=False, symlink_install=False, test_result_base=None, continue_on_error=False, executor='parallel', parallel_workers=4, event_handlers=None, ignore_user_meta=False, metas=['./colcon.meta'], base_paths=['.'], packages_ignore=None, packages_ignore_regex=None, paths=None, packages_up_to=None, packages_up_to_regex=None, packages_above=None, packages_above_and_dependencies=None, packages_above_depth=None, packages_select_by_dep=None, packages_skip_by_dep=None, packages_skip_up_to=None, packages_select_build_failed=False, packages_skip_build_finished=False, packages_select_test_failures=False, packages_skip_test_passed=False, packages_select=None, packages_skip=None, packages_select_regex=None, packages_skip_regex=None, packages_start=None, packages_end=None, allow_overriding=[], cmake_args=None, cmake_target=None, cmake_target_skip_unavailable=False, cmake_clean_cache=False, cmake_clean_first=False, cmake_force_configure=False, ament_cmake_args=None, catkin_cmake_args=None, catkin_skip_building_tests=False, mixin_files=None, mixin=None, verb_parser=<colcon_mixin.mixin.mixin_argument.MixinArgumentDecorator object at 0xffff854461d0>, verb_extension=<colcon_core.verb.build.BuildVerb object at 0xffff85566860>, main=<bound method BuildVerb.main of <colcon_core.verb.build.BuildVerb object at 0xffff85566860>>, mixin_verb=('build',))
[1.962s] Level 1:colcon.colcon_core.package_discovery:discover_packages(colcon_meta) check parameters
[1.962s] Level 1:colcon.colcon_core.package_discovery:discover_packages(recursive) check parameters
[1.963s] Level 1:colcon.colcon_core.package_discovery:discover_packages(ignore) check parameters
[1.963s] Level 1:colcon.colcon_core.package_discovery:discover_packages(path) check parameters
[1.963s] Level 1:colcon.colcon_core.package_discovery:discover_packages(colcon_meta) discover
[1.963s] Level 1:colcon.colcon_core.package_discovery:discover_packages(recursive) discover
[1.963s] INFO:colcon.colcon_core.package_discovery:Crawling recursively for packages in '/home/mustache/ros2_ws'
[1.964s] Level 1:colcon.colcon_core.package_identification:_identify(.) by extensions ['ignore', 'ignore_ament_install']
[1.964s] Level 1:colcon.colcon_core.package_identification:_identify(.) by extension 'ignore'
[1.964s] Level 1:colcon.colcon_core.package_identification:_identify(.) by extension 'ignore_ament_install'
[1.965s] Level 1:colcon.colcon_core.package_identification:_identify(.) by extensions ['colcon_pkg']
[1.965s] Level 1:colcon.colcon_core.package_identification:_identify(.) by extension 'colcon_pkg'
[1.965s] Level 1:colcon.colcon_core.package_identification:_identify(.) by extensions ['colcon_meta']
[1.965s] Level 1:colcon.colcon_core.package_identification:_identify(.) by extension 'colcon_meta'
[1.965s] Level 1:colcon.colcon_core.package_identification:_identify(.) by extensions ['ros']
[1.965s] Level 1:colcon.colcon_core.package_identification:_identify(.) by extension 'ros'
[2.010s] Level 1:colcon.colcon_core.package_identification:_identify(.) by extensions ['cmake', 'python']
[2.010s] Level 1:colcon.colcon_core.package_identification:_identify(.) by extension 'cmake'
[2.010s] Level 1:colcon.colcon_core.package_identification:_identify(.) by extension 'python'
[2.011s] Level 1:colcon.colcon_core.package_identification:_identify(.) by extensions ['python_setup_py']
[2.011s] Level 1:colcon.colcon_core.package_identification:_identify(.) by extension 'python_setup_py'
[2.011s] Level 1:colcon.colcon_core.package_identification:_identify(build) by extensions ['ignore', 'ignore_ament_install']
[2.012s] Level 1:colcon.colcon_core.package_identification:_identify(build) by extension 'ignore'
[2.012s] Level 1:colcon.colcon_core.package_identification:_identify(build) ignored
[2.012s] Level 1:colcon.colcon_core.package_identification:_identify(install) by extensions ['ignore', 'ignore_ament_install']
[2.013s] Level 1:colcon.colcon_core.package_identification:_identify(install) by extension 'ignore'
[2.013s] Level 1:colcon.colcon_core.package_identification:_identify(install) ignored
[2.013s] Level 1:colcon.colcon_core.package_identification:_identify(log) by extensions ['ignore', 'ignore_ament_install']
[2.014s] Level 1:colcon.colcon_core.package_identification:_identify(log) by extension 'ignore'
[2.014s] Level 1:colcon.colcon_core.package_identification:_identify(log) ignored
[2.014s] Level 1:colcon.colcon_core.package_identification:_identify(src) by extensions ['ignore', 'ignore_ament_install']
[2.014s] Level 1:colcon.colcon_core.package_identification:_identify(src) by extension 'ignore'
[2.015s] Level 1:colcon.colcon_core.package_identification:_identify(src) by extension 'ignore_ament_install'
[2.015s] Level 1:colcon.colcon_core.package_identification:_identify(src) by extensions ['colcon_pkg']
[2.015s] Level 1:colcon.colcon_core.package_identification:_identify(src) by extension 'colcon_pkg'
[2.016s] Level 1:colcon.colcon_core.package_identification:_identify(src) by extensions ['colcon_meta']
[2.016s] Level 1:colcon.colcon_core.package_identification:_identify(src) by extension 'colcon_meta'
[2.016s] Level 1:colcon.colcon_core.package_identification:_identify(src) by extensions ['ros']
[2.016s] Level 1:colcon.colcon_core.package_identification:_identify(src) by extension 'ros'
[2.017s] Level 1:colcon.colcon_core.package_identification:_identify(src) by extensions ['cmake', 'python']
[2.017s] Level 1:colcon.colcon_core.package_identification:_identify(src) by extension 'cmake'
[2.017s] Level 1:colcon.colcon_core.package_identification:_identify(src) by extension 'python'
[2.017s] Level 1:colcon.colcon_core.package_identification:_identify(src) by extensions ['python_setup_py']
[2.017s] Level 1:colcon.colcon_core.package_identification:_identify(src) by extension 'python_setup_py'
[2.018s] Level 1:colcon.colcon_core.package_identification:_identify(src/project) by extensions ['ignore', 'ignore_ament_install']
[2.018s] Level 1:colcon.colcon_core.package_identification:_identify(src/project) by extension 'ignore'
[2.018s] Level 1:colcon.colcon_core.package_identification:_identify(src/project) by extension 'ignore_ament_install'
[2.018s] Level 1:colcon.colcon_core.package_identification:_identify(src/project) by extensions ['colcon_pkg']
[2.019s] Level 1:colcon.colcon_core.package_identification:_identify(src/project) by extension 'colcon_pkg'
[2.019s] Level 1:colcon.colcon_core.package_identification:_identify(src/project) by extensions ['colcon_meta']
[2.019s] Level 1:colcon.colcon_core.package_identification:_identify(src/project) by extension 'colcon_meta'
[2.019s] Level 1:colcon.colcon_core.package_identification:_identify(src/project) by extensions ['ros']
[2.019s] Level 1:colcon.colcon_core.package_identification:_identify(src/project) by extension 'ros'
[2.032s] DEBUG:colcon.colcon_core.package_identification:Found ROS schema reference in package manifest in 'src/project'
[2.032s] WARNING:colcon.colcon_core.package_identification:Failed to parse ROS package manifest in 'src/project': Error(s) in package 'src/project/package.xml':
Invalid email "gabrielolin@.g.ucla.edu" for person "mustache"
[2.033s] Level 1:colcon.colcon_core.package_identification:_identify(src/project) by extensions ['cmake', 'python']
[2.033s] Level 1:colcon.colcon_core.package_identification:_identify(src/project) by extension 'cmake'
[2.033s] Level 1:colcon.colcon_core.package_identification:_identify(src/project) by extension 'python'
[2.034s] DEBUG:colcon.colcon_core.package_identification:Python package in 'src/project' passes arguments to the setup() function which requires a different identification extension than 'python'
[2.034s] Level 1:colcon.colcon_core.package_identification:_identify(src/project) by extensions ['python_setup_py']
[2.034s] Level 1:colcon.colcon_core.package_identification:_identify(src/project) by extension 'python_setup_py'
[3.289s] DEBUG:colcon.colcon_core.package_identification:Package 'src/project' with type 'python' and name 'project'
[3.289s] Level 1:colcon.colcon_core.package_identification:_identify(src/ros_tutorials) by extensions ['ignore', 'ignore_ament_install']
[3.290s] Level 1:colcon.colcon_core.package_identification:_identify(src/ros_tutorials) by extension 'ignore'
[3.290s] Level 1:colcon.colcon_core.package_identification:_identify(src/ros_tutorials) by extension 'ignore_ament_install'
[3.290s] Level 1:colcon.colcon_core.package_identification:_identify(src/ros_tutorials) by extensions ['colcon_pkg']
[3.291s] Level 1:colcon.colcon_core.package_identification:_identify(src/ros_tutorials) by extension 'colcon_pkg'
[3.291s] Level 1:colcon.colcon_core.package_identification:_identify(src/ros_tutorials) by extensions ['colcon_meta']
[3.291s] Level 1:colcon.colcon_core.package_identification:_identify(src/ros_tutorials) by extension 'colcon_meta'
[3.291s] Level 1:colcon.colcon_core.package_identification:_identify(src/ros_tutorials) by extensions ['ros']
[3.291s] Level 1:colcon.colcon_core.package_identification:_identify(src/ros_tutorials) by extension 'ros'
[3.292s] Level 1:colcon.colcon_core.package_identification:_identify(src/ros_tutorials) by extensions ['cmake', 'python']
[3.292s] Level 1:colcon.colcon_core.package_identification:_identify(src/ros_tutorials) by extension 'cmake'
[3.292s] Level 1:colcon.colcon_core.package_identification:_identify(src/ros_tutorials) by extension 'python'
[3.292s] Level 1:colcon.colcon_core.package_identification:_identify(src/ros_tutorials) by extensions ['python_setup_py']
[3.292s] Level 1:colcon.colcon_core.package_identification:_identify(src/ros_tutorials) by extension 'python_setup_py'
[3.294s] Level 1:colcon.colcon_core.package_identification:_identify(src/ros_tutorials/ros_tutorials) by extensions ['ignore', 'ignore_ament_install']
[3.294s] Level 1:colcon.colcon_core.package_identification:_identify(src/ros_tutorials/ros_tutorials) by extension 'ignore'
[3.294s] Level 1:colcon.colcon_core.package_identification:_identify(src/ros_tutorials/ros_tutorials) ignored
[3.296s] Level 1:colcon.colcon_core.package_identification:_identify(src/ros_tutorials/roscpp_tutorials) by extensions ['ignore', 'ignore_ament_install']
[3.296s] Level 1:colcon.colcon_core.package_identification:_identify(src/ros_tutorials/roscpp_tutorials) by extension 'ignore'
[3.296s] Level 1:colcon.colcon_core.package_identification:_identify(src/ros_tutorials/roscpp_tutorials) ignored
[3.297s] Level 1:colcon.colcon_core.package_identification:_identify(src/ros_tutorials/rospy_tutorials) by extensions ['ignore', 'ignore_ament_install']
[3.297s] Level 1:colcon.colcon_core.package_identification:_identify(src/ros_tutorials/rospy_tutorials) by extension 'ignore'
[3.298s] Level 1:colcon.colcon_core.package_identification:_identify(src/ros_tutorials/rospy_tutorials) ignored
[3.298s] Level 1:colcon.colcon_core.package_identification:_identify(src/ros_tutorials/turtlesim) by extensions ['ignore', 'ignore_ament_install']
[3.299s] Level 1:colcon.colcon_core.package_identification:_identify(src/ros_tutorials/turtlesim) by extension 'ignore'
[3.299s] Level 1:colcon.colcon_core.package_identification:_identify(src/ros_tutorials/turtlesim) by extension 'ignore_ament_install'
[3.299s] Level 1:colcon.colcon_core.package_identification:_identify(src/ros_tutorials/turtlesim) by extensions ['colcon_pkg']
[3.299s] Level 1:colcon.colcon_core.package_identification:_identify(src/ros_tutorials/turtlesim) by extension 'colcon_pkg'
[3.300s] Level 1:colcon.colcon_core.package_identification:_identify(src/ros_tutorials/turtlesim) by extensions ['colcon_meta']
[3.300s] Level 1:colcon.colcon_core.package_identification:_identify(src/ros_tutorials/turtlesim) by extension 'colcon_meta'
[3.300s] Level 1:colcon.colcon_core.package_identification:_identify(src/ros_tutorials/turtlesim) by extensions ['ros']
[3.300s] Level 1:colcon.colcon_core.package_identification:_identify(src/ros_tutorials/turtlesim) by extension 'ros'
[3.304s] DEBUG:colcon.colcon_core.package_identification:Package 'src/ros_tutorials/turtlesim' with type 'ros.ament_cmake' and name 'turtlesim'
[3.305s] Level 1:colcon.colcon_core.package_discovery:discover_packages(recursive) using defaults
[3.305s] Level 1:colcon.colcon_core.package_discovery:discover_packages(ignore) discover
[3.305s] Level 1:colcon.colcon_core.package_discovery:discover_packages(ignore) using defaults
[3.305s] Level 1:colcon.colcon_core.package_discovery:discover_packages(path) discover
[3.305s] Level 1:colcon.colcon_core.package_discovery:discover_packages(path) using defaults
[3.461s] Level 1:colcon.colcon_core.package_discovery:discover_packages(prefix_path) check parameters
[3.461s] Level 1:colcon.colcon_core.package_discovery:discover_packages(prefix_path) discover
[3.479s] DEBUG:colcon.colcon_installed_package_information.package_discovery:Found 227 installed packages in /opt/ros/humble
[3.485s] Level 1:colcon.colcon_core.package_discovery:discover_packages(prefix_path) using defaults
[3.713s] Level 5:colcon.colcon_core.verb:set package 'project' build argument 'cmake_args' from command line to 'None'
[3.713s] Level 5:colcon.colcon_core.verb:set package 'project' build argument 'cmake_target' from command line to 'None'
[3.714s] Level 5:colcon.colcon_core.verb:set package 'project' build argument 'cmake_target_skip_unavailable' from command line to 'False'
[3.714s] Level 5:colcon.colcon_core.verb:set package 'project' build argument 'cmake_clean_cache' from command line to 'False'
[3.714s] Level 5:colcon.colcon_core.verb:set package 'project' build argument 'cmake_clean_first' from command line to 'False'
[3.714s] Level 5:colcon.colcon_core.verb:set package 'project' build argument 'cmake_force_configure' from command line to 'False'
[3.714s] Level 5:colcon.colcon_core.verb:set package 'project' build argument 'ament_cmake_args' from command line to 'None'
[3.714s] Level 5:colcon.colcon_core.verb:set package 'project' build argument 'catkin_cmake_args' from command line to 'None'
[3.714s] Level 5:colcon.colcon_core.verb:set package 'project' build argument 'catkin_skip_building_tests' from command line to 'False'
[3.714s] DEBUG:colcon.colcon_core.verb:Building package 'project' with the following arguments: {'ament_cmake_args': None, 'build_base': '/home/mustache/ros2_ws/build/project', 'catkin_cmake_args': None, 'catkin_skip_building_tests': False, 'cmake_args': None, 'cmake_clean_cache': False, 'cmake_clean_first': False, 'cmake_force_configure': False, 'cmake_target': None, 'cmake_target_skip_unavailable': False, 'install_base': '/home/mustache/ros2_ws/install/project', 'merge_install': False, 'path': '/home/mustache/ros2_ws/src/project', 'symlink_install': False, 'test_result_base': None}
[3.716s] Level 5:colcon.colcon_core.verb:set package 'turtlesim' build argument 'cmake_args' from command line to 'None'
[3.716s] Level 5:colcon.colcon_core.verb:set package 'turtlesim' build argument 'cmake_target' from command line to 'None'
[3.716s] Level 5:colcon.colcon_core.verb:set package 'turtlesim' build argument 'cmake_target_skip_unavailable' from command line to 'False'
[3.716s] Level 5:colcon.colcon_core.verb:set package 'turtlesim' build argument 'cmake_clean_cache' from command line to 'False'
[3.717s] Level 5:colcon.colcon_core.verb:set package 'turtlesim' build argument 'cmake_clean_first' from command line to 'False'
[3.717s] Level 5:colcon.colcon_core.verb:set package 'turtlesim' build argument 'cmake_force_configure' from command line to 'False'
[3.717s] Level 5:colcon.colcon_core.verb:set package 'turtlesim' build argument 'ament_cmake_args' from command line to 'None'
[3.717s] Level 5:colcon.colcon_core.verb:set package 'turtlesim' build argument 'catkin_cmake_args' from command line to 'None'
[3.717s] Level 5:colcon.colcon_core.verb:set package 'turtlesim' build argument 'catkin_skip_building_tests' from command line to 'False'
[3.717s] DEBUG:colcon.colcon_core.verb:Building package 'turtlesim' with the following arguments: {'ament_cmake_args': None, 'build_base': '/home/mustache/ros2_ws/build/turtlesim', 'catkin_cmake_args': None, 'catkin_skip_building_tests': False, 'cmake_args': None, 'cmake_clean_cache': False, 'cmake_clean_first': False, 'cmake_force_configure': False, 'cmake_target': None, 'cmake_target_skip_unavailable': False, 'install_base': '/home/mustache/ros2_ws/install/turtlesim', 'merge_install': False, 'path': '/home/mustache/ros2_ws/src/ros_tutorials/turtlesim', 'symlink_install': False, 'test_result_base': None}
[3.718s] INFO:colcon.colcon_core.executor:Executing jobs using 'parallel' executor
[3.721s] DEBUG:colcon.colcon_parallel_executor.executor.parallel:run_until_complete
[3.722s] INFO:colcon.colcon_core.task.python.build:Building Python package in '/home/mustache/ros2_ws/src/project'
[3.741s] INFO:colcon.colcon_core.plugin_system:Skipping extension 'colcon_core.shell.bat': Not used on non-Windows systems
[3.743s] INFO:colcon.colcon_core.shell:Skip shell extension 'powershell' for command environment: Not usable outside of PowerShell
[3.744s] DEBUG:colcon.colcon_core.shell:Skip shell extension 'dsv' for command environment
[3.760s] INFO:colcon.colcon_ros.task.ament_cmake.build:Building ROS package in '/home/mustache/ros2_ws/src/ros_tutorials/turtlesim' with build type 'ament_cmake'
[3.762s] INFO:colcon.colcon_cmake.task.cmake.build:Building CMake package in '/home/mustache/ros2_ws/src/ros_tutorials/turtlesim'
[3.763s] INFO:colcon.colcon_core.shell:Skip shell extension 'powershell' for command environment: Not usable outside of PowerShell
[3.764s] DEBUG:colcon.colcon_core.shell:Skip shell extension 'dsv' for command environment
[5.127s] DEBUG:colcon.colcon_core.event_handler.log_command:Invoking command in '/home/mustache/ros2_ws/build/turtlesim': CMAKE_PREFIX_PATH=/opt/ros/humble /usr/bin/cmake --build /home/mustache/ros2_ws/build/turtlesim -- -j4 -l4
[7.587s] DEBUG:colcon.colcon_core.event_handler.log_command:Invoking command in '/home/mustache/ros2_ws/src/project': PYTHONPATH=/home/mustache/ros2_ws/build/project/prefix_override:/home/mustache/ros2_ws/install/project/lib/python3.10/site-packages:${PYTHONPATH} /usr/bin/python3 -W ignore:setup.py install is deprecated setup.py egg_info --egg-base ../../build/project build --build-base /home/mustache/ros2_ws/build/project/build install --record /home/mustache/ros2_ws/build/project/install.log --single-version-externally-managed install_data
[7.816s] DEBUG:colcon.colcon_core.event_handler.log_command:Invoked command in '/home/mustache/ros2_ws/build/turtlesim' returned '0': CMAKE_PREFIX_PATH=/opt/ros/humble /usr/bin/cmake --build /home/mustache/ros2_ws/build/turtlesim -- -j4 -l4
[9.084s] DEBUG:colcon.colcon_core.event_handler.log_command:Invoking command in '/home/mustache/ros2_ws/build/turtlesim': CMAKE_PREFIX_PATH=/opt/ros/humble /usr/bin/cmake --install /home/mustache/ros2_ws/build/turtlesim
[9.381s] DEBUG:colcon.colcon_core.event_handler.log_command:Invoked command in '/home/mustache/ros2_ws/src/project' returned '0': PYTHONPATH=/home/mustache/ros2_ws/build/project/prefix_override:/home/mustache/ros2_ws/install/project/lib/python3.10/site-packages:${PYTHONPATH} /usr/bin/python3 -W ignore:setup.py install is deprecated setup.py egg_info --egg-base ../../build/project build --build-base /home/mustache/ros2_ws/build/project/build install --record /home/mustache/ros2_ws/build/project/install.log --single-version-externally-managed install_data
[9.393s] Level 1:colcon.colcon_core.environment:checking '/home/mustache/ros2_ws/install/project' for CMake module files
[9.397s] Level 1:colcon.colcon_core.environment:checking '/home/mustache/ros2_ws/install/project' for CMake config files
[9.401s] Level 1:colcon.colcon_core.environment:checking '/home/mustache/ros2_ws/install/project/lib'
[9.402s] Level 1:colcon.colcon_core.environment:checking '/home/mustache/ros2_ws/install/project/bin'
[9.403s] Level 1:colcon.colcon_core.environment:checking '/home/mustache/ros2_ws/install/project/lib/pkgconfig/project.pc'
[9.404s] Level 1:colcon.colcon_core.environment:checking '/home/mustache/ros2_ws/install/project/lib/python3.10/site-packages'
[9.404s] Level 1:colcon.colcon_core.shell:create_environment_hook('project', 'pythonpath')
[9.405s] INFO:colcon.colcon_core.shell:Creating environment hook '/home/mustache/ros2_ws/install/project/share/project/hook/pythonpath.ps1'
[9.408s] INFO:colcon.colcon_core.shell:Creating environment descriptor '/home/mustache/ros2_ws/install/project/share/project/hook/pythonpath.dsv'
[9.410s] INFO:colcon.colcon_core.shell:Creating environment hook '/home/mustache/ros2_ws/install/project/share/project/hook/pythonpath.sh'
[9.413s] Level 1:colcon.colcon_core.environment:checking '/home/mustache/ros2_ws/install/project/bin'
[9.414s] Level 1:colcon.colcon_core.environment:create_environment_scripts_only(project)
[9.415s] INFO:colcon.colcon_core.shell:Creating package script '/home/mustache/ros2_ws/install/project/share/project/package.ps1'
[9.419s] INFO:colcon.colcon_core.shell:Creating package descriptor '/home/mustache/ros2_ws/install/project/share/project/package.dsv'
[9.422s] INFO:colcon.colcon_core.shell:Creating package script '/home/mustache/ros2_ws/install/project/share/project/package.sh'
[9.425s] INFO:colcon.colcon_core.shell:Creating package script '/home/mustache/ros2_ws/install/project/share/project/package.bash'
[9.428s] INFO:colcon.colcon_core.shell:Creating package script '/home/mustache/ros2_ws/install/project/share/project/package.zsh'
[9.432s] Level 1:colcon.colcon_core.environment:create_file_with_runtime_dependencies(/home/mustache/ros2_ws/install/project/share/colcon-core/packages/project)
[9.546s] Level 1:colcon.colcon_core.environment:create_environment_scripts_only(turtlesim)
[9.548s] Level 1:colcon.colcon_core.environment:checking '/home/mustache/ros2_ws/install/turtlesim' for CMake module files
[9.549s] DEBUG:colcon.colcon_core.event_handler.log_command:Invoked command in '/home/mustache/ros2_ws/build/turtlesim' returned '0': CMAKE_PREFIX_PATH=/opt/ros/humble /usr/bin/cmake --install /home/mustache/ros2_ws/build/turtlesim
[9.553s] Level 1:colcon.colcon_core.environment:checking '/home/mustache/ros2_ws/install/turtlesim' for CMake config files
[9.556s] Level 1:colcon.colcon_core.shell:create_environment_hook('turtlesim', 'cmake_prefix_path')
[9.557s] INFO:colcon.colcon_core.shell:Creating environment hook '/home/mustache/ros2_ws/install/turtlesim/share/turtlesim/hook/cmake_prefix_path.ps1'
[9.559s] INFO:colcon.colcon_core.shell:Creating environment descriptor '/home/mustache/ros2_ws/install/turtlesim/share/turtlesim/hook/cmake_prefix_path.dsv'
[9.560s] INFO:colcon.colcon_core.shell:Creating environment hook '/home/mustache/ros2_ws/install/turtlesim/share/turtlesim/hook/cmake_prefix_path.sh'
[9.564s] Level 1:colcon.colcon_core.environment:checking '/home/mustache/ros2_ws/install/turtlesim/lib'
[9.564s] Level 1:colcon.colcon_core.shell:create_environment_hook('turtlesim', 'ld_library_path_lib')
[9.565s] INFO:colcon.colcon_core.shell:Creating environment hook '/home/mustache/ros2_ws/install/turtlesim/share/turtlesim/hook/ld_library_path_lib.ps1'
[9.567s] INFO:colcon.colcon_core.shell:Creating environment descriptor '/home/mustache/ros2_ws/install/turtlesim/share/turtlesim/hook/ld_library_path_lib.dsv'
[9.569s] INFO:colcon.colcon_core.shell:Creating environment hook '/home/mustache/ros2_ws/install/turtlesim/share/turtlesim/hook/ld_library_path_lib.sh'
[9.570s] Level 1:colcon.colcon_core.environment:checking '/home/mustache/ros2_ws/install/turtlesim/bin'
[9.571s] Level 1:colcon.colcon_core.environment:checking '/home/mustache/ros2_ws/install/turtlesim/lib/pkgconfig/turtlesim.pc'
[9.572s] Level 1:colcon.colcon_core.environment:checking '/home/mustache/ros2_ws/install/turtlesim/lib/python3.10/site-packages'
[9.573s] Level 1:colcon.colcon_core.environment:checking '/home/mustache/ros2_ws/install/turtlesim/bin'
[9.574s] INFO:colcon.colcon_core.shell:Creating package script '/home/mustache/ros2_ws/install/turtlesim/share/turtlesim/package.ps1'
[9.577s] INFO:colcon.colcon_core.shell:Creating package descriptor '/home/mustache/ros2_ws/install/turtlesim/share/turtlesim/package.dsv'
[9.579s] INFO:colcon.colcon_core.shell:Creating package script '/home/mustache/ros2_ws/install/turtlesim/share/turtlesim/package.sh'
[9.581s] INFO:colcon.colcon_core.shell:Creating package script '/home/mustache/ros2_ws/install/turtlesim/share/turtlesim/package.bash'
[9.582s] INFO:colcon.colcon_core.shell:Creating package script '/home/mustache/ros2_ws/install/turtlesim/share/turtlesim/package.zsh'
[9.584s] Level 1:colcon.colcon_core.environment:create_file_with_runtime_dependencies(/home/mustache/ros2_ws/install/turtlesim/share/colcon-core/packages/turtlesim)
[10.691s] Level 1:colcon.colcon_core.environment:create_environment_scripts_only(turtlesim)
[10.692s] Level 1:colcon.colcon_core.environment:checking '/home/mustache/ros2_ws/install/turtlesim' for CMake module files
[10.697s] Level 1:colcon.colcon_core.environment:checking '/home/mustache/ros2_ws/install/turtlesim' for CMake config files
[10.700s] Level 1:colcon.colcon_core.shell:create_environment_hook('turtlesim', 'cmake_prefix_path')
[10.701s] INFO:colcon.colcon_core.shell:Creating environment hook '/home/mustache/ros2_ws/install/turtlesim/share/turtlesim/hook/cmake_prefix_path.ps1'
[10.705s] INFO:colcon.colcon_core.shell:Creating environment descriptor '/home/mustache/ros2_ws/install/turtlesim/share/turtlesim/hook/cmake_prefix_path.dsv'
[10.708s] INFO:colcon.colcon_core.shell:Creating environment hook '/home/mustache/ros2_ws/install/turtlesim/share/turtlesim/hook/cmake_prefix_path.sh'
[10.711s] Level 1:colcon.colcon_core.environment:checking '/home/mustache/ros2_ws/install/turtlesim/lib'
[10.711s] Level 1:colcon.colcon_core.shell:create_environment_hook('turtlesim', 'ld_library_path_lib')
[10.712s] INFO:colcon.colcon_core.shell:Creating environment hook '/home/mustache/ros2_ws/install/turtlesim/share/turtlesim/hook/ld_library_path_lib.ps1'
[10.714s] INFO:colcon.colcon_core.shell:Creating environment descriptor '/home/mustache/ros2_ws/install/turtlesim/share/turtlesim/hook/ld_library_path_lib.dsv'
[10.716s] INFO:colcon.colcon_core.shell:Creating environment hook '/home/mustache/ros2_ws/install/turtlesim/share/turtlesim/hook/ld_library_path_lib.sh'
[10.718s] Level 1:colcon.colcon_core.environment:checking '/home/mustache/ros2_ws/install/turtlesim/bin'
[10.718s] Level 1:colcon.colcon_core.environment:checking '/home/mustache/ros2_ws/install/turtlesim/lib/pkgconfig/turtlesim.pc'
[10.719s] Level 1:colcon.colcon_core.environment:checking '/home/mustache/ros2_ws/install/turtlesim/lib/python3.10/site-packages'
[10.720s] Level 1:colcon.colcon_core.environment:checking '/home/mustache/ros2_ws/install/turtlesim/bin'
[10.721s] INFO:colcon.colcon_core.shell:Creating package script '/home/mustache/ros2_ws/install/turtlesim/share/turtlesim/package.ps1'
[10.724s] INFO:colcon.colcon_core.shell:Creating package descriptor '/home/mustache/ros2_ws/install/turtlesim/share/turtlesim/package.dsv'
[10.727s] INFO:colcon.colcon_core.shell:Creating package script '/home/mustache/ros2_ws/install/turtlesim/share/turtlesim/package.sh'
[10.729s] INFO:colcon.colcon_core.shell:Creating package script '/home/mustache/ros2_ws/install/turtlesim/share/turtlesim/package.bash'
[10.731s] INFO:colcon.colcon_core.shell:Creating package script '/home/mustache/ros2_ws/install/turtlesim/share/turtlesim/package.zsh'
[10.733s] Level 1:colcon.colcon_core.environment:create_file_with_runtime_dependencies(/home/mustache/ros2_ws/install/turtlesim/share/colcon-core/packages/turtlesim)
[10.734s] DEBUG:colcon.colcon_parallel_executor.executor.parallel:closing loop
[10.735s] DEBUG:colcon.colcon_parallel_executor.executor.parallel:loop closed
[10.736s] DEBUG:colcon.colcon_parallel_executor.executor.parallel:run_until_complete finished with '0'
[10.736s] DEBUG:colcon.colcon_core.event_reactor:joining thread
[10.758s] INFO:colcon.colcon_core.plugin_system:Skipping extension 'colcon_notification.desktop_notification.terminal_notifier': Not used on non-Darwin systems
[10.758s] INFO:colcon.colcon_core.plugin_system:Skipping extension 'colcon_notification.desktop_notification.win32': Not used on non-Windows systems
[10.759s] INFO:colcon.colcon_notification.desktop_notification:Sending desktop notification using 'notify2'
[10.816s] DEBUG:colcon.colcon_core.event_reactor:joined thread
[10.817s] INFO:colcon.colcon_core.shell:Creating prefix script '/home/mustache/ros2_ws/install/local_setup.ps1'
[10.822s] INFO:colcon.colcon_core.shell:Creating prefix util module '/home/mustache/ros2_ws/install/_local_setup_util_ps1.py'
[10.829s] INFO:colcon.colcon_core.shell:Creating prefix chain script '/home/mustache/ros2_ws/install/setup.ps1'
[10.835s] INFO:colcon.colcon_core.shell:Creating prefix script '/home/mustache/ros2_ws/install/local_setup.sh'
[10.838s] INFO:colcon.colcon_core.shell:Creating prefix util module '/home/mustache/ros2_ws/install/_local_setup_util_sh.py'
[10.841s] INFO:colcon.colcon_core.shell:Creating prefix chain script '/home/mustache/ros2_ws/install/setup.sh'
[10.847s] INFO:colcon.colcon_core.shell:Creating prefix script '/home/mustache/ros2_ws/install/local_setup.bash'
[10.850s] INFO:colcon.colcon_core.shell:Creating prefix chain script '/home/mustache/ros2_ws/install/setup.bash'
[10.856s] INFO:colcon.colcon_core.shell:Creating prefix script '/home/mustache/ros2_ws/install/local_setup.zsh'
[10.859s] INFO:colcon.colcon_core.shell:Creating prefix chain script '/home/mustache/ros2_ws/install/setup.zsh'
