[2.974s] Invoking command in '/home/mustache/ros2_ws/src/blackjack': PYTHONPATH=/home/mustache/ros2_ws/build/blackjack/prefix_override:/home/mustache/ros2_ws/install/blackjack/lib/python3.10/site-packages:${PYTHONPATH} /usr/bin/python3 -W ignore:setup.py install is deprecated setup.py egg_info --egg-base ../../build/blackjack build --build-base /home/mustache/ros2_ws/build/blackjack/build install --record /home/mustache/ros2_ws/build/blackjack/install.log --single-version-externally-managed install_data
[4.188s] running egg_info
[4.191s] writing ../../build/blackjack/blackjack.egg-info/PKG-INFO
[4.192s] writing dependency_links to ../../build/blackjack/blackjack.egg-info/dependency_links.txt
[4.193s] writing entry points to ../../build/blackjack/blackjack.egg-info/entry_points.txt
[4.194s] writing requirements to ../../build/blackjack/blackjack.egg-info/requires.txt
[4.194s] writing top-level names to ../../build/blackjack/blackjack.egg-info/top_level.txt
[4.203s] reading manifest file '../../build/blackjack/blackjack.egg-info/SOURCES.txt'
[4.207s] writing manifest file '../../build/blackjack/blackjack.egg-info/SOURCES.txt'
[4.208s] running build
[4.208s] running build_py
[4.209s] copying blackjack/app_multithread.py -> /home/mustache/ros2_ws/build/blackjack/build/lib/blackjack
[4.213s] running install
[4.214s] running install_lib
[4.219s] copying /home/mustache/ros2_ws/build/blackjack/build/lib/blackjack/app_multithread.py -> /home/mustache/ros2_ws/install/blackjack/lib/python3.10/site-packages/blackjack
[4.226s] byte-compiling /home/mustache/ros2_ws/install/blackjack/lib/python3.10/site-packages/blackjack/app_multithread.py to app_multithread.cpython-310.pyc
[4.234s] Sorry: IndentationError: unexpected indent (app_multithread.py, line 301)
[4.235s] running install_data
[4.236s] running install_egg_info
[4.243s] removing '/home/mustache/ros2_ws/install/blackjack/lib/python3.10/site-packages/blackjack-0.0.0-py3.10.egg-info' (and everything under it)
[4.245s] Copying ../../build/blackjack/blackjack.egg-info to /home/mustache/ros2_ws/install/blackjack/lib/python3.10/site-packages/blackjack-0.0.0-py3.10.egg-info
[4.250s] running install_scripts
[4.330s] Installing listener script to /home/mustache/ros2_ws/install/blackjack/lib/blackjack
[4.331s] Installing talker script to /home/mustache/ros2_ws/install/blackjack/lib/blackjack
[4.334s] writing list of installed files to '/home/mustache/ros2_ws/build/blackjack/install.log'
[4.454s] Invoked command in '/home/mustache/ros2_ws/src/blackjack' returned '0': PYTHONPATH=/home/mustache/ros2_ws/build/blackjack/prefix_override:/home/mustache/ros2_ws/install/blackjack/lib/python3.10/site-packages:${PYTHONPATH} /usr/bin/python3 -W ignore:setup.py install is deprecated setup.py egg_info --egg-base ../../build/blackjack build --build-base /home/mustache/ros2_ws/build/blackjack/build install --record /home/mustache/ros2_ws/build/blackjack/install.log --single-version-externally-managed install_data
