[2.392s] Invoking command in '/home/mustache/ros2_ws/src/blackjack': PYTHONPATH=/home/mustache/ros2_ws/src/build/blackjack/prefix_override:/home/mustache/ros2_ws/src/install/blackjack/lib/python3.10/site-packages: /usr/bin/python3 -W ignore:setup.py install is deprecated setup.py egg_info --egg-base ../build/blackjack build --build-base /home/mustache/ros2_ws/src/build/blackjack/build install --record /home/mustache/ros2_ws/src/build/blackjack/install.log --single-version-externally-managed install_data
[3.276s] running egg_info
[3.278s] writing ../build/blackjack/blackjack.egg-info/PKG-INFO
[3.280s] writing dependency_links to ../build/blackjack/blackjack.egg-info/dependency_links.txt
[3.281s] writing entry points to ../build/blackjack/blackjack.egg-info/entry_points.txt
[3.282s] writing requirements to ../build/blackjack/blackjack.egg-info/requires.txt
[3.282s] writing top-level names to ../build/blackjack/blackjack.egg-info/top_level.txt
[3.291s] reading manifest file '../build/blackjack/blackjack.egg-info/SOURCES.txt'
[3.295s] writing manifest file '../build/blackjack/blackjack.egg-info/SOURCES.txt'
[3.296s] running build
[3.296s] running build_py
[3.304s] running install
[3.306s] running install_lib
[3.315s] running install_data
[3.318s] running install_egg_info
[3.324s] removing '/home/mustache/ros2_ws/src/install/blackjack/lib/python3.10/site-packages/blackjack-0.0.0-py3.10.egg-info' (and everything under it)
[3.326s] Copying ../build/blackjack/blackjack.egg-info to /home/mustache/ros2_ws/src/install/blackjack/lib/python3.10/site-packages/blackjack-0.0.0-py3.10.egg-info
[3.332s] running install_scripts
[3.411s] Installing listener script to /home/mustache/ros2_ws/src/install/blackjack/lib/blackjack
[3.413s] Installing talker script to /home/mustache/ros2_ws/src/install/blackjack/lib/blackjack
[3.415s] writing list of installed files to '/home/mustache/ros2_ws/src/build/blackjack/install.log'
[3.536s] Invoked command in '/home/mustache/ros2_ws/src/blackjack' returned '0': PYTHONPATH=/home/mustache/ros2_ws/src/build/blackjack/prefix_override:/home/mustache/ros2_ws/src/install/blackjack/lib/python3.10/site-packages: /usr/bin/python3 -W ignore:setup.py install is deprecated setup.py egg_info --egg-base ../build/blackjack build --build-base /home/mustache/ros2_ws/src/build/blackjack/build install --record /home/mustache/ros2_ws/src/build/blackjack/install.log --single-version-externally-managed install_data
